2024-04-02 12:12:45.665 INFO: MACE version: 0.3.0
2024-04-02 12:12:45.665 INFO: Configuration: Namespace(name='MACE', seed=0, log_dir='logs', model_dir='.', checkpoints_dir='checkpoints', results_dir='results', downloads_dir='downloads', device='cuda', default_dtype='float64', log_level='INFO', error_table='PerAtomRMSE', model='MACE', r_max=5.0, radial_type='bessel', num_radial_basis=8, num_cutoff_basis=5, interaction='RealAgnosticResidualInteractionBlock', interaction_first='RealAgnosticResidualInteractionBlock', max_ell=3, correlation=3, num_interactions=2, MLP_irreps='16x0e', radial_MLP='[64, 64, 64]', hidden_irreps='128x0e + 128x1o', num_channels=None, max_L=None, gate='silu', scaling='rms_forces_scaling', avg_num_neighbors=1, compute_avg_num_neighbors=True, compute_stress=False, compute_forces=True, train_file='train.xyz', valid_file=None, valid_fraction=0.1, test_file='test.xyz', E0s=None, energy_key='mp2_energy', forces_key='mp2_forces', virials_key='virials', stress_key='stress', dipole_key='dipole', charges_key='charges', loss='weighted', forces_weight=100.0, swa_forces_weight=100.0, energy_weight=1.0, swa_energy_weight=1000.0, virials_weight=1.0, swa_virials_weight=10.0, stress_weight=1.0, swa_stress_weight=10.0, dipole_weight=1.0, swa_dipole_weight=1.0, config_type_weights='{"Default":1.0}', huber_delta=0.01, optimizer='adam', batch_size=10, valid_batch_size=10, lr=0.01, swa_lr=0.001, weight_decay=5e-07, amsgrad=True, scheduler='ReduceLROnPlateau', lr_factor=0.8, scheduler_patience=50, lr_scheduler_gamma=0.9993, swa=True, start_swa=500, ema=True, ema_decay=0.99, max_num_epochs=1770, patience=2048, eval_interval=2, keep_checkpoints=False, restart_latest=True, save_cpu=True, clip_grad=10.0, wandb=False, wandb_project='', wandb_entity='', wandb_name='', wandb_log_hypers=['num_channels', 'max_L', 'correlation', 'lr', 'swa_lr', 'weight_decay', 'batch_size', 'max_num_epochs', 'start_swa', 'energy_weight', 'forces_weight'])
2024-04-02 12:12:45.847 INFO: CUDA version: 11.8, CUDA device: 0
2024-04-02 12:12:48.199 INFO: Using isolated atom energies from training file
2024-04-02 12:12:48.276 INFO: Loaded 4893 training configurations from 'train.xyz'
2024-04-02 12:12:48.279 INFO: Using random 10.0% of training set for validation
2024-04-02 12:12:50.086 INFO: Loaded 4106 test configurations from 'test.xyz'
2024-04-02 12:12:50.086 INFO: Total number of configurations: train=4404, valid=489, tests=[Default: 4106]
2024-04-02 12:12:50.097 INFO: AtomicNumberTable: (1, 6, 7, 8, 9, 17, 35)
2024-04-02 12:12:50.097 INFO: Atomic energies: [-13.600517821508213, -1027.0944977126558, -1482.3418207392756, -2038.6266391088182, -2710.614457364674, -12509.081471993437, -70007.06718971694]
2024-04-02 12:12:52.461 INFO: WeightedEnergyForcesLoss(energy_weight=1.000, forces_weight=100.000)
2024-04-02 12:12:52.980 INFO: Average number of neighbors: 13.428104056157292
2024-04-02 12:12:52.980 INFO: Selected the following outputs: {'energy': True, 'forces': True, 'virials': False, 'stress': False, 'dipoles': False}
2024-04-02 12:12:52.980 INFO: Building model
2024-04-02 12:12:52.980 INFO: Hidden irreps: 128x0e + 128x1o
2024-04-02 12:12:55.111 INFO: Using stochastic weight averaging (after 500 epochs) with energy weight : 1000.0, forces weight : 100.0 and learning rate : 0.001
2024-04-02 12:12:55.187 INFO: Loading checkpoint: checkpoints/MACE_run-0_epoch-1570_swa.pt
2024-04-02 12:12:55.257 INFO: ScaleShiftMACE(
  (node_embedding): LinearNodeEmbeddingBlock(
    (linear): Linear(7x0e -> 128x0e | 896 weights)
  )
  (radial_embedding): RadialEmbeddingBlock(
    (bessel_fn): BesselBasis(r_max=5.0, num_basis=8, trainable=False)
    (cutoff_fn): PolynomialCutoff(p=5.0, r_max=5.0)
  )
  (spherical_harmonics): SphericalHarmonics()
  (atomic_energies_fn): AtomicEnergiesBlock(energies=[-13.6005, -1027.0945, -1482.3418, -2038.6266, -2710.6145, -12509.0815, -70007.0672])
  (interactions): ModuleList(
    (0): RealAgnosticInteractionBlock(
      (linear_up): Linear(128x0e -> 128x0e | 16384 weights)
      (conv_tp): TensorProduct(128x0e x 1x0e+1x1o+1x2e+1x3o -> 128x0e+128x1o+128x2e+128x3o | 512 paths | 512 weights)
      (conv_tp_weights): FullyConnectedNet[8, 64, 64, 64, 512]
      (linear): Linear(128x0e+128x1o+128x2e+128x3o -> 128x0e+128x1o+128x2e+128x3o | 65536 weights)
      (skip_tp): FullyConnectedTensorProduct(128x0e+128x1o+128x2e+128x3o x 7x0e -> 128x0e+128x1o+128x2e+128x3o | 458752 paths | 458752 weights)
      (reshape): reshape_irreps()
    )
    (1): RealAgnosticResidualInteractionBlock(
      (linear_up): Linear(128x0e+128x1o -> 128x0e+128x1o | 32768 weights)
      (conv_tp): TensorProduct(128x0e+128x1o x 1x0e+1x1o+1x2e+1x3o -> 256x0e+384x1o+384x2e+256x3o | 1280 paths | 1280 weights)
      (conv_tp_weights): FullyConnectedNet[8, 64, 64, 64, 1280]
      (linear): Linear(256x0e+384x1o+384x2e+256x3o -> 128x0e+128x1o+128x2e+128x3o | 163840 weights)
      (skip_tp): FullyConnectedTensorProduct(128x0e+128x1o x 7x0e -> 128x0e | 114688 paths | 114688 weights)
      (reshape): reshape_irreps()
    )
  )
  (products): ModuleList(
    (0): EquivariantProductBasisBlock(
      (symmetric_contractions): SymmetricContraction(
        (contractions): ModuleList(
          (0): Contraction(
            (contractions_weighting): ModuleList(
              (0-1): 2 x GraphModule()
            )
            (contractions_features): ModuleList(
              (0-1): 2 x GraphModule()
            )
            (weights): ParameterList(
                (0): Parameter containing: [torch.float64 of size 7x4x128 (GPU 0)]
                (1): Parameter containing: [torch.float64 of size 7x1x128 (GPU 0)]
            )
            (graph_opt_main): GraphModule()
          )
          (1): Contraction(
            (contractions_weighting): ModuleList(
              (0-1): 2 x GraphModule()
            )
            (contractions_features): ModuleList(
              (0-1): 2 x GraphModule()
            )
            (weights): ParameterList(
                (0): Parameter containing: [torch.float64 of size 7x6x128 (GPU 0)]
                (1): Parameter containing: [torch.float64 of size 7x1x128 (GPU 0)]
            )
            (graph_opt_main): GraphModule()
          )
        )
      )
      (linear): Linear(128x0e+128x1o -> 128x0e+128x1o | 32768 weights)
    )
    (1): EquivariantProductBasisBlock(
      (symmetric_contractions): SymmetricContraction(
        (contractions): ModuleList(
          (0): Contraction(
            (contractions_weighting): ModuleList(
              (0-1): 2 x GraphModule()
            )
            (contractions_features): ModuleList(
              (0-1): 2 x GraphModule()
            )
            (weights): ParameterList(
                (0): Parameter containing: [torch.float64 of size 7x4x128 (GPU 0)]
                (1): Parameter containing: [torch.float64 of size 7x1x128 (GPU 0)]
            )
            (graph_opt_main): GraphModule()
          )
        )
      )
      (linear): Linear(128x0e -> 128x0e | 16384 weights)
    )
  )
  (readouts): ModuleList(
    (0): LinearReadoutBlock(
      (linear): Linear(128x0e+128x1o -> 1x0e | 128 weights)
    )
    (1): NonLinearReadoutBlock(
      (linear_1): Linear(128x0e -> 16x0e | 2048 weights)
      (non_linearity): Activation [x] (16x0e -> 16x0e)
      (linear_2): Linear(16x0e -> 1x0e | 16 weights)
    )
  )
  (scale_shift): ScaleShiftBlock(scale=0.163822, shift=0.000000)
)
2024-04-02 12:12:55.259 INFO: Number of parameters: 1138448
2024-04-02 12:12:55.260 INFO: Optimizer: Adam (
Parameter Group 0
    amsgrad: True
    betas: (0.9, 0.999)
    capturable: False
    differentiable: False
    eps: 1e-08
    foreach: None
    fused: None
    initial_lr: 0.01
    lr: 0.001
    maximize: False
    name: embedding
    swa_lr: 0.001
    weight_decay: 0.0

Parameter Group 1
    amsgrad: True
    betas: (0.9, 0.999)
    capturable: False
    differentiable: False
    eps: 1e-08
    foreach: None
    fused: None
    initial_lr: 0.01
    lr: 0.001
    maximize: False
    name: interactions_decay
    swa_lr: 0.001
    weight_decay: 5e-07

Parameter Group 2
    amsgrad: True
    betas: (0.9, 0.999)
    capturable: False
    differentiable: False
    eps: 1e-08
    foreach: None
    fused: None
    initial_lr: 0.01
    lr: 0.001
    maximize: False
    name: interactions_no_decay
    swa_lr: 0.001
    weight_decay: 0.0

Parameter Group 3
    amsgrad: True
    betas: (0.9, 0.999)
    capturable: False
    differentiable: False
    eps: 1e-08
    foreach: None
    fused: None
    initial_lr: 0.01
    lr: 0.001
    maximize: False
    name: products
    swa_lr: 0.001
    weight_decay: 5e-07

Parameter Group 4
    amsgrad: True
    betas: (0.9, 0.999)
    capturable: False
    differentiable: False
    eps: 1e-08
    foreach: None
    fused: None
    initial_lr: 0.01
    lr: 0.001
    maximize: False
    name: readouts
    swa_lr: 0.001
    weight_decay: 0.0
)
2024-04-02 12:12:55.260 INFO: Using gradient clipping with tolerance=10.000
2024-04-02 12:12:55.260 INFO: Started training
2024-04-02 12:12:55.260 INFO: Changing loss based on SWA
2024-04-02 12:13:38.257 INFO: Epoch 1570: loss=0.0537, RMSE_E_per_atom=1.5 meV, RMSE_F=23.0 meV / A
2024-04-02 12:14:30.890 INFO: Epoch 1572: loss=0.0471, RMSE_E_per_atom=1.3 meV, RMSE_F=21.6 meV / A
2024-04-02 12:15:23.863 INFO: Epoch 1574: loss=0.0468, RMSE_E_per_atom=1.2 meV, RMSE_F=21.6 meV / A
2024-04-02 12:16:16.295 INFO: Epoch 1576: loss=0.0466, RMSE_E_per_atom=1.2 meV, RMSE_F=21.5 meV / A
2024-04-02 12:17:09.446 INFO: Epoch 1578: loss=0.0461, RMSE_E_per_atom=1.2 meV, RMSE_F=21.4 meV / A
2024-04-02 12:18:01.957 INFO: Epoch 1580: loss=0.0460, RMSE_E_per_atom=1.2 meV, RMSE_F=21.4 meV / A
2024-04-02 12:18:55.119 INFO: Epoch 1582: loss=0.0464, RMSE_E_per_atom=1.2 meV, RMSE_F=21.5 meV / A
2024-04-02 12:19:47.574 INFO: Epoch 1584: loss=0.0463, RMSE_E_per_atom=1.2 meV, RMSE_F=21.5 meV / A
2024-04-02 12:20:40.142 INFO: Epoch 1586: loss=0.0465, RMSE_E_per_atom=1.2 meV, RMSE_F=21.5 meV / A
2024-04-02 12:21:32.546 INFO: Epoch 1588: loss=0.0461, RMSE_E_per_atom=1.2 meV, RMSE_F=21.4 meV / A
2024-04-02 12:22:24.498 INFO: Epoch 1590: loss=0.0462, RMSE_E_per_atom=1.2 meV, RMSE_F=21.4 meV / A
2024-04-02 12:23:16.726 INFO: Epoch 1592: loss=0.0466, RMSE_E_per_atom=1.2 meV, RMSE_F=21.5 meV / A
2024-04-02 12:24:09.070 INFO: Epoch 1594: loss=0.0463, RMSE_E_per_atom=1.2 meV, RMSE_F=21.5 meV / A
2024-04-02 12:25:01.567 INFO: Epoch 1596: loss=0.0468, RMSE_E_per_atom=1.2 meV, RMSE_F=21.6 meV / A
2024-04-02 12:25:53.857 INFO: Epoch 1598: loss=0.0465, RMSE_E_per_atom=1.2 meV, RMSE_F=21.5 meV / A
2024-04-02 12:26:46.149 INFO: Epoch 1600: loss=0.0464, RMSE_E_per_atom=1.2 meV, RMSE_F=21.5 meV / A
2024-04-02 12:27:41.695 INFO: Epoch 1602: loss=0.0466, RMSE_E_per_atom=1.2 meV, RMSE_F=21.5 meV / A
2024-04-02 12:28:37.868 INFO: Epoch 1604: loss=0.0467, RMSE_E_per_atom=1.2 meV, RMSE_F=21.6 meV / A
2024-04-02 12:29:30.331 INFO: Epoch 1606: loss=0.0471, RMSE_E_per_atom=1.2 meV, RMSE_F=21.6 meV / A
2024-04-02 12:30:22.761 INFO: Epoch 1608: loss=0.0468, RMSE_E_per_atom=1.2 meV, RMSE_F=21.6 meV / A
2024-04-02 12:31:14.793 INFO: Epoch 1610: loss=0.0464, RMSE_E_per_atom=1.2 meV, RMSE_F=21.5 meV / A
2024-04-02 12:32:07.604 INFO: Epoch 1612: loss=0.0467, RMSE_E_per_atom=1.2 meV, RMSE_F=21.6 meV / A
2024-04-02 12:33:00.208 INFO: Epoch 1614: loss=0.0461, RMSE_E_per_atom=1.1 meV, RMSE_F=21.4 meV / A
2024-04-02 12:33:53.215 INFO: Epoch 1616: loss=0.0462, RMSE_E_per_atom=1.2 meV, RMSE_F=21.4 meV / A
2024-04-02 12:34:45.863 INFO: Epoch 1618: loss=0.0461, RMSE_E_per_atom=1.2 meV, RMSE_F=21.4 meV / A
2024-04-02 12:35:38.495 INFO: Epoch 1620: loss=0.0463, RMSE_E_per_atom=1.2 meV, RMSE_F=21.5 meV / A
2024-04-02 12:36:31.384 INFO: Epoch 1622: loss=0.0463, RMSE_E_per_atom=1.2 meV, RMSE_F=21.5 meV / A
2024-04-02 12:37:23.874 INFO: Epoch 1624: loss=0.0462, RMSE_E_per_atom=1.2 meV, RMSE_F=21.4 meV / A
2024-04-02 12:38:16.625 INFO: Epoch 1626: loss=0.0459, RMSE_E_per_atom=1.2 meV, RMSE_F=21.4 meV / A
2024-04-02 12:39:08.983 INFO: Epoch 1628: loss=0.0463, RMSE_E_per_atom=1.2 meV, RMSE_F=21.5 meV / A
2024-04-02 12:40:01.767 INFO: Epoch 1630: loss=0.0463, RMSE_E_per_atom=1.2 meV, RMSE_F=21.5 meV / A
2024-04-02 12:40:54.540 INFO: Epoch 1632: loss=0.0467, RMSE_E_per_atom=1.2 meV, RMSE_F=21.6 meV / A
2024-04-02 12:41:46.990 INFO: Epoch 1634: loss=0.0464, RMSE_E_per_atom=1.2 meV, RMSE_F=21.5 meV / A
2024-04-02 12:42:39.560 INFO: Epoch 1636: loss=0.0461, RMSE_E_per_atom=1.2 meV, RMSE_F=21.4 meV / A
2024-04-02 12:43:31.951 INFO: Epoch 1638: loss=0.0461, RMSE_E_per_atom=1.2 meV, RMSE_F=21.4 meV / A
2024-04-02 12:44:24.959 INFO: Epoch 1640: loss=0.0458, RMSE_E_per_atom=1.2 meV, RMSE_F=21.4 meV / A
2024-04-02 12:45:17.269 INFO: Epoch 1642: loss=0.0466, RMSE_E_per_atom=1.2 meV, RMSE_F=21.6 meV / A
2024-04-02 12:46:09.418 INFO: Epoch 1644: loss=0.0465, RMSE_E_per_atom=1.2 meV, RMSE_F=21.5 meV / A
2024-04-02 12:47:01.441 INFO: Epoch 1646: loss=0.0464, RMSE_E_per_atom=1.2 meV, RMSE_F=21.5 meV / A
2024-04-02 12:47:53.725 INFO: Epoch 1648: loss=0.0459, RMSE_E_per_atom=1.2 meV, RMSE_F=21.4 meV / A
2024-04-02 12:48:45.623 INFO: Epoch 1650: loss=0.0466, RMSE_E_per_atom=1.2 meV, RMSE_F=21.5 meV / A
2024-04-02 12:49:38.320 INFO: Epoch 1652: loss=0.0460, RMSE_E_per_atom=1.2 meV, RMSE_F=21.4 meV / A
2024-04-02 12:50:30.658 INFO: Epoch 1654: loss=0.0463, RMSE_E_per_atom=1.1 meV, RMSE_F=21.5 meV / A
2024-04-02 12:51:23.228 INFO: Epoch 1656: loss=0.0462, RMSE_E_per_atom=1.2 meV, RMSE_F=21.4 meV / A
2024-04-02 12:52:15.965 INFO: Epoch 1658: loss=0.0461, RMSE_E_per_atom=1.2 meV, RMSE_F=21.4 meV / A
2024-04-02 12:53:08.989 INFO: Epoch 1660: loss=0.0461, RMSE_E_per_atom=1.2 meV, RMSE_F=21.4 meV / A
2024-04-02 12:54:01.547 INFO: Epoch 1662: loss=0.0460, RMSE_E_per_atom=1.2 meV, RMSE_F=21.4 meV / A
2024-04-02 12:54:54.185 INFO: Epoch 1664: loss=0.0460, RMSE_E_per_atom=1.2 meV, RMSE_F=21.4 meV / A
2024-04-02 12:55:46.713 INFO: Epoch 1666: loss=0.0458, RMSE_E_per_atom=1.2 meV, RMSE_F=21.3 meV / A
2024-04-02 12:56:39.542 INFO: Epoch 1668: loss=0.0459, RMSE_E_per_atom=1.2 meV, RMSE_F=21.4 meV / A
2024-04-02 12:57:31.707 INFO: Epoch 1670: loss=0.0462, RMSE_E_per_atom=1.1 meV, RMSE_F=21.5 meV / A
2024-04-02 12:58:24.172 INFO: Epoch 1672: loss=0.0460, RMSE_E_per_atom=1.2 meV, RMSE_F=21.4 meV / A
2024-04-02 12:59:17.430 INFO: Epoch 1674: loss=0.0462, RMSE_E_per_atom=1.2 meV, RMSE_F=21.5 meV / A
2024-04-02 13:00:10.114 INFO: Epoch 1676: loss=0.0461, RMSE_E_per_atom=1.1 meV, RMSE_F=21.4 meV / A
2024-04-02 13:01:02.569 INFO: Epoch 1678: loss=0.0467, RMSE_E_per_atom=1.2 meV, RMSE_F=21.6 meV / A
2024-04-02 13:01:55.285 INFO: Epoch 1680: loss=0.0460, RMSE_E_per_atom=1.2 meV, RMSE_F=21.4 meV / A
2024-04-02 13:02:47.195 INFO: Epoch 1682: loss=0.0461, RMSE_E_per_atom=1.2 meV, RMSE_F=21.4 meV / A
2024-04-02 13:03:39.590 INFO: Epoch 1684: loss=0.0452, RMSE_E_per_atom=1.2 meV, RMSE_F=21.2 meV / A
2024-04-02 13:04:31.512 INFO: Epoch 1686: loss=0.0460, RMSE_E_per_atom=1.2 meV, RMSE_F=21.4 meV / A
2024-04-02 13:05:23.758 INFO: Epoch 1688: loss=0.0456, RMSE_E_per_atom=1.2 meV, RMSE_F=21.3 meV / A
2024-04-02 13:06:16.354 INFO: Epoch 1690: loss=0.0460, RMSE_E_per_atom=1.2 meV, RMSE_F=21.4 meV / A
2024-04-02 13:07:08.304 INFO: Epoch 1692: loss=0.0462, RMSE_E_per_atom=1.2 meV, RMSE_F=21.5 meV / A
2024-04-02 13:08:01.137 INFO: Epoch 1694: loss=0.0456, RMSE_E_per_atom=1.1 meV, RMSE_F=21.3 meV / A
2024-04-02 13:08:54.539 INFO: Epoch 1696: loss=0.0458, RMSE_E_per_atom=1.2 meV, RMSE_F=21.4 meV / A
2024-04-02 13:09:47.075 INFO: Epoch 1698: loss=0.0454, RMSE_E_per_atom=1.1 meV, RMSE_F=21.3 meV / A
2024-04-02 13:10:39.812 INFO: Epoch 1700: loss=0.0459, RMSE_E_per_atom=1.2 meV, RMSE_F=21.4 meV / A
2024-04-02 13:11:32.345 INFO: Epoch 1702: loss=0.0459, RMSE_E_per_atom=1.2 meV, RMSE_F=21.4 meV / A
2024-04-02 13:12:24.984 INFO: Epoch 1704: loss=0.0457, RMSE_E_per_atom=1.1 meV, RMSE_F=21.3 meV / A
2024-04-02 13:13:17.904 INFO: Epoch 1706: loss=0.0460, RMSE_E_per_atom=1.2 meV, RMSE_F=21.4 meV / A
2024-04-02 13:14:10.843 INFO: Epoch 1708: loss=0.0460, RMSE_E_per_atom=1.2 meV, RMSE_F=21.4 meV / A
2024-04-02 13:15:03.550 INFO: Epoch 1710: loss=0.0460, RMSE_E_per_atom=1.2 meV, RMSE_F=21.4 meV / A
2024-04-02 13:15:56.806 INFO: Epoch 1712: loss=0.0463, RMSE_E_per_atom=1.1 meV, RMSE_F=21.5 meV / A
2024-04-02 13:16:49.174 INFO: Epoch 1714: loss=0.0460, RMSE_E_per_atom=1.2 meV, RMSE_F=21.4 meV / A
2024-04-02 13:17:41.516 INFO: Epoch 1716: loss=0.0459, RMSE_E_per_atom=1.2 meV, RMSE_F=21.4 meV / A
2024-04-02 13:18:34.236 INFO: Epoch 1718: loss=0.0466, RMSE_E_per_atom=1.2 meV, RMSE_F=21.5 meV / A
2024-04-02 13:19:26.547 INFO: Epoch 1720: loss=0.0461, RMSE_E_per_atom=1.2 meV, RMSE_F=21.4 meV / A
2024-04-02 13:20:18.572 INFO: Epoch 1722: loss=0.0459, RMSE_E_per_atom=1.1 meV, RMSE_F=21.4 meV / A
2024-04-02 13:21:10.752 INFO: Epoch 1724: loss=0.0461, RMSE_E_per_atom=1.1 meV, RMSE_F=21.4 meV / A
2024-04-02 13:22:03.444 INFO: Epoch 1726: loss=0.0460, RMSE_E_per_atom=1.1 meV, RMSE_F=21.4 meV / A
2024-04-02 13:22:56.253 INFO: Epoch 1728: loss=0.0460, RMSE_E_per_atom=1.1 meV, RMSE_F=21.4 meV / A
2024-04-02 13:23:48.958 INFO: Epoch 1730: loss=0.0460, RMSE_E_per_atom=1.1 meV, RMSE_F=21.4 meV / A
2024-04-02 13:24:41.538 INFO: Epoch 1732: loss=0.0463, RMSE_E_per_atom=1.2 meV, RMSE_F=21.5 meV / A
2024-04-02 13:25:34.265 INFO: Epoch 1734: loss=0.0463, RMSE_E_per_atom=1.2 meV, RMSE_F=21.5 meV / A
2024-04-02 13:26:26.920 INFO: Epoch 1736: loss=0.0460, RMSE_E_per_atom=1.1 meV, RMSE_F=21.4 meV / A
2024-04-02 13:27:19.226 INFO: Epoch 1738: loss=0.0461, RMSE_E_per_atom=1.2 meV, RMSE_F=21.4 meV / A
2024-04-02 13:28:11.693 INFO: Epoch 1740: loss=0.0463, RMSE_E_per_atom=1.2 meV, RMSE_F=21.4 meV / A
2024-04-02 13:29:04.846 INFO: Epoch 1742: loss=0.0461, RMSE_E_per_atom=1.1 meV, RMSE_F=21.4 meV / A
2024-04-02 13:29:57.695 INFO: Epoch 1744: loss=0.0461, RMSE_E_per_atom=1.1 meV, RMSE_F=21.4 meV / A
2024-04-02 13:30:50.435 INFO: Epoch 1746: loss=0.0456, RMSE_E_per_atom=1.2 meV, RMSE_F=21.3 meV / A
2024-04-02 13:31:43.037 INFO: Epoch 1748: loss=0.0455, RMSE_E_per_atom=1.1 meV, RMSE_F=21.3 meV / A
2024-04-02 13:32:35.462 INFO: Epoch 1750: loss=0.0459, RMSE_E_per_atom=1.1 meV, RMSE_F=21.4 meV / A
2024-04-02 13:33:28.578 INFO: Epoch 1752: loss=0.0459, RMSE_E_per_atom=1.1 meV, RMSE_F=21.4 meV / A
2024-04-02 13:34:21.274 INFO: Epoch 1754: loss=0.0460, RMSE_E_per_atom=1.1 meV, RMSE_F=21.4 meV / A
2024-04-02 13:35:13.895 INFO: Epoch 1756: loss=0.0459, RMSE_E_per_atom=1.1 meV, RMSE_F=21.4 meV / A
2024-04-02 13:36:06.512 INFO: Epoch 1758: loss=0.0459, RMSE_E_per_atom=1.1 meV, RMSE_F=21.4 meV / A
2024-04-02 13:36:58.912 INFO: Epoch 1760: loss=0.0461, RMSE_E_per_atom=1.2 meV, RMSE_F=21.4 meV / A
2024-04-02 13:37:51.791 INFO: Epoch 1762: loss=0.0462, RMSE_E_per_atom=1.2 meV, RMSE_F=21.4 meV / A
2024-04-02 13:38:44.971 INFO: Epoch 1764: loss=0.0457, RMSE_E_per_atom=1.2 meV, RMSE_F=21.3 meV / A
2024-04-02 13:39:37.994 INFO: Epoch 1766: loss=0.0458, RMSE_E_per_atom=1.1 meV, RMSE_F=21.4 meV / A
2024-04-02 13:40:30.504 INFO: Epoch 1768: loss=0.0459, RMSE_E_per_atom=1.1 meV, RMSE_F=21.4 meV / A
2024-04-02 13:40:56.219 INFO: Training complete
2024-04-02 13:40:56.220 INFO: Computing metrics for training, validation, and test sets
2024-04-02 13:40:56.270 INFO: Loading checkpoint: checkpoints/MACE_run-0_epoch-282.pt
2024-04-02 13:40:56.468 INFO: Loaded model from epoch 282
2024-04-02 13:40:58.034 INFO: Evaluating train ...
2024-04-02 13:41:09.176 INFO: Evaluating valid ...
2024-04-02 13:41:11.834 INFO: Evaluating Default ...
2024-04-02 13:41:23.207 INFO: 
+-------------+---------------------+------------------+-------------------+
| config_type | RMSE E / meV / atom | RMSE F / meV / A | relative F RMSE % |
+-------------+---------------------+------------------+-------------------+
|    train    |         25.9        |      106.6       |       67.81       |
|    valid    |         23.0        |      103.7       |       64.68       |
|   Default   |         33.1        |      269.2       |      3833.12      |
+-------------+---------------------+------------------+-------------------+
2024-04-02 13:41:23.208 INFO: Saving model to checkpoints/MACE_run-0.model
2024-04-02 13:41:23.318 INFO: Loading checkpoint: checkpoints/MACE_run-0_epoch-1684_swa.pt
2024-04-02 13:41:23.370 INFO: Loaded model from epoch 1684
2024-04-02 13:41:25.020 INFO: Evaluating train ...
2024-04-02 13:41:36.199 INFO: Evaluating valid ...
2024-04-02 13:41:38.747 INFO: Evaluating Default ...
2024-04-02 13:41:50.047 INFO: 
+-------------+---------------------+------------------+-------------------+
| config_type | RMSE E / meV / atom | RMSE F / meV / A | relative F RMSE % |
+-------------+---------------------+------------------+-------------------+
|    train    |         0.3         |       4.8        |        3.03       |
|    valid    |         1.2         |       21.2       |       13.24       |
|   Default   |         2.5         |       70.3       |      1000.74      |
+-------------+---------------------+------------------+-------------------+
2024-04-02 13:41:50.048 INFO: Saving model to checkpoints/MACE_run-0_swa.model
2024-04-02 13:41:50.318 INFO: Done
