2024-04-01 12:16:58.935 INFO: MACE version: 0.3.0
2024-04-01 12:16:58.935 INFO: Configuration: Namespace(name='MACE', seed=0, log_dir='logs', model_dir='.', checkpoints_dir='checkpoints', results_dir='results', downloads_dir='downloads', device='cuda', default_dtype='float64', log_level='INFO', error_table='PerAtomRMSE', model='MACE', r_max=5.0, radial_type='bessel', num_radial_basis=8, num_cutoff_basis=5, interaction='RealAgnosticResidualInteractionBlock', interaction_first='RealAgnosticResidualInteractionBlock', max_ell=3, correlation=3, num_interactions=2, MLP_irreps='16x0e', radial_MLP='[64, 64, 64]', hidden_irreps='128x0e + 128x1o', num_channels=None, max_L=None, gate='silu', scaling='rms_forces_scaling', avg_num_neighbors=1, compute_avg_num_neighbors=True, compute_stress=False, compute_forces=True, train_file='train.xyz', valid_file='valid.xyz', valid_fraction=0.1, test_file='test.xyz', E0s=None, energy_key='mp2_energy', forces_key='mp2_forces', virials_key='virials', stress_key='stress', dipole_key='dipole', charges_key='charges', loss='weighted', forces_weight=100.0, swa_forces_weight=100.0, energy_weight=1.0, swa_energy_weight=1000.0, virials_weight=1.0, swa_virials_weight=10.0, stress_weight=1.0, swa_stress_weight=10.0, dipole_weight=1.0, swa_dipole_weight=1.0, config_type_weights='{"Default":1.0}', huber_delta=0.01, optimizer='adam', batch_size=10, valid_batch_size=10, lr=0.01, swa_lr=0.001, weight_decay=5e-07, amsgrad=True, scheduler='ReduceLROnPlateau', lr_factor=0.8, scheduler_patience=50, lr_scheduler_gamma=0.9993, swa=True, start_swa=500, ema=True, ema_decay=0.99, max_num_epochs=704, patience=2048, eval_interval=2, keep_checkpoints=False, restart_latest=True, save_cpu=True, clip_grad=10.0, wandb=False, wandb_project='', wandb_entity='', wandb_name='', wandb_log_hypers=['num_channels', 'max_L', 'correlation', 'lr', 'swa_lr', 'weight_decay', 'batch_size', 'max_num_epochs', 'start_swa', 'energy_weight', 'forces_weight'])
2024-04-01 12:16:59.120 INFO: CUDA version: 11.8, CUDA device: 0
2024-04-01 12:17:01.417 INFO: Using isolated atom energies from training file
2024-04-01 12:17:01.489 INFO: Loaded 4578 training configurations from 'train.xyz'
2024-04-01 12:19:01.264 INFO: MACE version: 0.3.0
2024-04-01 12:19:01.264 INFO: Configuration: Namespace(name='MACE', seed=0, log_dir='logs', model_dir='.', checkpoints_dir='checkpoints', results_dir='results', downloads_dir='downloads', device='cuda', default_dtype='float64', log_level='INFO', error_table='PerAtomRMSE', model='MACE', r_max=5.0, radial_type='bessel', num_radial_basis=8, num_cutoff_basis=5, interaction='RealAgnosticResidualInteractionBlock', interaction_first='RealAgnosticResidualInteractionBlock', max_ell=3, correlation=3, num_interactions=2, MLP_irreps='16x0e', radial_MLP='[64, 64, 64]', hidden_irreps='128x0e + 128x1o', num_channels=None, max_L=None, gate='silu', scaling='rms_forces_scaling', avg_num_neighbors=1, compute_avg_num_neighbors=True, compute_stress=False, compute_forces=True, train_file='train.xyz', valid_file=None, valid_fraction=0.1, test_file='test.xyz', E0s=None, energy_key='mp2_energy', forces_key='mp2_forces', virials_key='virials', stress_key='stress', dipole_key='dipole', charges_key='charges', loss='weighted', forces_weight=100.0, swa_forces_weight=100.0, energy_weight=1.0, swa_energy_weight=1000.0, virials_weight=1.0, swa_virials_weight=10.0, stress_weight=1.0, swa_stress_weight=10.0, dipole_weight=1.0, swa_dipole_weight=1.0, config_type_weights='{"Default":1.0}', huber_delta=0.01, optimizer='adam', batch_size=10, valid_batch_size=10, lr=0.01, swa_lr=0.001, weight_decay=5e-07, amsgrad=True, scheduler='ReduceLROnPlateau', lr_factor=0.8, scheduler_patience=50, lr_scheduler_gamma=0.9993, swa=True, start_swa=500, ema=True, ema_decay=0.99, max_num_epochs=704, patience=2048, eval_interval=2, keep_checkpoints=False, restart_latest=True, save_cpu=True, clip_grad=10.0, wandb=False, wandb_project='', wandb_entity='', wandb_name='', wandb_log_hypers=['num_channels', 'max_L', 'correlation', 'lr', 'swa_lr', 'weight_decay', 'batch_size', 'max_num_epochs', 'start_swa', 'energy_weight', 'forces_weight'])
2024-04-01 12:19:01.440 INFO: CUDA version: 11.8, CUDA device: 0
2024-04-01 12:19:03.335 INFO: Using isolated atom energies from training file
2024-04-01 12:19:03.405 INFO: Loaded 4578 training configurations from 'train.xyz'
2024-04-01 12:19:03.407 INFO: Using random 10.0% of training set for validation
2024-04-01 12:19:05.313 INFO: Loaded 4421 test configurations from 'test.xyz'
2024-04-01 12:19:05.313 INFO: Total number of configurations: train=4121, valid=457, tests=[Default: 4421]
2024-04-01 12:19:05.323 INFO: AtomicNumberTable: (1, 6, 7, 8, 9, 17, 35)
2024-04-01 12:19:05.323 INFO: Atomic energies: [-13.600517821508213, -1027.0944977126558, -1482.3418207392756, -2038.6266391088182, -2710.614457364674, -12509.081471993437, -70007.06718971694]
2024-04-01 12:19:08.430 INFO: WeightedEnergyForcesLoss(energy_weight=1.000, forces_weight=100.000)
2024-04-01 12:19:08.933 INFO: Average number of neighbors: 13.379371403275785
2024-04-01 12:19:08.934 INFO: Selected the following outputs: {'energy': True, 'forces': True, 'virials': False, 'stress': False, 'dipoles': False}
2024-04-01 12:19:08.934 INFO: Building model
2024-04-01 12:19:08.934 INFO: Hidden irreps: 128x0e + 128x1o
2024-04-01 12:19:11.358 INFO: Using stochastic weight averaging (after 500 epochs) with energy weight : 1000.0, forces weight : 100.0 and learning rate : 0.001
2024-04-01 12:19:11.435 INFO: Loading checkpoint: checkpoints/MACE_run-0_epoch-504_swa.pt
2024-04-01 12:19:11.633 INFO: ScaleShiftMACE(
  (node_embedding): LinearNodeEmbeddingBlock(
    (linear): Linear(7x0e -> 128x0e | 896 weights)
  )
  (radial_embedding): RadialEmbeddingBlock(
    (bessel_fn): BesselBasis(r_max=5.0, num_basis=8, trainable=False)
    (cutoff_fn): PolynomialCutoff(p=5.0, r_max=5.0)
  )
  (spherical_harmonics): SphericalHarmonics()
  (atomic_energies_fn): AtomicEnergiesBlock(energies=[-13.6005, -1027.0945, -1482.3418, -2038.6266, -2710.6145, -12509.0815, -70007.0672])
  (interactions): ModuleList(
    (0): RealAgnosticInteractionBlock(
      (linear_up): Linear(128x0e -> 128x0e | 16384 weights)
      (conv_tp): TensorProduct(128x0e x 1x0e+1x1o+1x2e+1x3o -> 128x0e+128x1o+128x2e+128x3o | 512 paths | 512 weights)
      (conv_tp_weights): FullyConnectedNet[8, 64, 64, 64, 512]
      (linear): Linear(128x0e+128x1o+128x2e+128x3o -> 128x0e+128x1o+128x2e+128x3o | 65536 weights)
      (skip_tp): FullyConnectedTensorProduct(128x0e+128x1o+128x2e+128x3o x 7x0e -> 128x0e+128x1o+128x2e+128x3o | 458752 paths | 458752 weights)
      (reshape): reshape_irreps()
    )
    (1): RealAgnosticResidualInteractionBlock(
      (linear_up): Linear(128x0e+128x1o -> 128x0e+128x1o | 32768 weights)
      (conv_tp): TensorProduct(128x0e+128x1o x 1x0e+1x1o+1x2e+1x3o -> 256x0e+384x1o+384x2e+256x3o | 1280 paths | 1280 weights)
      (conv_tp_weights): FullyConnectedNet[8, 64, 64, 64, 1280]
      (linear): Linear(256x0e+384x1o+384x2e+256x3o -> 128x0e+128x1o+128x2e+128x3o | 163840 weights)
      (skip_tp): FullyConnectedTensorProduct(128x0e+128x1o x 7x0e -> 128x0e | 114688 paths | 114688 weights)
      (reshape): reshape_irreps()
    )
  )
  (products): ModuleList(
    (0): EquivariantProductBasisBlock(
      (symmetric_contractions): SymmetricContraction(
        (contractions): ModuleList(
          (0): Contraction(
            (contractions_weighting): ModuleList(
              (0-1): 2 x GraphModule()
            )
            (contractions_features): ModuleList(
              (0-1): 2 x GraphModule()
            )
            (weights): ParameterList(
                (0): Parameter containing: [torch.float64 of size 7x4x128 (GPU 0)]
                (1): Parameter containing: [torch.float64 of size 7x1x128 (GPU 0)]
            )
            (graph_opt_main): GraphModule()
          )
          (1): Contraction(
            (contractions_weighting): ModuleList(
              (0-1): 2 x GraphModule()
            )
            (contractions_features): ModuleList(
              (0-1): 2 x GraphModule()
            )
            (weights): ParameterList(
                (0): Parameter containing: [torch.float64 of size 7x6x128 (GPU 0)]
                (1): Parameter containing: [torch.float64 of size 7x1x128 (GPU 0)]
            )
            (graph_opt_main): GraphModule()
          )
        )
      )
      (linear): Linear(128x0e+128x1o -> 128x0e+128x1o | 32768 weights)
    )
    (1): EquivariantProductBasisBlock(
      (symmetric_contractions): SymmetricContraction(
        (contractions): ModuleList(
          (0): Contraction(
            (contractions_weighting): ModuleList(
              (0-1): 2 x GraphModule()
            )
            (contractions_features): ModuleList(
              (0-1): 2 x GraphModule()
            )
            (weights): ParameterList(
                (0): Parameter containing: [torch.float64 of size 7x4x128 (GPU 0)]
                (1): Parameter containing: [torch.float64 of size 7x1x128 (GPU 0)]
            )
            (graph_opt_main): GraphModule()
          )
        )
      )
      (linear): Linear(128x0e -> 128x0e | 16384 weights)
    )
  )
  (readouts): ModuleList(
    (0): LinearReadoutBlock(
      (linear): Linear(128x0e+128x1o -> 1x0e | 128 weights)
    )
    (1): NonLinearReadoutBlock(
      (linear_1): Linear(128x0e -> 16x0e | 2048 weights)
      (non_linearity): Activation [x] (16x0e -> 16x0e)
      (linear_2): Linear(16x0e -> 1x0e | 16 weights)
    )
  )
  (scale_shift): ScaleShiftBlock(scale=0.163822, shift=0.000000)
)
2024-04-01 12:19:11.635 INFO: Number of parameters: 1138448
2024-04-01 12:19:11.635 INFO: Optimizer: Adam (
Parameter Group 0
    amsgrad: True
    betas: (0.9, 0.999)
    capturable: False
    differentiable: False
    eps: 1e-08
    foreach: None
    fused: None
    initial_lr: 0.01
    lr: 0.001
    maximize: False
    name: embedding
    swa_lr: 0.001
    weight_decay: 0.0

Parameter Group 1
    amsgrad: True
    betas: (0.9, 0.999)
    capturable: False
    differentiable: False
    eps: 1e-08
    foreach: None
    fused: None
    initial_lr: 0.01
    lr: 0.001
    maximize: False
    name: interactions_decay
    swa_lr: 0.001
    weight_decay: 5e-07

Parameter Group 2
    amsgrad: True
    betas: (0.9, 0.999)
    capturable: False
    differentiable: False
    eps: 1e-08
    foreach: None
    fused: None
    initial_lr: 0.01
    lr: 0.001
    maximize: False
    name: interactions_no_decay
    swa_lr: 0.001
    weight_decay: 0.0

Parameter Group 3
    amsgrad: True
    betas: (0.9, 0.999)
    capturable: False
    differentiable: False
    eps: 1e-08
    foreach: None
    fused: None
    initial_lr: 0.01
    lr: 0.001
    maximize: False
    name: products
    swa_lr: 0.001
    weight_decay: 5e-07

Parameter Group 4
    amsgrad: True
    betas: (0.9, 0.999)
    capturable: False
    differentiable: False
    eps: 1e-08
    foreach: None
    fused: None
    initial_lr: 0.01
    lr: 0.001
    maximize: False
    name: readouts
    swa_lr: 0.001
    weight_decay: 0.0
)
2024-04-01 12:19:11.635 INFO: Using gradient clipping with tolerance=10.000
2024-04-01 12:19:11.636 INFO: Started training
2024-04-01 12:19:11.636 INFO: Changing loss based on SWA
2024-04-01 12:20:35.794 INFO: MACE version: 0.3.0
2024-04-01 12:20:35.794 INFO: Configuration: Namespace(name='MACE', seed=0, log_dir='logs', model_dir='.', checkpoints_dir='checkpoints', results_dir='results', downloads_dir='downloads', device='cuda', default_dtype='float64', log_level='INFO', error_table='PerAtomRMSE', model='MACE', r_max=5.0, radial_type='bessel', num_radial_basis=8, num_cutoff_basis=5, interaction='RealAgnosticResidualInteractionBlock', interaction_first='RealAgnosticResidualInteractionBlock', max_ell=3, correlation=3, num_interactions=2, MLP_irreps='16x0e', radial_MLP='[64, 64, 64]', hidden_irreps='128x0e + 128x1o', num_channels=None, max_L=None, gate='silu', scaling='rms_forces_scaling', avg_num_neighbors=1, compute_avg_num_neighbors=True, compute_stress=False, compute_forces=True, train_file='train.xyz', valid_file=None, valid_fraction=0.1, test_file='test.xyz', E0s=None, energy_key='mp2_energy', forces_key='mp2_forces', virials_key='virials', stress_key='stress', dipole_key='dipole', charges_key='charges', loss='weighted', forces_weight=100.0, swa_forces_weight=100.0, energy_weight=1.0, swa_energy_weight=1000.0, virials_weight=1.0, swa_virials_weight=10.0, stress_weight=1.0, swa_stress_weight=10.0, dipole_weight=1.0, swa_dipole_weight=1.0, config_type_weights='{"Default":1.0}', huber_delta=0.01, optimizer='adam', batch_size=10, valid_batch_size=10, lr=0.01, swa_lr=0.001, weight_decay=5e-07, amsgrad=True, scheduler='ReduceLROnPlateau', lr_factor=0.8, scheduler_patience=50, lr_scheduler_gamma=0.9993, swa=True, start_swa=500, ema=True, ema_decay=0.99, max_num_epochs=704, patience=2048, eval_interval=2, keep_checkpoints=False, restart_latest=True, save_cpu=True, clip_grad=10.0, wandb=False, wandb_project='', wandb_entity='', wandb_name='', wandb_log_hypers=['num_channels', 'max_L', 'correlation', 'lr', 'swa_lr', 'weight_decay', 'batch_size', 'max_num_epochs', 'start_swa', 'energy_weight', 'forces_weight'])
2024-04-01 12:20:35.985 INFO: CUDA version: 11.8, CUDA device: 0
2024-04-01 12:20:37.881 INFO: Using isolated atom energies from training file
2024-04-01 12:20:37.951 INFO: Loaded 4578 training configurations from 'train.xyz'
2024-04-01 12:20:37.953 INFO: Using random 10.0% of training set for validation
2024-04-01 12:20:39.624 INFO: Loaded 4421 test configurations from 'test.xyz'
2024-04-01 12:20:39.624 INFO: Total number of configurations: train=4121, valid=457, tests=[Default: 4421]
2024-04-01 12:20:39.634 INFO: AtomicNumberTable: (1, 6, 7, 8, 9, 17, 35)
2024-04-01 12:20:39.634 INFO: Atomic energies: [-13.600517821508213, -1027.0944977126558, -1482.3418207392756, -2038.6266391088182, -2710.614457364674, -12509.081471993437, -70007.06718971694]
2024-04-01 12:20:41.384 INFO: WeightedEnergyForcesLoss(energy_weight=1.000, forces_weight=100.000)
2024-04-01 12:20:41.875 INFO: Average number of neighbors: 13.379371403275785
2024-04-01 12:20:41.875 INFO: Selected the following outputs: {'energy': True, 'forces': True, 'virials': False, 'stress': False, 'dipoles': False}
2024-04-01 12:20:41.875 INFO: Building model
2024-04-01 12:20:41.875 INFO: Hidden irreps: 128x0e + 128x1o
2024-04-01 12:20:43.927 INFO: Using stochastic weight averaging (after 500 epochs) with energy weight : 1000.0, forces weight : 100.0 and learning rate : 0.001
2024-04-01 12:20:44.008 INFO: Loading checkpoint: checkpoints/MACE_run-0_epoch-504_swa.pt
2024-04-01 12:20:44.049 INFO: ScaleShiftMACE(
  (node_embedding): LinearNodeEmbeddingBlock(
    (linear): Linear(7x0e -> 128x0e | 896 weights)
  )
  (radial_embedding): RadialEmbeddingBlock(
    (bessel_fn): BesselBasis(r_max=5.0, num_basis=8, trainable=False)
    (cutoff_fn): PolynomialCutoff(p=5.0, r_max=5.0)
  )
  (spherical_harmonics): SphericalHarmonics()
  (atomic_energies_fn): AtomicEnergiesBlock(energies=[-13.6005, -1027.0945, -1482.3418, -2038.6266, -2710.6145, -12509.0815, -70007.0672])
  (interactions): ModuleList(
    (0): RealAgnosticInteractionBlock(
      (linear_up): Linear(128x0e -> 128x0e | 16384 weights)
      (conv_tp): TensorProduct(128x0e x 1x0e+1x1o+1x2e+1x3o -> 128x0e+128x1o+128x2e+128x3o | 512 paths | 512 weights)
      (conv_tp_weights): FullyConnectedNet[8, 64, 64, 64, 512]
      (linear): Linear(128x0e+128x1o+128x2e+128x3o -> 128x0e+128x1o+128x2e+128x3o | 65536 weights)
      (skip_tp): FullyConnectedTensorProduct(128x0e+128x1o+128x2e+128x3o x 7x0e -> 128x0e+128x1o+128x2e+128x3o | 458752 paths | 458752 weights)
      (reshape): reshape_irreps()
    )
    (1): RealAgnosticResidualInteractionBlock(
      (linear_up): Linear(128x0e+128x1o -> 128x0e+128x1o | 32768 weights)
      (conv_tp): TensorProduct(128x0e+128x1o x 1x0e+1x1o+1x2e+1x3o -> 256x0e+384x1o+384x2e+256x3o | 1280 paths | 1280 weights)
      (conv_tp_weights): FullyConnectedNet[8, 64, 64, 64, 1280]
      (linear): Linear(256x0e+384x1o+384x2e+256x3o -> 128x0e+128x1o+128x2e+128x3o | 163840 weights)
      (skip_tp): FullyConnectedTensorProduct(128x0e+128x1o x 7x0e -> 128x0e | 114688 paths | 114688 weights)
      (reshape): reshape_irreps()
    )
  )
  (products): ModuleList(
    (0): EquivariantProductBasisBlock(
      (symmetric_contractions): SymmetricContraction(
        (contractions): ModuleList(
          (0): Contraction(
            (contractions_weighting): ModuleList(
              (0-1): 2 x GraphModule()
            )
            (contractions_features): ModuleList(
              (0-1): 2 x GraphModule()
            )
            (weights): ParameterList(
                (0): Parameter containing: [torch.float64 of size 7x4x128 (GPU 0)]
                (1): Parameter containing: [torch.float64 of size 7x1x128 (GPU 0)]
            )
            (graph_opt_main): GraphModule()
          )
          (1): Contraction(
            (contractions_weighting): ModuleList(
              (0-1): 2 x GraphModule()
            )
            (contractions_features): ModuleList(
              (0-1): 2 x GraphModule()
            )
            (weights): ParameterList(
                (0): Parameter containing: [torch.float64 of size 7x6x128 (GPU 0)]
                (1): Parameter containing: [torch.float64 of size 7x1x128 (GPU 0)]
            )
            (graph_opt_main): GraphModule()
          )
        )
      )
      (linear): Linear(128x0e+128x1o -> 128x0e+128x1o | 32768 weights)
    )
    (1): EquivariantProductBasisBlock(
      (symmetric_contractions): SymmetricContraction(
        (contractions): ModuleList(
          (0): Contraction(
            (contractions_weighting): ModuleList(
              (0-1): 2 x GraphModule()
            )
            (contractions_features): ModuleList(
              (0-1): 2 x GraphModule()
            )
            (weights): ParameterList(
                (0): Parameter containing: [torch.float64 of size 7x4x128 (GPU 0)]
                (1): Parameter containing: [torch.float64 of size 7x1x128 (GPU 0)]
            )
            (graph_opt_main): GraphModule()
          )
        )
      )
      (linear): Linear(128x0e -> 128x0e | 16384 weights)
    )
  )
  (readouts): ModuleList(
    (0): LinearReadoutBlock(
      (linear): Linear(128x0e+128x1o -> 1x0e | 128 weights)
    )
    (1): NonLinearReadoutBlock(
      (linear_1): Linear(128x0e -> 16x0e | 2048 weights)
      (non_linearity): Activation [x] (16x0e -> 16x0e)
      (linear_2): Linear(16x0e -> 1x0e | 16 weights)
    )
  )
  (scale_shift): ScaleShiftBlock(scale=0.163822, shift=0.000000)
)
2024-04-01 12:20:44.051 INFO: Number of parameters: 1138448
2024-04-01 12:20:44.051 INFO: Optimizer: Adam (
Parameter Group 0
    amsgrad: True
    betas: (0.9, 0.999)
    capturable: False
    differentiable: False
    eps: 1e-08
    foreach: None
    fused: None
    initial_lr: 0.01
    lr: 0.001
    maximize: False
    name: embedding
    swa_lr: 0.001
    weight_decay: 0.0

Parameter Group 1
    amsgrad: True
    betas: (0.9, 0.999)
    capturable: False
    differentiable: False
    eps: 1e-08
    foreach: None
    fused: None
    initial_lr: 0.01
    lr: 0.001
    maximize: False
    name: interactions_decay
    swa_lr: 0.001
    weight_decay: 5e-07

Parameter Group 2
    amsgrad: True
    betas: (0.9, 0.999)
    capturable: False
    differentiable: False
    eps: 1e-08
    foreach: None
    fused: None
    initial_lr: 0.01
    lr: 0.001
    maximize: False
    name: interactions_no_decay
    swa_lr: 0.001
    weight_decay: 0.0

Parameter Group 3
    amsgrad: True
    betas: (0.9, 0.999)
    capturable: False
    differentiable: False
    eps: 1e-08
    foreach: None
    fused: None
    initial_lr: 0.01
    lr: 0.001
    maximize: False
    name: products
    swa_lr: 0.001
    weight_decay: 5e-07

Parameter Group 4
    amsgrad: True
    betas: (0.9, 0.999)
    capturable: False
    differentiable: False
    eps: 1e-08
    foreach: None
    fused: None
    initial_lr: 0.01
    lr: 0.001
    maximize: False
    name: readouts
    swa_lr: 0.001
    weight_decay: 0.0
)
2024-04-01 12:20:44.051 INFO: Using gradient clipping with tolerance=10.000
2024-04-01 12:20:44.051 INFO: Started training
2024-04-01 12:20:44.051 INFO: Changing loss based on SWA
2024-04-01 12:21:25.032 INFO: Epoch 504: loss=0.2525, RMSE_E_per_atom=4.8 meV, RMSE_F=48.8 meV / A
2024-04-01 12:22:15.674 INFO: Epoch 506: loss=0.1247, RMSE_E_per_atom=3.7 meV, RMSE_F=34.1 meV / A
2024-04-01 12:23:05.132 INFO: Epoch 508: loss=0.1129, RMSE_E_per_atom=3.1 meV, RMSE_F=33.0 meV / A
2024-04-01 12:23:54.381 INFO: Epoch 510: loss=0.1105, RMSE_E_per_atom=2.7 meV, RMSE_F=32.9 meV / A
2024-04-01 12:24:43.810 INFO: Epoch 512: loss=0.1047, RMSE_E_per_atom=2.5 meV, RMSE_F=32.2 meV / A
2024-04-01 12:25:33.005 INFO: Epoch 514: loss=0.1031, RMSE_E_per_atom=2.3 meV, RMSE_F=32.1 meV / A
2024-04-01 12:26:22.678 INFO: Epoch 516: loss=0.1022, RMSE_E_per_atom=2.3 meV, RMSE_F=32.0 meV / A
2024-04-01 12:27:11.995 INFO: Epoch 518: loss=0.0993, RMSE_E_per_atom=2.2 meV, RMSE_F=31.5 meV / A
2024-04-01 12:28:01.848 INFO: Epoch 520: loss=0.0965, RMSE_E_per_atom=2.1 meV, RMSE_F=31.1 meV / A
2024-04-01 12:28:53.369 INFO: Epoch 522: loss=0.0970, RMSE_E_per_atom=2.0 meV, RMSE_F=31.3 meV / A
2024-04-01 12:29:42.739 INFO: Epoch 524: loss=0.0983, RMSE_E_per_atom=2.0 meV, RMSE_F=31.5 meV / A
2024-04-01 12:30:32.404 INFO: Epoch 526: loss=0.0954, RMSE_E_per_atom=2.0 meV, RMSE_F=31.0 meV / A
2024-04-01 12:31:21.826 INFO: Epoch 528: loss=0.0951, RMSE_E_per_atom=2.0 meV, RMSE_F=31.0 meV / A
2024-04-01 12:32:11.141 INFO: Epoch 530: loss=0.0960, RMSE_E_per_atom=1.9 meV, RMSE_F=31.2 meV / A
2024-04-01 12:33:00.997 INFO: Epoch 532: loss=0.0928, RMSE_E_per_atom=1.8 meV, RMSE_F=30.7 meV / A
2024-04-01 12:33:52.553 INFO: Epoch 534: loss=0.0924, RMSE_E_per_atom=1.8 meV, RMSE_F=30.6 meV / A
2024-04-01 12:34:42.438 INFO: Epoch 536: loss=0.0923, RMSE_E_per_atom=1.9 meV, RMSE_F=30.6 meV / A
2024-04-01 12:35:31.803 INFO: Epoch 538: loss=0.0931, RMSE_E_per_atom=1.8 meV, RMSE_F=30.8 meV / A
2024-04-01 12:36:21.433 INFO: Epoch 540: loss=0.0924, RMSE_E_per_atom=1.8 meV, RMSE_F=30.7 meV / A
2024-04-01 12:37:12.465 INFO: Epoch 542: loss=0.0923, RMSE_E_per_atom=1.8 meV, RMSE_F=30.6 meV / A
2024-04-01 12:38:01.972 INFO: Epoch 544: loss=0.0914, RMSE_E_per_atom=1.8 meV, RMSE_F=30.5 meV / A
2024-04-01 12:38:51.581 INFO: Epoch 546: loss=0.0914, RMSE_E_per_atom=1.8 meV, RMSE_F=30.5 meV / A
2024-04-01 12:39:42.385 INFO: Epoch 548: loss=0.0922, RMSE_E_per_atom=1.8 meV, RMSE_F=30.6 meV / A
2024-04-01 12:40:31.815 INFO: Epoch 550: loss=0.0898, RMSE_E_per_atom=1.7 meV, RMSE_F=30.3 meV / A
2024-04-01 12:41:22.667 INFO: Epoch 552: loss=0.0899, RMSE_E_per_atom=1.7 meV, RMSE_F=30.3 meV / A
2024-04-01 12:42:12.138 INFO: Epoch 554: loss=0.0888, RMSE_E_per_atom=1.7 meV, RMSE_F=30.1 meV / A
2024-04-01 12:43:03.433 INFO: Epoch 556: loss=0.0904, RMSE_E_per_atom=1.7 meV, RMSE_F=30.4 meV / A
2024-04-01 12:43:55.278 INFO: Epoch 558: loss=0.0891, RMSE_E_per_atom=1.7 meV, RMSE_F=30.2 meV / A
2024-04-01 12:44:47.049 INFO: Epoch 560: loss=0.0884, RMSE_E_per_atom=1.6 meV, RMSE_F=30.1 meV / A
2024-04-01 12:45:39.040 INFO: Epoch 562: loss=0.0883, RMSE_E_per_atom=1.6 meV, RMSE_F=30.0 meV / A
2024-04-01 12:46:33.174 INFO: Epoch 564: loss=0.0875, RMSE_E_per_atom=1.6 meV, RMSE_F=29.9 meV / A
2024-04-01 12:47:24.936 INFO: Epoch 566: loss=0.0866, RMSE_E_per_atom=1.6 meV, RMSE_F=29.8 meV / A
2024-04-01 12:48:14.198 INFO: Epoch 568: loss=0.0870, RMSE_E_per_atom=1.6 meV, RMSE_F=29.8 meV / A
2024-04-01 12:49:03.410 INFO: Epoch 570: loss=0.0855, RMSE_E_per_atom=1.6 meV, RMSE_F=29.6 meV / A
2024-04-01 12:49:55.441 INFO: Epoch 572: loss=0.0857, RMSE_E_per_atom=1.6 meV, RMSE_F=29.6 meV / A
2024-04-01 12:50:47.439 INFO: Epoch 574: loss=0.0852, RMSE_E_per_atom=1.6 meV, RMSE_F=29.5 meV / A
2024-04-01 12:51:39.808 INFO: Epoch 576: loss=0.0844, RMSE_E_per_atom=1.6 meV, RMSE_F=29.4 meV / A
2024-04-01 12:52:30.129 INFO: Epoch 578: loss=0.0846, RMSE_E_per_atom=1.6 meV, RMSE_F=29.4 meV / A
2024-04-01 12:53:20.883 INFO: Epoch 580: loss=0.0842, RMSE_E_per_atom=1.6 meV, RMSE_F=29.4 meV / A
2024-04-01 12:54:13.689 INFO: Epoch 582: loss=0.0848, RMSE_E_per_atom=1.6 meV, RMSE_F=29.4 meV / A
2024-04-01 12:55:05.957 INFO: Epoch 584: loss=0.0835, RMSE_E_per_atom=1.6 meV, RMSE_F=29.2 meV / A
2024-04-01 12:55:57.949 INFO: Epoch 586: loss=0.0845, RMSE_E_per_atom=1.5 meV, RMSE_F=29.4 meV / A
2024-04-01 12:56:49.462 INFO: Epoch 588: loss=0.0842, RMSE_E_per_atom=1.6 meV, RMSE_F=29.4 meV / A
2024-04-01 12:57:44.103 INFO: Epoch 590: loss=0.0841, RMSE_E_per_atom=1.6 meV, RMSE_F=29.3 meV / A
2024-04-01 12:58:35.609 INFO: Epoch 592: loss=0.0843, RMSE_E_per_atom=1.6 meV, RMSE_F=29.4 meV / A
2024-04-01 12:59:24.868 INFO: Epoch 594: loss=0.0820, RMSE_E_per_atom=1.6 meV, RMSE_F=29.0 meV / A
2024-04-01 13:00:14.361 INFO: Epoch 596: loss=0.0827, RMSE_E_per_atom=1.5 meV, RMSE_F=29.1 meV / A
2024-04-01 13:01:04.732 INFO: Epoch 598: loss=0.0835, RMSE_E_per_atom=1.5 meV, RMSE_F=29.2 meV / A
2024-04-01 13:01:54.305 INFO: Epoch 600: loss=0.0825, RMSE_E_per_atom=1.5 meV, RMSE_F=29.1 meV / A
2024-04-01 13:02:44.316 INFO: Epoch 602: loss=0.0825, RMSE_E_per_atom=1.5 meV, RMSE_F=29.1 meV / A
2024-04-01 13:03:33.683 INFO: Epoch 604: loss=0.0835, RMSE_E_per_atom=1.5 meV, RMSE_F=29.3 meV / A
2024-04-01 13:04:22.862 INFO: Epoch 606: loss=0.0828, RMSE_E_per_atom=1.5 meV, RMSE_F=29.1 meV / A
2024-04-01 13:05:12.505 INFO: Epoch 608: loss=0.0827, RMSE_E_per_atom=1.5 meV, RMSE_F=29.1 meV / A
2024-04-01 13:06:01.994 INFO: Epoch 610: loss=0.0832, RMSE_E_per_atom=1.5 meV, RMSE_F=29.2 meV / A
2024-04-01 13:06:51.160 INFO: Epoch 612: loss=0.0824, RMSE_E_per_atom=1.5 meV, RMSE_F=29.1 meV / A
2024-04-01 13:07:40.457 INFO: Epoch 614: loss=0.0826, RMSE_E_per_atom=1.5 meV, RMSE_F=29.1 meV / A
2024-04-01 13:08:32.080 INFO: Epoch 616: loss=0.0825, RMSE_E_per_atom=1.5 meV, RMSE_F=29.1 meV / A
2024-04-01 13:09:26.734 INFO: Epoch 618: loss=0.0821, RMSE_E_per_atom=1.5 meV, RMSE_F=29.0 meV / A
2024-04-01 13:10:19.121 INFO: Epoch 620: loss=0.0819, RMSE_E_per_atom=1.5 meV, RMSE_F=29.0 meV / A
2024-04-01 13:11:11.595 INFO: Epoch 622: loss=0.0821, RMSE_E_per_atom=1.5 meV, RMSE_F=29.0 meV / A
2024-04-01 13:12:03.606 INFO: Epoch 624: loss=0.0819, RMSE_E_per_atom=1.5 meV, RMSE_F=29.0 meV / A
2024-04-01 13:12:55.721 INFO: Epoch 626: loss=0.0809, RMSE_E_per_atom=1.5 meV, RMSE_F=28.8 meV / A
2024-04-01 13:13:44.783 INFO: Epoch 628: loss=0.0814, RMSE_E_per_atom=1.5 meV, RMSE_F=28.9 meV / A
2024-04-01 13:14:34.410 INFO: Epoch 630: loss=0.0815, RMSE_E_per_atom=1.5 meV, RMSE_F=28.9 meV / A
2024-04-01 13:15:23.316 INFO: Epoch 632: loss=0.0809, RMSE_E_per_atom=1.5 meV, RMSE_F=28.8 meV / A
2024-04-01 13:16:12.619 INFO: Epoch 634: loss=0.0804, RMSE_E_per_atom=1.5 meV, RMSE_F=28.7 meV / A
2024-04-01 13:17:02.131 INFO: Epoch 636: loss=0.0808, RMSE_E_per_atom=1.5 meV, RMSE_F=28.8 meV / A
2024-04-01 13:17:51.281 INFO: Epoch 638: loss=0.0809, RMSE_E_per_atom=1.5 meV, RMSE_F=28.8 meV / A
2024-04-01 13:18:40.714 INFO: Epoch 640: loss=0.0807, RMSE_E_per_atom=1.5 meV, RMSE_F=28.8 meV / A
2024-04-01 13:19:29.916 INFO: Epoch 642: loss=0.0809, RMSE_E_per_atom=1.5 meV, RMSE_F=28.8 meV / A
2024-04-01 13:20:19.186 INFO: Epoch 644: loss=0.0806, RMSE_E_per_atom=1.5 meV, RMSE_F=28.7 meV / A
2024-04-01 13:21:08.516 INFO: Epoch 646: loss=0.0807, RMSE_E_per_atom=1.5 meV, RMSE_F=28.8 meV / A
2024-04-01 13:21:58.007 INFO: Epoch 648: loss=0.0795, RMSE_E_per_atom=1.5 meV, RMSE_F=28.6 meV / A
2024-04-01 13:22:47.526 INFO: Epoch 650: loss=0.0780, RMSE_E_per_atom=1.5 meV, RMSE_F=28.3 meV / A
2024-04-01 13:23:35.920 INFO: Epoch 652: loss=0.0797, RMSE_E_per_atom=1.4 meV, RMSE_F=28.6 meV / A
2024-04-01 13:24:24.153 INFO: Epoch 654: loss=0.0787, RMSE_E_per_atom=1.5 meV, RMSE_F=28.4 meV / A
2024-04-01 13:25:12.936 INFO: Epoch 656: loss=0.0793, RMSE_E_per_atom=1.5 meV, RMSE_F=28.5 meV / A
2024-04-01 13:26:02.850 INFO: Epoch 658: loss=0.0794, RMSE_E_per_atom=1.4 meV, RMSE_F=28.5 meV / A
2024-04-01 13:26:52.697 INFO: Epoch 660: loss=0.0788, RMSE_E_per_atom=1.5 meV, RMSE_F=28.4 meV / A
2024-04-01 13:27:42.567 INFO: Epoch 662: loss=0.0794, RMSE_E_per_atom=1.4 meV, RMSE_F=28.6 meV / A
2024-04-01 13:28:32.389 INFO: Epoch 664: loss=0.0785, RMSE_E_per_atom=1.5 meV, RMSE_F=28.4 meV / A
2024-04-01 13:29:20.287 INFO: Epoch 666: loss=0.0783, RMSE_E_per_atom=1.4 meV, RMSE_F=28.4 meV / A
2024-04-01 13:30:10.164 INFO: Epoch 668: loss=0.0786, RMSE_E_per_atom=1.4 meV, RMSE_F=28.4 meV / A
2024-04-01 13:30:58.350 INFO: Epoch 670: loss=0.0781, RMSE_E_per_atom=1.4 meV, RMSE_F=28.3 meV / A
2024-04-01 13:31:45.869 INFO: Epoch 672: loss=0.0784, RMSE_E_per_atom=1.5 meV, RMSE_F=28.4 meV / A
2024-04-01 13:32:33.666 INFO: Epoch 674: loss=0.0783, RMSE_E_per_atom=1.4 meV, RMSE_F=28.3 meV / A
2024-04-01 13:33:21.492 INFO: Epoch 676: loss=0.0784, RMSE_E_per_atom=1.4 meV, RMSE_F=28.4 meV / A
2024-04-01 13:34:09.534 INFO: Epoch 678: loss=0.0787, RMSE_E_per_atom=1.4 meV, RMSE_F=28.4 meV / A
2024-04-01 13:34:57.544 INFO: Epoch 680: loss=0.0791, RMSE_E_per_atom=1.4 meV, RMSE_F=28.5 meV / A
2024-04-01 13:35:45.784 INFO: Epoch 682: loss=0.0781, RMSE_E_per_atom=1.4 meV, RMSE_F=28.3 meV / A
2024-04-01 13:36:34.338 INFO: Epoch 684: loss=0.0780, RMSE_E_per_atom=1.4 meV, RMSE_F=28.3 meV / A
2024-04-01 13:37:24.551 INFO: Epoch 686: loss=0.0782, RMSE_E_per_atom=1.4 meV, RMSE_F=28.3 meV / A
2024-04-01 13:38:11.768 INFO: Epoch 688: loss=0.0771, RMSE_E_per_atom=1.4 meV, RMSE_F=28.1 meV / A
2024-04-01 13:38:59.393 INFO: Epoch 690: loss=0.0784, RMSE_E_per_atom=1.4 meV, RMSE_F=28.4 meV / A
2024-04-01 13:39:46.987 INFO: Epoch 692: loss=0.0781, RMSE_E_per_atom=1.4 meV, RMSE_F=28.3 meV / A
2024-04-01 13:40:49.138 INFO: Epoch 694: loss=0.0782, RMSE_E_per_atom=1.4 meV, RMSE_F=28.3 meV / A
2024-04-01 13:41:37.111 INFO: Epoch 696: loss=0.0777, RMSE_E_per_atom=1.4 meV, RMSE_F=28.2 meV / A
2024-04-01 13:42:24.850 INFO: Epoch 698: loss=0.0773, RMSE_E_per_atom=1.4 meV, RMSE_F=28.2 meV / A
2024-04-01 13:43:12.496 INFO: Epoch 700: loss=0.0773, RMSE_E_per_atom=1.4 meV, RMSE_F=28.2 meV / A
2024-04-01 13:44:00.352 INFO: Epoch 702: loss=0.0775, RMSE_E_per_atom=1.4 meV, RMSE_F=28.2 meV / A
2024-04-01 13:44:23.629 INFO: Training complete
2024-04-01 13:44:23.630 INFO: Computing metrics for training, validation, and test sets
2024-04-01 13:44:23.632 INFO: Loading checkpoint: checkpoints/MACE_run-0_epoch-282.pt
2024-04-01 13:44:23.849 INFO: Loaded model from epoch 282
2024-04-01 13:44:25.316 INFO: Evaluating train ...
2024-04-01 13:44:36.063 INFO: Evaluating valid ...
2024-04-01 13:44:38.759 INFO: Evaluating Default ...
2024-04-01 13:44:50.405 INFO: 
+-------------+---------------------+------------------+-------------------+
| config_type | RMSE E / meV / atom | RMSE F / meV / A | relative F RMSE % |
+-------------+---------------------+------------------+-------------------+
|    train    |         24.4        |       59.4       |       36.42       |
|    valid    |         22.2        |       79.0       |       48.08       |
|   Default   |         35.4        |      274.4       |      3839.59      |
+-------------+---------------------+------------------+-------------------+
2024-04-01 13:44:50.408 INFO: Saving model to checkpoints/MACE_run-0.model
2024-04-01 13:44:50.527 INFO: Loading checkpoint: checkpoints/MACE_run-0_epoch-688_swa.pt
2024-04-01 13:44:50.608 INFO: Loaded model from epoch 688
2024-04-01 13:44:52.163 INFO: Evaluating train ...
2024-04-01 13:45:02.199 INFO: Evaluating valid ...
2024-04-01 13:45:04.926 INFO: Evaluating Default ...
2024-04-01 13:45:16.562 INFO: 
+-------------+---------------------+------------------+-------------------+
| config_type | RMSE E / meV / atom | RMSE F / meV / A | relative F RMSE % |
+-------------+---------------------+------------------+-------------------+
|    train    |         0.5         |       5.4        |        3.29       |
|    valid    |         1.4         |       28.1       |       17.12       |
|   Default   |         12.7        |      218.2       |      3052.90      |
+-------------+---------------------+------------------+-------------------+
2024-04-01 13:45:16.564 INFO: Saving model to checkpoints/MACE_run-0_swa.model
2024-04-01 13:45:16.705 INFO: Done
