2024-04-02 13:43:09.660 INFO: MACE version: 0.3.0
2024-04-02 13:43:09.660 INFO: Configuration: Namespace(name='MACE', seed=0, log_dir='logs', model_dir='.', checkpoints_dir='checkpoints', results_dir='results', downloads_dir='downloads', device='cuda', default_dtype='float64', log_level='INFO', error_table='PerAtomRMSE', model='MACE', r_max=5.0, radial_type='bessel', num_radial_basis=8, num_cutoff_basis=5, interaction='RealAgnosticResidualInteractionBlock', interaction_first='RealAgnosticResidualInteractionBlock', max_ell=3, correlation=3, num_interactions=2, MLP_irreps='16x0e', radial_MLP='[64, 64, 64]', hidden_irreps='128x0e + 128x1o', num_channels=None, max_L=None, gate='silu', scaling='rms_forces_scaling', avg_num_neighbors=1, compute_avg_num_neighbors=True, compute_stress=False, compute_forces=True, train_file='train.xyz', valid_file=None, valid_fraction=0.1, test_file='test.xyz', E0s=None, energy_key='mp2_energy', forces_key='mp2_forces', virials_key='virials', stress_key='stress', dipole_key='dipole', charges_key='charges', loss='weighted', forces_weight=100.0, swa_forces_weight=100.0, energy_weight=1.0, swa_energy_weight=1000.0, virials_weight=1.0, swa_virials_weight=10.0, stress_weight=1.0, swa_stress_weight=10.0, dipole_weight=1.0, swa_dipole_weight=1.0, config_type_weights='{"Default":1.0}', huber_delta=0.01, optimizer='adam', batch_size=10, valid_batch_size=10, lr=0.01, swa_lr=0.001, weight_decay=5e-07, amsgrad=True, scheduler='ReduceLROnPlateau', lr_factor=0.8, scheduler_patience=50, lr_scheduler_gamma=0.9993, swa=True, start_swa=500, ema=True, ema_decay=0.99, max_num_epochs=1884, patience=2048, eval_interval=2, keep_checkpoints=False, restart_latest=True, save_cpu=True, clip_grad=10.0, wandb=False, wandb_project='', wandb_entity='', wandb_name='', wandb_log_hypers=['num_channels', 'max_L', 'correlation', 'lr', 'swa_lr', 'weight_decay', 'batch_size', 'max_num_epochs', 'start_swa', 'energy_weight', 'forces_weight'])
2024-04-02 13:43:09.818 INFO: CUDA version: 11.8, CUDA device: 0
2024-04-02 13:43:11.838 INFO: Using isolated atom energies from training file
2024-04-02 13:43:11.913 INFO: Loaded 4938 training configurations from 'train.xyz'
2024-04-02 13:43:11.915 INFO: Using random 10.0% of training set for validation
2024-04-02 13:43:13.449 INFO: Loaded 4061 test configurations from 'test.xyz'
2024-04-02 13:43:13.449 INFO: Total number of configurations: train=4445, valid=493, tests=[Default: 4061]
2024-04-02 13:43:13.460 INFO: AtomicNumberTable: (1, 6, 7, 8, 9, 17, 35)
2024-04-02 13:43:13.460 INFO: Atomic energies: [-13.600517821508213, -1027.0944977126558, -1482.3418207392756, -2038.6266391088182, -2710.614457364674, -12509.081471993437, -70007.06718971694]
2024-04-02 13:43:16.848 INFO: WeightedEnergyForcesLoss(energy_weight=1.000, forces_weight=100.000)
2024-04-02 13:43:17.381 INFO: Average number of neighbors: 13.43147128245476
2024-04-02 13:43:17.381 INFO: Selected the following outputs: {'energy': True, 'forces': True, 'virials': False, 'stress': False, 'dipoles': False}
2024-04-02 13:43:17.381 INFO: Building model
2024-04-02 13:43:17.381 INFO: Hidden irreps: 128x0e + 128x1o
2024-04-02 13:43:19.625 INFO: Using stochastic weight averaging (after 500 epochs) with energy weight : 1000.0, forces weight : 100.0 and learning rate : 0.001
2024-04-02 13:43:19.700 INFO: Loading checkpoint: checkpoints/MACE_run-0_epoch-1684_swa.pt
2024-04-02 13:43:19.741 INFO: ScaleShiftMACE(
  (node_embedding): LinearNodeEmbeddingBlock(
    (linear): Linear(7x0e -> 128x0e | 896 weights)
  )
  (radial_embedding): RadialEmbeddingBlock(
    (bessel_fn): BesselBasis(r_max=5.0, num_basis=8, trainable=False)
    (cutoff_fn): PolynomialCutoff(p=5.0, r_max=5.0)
  )
  (spherical_harmonics): SphericalHarmonics()
  (atomic_energies_fn): AtomicEnergiesBlock(energies=[-13.6005, -1027.0945, -1482.3418, -2038.6266, -2710.6145, -12509.0815, -70007.0672])
  (interactions): ModuleList(
    (0): RealAgnosticInteractionBlock(
      (linear_up): Linear(128x0e -> 128x0e | 16384 weights)
      (conv_tp): TensorProduct(128x0e x 1x0e+1x1o+1x2e+1x3o -> 128x0e+128x1o+128x2e+128x3o | 512 paths | 512 weights)
      (conv_tp_weights): FullyConnectedNet[8, 64, 64, 64, 512]
      (linear): Linear(128x0e+128x1o+128x2e+128x3o -> 128x0e+128x1o+128x2e+128x3o | 65536 weights)
      (skip_tp): FullyConnectedTensorProduct(128x0e+128x1o+128x2e+128x3o x 7x0e -> 128x0e+128x1o+128x2e+128x3o | 458752 paths | 458752 weights)
      (reshape): reshape_irreps()
    )
    (1): RealAgnosticResidualInteractionBlock(
      (linear_up): Linear(128x0e+128x1o -> 128x0e+128x1o | 32768 weights)
      (conv_tp): TensorProduct(128x0e+128x1o x 1x0e+1x1o+1x2e+1x3o -> 256x0e+384x1o+384x2e+256x3o | 1280 paths | 1280 weights)
      (conv_tp_weights): FullyConnectedNet[8, 64, 64, 64, 1280]
      (linear): Linear(256x0e+384x1o+384x2e+256x3o -> 128x0e+128x1o+128x2e+128x3o | 163840 weights)
      (skip_tp): FullyConnectedTensorProduct(128x0e+128x1o x 7x0e -> 128x0e | 114688 paths | 114688 weights)
      (reshape): reshape_irreps()
    )
  )
  (products): ModuleList(
    (0): EquivariantProductBasisBlock(
      (symmetric_contractions): SymmetricContraction(
        (contractions): ModuleList(
          (0): Contraction(
            (contractions_weighting): ModuleList(
              (0-1): 2 x GraphModule()
            )
            (contractions_features): ModuleList(
              (0-1): 2 x GraphModule()
            )
            (weights): ParameterList(
                (0): Parameter containing: [torch.float64 of size 7x4x128 (GPU 0)]
                (1): Parameter containing: [torch.float64 of size 7x1x128 (GPU 0)]
            )
            (graph_opt_main): GraphModule()
          )
          (1): Contraction(
            (contractions_weighting): ModuleList(
              (0-1): 2 x GraphModule()
            )
            (contractions_features): ModuleList(
              (0-1): 2 x GraphModule()
            )
            (weights): ParameterList(
                (0): Parameter containing: [torch.float64 of size 7x6x128 (GPU 0)]
                (1): Parameter containing: [torch.float64 of size 7x1x128 (GPU 0)]
            )
            (graph_opt_main): GraphModule()
          )
        )
      )
      (linear): Linear(128x0e+128x1o -> 128x0e+128x1o | 32768 weights)
    )
    (1): EquivariantProductBasisBlock(
      (symmetric_contractions): SymmetricContraction(
        (contractions): ModuleList(
          (0): Contraction(
            (contractions_weighting): ModuleList(
              (0-1): 2 x GraphModule()
            )
            (contractions_features): ModuleList(
              (0-1): 2 x GraphModule()
            )
            (weights): ParameterList(
                (0): Parameter containing: [torch.float64 of size 7x4x128 (GPU 0)]
                (1): Parameter containing: [torch.float64 of size 7x1x128 (GPU 0)]
            )
            (graph_opt_main): GraphModule()
          )
        )
      )
      (linear): Linear(128x0e -> 128x0e | 16384 weights)
    )
  )
  (readouts): ModuleList(
    (0): LinearReadoutBlock(
      (linear): Linear(128x0e+128x1o -> 1x0e | 128 weights)
    )
    (1): NonLinearReadoutBlock(
      (linear_1): Linear(128x0e -> 16x0e | 2048 weights)
      (non_linearity): Activation [x] (16x0e -> 16x0e)
      (linear_2): Linear(16x0e -> 1x0e | 16 weights)
    )
  )
  (scale_shift): ScaleShiftBlock(scale=0.163822, shift=0.000000)
)
2024-04-02 13:43:19.744 INFO: Number of parameters: 1138448
2024-04-02 13:43:19.744 INFO: Optimizer: Adam (
Parameter Group 0
    amsgrad: True
    betas: (0.9, 0.999)
    capturable: False
    differentiable: False
    eps: 1e-08
    foreach: None
    fused: None
    initial_lr: 0.01
    lr: 0.001
    maximize: False
    name: embedding
    swa_lr: 0.001
    weight_decay: 0.0

Parameter Group 1
    amsgrad: True
    betas: (0.9, 0.999)
    capturable: False
    differentiable: False
    eps: 1e-08
    foreach: None
    fused: None
    initial_lr: 0.01
    lr: 0.001
    maximize: False
    name: interactions_decay
    swa_lr: 0.001
    weight_decay: 5e-07

Parameter Group 2
    amsgrad: True
    betas: (0.9, 0.999)
    capturable: False
    differentiable: False
    eps: 1e-08
    foreach: None
    fused: None
    initial_lr: 0.01
    lr: 0.001
    maximize: False
    name: interactions_no_decay
    swa_lr: 0.001
    weight_decay: 0.0

Parameter Group 3
    amsgrad: True
    betas: (0.9, 0.999)
    capturable: False
    differentiable: False
    eps: 1e-08
    foreach: None
    fused: None
    initial_lr: 0.01
    lr: 0.001
    maximize: False
    name: products
    swa_lr: 0.001
    weight_decay: 5e-07

Parameter Group 4
    amsgrad: True
    betas: (0.9, 0.999)
    capturable: False
    differentiable: False
    eps: 1e-08
    foreach: None
    fused: None
    initial_lr: 0.01
    lr: 0.001
    maximize: False
    name: readouts
    swa_lr: 0.001
    weight_decay: 0.0
)
2024-04-02 13:43:19.744 INFO: Using gradient clipping with tolerance=10.000
2024-04-02 13:43:19.744 INFO: Started training
2024-04-02 13:43:19.744 INFO: Changing loss based on SWA
2024-04-02 13:44:03.270 INFO: Epoch 1684: loss=0.0438, RMSE_E_per_atom=1.1 meV, RMSE_F=21.1 meV / A
2024-04-02 13:44:56.520 INFO: Epoch 1686: loss=0.0416, RMSE_E_per_atom=1.1 meV, RMSE_F=20.6 meV / A
2024-04-02 13:45:49.360 INFO: Epoch 1688: loss=0.0412, RMSE_E_per_atom=1.1 meV, RMSE_F=20.5 meV / A
2024-04-02 13:46:42.137 INFO: Epoch 1690: loss=0.0410, RMSE_E_per_atom=1.0 meV, RMSE_F=20.4 meV / A
2024-04-02 13:47:34.960 INFO: Epoch 1692: loss=0.0410, RMSE_E_per_atom=1.0 meV, RMSE_F=20.4 meV / A
2024-04-02 13:48:27.745 INFO: Epoch 1694: loss=0.0410, RMSE_E_per_atom=1.0 meV, RMSE_F=20.5 meV / A
2024-04-02 13:49:20.407 INFO: Epoch 1696: loss=0.0409, RMSE_E_per_atom=1.0 meV, RMSE_F=20.4 meV / A
2024-04-02 13:50:13.499 INFO: Epoch 1698: loss=0.0405, RMSE_E_per_atom=1.0 meV, RMSE_F=20.3 meV / A
2024-04-02 13:51:06.861 INFO: Epoch 1700: loss=0.0408, RMSE_E_per_atom=1.0 meV, RMSE_F=20.4 meV / A
2024-04-02 13:51:59.928 INFO: Epoch 1702: loss=0.0409, RMSE_E_per_atom=1.0 meV, RMSE_F=20.4 meV / A
2024-04-02 13:52:53.289 INFO: Epoch 1704: loss=0.0408, RMSE_E_per_atom=1.0 meV, RMSE_F=20.4 meV / A
2024-04-02 13:53:46.409 INFO: Epoch 1706: loss=0.0410, RMSE_E_per_atom=1.0 meV, RMSE_F=20.5 meV / A
2024-04-02 13:54:39.232 INFO: Epoch 1708: loss=0.0408, RMSE_E_per_atom=1.0 meV, RMSE_F=20.4 meV / A
2024-04-02 13:55:32.048 INFO: Epoch 1710: loss=0.0410, RMSE_E_per_atom=1.0 meV, RMSE_F=20.4 meV / A
2024-04-02 13:56:24.489 INFO: Epoch 1712: loss=0.0409, RMSE_E_per_atom=1.0 meV, RMSE_F=20.4 meV / A
2024-04-02 13:57:17.129 INFO: Epoch 1714: loss=0.0414, RMSE_E_per_atom=1.0 meV, RMSE_F=20.6 meV / A
2024-04-02 13:58:09.820 INFO: Epoch 1716: loss=0.0411, RMSE_E_per_atom=1.0 meV, RMSE_F=20.5 meV / A
2024-04-02 13:59:02.822 INFO: Epoch 1718: loss=0.0416, RMSE_E_per_atom=1.0 meV, RMSE_F=20.6 meV / A
2024-04-02 13:59:55.803 INFO: Epoch 1720: loss=0.0410, RMSE_E_per_atom=1.0 meV, RMSE_F=20.5 meV / A
2024-04-02 14:00:48.774 INFO: Epoch 1722: loss=0.0412, RMSE_E_per_atom=1.0 meV, RMSE_F=20.5 meV / A
2024-04-02 14:01:41.176 INFO: Epoch 1724: loss=0.0414, RMSE_E_per_atom=1.0 meV, RMSE_F=20.5 meV / A
2024-04-02 14:02:34.193 INFO: Epoch 1726: loss=0.0409, RMSE_E_per_atom=1.0 meV, RMSE_F=20.4 meV / A
2024-04-02 14:03:27.046 INFO: Epoch 1728: loss=0.0410, RMSE_E_per_atom=1.0 meV, RMSE_F=20.4 meV / A
2024-04-02 14:04:20.060 INFO: Epoch 1730: loss=0.0411, RMSE_E_per_atom=1.0 meV, RMSE_F=20.5 meV / A
2024-04-02 14:05:13.534 INFO: Epoch 1732: loss=0.0410, RMSE_E_per_atom=1.0 meV, RMSE_F=20.5 meV / A
2024-04-02 14:06:06.892 INFO: Epoch 1734: loss=0.0414, RMSE_E_per_atom=1.0 meV, RMSE_F=20.5 meV / A
2024-04-02 14:07:00.282 INFO: Epoch 1736: loss=0.0414, RMSE_E_per_atom=1.0 meV, RMSE_F=20.6 meV / A
2024-04-02 14:07:53.207 INFO: Epoch 1738: loss=0.0415, RMSE_E_per_atom=1.0 meV, RMSE_F=20.6 meV / A
2024-04-02 14:08:46.269 INFO: Epoch 1740: loss=0.0418, RMSE_E_per_atom=1.0 meV, RMSE_F=20.7 meV / A
2024-04-02 14:09:39.246 INFO: Epoch 1742: loss=0.0410, RMSE_E_per_atom=1.0 meV, RMSE_F=20.5 meV / A
2024-04-02 14:10:32.422 INFO: Epoch 1744: loss=0.0410, RMSE_E_per_atom=1.0 meV, RMSE_F=20.5 meV / A
2024-04-02 14:11:25.570 INFO: Epoch 1746: loss=0.0414, RMSE_E_per_atom=1.0 meV, RMSE_F=20.5 meV / A
2024-04-02 14:12:18.437 INFO: Epoch 1748: loss=0.0416, RMSE_E_per_atom=1.0 meV, RMSE_F=20.6 meV / A
2024-04-02 14:13:11.444 INFO: Epoch 1750: loss=0.0412, RMSE_E_per_atom=1.0 meV, RMSE_F=20.5 meV / A
2024-04-02 14:14:04.998 INFO: Epoch 1752: loss=0.0415, RMSE_E_per_atom=1.0 meV, RMSE_F=20.5 meV / A
2024-04-02 14:14:58.035 INFO: Epoch 1754: loss=0.0413, RMSE_E_per_atom=1.0 meV, RMSE_F=20.5 meV / A
2024-04-02 14:15:50.768 INFO: Epoch 1756: loss=0.0408, RMSE_E_per_atom=1.0 meV, RMSE_F=20.4 meV / A
2024-04-02 14:16:43.210 INFO: Epoch 1758: loss=0.0408, RMSE_E_per_atom=1.0 meV, RMSE_F=20.4 meV / A
2024-04-02 14:17:36.151 INFO: Epoch 1760: loss=0.0413, RMSE_E_per_atom=1.0 meV, RMSE_F=20.5 meV / A
2024-04-02 14:18:29.295 INFO: Epoch 1762: loss=0.0412, RMSE_E_per_atom=1.0 meV, RMSE_F=20.5 meV / A
2024-04-02 14:19:22.352 INFO: Epoch 1764: loss=0.0414, RMSE_E_per_atom=1.0 meV, RMSE_F=20.5 meV / A
2024-04-02 14:20:15.128 INFO: Epoch 1766: loss=0.0415, RMSE_E_per_atom=1.0 meV, RMSE_F=20.6 meV / A
2024-04-02 14:21:08.136 INFO: Epoch 1768: loss=0.0418, RMSE_E_per_atom=1.0 meV, RMSE_F=20.6 meV / A
2024-04-02 14:22:01.063 INFO: Epoch 1770: loss=0.0414, RMSE_E_per_atom=1.0 meV, RMSE_F=20.5 meV / A
2024-04-02 14:22:54.232 INFO: Epoch 1772: loss=0.0413, RMSE_E_per_atom=1.0 meV, RMSE_F=20.5 meV / A
2024-04-02 14:23:47.461 INFO: Epoch 1774: loss=0.0416, RMSE_E_per_atom=1.0 meV, RMSE_F=20.6 meV / A
2024-04-02 14:24:40.155 INFO: Epoch 1776: loss=0.0415, RMSE_E_per_atom=1.0 meV, RMSE_F=20.6 meV / A
2024-04-02 14:25:32.889 INFO: Epoch 1778: loss=0.0418, RMSE_E_per_atom=1.0 meV, RMSE_F=20.6 meV / A
2024-04-02 14:26:25.711 INFO: Epoch 1780: loss=0.0421, RMSE_E_per_atom=1.0 meV, RMSE_F=20.7 meV / A
2024-04-02 14:27:18.722 INFO: Epoch 1782: loss=0.0417, RMSE_E_per_atom=1.0 meV, RMSE_F=20.6 meV / A
2024-04-02 14:28:11.810 INFO: Epoch 1784: loss=0.0416, RMSE_E_per_atom=1.0 meV, RMSE_F=20.6 meV / A
2024-04-02 14:29:04.701 INFO: Epoch 1786: loss=0.0415, RMSE_E_per_atom=1.0 meV, RMSE_F=20.6 meV / A
2024-04-02 14:29:57.850 INFO: Epoch 1788: loss=0.0419, RMSE_E_per_atom=1.0 meV, RMSE_F=20.7 meV / A
2024-04-02 14:30:50.111 INFO: Epoch 1790: loss=0.0417, RMSE_E_per_atom=1.0 meV, RMSE_F=20.6 meV / A
2024-04-02 14:31:43.061 INFO: Epoch 1792: loss=0.0416, RMSE_E_per_atom=1.0 meV, RMSE_F=20.6 meV / A
2024-04-02 14:32:35.991 INFO: Epoch 1794: loss=0.0420, RMSE_E_per_atom=1.0 meV, RMSE_F=20.7 meV / A
2024-04-02 14:33:29.643 INFO: Epoch 1796: loss=0.0415, RMSE_E_per_atom=1.0 meV, RMSE_F=20.6 meV / A
2024-04-02 14:34:22.788 INFO: Epoch 1798: loss=0.0415, RMSE_E_per_atom=1.0 meV, RMSE_F=20.6 meV / A
2024-04-02 14:35:15.587 INFO: Epoch 1800: loss=0.0424, RMSE_E_per_atom=1.0 meV, RMSE_F=20.8 meV / A
2024-04-02 14:36:08.189 INFO: Epoch 1802: loss=0.0423, RMSE_E_per_atom=1.0 meV, RMSE_F=20.8 meV / A
2024-04-02 14:37:01.255 INFO: Epoch 1804: loss=0.0418, RMSE_E_per_atom=1.0 meV, RMSE_F=20.6 meV / A
2024-04-02 14:37:53.962 INFO: Epoch 1806: loss=0.0420, RMSE_E_per_atom=1.0 meV, RMSE_F=20.7 meV / A
2024-04-02 14:38:47.020 INFO: Epoch 1808: loss=0.0418, RMSE_E_per_atom=1.0 meV, RMSE_F=20.6 meV / A
2024-04-02 14:39:40.038 INFO: Epoch 1810: loss=0.0417, RMSE_E_per_atom=1.0 meV, RMSE_F=20.6 meV / A
2024-04-02 14:40:33.546 INFO: Epoch 1812: loss=0.0420, RMSE_E_per_atom=1.0 meV, RMSE_F=20.7 meV / A
2024-04-02 14:41:27.415 INFO: Epoch 1814: loss=0.0417, RMSE_E_per_atom=1.0 meV, RMSE_F=20.6 meV / A
2024-04-02 14:42:20.462 INFO: Epoch 1816: loss=0.0418, RMSE_E_per_atom=1.0 meV, RMSE_F=20.7 meV / A
2024-04-02 14:43:13.938 INFO: Epoch 1818: loss=0.0420, RMSE_E_per_atom=1.0 meV, RMSE_F=20.7 meV / A
2024-04-02 14:44:06.694 INFO: Epoch 1820: loss=0.0421, RMSE_E_per_atom=1.0 meV, RMSE_F=20.7 meV / A
2024-04-02 14:45:01.696 INFO: Epoch 1822: loss=0.0422, RMSE_E_per_atom=1.0 meV, RMSE_F=20.7 meV / A
2024-04-02 14:45:55.045 INFO: Epoch 1824: loss=0.0419, RMSE_E_per_atom=1.0 meV, RMSE_F=20.7 meV / A
2024-04-02 14:46:47.980 INFO: Epoch 1826: loss=0.0418, RMSE_E_per_atom=1.0 meV, RMSE_F=20.7 meV / A
2024-04-02 14:47:40.608 INFO: Epoch 1828: loss=0.0423, RMSE_E_per_atom=1.0 meV, RMSE_F=20.8 meV / A
2024-04-02 14:48:33.444 INFO: Epoch 1830: loss=0.0422, RMSE_E_per_atom=1.0 meV, RMSE_F=20.7 meV / A
2024-04-02 14:49:26.153 INFO: Epoch 1832: loss=0.0425, RMSE_E_per_atom=1.0 meV, RMSE_F=20.8 meV / A
2024-04-02 14:50:19.287 INFO: Epoch 1834: loss=0.0419, RMSE_E_per_atom=1.0 meV, RMSE_F=20.7 meV / A
2024-04-02 14:51:12.125 INFO: Epoch 1836: loss=0.0422, RMSE_E_per_atom=1.0 meV, RMSE_F=20.7 meV / A
2024-04-02 14:52:04.916 INFO: Epoch 1838: loss=0.0420, RMSE_E_per_atom=1.0 meV, RMSE_F=20.7 meV / A
2024-04-02 14:52:58.162 INFO: Epoch 1840: loss=0.0421, RMSE_E_per_atom=1.0 meV, RMSE_F=20.7 meV / A
2024-04-02 14:53:51.202 INFO: Epoch 1842: loss=0.0422, RMSE_E_per_atom=1.0 meV, RMSE_F=20.8 meV / A
2024-04-02 14:54:44.251 INFO: Epoch 1844: loss=0.0421, RMSE_E_per_atom=1.0 meV, RMSE_F=20.7 meV / A
2024-04-02 14:55:37.584 INFO: Epoch 1846: loss=0.0422, RMSE_E_per_atom=1.0 meV, RMSE_F=20.7 meV / A
2024-04-02 14:56:30.998 INFO: Epoch 1848: loss=0.0418, RMSE_E_per_atom=1.0 meV, RMSE_F=20.7 meV / A
2024-04-02 14:57:24.317 INFO: Epoch 1850: loss=0.0422, RMSE_E_per_atom=1.0 meV, RMSE_F=20.7 meV / A
2024-04-02 14:58:17.330 INFO: Epoch 1852: loss=0.0418, RMSE_E_per_atom=1.0 meV, RMSE_F=20.6 meV / A
2024-04-02 14:59:10.148 INFO: Epoch 1854: loss=0.0423, RMSE_E_per_atom=1.0 meV, RMSE_F=20.8 meV / A
2024-04-02 15:00:02.892 INFO: Epoch 1856: loss=0.0421, RMSE_E_per_atom=1.0 meV, RMSE_F=20.7 meV / A
2024-04-02 15:00:55.571 INFO: Epoch 1858: loss=0.0421, RMSE_E_per_atom=1.0 meV, RMSE_F=20.7 meV / A
2024-04-02 15:01:48.357 INFO: Epoch 1860: loss=0.0422, RMSE_E_per_atom=1.0 meV, RMSE_F=20.7 meV / A
2024-04-02 15:02:41.247 INFO: Epoch 1862: loss=0.0421, RMSE_E_per_atom=1.0 meV, RMSE_F=20.7 meV / A
2024-04-02 15:03:34.032 INFO: Epoch 1864: loss=0.0421, RMSE_E_per_atom=1.0 meV, RMSE_F=20.7 meV / A
2024-04-02 15:04:27.315 INFO: Epoch 1866: loss=0.0421, RMSE_E_per_atom=1.0 meV, RMSE_F=20.7 meV / A
2024-04-02 15:05:20.844 INFO: Epoch 1868: loss=0.0423, RMSE_E_per_atom=1.0 meV, RMSE_F=20.8 meV / A
2024-04-02 15:06:14.042 INFO: Epoch 1870: loss=0.0420, RMSE_E_per_atom=1.0 meV, RMSE_F=20.7 meV / A
2024-04-02 15:07:07.576 INFO: Epoch 1872: loss=0.0422, RMSE_E_per_atom=1.0 meV, RMSE_F=20.7 meV / A
2024-04-02 15:08:00.660 INFO: Epoch 1874: loss=0.0422, RMSE_E_per_atom=1.0 meV, RMSE_F=20.7 meV / A
2024-04-02 15:08:53.829 INFO: Epoch 1876: loss=0.0419, RMSE_E_per_atom=1.0 meV, RMSE_F=20.7 meV / A
2024-04-02 15:09:47.098 INFO: Epoch 1878: loss=0.0423, RMSE_E_per_atom=1.0 meV, RMSE_F=20.7 meV / A
2024-04-02 15:10:40.364 INFO: Epoch 1880: loss=0.0421, RMSE_E_per_atom=1.0 meV, RMSE_F=20.7 meV / A
2024-04-02 15:11:33.825 INFO: Epoch 1882: loss=0.0421, RMSE_E_per_atom=1.0 meV, RMSE_F=20.7 meV / A
2024-04-02 15:11:59.721 INFO: Training complete
2024-04-02 15:11:59.721 INFO: Computing metrics for training, validation, and test sets
2024-04-02 15:11:59.723 INFO: Loading checkpoint: checkpoints/MACE_run-0_epoch-282.pt
2024-04-02 15:11:59.905 INFO: Loaded model from epoch 282
2024-04-02 15:12:01.490 INFO: Evaluating train ...
2024-04-02 15:12:13.070 INFO: Evaluating valid ...
2024-04-02 15:12:15.803 INFO: Evaluating Default ...
2024-04-02 15:12:27.883 INFO: 
+-------------+---------------------+------------------+-------------------+
| config_type | RMSE E / meV / atom | RMSE F / meV / A | relative F RMSE % |
+-------------+---------------------+------------------+-------------------+
|    train    |         26.0        |      109.4       |       69.95       |
|    valid    |         23.5        |      108.5       |       67.81       |
|   Default   |         32.9        |      269.1       |      3822.82      |
+-------------+---------------------+------------------+-------------------+
2024-04-02 15:12:27.884 INFO: Saving model to checkpoints/MACE_run-0.model
2024-04-02 15:12:28.021 INFO: Loading checkpoint: checkpoints/MACE_run-0_epoch-1698_swa.pt
2024-04-02 15:12:28.247 INFO: Loaded model from epoch 1698
2024-04-02 15:12:29.909 INFO: Evaluating train ...
2024-04-02 15:12:41.172 INFO: Evaluating valid ...
2024-04-02 15:12:43.932 INFO: Evaluating Default ...
2024-04-02 15:12:55.111 INFO: 
+-------------+---------------------+------------------+-------------------+
| config_type | RMSE E / meV / atom | RMSE F / meV / A | relative F RMSE % |
+-------------+---------------------+------------------+-------------------+
|    train    |         0.4         |       4.9        |        3.11       |
|    valid    |         1.0         |       20.3       |       12.70       |
|   Default   |         2.2         |       65.9       |       935.76      |
+-------------+---------------------+------------------+-------------------+
2024-04-02 15:12:55.112 INFO: Saving model to checkpoints/MACE_run-0_swa.model
2024-04-02 15:12:55.246 INFO: Done
