2024-07-29 17:11:41.514 INFO: MACE version: 0.3.6
2024-07-29 17:11:41.515 INFO: Configuration: Namespace(config=None, name='MACE', seed=1, log_dir='logs', model_dir='.', checkpoints_dir='checkpoints', results_dir='results', downloads_dir='downloads', device='cuda', default_dtype='float64', distributed=False, log_level='INFO', error_table='PerAtomRMSE', model='MACE', r_max=5.0, radial_type='bessel', num_radial_basis=8, num_cutoff_basis=5, pair_repulsion=False, distance_transform='None', interaction='RealAgnosticResidualInteractionBlock', interaction_first='RealAgnosticResidualInteractionBlock', max_ell=3, correlation=3, num_interactions=2, MLP_irreps='16x0e', radial_MLP='[64, 64, 64]', hidden_irreps='128x0e + 128x1o', num_channels=None, max_L=None, gate='silu', scaling='rms_forces_scaling', avg_num_neighbors=1, compute_avg_num_neighbors=True, compute_stress=False, compute_forces=True, train_file='../train.xyz', valid_file='../valid.xyz', valid_fraction=0.1, test_file='../test.xyz', test_dir=None, multi_processed_test=False, num_workers=0, pin_memory=True, atomic_numbers=None, mean=None, std=None, statistics_file=None, E0s=None, keep_isolated_atoms=False, energy_key='mp2_energy', forces_key='mp2_forces', virials_key='virials', stress_key='stress', dipole_key='dipole', charges_key='charges', loss='weighted', forces_weight=10.0, swa_forces_weight=100.0, energy_weight=1.0, swa_energy_weight=1000.0, virials_weight=1.0, swa_virials_weight=10.0, stress_weight=1.0, swa_stress_weight=10.0, dipole_weight=1.0, swa_dipole_weight=1.0, config_type_weights='{"Default":1.0}', huber_delta=0.01, optimizer='adam', beta=0.9, batch_size=32, valid_batch_size=10, lr=0.001, swa_lr=0.001, weight_decay=5e-07, amsgrad=True, scheduler='ReduceLROnPlateau', lr_factor=0.8, scheduler_patience=50, lr_scheduler_gamma=0.9993, swa=True, start_swa=500, ema=True, ema_decay=0.99, max_num_epochs=1000, patience=2048, foundation_model=None, foundation_model_readout=True, eval_interval=2, keep_checkpoints=False, save_all_checkpoints=False, restart_latest=True, save_cpu=True, clip_grad=10.0, wandb=False, wandb_dir=None, wandb_project='', wandb_entity='', wandb_name='', wandb_log_hypers=['num_channels', 'max_L', 'correlation', 'lr', 'swa_lr', 'weight_decay', 'batch_size', 'max_num_epochs', 'start_swa', 'energy_weight', 'forces_weight'])
2024-07-29 17:11:41.656 INFO: CUDA version: 11.8, CUDA device: 0
2024-07-29 17:11:42.038 INFO: Error accessing Git repository: /rds/user/dk584/hpc-work/papers/organic-mace-neb/qmrxn20-models/r-p-relaxed-from-ts/cleaned-up/optimize-r-p/rattled-stdev-0.05/model
2024-07-29 17:11:43.145 INFO: Since ASE version 3.23.0b1, using stress_key 'stress' is no longer safe when communicating between MACE and ASE. We recommend using a different key, rewriting energies to 'REF_stress'. You need to use --stress_key='REF_stress', to tell the key name chosen.
2024-07-29 17:11:43.150 INFO: Using isolated atom energies from training file
2024-07-29 17:11:43.207 INFO: Loaded 4266 training configurations from '../train.xyz'
2024-07-29 17:11:43.370 INFO: Since ASE version 3.23.0b1, using stress_key 'stress' is no longer safe when communicating between MACE and ASE. We recommend using a different key, rewriting energies to 'REF_stress'. You need to use --stress_key='REF_stress', to tell the key name chosen.
2024-07-29 17:11:43.378 INFO: Loaded 534 validation configurations from '../valid.xyz'
2024-07-29 17:11:43.538 INFO: Since ASE version 3.23.0b1, using stress_key 'stress' is no longer safe when communicating between MACE and ASE. We recommend using a different key, rewriting energies to 'REF_stress'. You need to use --stress_key='REF_stress', to tell the key name chosen.
2024-07-29 17:11:43.546 INFO: Loaded 534 test configurations from '../test.xyz'
2024-07-29 17:11:43.546 INFO: Total number of configurations: train=4266, valid=534, tests=[Default: 534]
2024-07-29 17:11:43.556 INFO: AtomicNumberTable: (1, 6, 7, 8, 9, 17, 35)
2024-07-29 17:11:43.556 INFO: Atomic energies: [-13.600517821508213, -1027.0944977126558, -1482.3418207392756, -2038.6266391088182, -2710.614457364674, -12509.081471993437, -70007.06718971694]
2024-07-29 17:11:45.582 INFO: WeightedEnergyForcesLoss(energy_weight=1.000, forces_weight=10.000)
2024-07-29 17:11:46.319 INFO: Average number of neighbors: 13.719387917076732
2024-07-29 17:11:46.319 INFO: Selected the following outputs: {'energy': True, 'forces': True, 'virials': False, 'stress': False, 'dipoles': False}
2024-07-29 17:11:46.806 INFO: Building model
2024-07-29 17:11:46.806 INFO: Hidden irreps: 128x0e + 128x1o
2024-07-29 17:11:48.085 INFO: Using stochastic weight averaging (after 500 epochs) with energy weight : 1000.0, forces weight : 100.0 and learning rate : 0.001
2024-07-29 17:11:48.167 WARNING: Cannot find checkpoint with tag 'MACE_run-1' in 'checkpoints'
2024-07-29 17:11:48.172 INFO: ScaleShiftMACE(
  (node_embedding): LinearNodeEmbeddingBlock(
    (linear): Linear(7x0e -> 128x0e | 896 weights)
  )
  (radial_embedding): RadialEmbeddingBlock(
    (bessel_fn): BesselBasis(r_max=5.0, num_basis=8, trainable=False)
    (cutoff_fn): PolynomialCutoff(p=5.0, r_max=5.0)
  )
  (spherical_harmonics): SphericalHarmonics()
  (atomic_energies_fn): AtomicEnergiesBlock(energies=[-13.6005, -1027.0945, -1482.3418, -2038.6266, -2710.6145, -12509.0815, -70007.0672])
  (interactions): ModuleList(
    (0): RealAgnosticInteractionBlock(
      (linear_up): Linear(128x0e -> 128x0e | 16384 weights)
      (conv_tp): TensorProduct(128x0e x 1x0e+1x1o+1x2e+1x3o -> 128x0e+128x1o+128x2e+128x3o | 512 paths | 512 weights)
      (conv_tp_weights): FullyConnectedNet[8, 64, 64, 64, 512]
      (linear): Linear(128x0e+128x1o+128x2e+128x3o -> 128x0e+128x1o+128x2e+128x3o | 65536 weights)
      (skip_tp): FullyConnectedTensorProduct(128x0e+128x1o+128x2e+128x3o x 7x0e -> 128x0e+128x1o+128x2e+128x3o | 458752 paths | 458752 weights)
      (reshape): reshape_irreps()
    )
    (1): RealAgnosticResidualInteractionBlock(
      (linear_up): Linear(128x0e+128x1o -> 128x0e+128x1o | 32768 weights)
      (conv_tp): TensorProduct(128x0e+128x1o x 1x0e+1x1o+1x2e+1x3o -> 256x0e+384x1o+384x2e+256x3o | 1280 paths | 1280 weights)
      (conv_tp_weights): FullyConnectedNet[8, 64, 64, 64, 1280]
      (linear): Linear(256x0e+384x1o+384x2e+256x3o -> 128x0e+128x1o+128x2e+128x3o | 163840 weights)
      (skip_tp): FullyConnectedTensorProduct(128x0e+128x1o x 7x0e -> 128x0e | 114688 paths | 114688 weights)
      (reshape): reshape_irreps()
    )
  )
  (products): ModuleList(
    (0): EquivariantProductBasisBlock(
      (symmetric_contractions): SymmetricContraction(
        (contractions): ModuleList(
          (0): Contraction(
            (contractions_weighting): ModuleList(
              (0-1): 2 x GraphModule()
            )
            (contractions_features): ModuleList(
              (0-1): 2 x GraphModule()
            )
            (weights): ParameterList(
                (0): Parameter containing: [torch.float64 of size 7x4x128 (GPU 0)]
                (1): Parameter containing: [torch.float64 of size 7x1x128 (GPU 0)]
            )
            (graph_opt_main): GraphModule()
          )
          (1): Contraction(
            (contractions_weighting): ModuleList(
              (0-1): 2 x GraphModule()
            )
            (contractions_features): ModuleList(
              (0-1): 2 x GraphModule()
            )
            (weights): ParameterList(
                (0): Parameter containing: [torch.float64 of size 7x6x128 (GPU 0)]
                (1): Parameter containing: [torch.float64 of size 7x1x128 (GPU 0)]
            )
            (graph_opt_main): GraphModule()
          )
        )
      )
      (linear): Linear(128x0e+128x1o -> 128x0e+128x1o | 32768 weights)
    )
    (1): EquivariantProductBasisBlock(
      (symmetric_contractions): SymmetricContraction(
        (contractions): ModuleList(
          (0): Contraction(
            (contractions_weighting): ModuleList(
              (0-1): 2 x GraphModule()
            )
            (contractions_features): ModuleList(
              (0-1): 2 x GraphModule()
            )
            (weights): ParameterList(
                (0): Parameter containing: [torch.float64 of size 7x4x128 (GPU 0)]
                (1): Parameter containing: [torch.float64 of size 7x1x128 (GPU 0)]
            )
            (graph_opt_main): GraphModule()
          )
        )
      )
      (linear): Linear(128x0e -> 128x0e | 16384 weights)
    )
  )
  (readouts): ModuleList(
    (0): LinearReadoutBlock(
      (linear): Linear(128x0e+128x1o -> 1x0e | 128 weights)
    )
    (1): NonLinearReadoutBlock(
      (linear_1): Linear(128x0e -> 16x0e | 2048 weights)
      (non_linearity): Activation [x] (16x0e -> 16x0e)
      (linear_2): Linear(16x0e -> 1x0e | 16 weights)
    )
  )
  (scale_shift): ScaleShiftBlock(scale=2.840902, shift=0.000000)
)
2024-07-29 17:11:48.178 INFO: Number of parameters: 1138448
2024-07-29 17:11:48.178 INFO: Optimizer: Adam (
Parameter Group 0
    amsgrad: True
    betas: (0.9, 0.999)
    capturable: False
    differentiable: False
    eps: 1e-08
    foreach: None
    fused: None
    initial_lr: 0.001
    lr: 0.001
    maximize: False
    name: embedding
    swa_lr: 0.001
    weight_decay: 0.0

Parameter Group 1
    amsgrad: True
    betas: (0.9, 0.999)
    capturable: False
    differentiable: False
    eps: 1e-08
    foreach: None
    fused: None
    initial_lr: 0.001
    lr: 0.001
    maximize: False
    name: interactions_decay
    swa_lr: 0.001
    weight_decay: 5e-07

Parameter Group 2
    amsgrad: True
    betas: (0.9, 0.999)
    capturable: False
    differentiable: False
    eps: 1e-08
    foreach: None
    fused: None
    initial_lr: 0.001
    lr: 0.001
    maximize: False
    name: interactions_no_decay
    swa_lr: 0.001
    weight_decay: 0.0

Parameter Group 3
    amsgrad: True
    betas: (0.9, 0.999)
    capturable: False
    differentiable: False
    eps: 1e-08
    foreach: None
    fused: None
    initial_lr: 0.001
    lr: 0.001
    maximize: False
    name: products
    swa_lr: 0.001
    weight_decay: 5e-07

Parameter Group 4
    amsgrad: True
    betas: (0.9, 0.999)
    capturable: False
    differentiable: False
    eps: 1e-08
    foreach: None
    fused: None
    initial_lr: 0.001
    lr: 0.001
    maximize: False
    name: readouts
    swa_lr: 0.001
    weight_decay: 0.0
)
2024-07-29 17:11:48.178 INFO: Using gradient clipping with tolerance=10.000
2024-07-29 17:11:48.178 INFO: Started training
2024-07-29 17:11:57.730 INFO: Epoch None: loss=1.6679, RMSE_E_per_atom=4052.9 meV, RMSE_F=65.3 meV / A
2024-07-29 17:12:21.271 INFO: Epoch 0: loss=0.8956, RMSE_E_per_atom=2302.0 meV, RMSE_F=596.0 meV / A
2024-07-29 17:12:49.778 INFO: Epoch 2: loss=0.1316, RMSE_E_per_atom=440.3 meV, RMSE_F=333.1 meV / A
2024-07-29 17:13:18.215 INFO: Epoch 4: loss=0.0723, RMSE_E_per_atom=313.3 meV, RMSE_F=249.1 meV / A
2024-07-29 17:13:46.816 INFO: Epoch 6: loss=0.0529, RMSE_E_per_atom=271.4 meV, RMSE_F=212.6 meV / A
2024-07-29 17:14:15.296 INFO: Epoch 8: loss=0.0414, RMSE_E_per_atom=244.0 meV, RMSE_F=187.6 meV / A
2024-07-29 17:14:43.869 INFO: Epoch 10: loss=0.0341, RMSE_E_per_atom=229.5 meV, RMSE_F=169.2 meV / A
2024-07-29 17:15:12.471 INFO: Epoch 12: loss=0.0296, RMSE_E_per_atom=222.4 meV, RMSE_F=156.3 meV / A
2024-07-29 17:15:41.026 INFO: Epoch 14: loss=0.0262, RMSE_E_per_atom=217.9 meV, RMSE_F=145.9 meV / A
2024-07-29 17:16:09.674 INFO: Epoch 16: loss=0.0240, RMSE_E_per_atom=214.5 meV, RMSE_F=138.7 meV / A
2024-07-29 17:16:38.290 INFO: Epoch 18: loss=0.0222, RMSE_E_per_atom=212.1 meV, RMSE_F=132.5 meV / A
2024-07-29 17:17:06.883 INFO: Epoch 20: loss=0.0208, RMSE_E_per_atom=209.6 meV, RMSE_F=127.4 meV / A
2024-07-29 17:17:35.544 INFO: Epoch 22: loss=0.0196, RMSE_E_per_atom=207.4 meV, RMSE_F=123.0 meV / A
2024-07-29 17:18:04.042 INFO: Epoch 24: loss=0.0185, RMSE_E_per_atom=205.6 meV, RMSE_F=118.9 meV / A
2024-07-29 17:18:32.662 INFO: Epoch 26: loss=0.0175, RMSE_E_per_atom=203.7 meV, RMSE_F=115.1 meV / A
2024-07-29 17:19:01.206 INFO: Epoch 28: loss=0.0167, RMSE_E_per_atom=202.0 meV, RMSE_F=111.8 meV / A
2024-07-29 17:19:29.599 INFO: Epoch 30: loss=0.0159, RMSE_E_per_atom=200.2 meV, RMSE_F=108.6 meV / A
2024-07-29 17:19:58.004 INFO: Epoch 32: loss=0.0152, RMSE_E_per_atom=198.5 meV, RMSE_F=105.6 meV / A
2024-07-29 17:20:26.250 INFO: Epoch 34: loss=0.0146, RMSE_E_per_atom=196.9 meV, RMSE_F=102.8 meV / A
2024-07-29 17:20:54.531 INFO: Epoch 36: loss=0.0140, RMSE_E_per_atom=195.1 meV, RMSE_F=100.1 meV / A
2024-07-29 17:21:22.717 INFO: Epoch 38: loss=0.0134, RMSE_E_per_atom=193.6 meV, RMSE_F=97.8 meV / A
2024-07-29 17:21:50.950 INFO: Epoch 40: loss=0.0129, RMSE_E_per_atom=191.9 meV, RMSE_F=95.5 meV / A
2024-07-29 17:22:19.196 INFO: Epoch 42: loss=0.0124, RMSE_E_per_atom=190.3 meV, RMSE_F=93.3 meV / A
2024-07-29 17:22:47.440 INFO: Epoch 44: loss=0.0120, RMSE_E_per_atom=188.8 meV, RMSE_F=91.2 meV / A
2024-07-29 17:23:15.748 INFO: Epoch 46: loss=0.0116, RMSE_E_per_atom=186.8 meV, RMSE_F=89.4 meV / A
2024-07-29 17:23:43.998 INFO: Epoch 48: loss=0.0112, RMSE_E_per_atom=185.4 meV, RMSE_F=87.5 meV / A
2024-07-29 17:24:12.204 INFO: Epoch 50: loss=0.0108, RMSE_E_per_atom=183.6 meV, RMSE_F=85.9 meV / A
2024-07-29 17:24:40.459 INFO: Epoch 52: loss=0.0105, RMSE_E_per_atom=182.2 meV, RMSE_F=84.2 meV / A
2024-07-29 17:25:08.678 INFO: Epoch 54: loss=0.0102, RMSE_E_per_atom=180.8 meV, RMSE_F=82.5 meV / A
2024-07-29 17:25:36.932 INFO: Epoch 56: loss=0.0099, RMSE_E_per_atom=178.9 meV, RMSE_F=81.1 meV / A
2024-07-29 17:26:05.215 INFO: Epoch 58: loss=0.0096, RMSE_E_per_atom=177.5 meV, RMSE_F=79.6 meV / A
2024-07-29 17:26:33.481 INFO: Epoch 60: loss=0.0093, RMSE_E_per_atom=175.8 meV, RMSE_F=78.2 meV / A
2024-07-29 17:27:01.727 INFO: Epoch 62: loss=0.0090, RMSE_E_per_atom=174.3 meV, RMSE_F=77.0 meV / A
2024-07-29 17:27:29.976 INFO: Epoch 64: loss=0.0088, RMSE_E_per_atom=172.7 meV, RMSE_F=75.8 meV / A
2024-07-29 17:27:58.304 INFO: Epoch 66: loss=0.0086, RMSE_E_per_atom=171.0 meV, RMSE_F=74.6 meV / A
2024-07-29 17:28:26.614 INFO: Epoch 68: loss=0.0084, RMSE_E_per_atom=169.4 meV, RMSE_F=73.6 meV / A
2024-07-29 17:28:54.946 INFO: Epoch 70: loss=0.0082, RMSE_E_per_atom=168.0 meV, RMSE_F=72.5 meV / A
2024-07-29 17:29:23.297 INFO: Epoch 72: loss=0.0080, RMSE_E_per_atom=166.4 meV, RMSE_F=71.5 meV / A
2024-07-29 17:29:51.520 INFO: Epoch 74: loss=0.0078, RMSE_E_per_atom=164.9 meV, RMSE_F=70.5 meV / A
2024-07-29 17:30:19.789 INFO: Epoch 76: loss=0.0076, RMSE_E_per_atom=163.2 meV, RMSE_F=69.8 meV / A
2024-07-29 17:30:48.043 INFO: Epoch 78: loss=0.0074, RMSE_E_per_atom=161.5 meV, RMSE_F=68.9 meV / A
2024-07-29 17:31:16.384 INFO: Epoch 80: loss=0.0073, RMSE_E_per_atom=160.2 meV, RMSE_F=67.9 meV / A
2024-07-29 17:31:44.626 INFO: Epoch 82: loss=0.0071, RMSE_E_per_atom=158.4 meV, RMSE_F=67.4 meV / A
2024-07-29 17:32:12.923 INFO: Epoch 84: loss=0.0070, RMSE_E_per_atom=156.7 meV, RMSE_F=66.7 meV / A
2024-07-29 17:32:41.221 INFO: Epoch 86: loss=0.0068, RMSE_E_per_atom=154.9 meV, RMSE_F=66.0 meV / A
2024-07-29 17:33:09.522 INFO: Epoch 88: loss=0.0067, RMSE_E_per_atom=153.2 meV, RMSE_F=65.3 meV / A
2024-07-29 17:33:37.873 INFO: Epoch 90: loss=0.0066, RMSE_E_per_atom=151.9 meV, RMSE_F=64.7 meV / A
2024-07-29 17:34:06.129 INFO: Epoch 92: loss=0.0064, RMSE_E_per_atom=150.1 meV, RMSE_F=64.0 meV / A
2024-07-29 17:34:34.448 INFO: Epoch 94: loss=0.0063, RMSE_E_per_atom=148.4 meV, RMSE_F=63.5 meV / A
2024-07-29 17:35:02.778 INFO: Epoch 96: loss=0.0062, RMSE_E_per_atom=146.6 meV, RMSE_F=63.0 meV / A
2024-07-29 17:35:31.055 INFO: Epoch 98: loss=0.0060, RMSE_E_per_atom=144.6 meV, RMSE_F=62.4 meV / A
2024-07-29 17:35:59.312 INFO: Epoch 100: loss=0.0059, RMSE_E_per_atom=142.5 meV, RMSE_F=61.9 meV / A
2024-07-29 17:36:27.592 INFO: Epoch 102: loss=0.0058, RMSE_E_per_atom=140.4 meV, RMSE_F=61.4 meV / A
2024-07-29 17:36:55.800 INFO: Epoch 104: loss=0.0057, RMSE_E_per_atom=138.7 meV, RMSE_F=60.9 meV / A
2024-07-29 17:37:24.021 INFO: Epoch 106: loss=0.0056, RMSE_E_per_atom=136.5 meV, RMSE_F=60.5 meV / A
2024-07-29 17:37:52.315 INFO: Epoch 108: loss=0.0055, RMSE_E_per_atom=134.0 meV, RMSE_F=60.2 meV / A
2024-07-29 17:38:20.564 INFO: Epoch 110: loss=0.0054, RMSE_E_per_atom=131.9 meV, RMSE_F=59.7 meV / A
2024-07-29 17:38:48.694 INFO: Epoch 112: loss=0.0052, RMSE_E_per_atom=129.2 meV, RMSE_F=59.3 meV / A
2024-07-29 17:39:16.919 INFO: Epoch 114: loss=0.0051, RMSE_E_per_atom=126.3 meV, RMSE_F=58.9 meV / A
2024-07-29 17:39:45.189 INFO: Epoch 116: loss=0.0050, RMSE_E_per_atom=123.4 meV, RMSE_F=58.6 meV / A
2024-07-29 17:40:13.410 INFO: Epoch 118: loss=0.0049, RMSE_E_per_atom=120.1 meV, RMSE_F=58.3 meV / A
2024-07-29 17:40:41.489 INFO: Epoch 120: loss=0.0048, RMSE_E_per_atom=116.3 meV, RMSE_F=57.9 meV / A
2024-07-29 17:41:09.221 INFO: Epoch 122: loss=0.0046, RMSE_E_per_atom=112.2 meV, RMSE_F=57.6 meV / A
2024-07-29 17:41:36.971 INFO: Epoch 124: loss=0.0045, RMSE_E_per_atom=107.4 meV, RMSE_F=57.2 meV / A
2024-07-29 17:42:04.746 INFO: Epoch 126: loss=0.0043, RMSE_E_per_atom=102.0 meV, RMSE_F=56.7 meV / A
2024-07-29 17:42:32.609 INFO: Epoch 128: loss=0.0041, RMSE_E_per_atom=96.6 meV, RMSE_F=56.1 meV / A
2024-07-29 17:43:00.433 INFO: Epoch 130: loss=0.0040, RMSE_E_per_atom=91.4 meV, RMSE_F=55.4 meV / A
2024-07-29 17:43:28.357 INFO: Epoch 132: loss=0.0038, RMSE_E_per_atom=86.5 meV, RMSE_F=54.6 meV / A
2024-07-29 17:43:56.213 INFO: Epoch 134: loss=0.0036, RMSE_E_per_atom=82.6 meV, RMSE_F=53.9 meV / A
2024-07-29 17:44:24.928 INFO: Epoch 136: loss=0.0035, RMSE_E_per_atom=78.9 meV, RMSE_F=53.2 meV / A
2024-07-29 17:44:52.725 INFO: Epoch 138: loss=0.0034, RMSE_E_per_atom=76.0 meV, RMSE_F=52.4 meV / A
2024-07-29 17:45:20.524 INFO: Epoch 140: loss=0.0033, RMSE_E_per_atom=73.8 meV, RMSE_F=51.8 meV / A
2024-07-29 17:45:48.283 INFO: Epoch 142: loss=0.0032, RMSE_E_per_atom=71.7 meV, RMSE_F=51.2 meV / A
2024-07-29 17:46:16.003 INFO: Epoch 144: loss=0.0031, RMSE_E_per_atom=70.0 meV, RMSE_F=50.8 meV / A
2024-07-29 17:46:43.694 INFO: Epoch 146: loss=0.0030, RMSE_E_per_atom=68.2 meV, RMSE_F=50.2 meV / A
2024-07-29 17:47:11.433 INFO: Epoch 148: loss=0.0029, RMSE_E_per_atom=66.7 meV, RMSE_F=49.8 meV / A
2024-07-29 17:47:39.180 INFO: Epoch 150: loss=0.0029, RMSE_E_per_atom=65.4 meV, RMSE_F=49.4 meV / A
2024-07-29 17:48:06.958 INFO: Epoch 152: loss=0.0028, RMSE_E_per_atom=63.9 meV, RMSE_F=49.0 meV / A
2024-07-29 17:48:34.631 INFO: Epoch 154: loss=0.0028, RMSE_E_per_atom=62.8 meV, RMSE_F=48.8 meV / A
2024-07-29 17:49:02.308 INFO: Epoch 156: loss=0.0027, RMSE_E_per_atom=61.8 meV, RMSE_F=48.3 meV / A
2024-07-29 17:49:29.981 INFO: Epoch 158: loss=0.0027, RMSE_E_per_atom=60.6 meV, RMSE_F=47.9 meV / A
2024-07-29 17:49:57.606 INFO: Epoch 160: loss=0.0026, RMSE_E_per_atom=59.7 meV, RMSE_F=47.6 meV / A
2024-07-29 17:50:25.181 INFO: Epoch 162: loss=0.0026, RMSE_E_per_atom=58.7 meV, RMSE_F=47.3 meV / A
2024-07-29 17:50:52.812 INFO: Epoch 164: loss=0.0026, RMSE_E_per_atom=57.8 meV, RMSE_F=46.9 meV / A
2024-07-29 17:51:20.469 INFO: Epoch 166: loss=0.0025, RMSE_E_per_atom=56.9 meV, RMSE_F=46.6 meV / A
2024-07-29 17:51:48.158 INFO: Epoch 168: loss=0.0025, RMSE_E_per_atom=56.2 meV, RMSE_F=46.4 meV / A
2024-07-29 17:52:15.877 INFO: Epoch 170: loss=0.0025, RMSE_E_per_atom=55.5 meV, RMSE_F=46.1 meV / A
2024-07-29 17:52:43.524 INFO: Epoch 172: loss=0.0024, RMSE_E_per_atom=54.7 meV, RMSE_F=45.8 meV / A
2024-07-29 17:53:11.128 INFO: Epoch 174: loss=0.0024, RMSE_E_per_atom=54.0 meV, RMSE_F=45.6 meV / A
2024-07-29 17:53:38.760 INFO: Epoch 176: loss=0.0024, RMSE_E_per_atom=53.2 meV, RMSE_F=45.3 meV / A
2024-07-29 17:54:06.296 INFO: Epoch 178: loss=0.0023, RMSE_E_per_atom=52.7 meV, RMSE_F=45.0 meV / A
2024-07-29 17:54:33.916 INFO: Epoch 180: loss=0.0023, RMSE_E_per_atom=51.9 meV, RMSE_F=44.7 meV / A
2024-07-29 17:55:01.511 INFO: Epoch 182: loss=0.0023, RMSE_E_per_atom=51.1 meV, RMSE_F=44.5 meV / A
2024-07-29 17:55:29.106 INFO: Epoch 184: loss=0.0022, RMSE_E_per_atom=50.4 meV, RMSE_F=44.3 meV / A
2024-07-29 17:55:56.751 INFO: Epoch 186: loss=0.0022, RMSE_E_per_atom=49.8 meV, RMSE_F=44.1 meV / A
2024-07-29 17:56:24.367 INFO: Epoch 188: loss=0.0022, RMSE_E_per_atom=49.1 meV, RMSE_F=43.8 meV / A
2024-07-29 17:56:51.970 INFO: Epoch 190: loss=0.0021, RMSE_E_per_atom=48.4 meV, RMSE_F=43.5 meV / A
2024-07-29 17:57:19.640 INFO: Epoch 192: loss=0.0021, RMSE_E_per_atom=47.7 meV, RMSE_F=43.4 meV / A
2024-07-29 17:57:47.343 INFO: Epoch 194: loss=0.0021, RMSE_E_per_atom=47.1 meV, RMSE_F=43.1 meV / A
2024-07-29 17:58:15.019 INFO: Epoch 196: loss=0.0021, RMSE_E_per_atom=46.6 meV, RMSE_F=42.8 meV / A
2024-07-29 17:58:42.625 INFO: Epoch 198: loss=0.0020, RMSE_E_per_atom=45.6 meV, RMSE_F=42.6 meV / A
2024-07-29 17:59:10.237 INFO: Epoch 200: loss=0.0020, RMSE_E_per_atom=45.1 meV, RMSE_F=42.4 meV / A
2024-07-29 17:59:37.856 INFO: Epoch 202: loss=0.0020, RMSE_E_per_atom=44.2 meV, RMSE_F=42.2 meV / A
2024-07-29 18:00:05.590 INFO: Epoch 204: loss=0.0020, RMSE_E_per_atom=43.4 meV, RMSE_F=42.0 meV / A
2024-07-29 18:00:33.323 INFO: Epoch 206: loss=0.0019, RMSE_E_per_atom=42.7 meV, RMSE_F=41.8 meV / A
2024-07-29 18:01:01.027 INFO: Epoch 208: loss=0.0019, RMSE_E_per_atom=42.2 meV, RMSE_F=41.5 meV / A
2024-07-29 18:01:28.723 INFO: Epoch 210: loss=0.0019, RMSE_E_per_atom=41.2 meV, RMSE_F=41.4 meV / A
2024-07-29 18:01:56.369 INFO: Epoch 212: loss=0.0019, RMSE_E_per_atom=40.7 meV, RMSE_F=41.2 meV / A
2024-07-29 18:02:24.031 INFO: Epoch 214: loss=0.0019, RMSE_E_per_atom=39.8 meV, RMSE_F=40.9 meV / A
2024-07-29 18:02:51.743 INFO: Epoch 216: loss=0.0018, RMSE_E_per_atom=39.2 meV, RMSE_F=40.8 meV / A
2024-07-29 18:03:19.469 INFO: Epoch 218: loss=0.0018, RMSE_E_per_atom=38.8 meV, RMSE_F=40.6 meV / A
2024-07-29 18:03:47.127 INFO: Epoch 220: loss=0.0018, RMSE_E_per_atom=38.2 meV, RMSE_F=40.4 meV / A
2024-07-29 18:04:14.783 INFO: Epoch 222: loss=0.0018, RMSE_E_per_atom=37.7 meV, RMSE_F=40.1 meV / A
2024-07-29 18:04:42.434 INFO: Epoch 224: loss=0.0018, RMSE_E_per_atom=36.9 meV, RMSE_F=40.0 meV / A
2024-07-29 18:05:10.157 INFO: Epoch 226: loss=0.0017, RMSE_E_per_atom=36.4 meV, RMSE_F=39.9 meV / A
2024-07-29 18:05:37.823 INFO: Epoch 228: loss=0.0017, RMSE_E_per_atom=35.9 meV, RMSE_F=39.7 meV / A
2024-07-29 18:06:05.424 INFO: Epoch 230: loss=0.0017, RMSE_E_per_atom=35.2 meV, RMSE_F=39.5 meV / A
2024-07-29 18:06:33.102 INFO: Epoch 232: loss=0.0017, RMSE_E_per_atom=34.6 meV, RMSE_F=39.4 meV / A
2024-07-29 18:07:00.756 INFO: Epoch 234: loss=0.0017, RMSE_E_per_atom=34.1 meV, RMSE_F=39.2 meV / A
2024-07-29 18:07:28.435 INFO: Epoch 236: loss=0.0016, RMSE_E_per_atom=33.6 meV, RMSE_F=39.0 meV / A
2024-07-29 18:07:56.105 INFO: Epoch 238: loss=0.0016, RMSE_E_per_atom=33.3 meV, RMSE_F=38.8 meV / A
2024-07-29 18:08:23.777 INFO: Epoch 240: loss=0.0016, RMSE_E_per_atom=32.7 meV, RMSE_F=38.7 meV / A
2024-07-29 18:08:51.412 INFO: Epoch 242: loss=0.0016, RMSE_E_per_atom=32.2 meV, RMSE_F=38.6 meV / A
2024-07-29 18:09:19.094 INFO: Epoch 244: loss=0.0016, RMSE_E_per_atom=31.6 meV, RMSE_F=38.4 meV / A
2024-07-29 18:09:46.742 INFO: Epoch 246: loss=0.0016, RMSE_E_per_atom=31.3 meV, RMSE_F=38.2 meV / A
2024-07-29 18:10:14.363 INFO: Epoch 248: loss=0.0016, RMSE_E_per_atom=30.8 meV, RMSE_F=38.1 meV / A
2024-07-29 18:10:42.041 INFO: Epoch 250: loss=0.0015, RMSE_E_per_atom=30.4 meV, RMSE_F=37.9 meV / A
2024-07-29 18:11:09.709 INFO: Epoch 252: loss=0.0015, RMSE_E_per_atom=29.8 meV, RMSE_F=37.7 meV / A
2024-07-29 18:11:37.379 INFO: Epoch 254: loss=0.0015, RMSE_E_per_atom=29.3 meV, RMSE_F=37.6 meV / A
2024-07-29 18:12:05.031 INFO: Epoch 256: loss=0.0015, RMSE_E_per_atom=28.7 meV, RMSE_F=37.5 meV / A
2024-07-29 18:12:32.706 INFO: Epoch 258: loss=0.0015, RMSE_E_per_atom=28.4 meV, RMSE_F=37.3 meV / A
2024-07-29 18:13:00.317 INFO: Epoch 260: loss=0.0015, RMSE_E_per_atom=28.0 meV, RMSE_F=37.1 meV / A
2024-07-29 18:13:28.037 INFO: Epoch 262: loss=0.0015, RMSE_E_per_atom=27.2 meV, RMSE_F=37.0 meV / A
2024-07-29 18:13:55.683 INFO: Epoch 264: loss=0.0014, RMSE_E_per_atom=27.4 meV, RMSE_F=36.9 meV / A
2024-07-29 18:14:23.378 INFO: Epoch 266: loss=0.0014, RMSE_E_per_atom=26.8 meV, RMSE_F=36.7 meV / A
2024-07-29 18:14:51.086 INFO: Epoch 268: loss=0.0014, RMSE_E_per_atom=26.4 meV, RMSE_F=36.6 meV / A
2024-07-29 18:15:18.750 INFO: Epoch 270: loss=0.0014, RMSE_E_per_atom=26.2 meV, RMSE_F=36.4 meV / A
2024-07-29 18:15:46.374 INFO: Epoch 272: loss=0.0014, RMSE_E_per_atom=25.8 meV, RMSE_F=36.2 meV / A
2024-07-29 18:16:14.055 INFO: Epoch 274: loss=0.0014, RMSE_E_per_atom=25.5 meV, RMSE_F=36.1 meV / A
2024-07-29 18:16:41.702 INFO: Epoch 276: loss=0.0014, RMSE_E_per_atom=25.2 meV, RMSE_F=36.1 meV / A
2024-07-29 18:17:09.378 INFO: Epoch 278: loss=0.0014, RMSE_E_per_atom=24.8 meV, RMSE_F=35.9 meV / A
2024-07-29 18:17:37.037 INFO: Epoch 280: loss=0.0014, RMSE_E_per_atom=24.7 meV, RMSE_F=35.8 meV / A
2024-07-29 18:18:04.673 INFO: Epoch 282: loss=0.0013, RMSE_E_per_atom=24.4 meV, RMSE_F=35.7 meV / A
2024-07-29 18:18:32.226 INFO: Epoch 284: loss=0.0013, RMSE_E_per_atom=24.0 meV, RMSE_F=35.5 meV / A
2024-07-29 18:18:59.837 INFO: Epoch 286: loss=0.0013, RMSE_E_per_atom=23.8 meV, RMSE_F=35.4 meV / A
2024-07-29 18:19:27.482 INFO: Epoch 288: loss=0.0013, RMSE_E_per_atom=23.5 meV, RMSE_F=35.3 meV / A
2024-07-29 18:19:55.057 INFO: Epoch 290: loss=0.0013, RMSE_E_per_atom=23.0 meV, RMSE_F=35.2 meV / A
2024-07-29 18:20:22.633 INFO: Epoch 292: loss=0.0013, RMSE_E_per_atom=23.1 meV, RMSE_F=35.0 meV / A
2024-07-29 18:20:50.326 INFO: Epoch 294: loss=0.0013, RMSE_E_per_atom=22.8 meV, RMSE_F=35.0 meV / A
2024-07-29 18:21:18.051 INFO: Epoch 296: loss=0.0013, RMSE_E_per_atom=22.5 meV, RMSE_F=34.9 meV / A
2024-07-29 18:21:45.696 INFO: Epoch 298: loss=0.0013, RMSE_E_per_atom=22.2 meV, RMSE_F=34.8 meV / A
2024-07-29 18:22:13.326 INFO: Epoch 300: loss=0.0013, RMSE_E_per_atom=22.0 meV, RMSE_F=34.6 meV / A
2024-07-29 18:22:41.050 INFO: Epoch 302: loss=0.0012, RMSE_E_per_atom=21.7 meV, RMSE_F=34.5 meV / A
2024-07-29 18:23:08.770 INFO: Epoch 304: loss=0.0012, RMSE_E_per_atom=21.5 meV, RMSE_F=34.3 meV / A
2024-07-29 18:23:36.453 INFO: Epoch 306: loss=0.0012, RMSE_E_per_atom=21.5 meV, RMSE_F=34.3 meV / A
2024-07-29 18:24:04.168 INFO: Epoch 308: loss=0.0012, RMSE_E_per_atom=21.1 meV, RMSE_F=34.2 meV / A
2024-07-29 18:24:31.811 INFO: Epoch 310: loss=0.0012, RMSE_E_per_atom=21.2 meV, RMSE_F=34.0 meV / A
2024-07-29 18:24:59.494 INFO: Epoch 312: loss=0.0012, RMSE_E_per_atom=20.8 meV, RMSE_F=34.0 meV / A
2024-07-29 18:25:27.172 INFO: Epoch 314: loss=0.0012, RMSE_E_per_atom=20.5 meV, RMSE_F=33.9 meV / A
2024-07-29 18:25:54.806 INFO: Epoch 316: loss=0.0012, RMSE_E_per_atom=20.5 meV, RMSE_F=33.8 meV / A
2024-07-29 18:26:22.459 INFO: Epoch 318: loss=0.0012, RMSE_E_per_atom=20.3 meV, RMSE_F=33.7 meV / A
2024-07-29 18:26:50.133 INFO: Epoch 320: loss=0.0012, RMSE_E_per_atom=19.8 meV, RMSE_F=33.6 meV / A
2024-07-29 18:27:17.761 INFO: Epoch 322: loss=0.0012, RMSE_E_per_atom=19.9 meV, RMSE_F=33.5 meV / A
2024-07-29 18:27:45.408 INFO: Epoch 324: loss=0.0012, RMSE_E_per_atom=19.7 meV, RMSE_F=33.4 meV / A
2024-07-29 18:28:13.144 INFO: Epoch 326: loss=0.0012, RMSE_E_per_atom=19.3 meV, RMSE_F=33.3 meV / A
2024-07-29 18:28:40.802 INFO: Epoch 328: loss=0.0011, RMSE_E_per_atom=19.3 meV, RMSE_F=33.2 meV / A
2024-07-29 18:29:08.518 INFO: Epoch 330: loss=0.0011, RMSE_E_per_atom=19.0 meV, RMSE_F=33.1 meV / A
2024-07-29 18:29:36.250 INFO: Epoch 332: loss=0.0011, RMSE_E_per_atom=19.1 meV, RMSE_F=33.0 meV / A
2024-07-29 18:30:03.921 INFO: Epoch 334: loss=0.0011, RMSE_E_per_atom=18.8 meV, RMSE_F=32.9 meV / A
2024-07-29 18:30:31.623 INFO: Epoch 336: loss=0.0011, RMSE_E_per_atom=18.3 meV, RMSE_F=32.8 meV / A
2024-07-29 18:30:59.336 INFO: Epoch 338: loss=0.0011, RMSE_E_per_atom=18.4 meV, RMSE_F=32.6 meV / A
2024-07-29 18:31:27.040 INFO: Epoch 340: loss=0.0011, RMSE_E_per_atom=18.1 meV, RMSE_F=32.6 meV / A
2024-07-29 18:31:54.710 INFO: Epoch 342: loss=0.0011, RMSE_E_per_atom=17.9 meV, RMSE_F=32.6 meV / A
2024-07-29 18:32:22.469 INFO: Epoch 344: loss=0.0011, RMSE_E_per_atom=18.0 meV, RMSE_F=32.4 meV / A
2024-07-29 18:32:50.135 INFO: Epoch 346: loss=0.0011, RMSE_E_per_atom=17.7 meV, RMSE_F=32.4 meV / A
2024-07-29 18:33:17.819 INFO: Epoch 348: loss=0.0011, RMSE_E_per_atom=17.6 meV, RMSE_F=32.3 meV / A
2024-07-29 18:33:45.485 INFO: Epoch 350: loss=0.0011, RMSE_E_per_atom=17.5 meV, RMSE_F=32.2 meV / A
2024-07-29 18:34:13.204 INFO: Epoch 352: loss=0.0011, RMSE_E_per_atom=17.1 meV, RMSE_F=32.2 meV / A
2024-07-29 18:34:40.844 INFO: Epoch 354: loss=0.0011, RMSE_E_per_atom=17.0 meV, RMSE_F=32.1 meV / A
2024-07-29 18:35:08.521 INFO: Epoch 356: loss=0.0011, RMSE_E_per_atom=16.7 meV, RMSE_F=32.0 meV / A
2024-07-29 18:35:36.181 INFO: Epoch 358: loss=0.0011, RMSE_E_per_atom=16.7 meV, RMSE_F=31.9 meV / A
2024-07-29 18:36:03.851 INFO: Epoch 360: loss=0.0010, RMSE_E_per_atom=16.7 meV, RMSE_F=31.8 meV / A
2024-07-29 18:36:31.517 INFO: Epoch 362: loss=0.0010, RMSE_E_per_atom=16.7 meV, RMSE_F=31.7 meV / A
2024-07-29 18:36:59.216 INFO: Epoch 364: loss=0.0010, RMSE_E_per_atom=16.3 meV, RMSE_F=31.6 meV / A
2024-07-29 18:37:26.918 INFO: Epoch 366: loss=0.0010, RMSE_E_per_atom=16.3 meV, RMSE_F=31.5 meV / A
2024-07-29 18:37:54.594 INFO: Epoch 368: loss=0.0010, RMSE_E_per_atom=16.0 meV, RMSE_F=31.5 meV / A
2024-07-29 18:38:22.239 INFO: Epoch 370: loss=0.0010, RMSE_E_per_atom=15.7 meV, RMSE_F=31.4 meV / A
2024-07-29 18:38:49.865 INFO: Epoch 372: loss=0.0010, RMSE_E_per_atom=15.8 meV, RMSE_F=31.4 meV / A
2024-07-29 18:39:17.542 INFO: Epoch 374: loss=0.0010, RMSE_E_per_atom=15.7 meV, RMSE_F=31.2 meV / A
2024-07-29 18:39:45.200 INFO: Epoch 376: loss=0.0010, RMSE_E_per_atom=15.6 meV, RMSE_F=31.2 meV / A
2024-07-29 18:40:12.803 INFO: Epoch 378: loss=0.0010, RMSE_E_per_atom=15.6 meV, RMSE_F=31.1 meV / A
2024-07-29 18:40:40.520 INFO: Epoch 380: loss=0.0010, RMSE_E_per_atom=15.4 meV, RMSE_F=31.1 meV / A
2024-07-29 18:41:08.213 INFO: Epoch 382: loss=0.0010, RMSE_E_per_atom=15.2 meV, RMSE_F=30.9 meV / A
2024-07-29 18:41:35.925 INFO: Epoch 384: loss=0.0010, RMSE_E_per_atom=15.1 meV, RMSE_F=30.9 meV / A
2024-07-29 18:42:03.579 INFO: Epoch 386: loss=0.0010, RMSE_E_per_atom=14.9 meV, RMSE_F=30.8 meV / A
2024-07-29 18:42:31.274 INFO: Epoch 388: loss=0.0010, RMSE_E_per_atom=14.8 meV, RMSE_F=30.6 meV / A
2024-07-29 18:42:58.958 INFO: Epoch 390: loss=0.0010, RMSE_E_per_atom=14.6 meV, RMSE_F=30.7 meV / A
2024-07-29 18:43:26.513 INFO: Epoch 392: loss=0.0010, RMSE_E_per_atom=14.7 meV, RMSE_F=30.6 meV / A
2024-07-29 18:43:54.160 INFO: Epoch 394: loss=0.0010, RMSE_E_per_atom=14.6 meV, RMSE_F=30.5 meV / A
2024-07-29 18:44:21.842 INFO: Epoch 396: loss=0.0010, RMSE_E_per_atom=14.4 meV, RMSE_F=30.5 meV / A
2024-07-29 18:44:49.428 INFO: Epoch 398: loss=0.0010, RMSE_E_per_atom=14.2 meV, RMSE_F=30.4 meV / A
2024-07-29 18:45:17.076 INFO: Epoch 400: loss=0.0009, RMSE_E_per_atom=14.5 meV, RMSE_F=30.3 meV / A
2024-07-29 18:45:44.758 INFO: Epoch 402: loss=0.0009, RMSE_E_per_atom=14.3 meV, RMSE_F=30.3 meV / A
2024-07-29 18:46:12.477 INFO: Epoch 404: loss=0.0009, RMSE_E_per_atom=14.1 meV, RMSE_F=30.2 meV / A
2024-07-29 18:46:40.102 INFO: Epoch 406: loss=0.0009, RMSE_E_per_atom=14.2 meV, RMSE_F=30.1 meV / A
2024-07-29 18:47:07.745 INFO: Epoch 408: loss=0.0009, RMSE_E_per_atom=13.9 meV, RMSE_F=30.1 meV / A
2024-07-29 18:47:35.410 INFO: Epoch 410: loss=0.0009, RMSE_E_per_atom=13.8 meV, RMSE_F=30.0 meV / A
2024-07-29 18:48:03.144 INFO: Epoch 412: loss=0.0009, RMSE_E_per_atom=13.8 meV, RMSE_F=29.9 meV / A
2024-07-29 18:48:30.763 INFO: Epoch 414: loss=0.0009, RMSE_E_per_atom=13.8 meV, RMSE_F=29.9 meV / A
2024-07-29 18:48:58.418 INFO: Epoch 416: loss=0.0009, RMSE_E_per_atom=13.7 meV, RMSE_F=29.8 meV / A
2024-07-29 18:49:26.121 INFO: Epoch 418: loss=0.0009, RMSE_E_per_atom=13.5 meV, RMSE_F=29.7 meV / A
2024-07-29 18:49:53.809 INFO: Epoch 420: loss=0.0009, RMSE_E_per_atom=13.6 meV, RMSE_F=29.7 meV / A
2024-07-29 18:50:21.690 INFO: Epoch 422: loss=0.0009, RMSE_E_per_atom=13.4 meV, RMSE_F=29.7 meV / A
2024-07-29 18:50:49.398 INFO: Epoch 424: loss=0.0009, RMSE_E_per_atom=13.4 meV, RMSE_F=29.6 meV / A
2024-07-29 18:51:17.058 INFO: Epoch 426: loss=0.0009, RMSE_E_per_atom=13.2 meV, RMSE_F=29.5 meV / A
2024-07-29 18:51:44.700 INFO: Epoch 428: loss=0.0009, RMSE_E_per_atom=13.4 meV, RMSE_F=29.5 meV / A
2024-07-29 18:52:12.384 INFO: Epoch 430: loss=0.0009, RMSE_E_per_atom=13.2 meV, RMSE_F=29.4 meV / A
2024-07-29 18:52:40.079 INFO: Epoch 432: loss=0.0009, RMSE_E_per_atom=13.2 meV, RMSE_F=29.4 meV / A
2024-07-29 18:53:07.733 INFO: Epoch 434: loss=0.0009, RMSE_E_per_atom=13.0 meV, RMSE_F=29.3 meV / A
2024-07-29 18:53:35.421 INFO: Epoch 436: loss=0.0009, RMSE_E_per_atom=13.0 meV, RMSE_F=29.2 meV / A
2024-07-29 18:54:03.142 INFO: Epoch 438: loss=0.0009, RMSE_E_per_atom=12.7 meV, RMSE_F=29.2 meV / A
2024-07-29 18:54:30.912 INFO: Epoch 440: loss=0.0009, RMSE_E_per_atom=12.8 meV, RMSE_F=29.1 meV / A
2024-07-29 18:54:58.659 INFO: Epoch 442: loss=0.0009, RMSE_E_per_atom=12.8 meV, RMSE_F=29.0 meV / A
2024-07-29 18:55:26.310 INFO: Epoch 444: loss=0.0009, RMSE_E_per_atom=12.7 meV, RMSE_F=29.0 meV / A
2024-07-29 18:55:54.005 INFO: Epoch 446: loss=0.0009, RMSE_E_per_atom=12.7 meV, RMSE_F=28.9 meV / A
2024-07-29 18:56:21.649 INFO: Epoch 448: loss=0.0009, RMSE_E_per_atom=12.6 meV, RMSE_F=28.9 meV / A
2024-07-29 18:56:49.388 INFO: Epoch 450: loss=0.0009, RMSE_E_per_atom=12.5 meV, RMSE_F=28.8 meV / A
2024-07-29 18:57:17.049 INFO: Epoch 452: loss=0.0008, RMSE_E_per_atom=12.5 meV, RMSE_F=28.8 meV / A
2024-07-29 18:57:44.725 INFO: Epoch 454: loss=0.0008, RMSE_E_per_atom=12.3 meV, RMSE_F=28.7 meV / A
2024-07-29 18:58:12.444 INFO: Epoch 456: loss=0.0008, RMSE_E_per_atom=12.3 meV, RMSE_F=28.6 meV / A
2024-07-29 18:58:40.154 INFO: Epoch 458: loss=0.0008, RMSE_E_per_atom=12.3 meV, RMSE_F=28.6 meV / A
2024-07-29 18:59:07.867 INFO: Epoch 460: loss=0.0008, RMSE_E_per_atom=12.2 meV, RMSE_F=28.6 meV / A
2024-07-29 18:59:35.579 INFO: Epoch 462: loss=0.0008, RMSE_E_per_atom=12.1 meV, RMSE_F=28.5 meV / A
2024-07-29 19:00:03.290 INFO: Epoch 464: loss=0.0008, RMSE_E_per_atom=12.0 meV, RMSE_F=28.5 meV / A
2024-07-29 19:00:30.981 INFO: Epoch 466: loss=0.0008, RMSE_E_per_atom=12.1 meV, RMSE_F=28.4 meV / A
2024-07-29 19:00:58.749 INFO: Epoch 468: loss=0.0008, RMSE_E_per_atom=11.9 meV, RMSE_F=28.4 meV / A
2024-07-29 19:01:26.502 INFO: Epoch 470: loss=0.0008, RMSE_E_per_atom=11.9 meV, RMSE_F=28.3 meV / A
2024-07-29 19:01:54.290 INFO: Epoch 472: loss=0.0008, RMSE_E_per_atom=11.8 meV, RMSE_F=28.3 meV / A
2024-07-29 19:02:22.090 INFO: Epoch 474: loss=0.0008, RMSE_E_per_atom=11.8 meV, RMSE_F=28.2 meV / A
2024-07-29 19:02:49.877 INFO: Epoch 476: loss=0.0008, RMSE_E_per_atom=11.7 meV, RMSE_F=28.2 meV / A
2024-07-29 19:03:17.687 INFO: Epoch 478: loss=0.0008, RMSE_E_per_atom=11.8 meV, RMSE_F=28.1 meV / A
2024-07-29 19:03:45.473 INFO: Epoch 480: loss=0.0008, RMSE_E_per_atom=11.6 meV, RMSE_F=28.1 meV / A
2024-07-29 19:04:13.206 INFO: Epoch 482: loss=0.0008, RMSE_E_per_atom=11.6 meV, RMSE_F=28.1 meV / A
2024-07-29 19:04:40.900 INFO: Epoch 484: loss=0.0008, RMSE_E_per_atom=11.4 meV, RMSE_F=28.0 meV / A
2024-07-29 19:05:08.614 INFO: Epoch 486: loss=0.0008, RMSE_E_per_atom=11.5 meV, RMSE_F=27.9 meV / A
2024-07-29 19:05:36.330 INFO: Epoch 488: loss=0.0008, RMSE_E_per_atom=11.4 meV, RMSE_F=27.9 meV / A
2024-07-29 19:06:04.007 INFO: Epoch 490: loss=0.0008, RMSE_E_per_atom=11.5 meV, RMSE_F=27.8 meV / A
2024-07-29 19:06:31.736 INFO: Epoch 492: loss=0.0008, RMSE_E_per_atom=11.4 meV, RMSE_F=27.8 meV / A
2024-07-29 19:06:59.452 INFO: Epoch 494: loss=0.0008, RMSE_E_per_atom=11.3 meV, RMSE_F=27.8 meV / A
2024-07-29 19:07:27.200 INFO: Epoch 496: loss=0.0008, RMSE_E_per_atom=11.2 meV, RMSE_F=27.7 meV / A
2024-07-29 19:07:54.925 INFO: Epoch 498: loss=0.0008, RMSE_E_per_atom=11.1 meV, RMSE_F=27.6 meV / A
2024-07-29 19:08:08.058 INFO: Changing loss based on SWA
2024-07-29 19:08:22.630 INFO: Epoch 500: loss=0.0172, RMSE_E_per_atom=9.0 meV, RMSE_F=29.9 meV / A
2024-07-29 19:08:50.381 INFO: Epoch 502: loss=0.0137, RMSE_E_per_atom=6.6 meV, RMSE_F=30.4 meV / A
2024-07-29 19:09:18.065 INFO: Epoch 504: loss=0.0116, RMSE_E_per_atom=5.2 meV, RMSE_F=29.7 meV / A
2024-07-29 19:09:45.840 INFO: Epoch 506: loss=0.0110, RMSE_E_per_atom=4.7 meV, RMSE_F=29.6 meV / A
2024-07-29 19:10:13.575 INFO: Epoch 508: loss=0.0105, RMSE_E_per_atom=4.3 meV, RMSE_F=29.3 meV / A
2024-07-29 19:10:41.289 INFO: Epoch 510: loss=0.0102, RMSE_E_per_atom=3.9 meV, RMSE_F=29.4 meV / A
2024-07-29 19:11:08.985 INFO: Epoch 512: loss=0.0101, RMSE_E_per_atom=3.8 meV, RMSE_F=29.3 meV / A
2024-07-29 19:11:36.642 INFO: Epoch 514: loss=0.0101, RMSE_E_per_atom=3.8 meV, RMSE_F=29.2 meV / A
2024-07-29 19:12:04.423 INFO: Epoch 516: loss=0.0097, RMSE_E_per_atom=3.5 meV, RMSE_F=29.0 meV / A
2024-07-29 19:12:32.067 INFO: Epoch 518: loss=0.0101, RMSE_E_per_atom=3.9 meV, RMSE_F=29.1 meV / A
2024-07-29 19:12:59.711 INFO: Epoch 520: loss=0.0103, RMSE_E_per_atom=4.1 meV, RMSE_F=29.3 meV / A
2024-07-29 19:13:27.305 INFO: Epoch 522: loss=0.0097, RMSE_E_per_atom=3.4 meV, RMSE_F=29.2 meV / A
2024-07-29 19:13:55.004 INFO: Epoch 524: loss=0.0095, RMSE_E_per_atom=3.2 meV, RMSE_F=29.0 meV / A
2024-07-29 19:14:22.661 INFO: Epoch 526: loss=0.0101, RMSE_E_per_atom=4.1 meV, RMSE_F=28.9 meV / A
2024-07-29 19:14:50.326 INFO: Epoch 528: loss=0.0106, RMSE_E_per_atom=4.5 meV, RMSE_F=29.1 meV / A
2024-07-29 19:15:17.933 INFO: Epoch 530: loss=0.0098, RMSE_E_per_atom=3.6 meV, RMSE_F=29.1 meV / A
2024-07-29 19:15:45.515 INFO: Epoch 532: loss=0.0101, RMSE_E_per_atom=3.9 meV, RMSE_F=29.2 meV / A
2024-07-29 19:16:13.223 INFO: Epoch 534: loss=0.0102, RMSE_E_per_atom=4.1 meV, RMSE_F=29.1 meV / A
2024-07-29 19:16:40.906 INFO: Epoch 536: loss=0.0096, RMSE_E_per_atom=3.1 meV, RMSE_F=29.2 meV / A
2024-07-29 19:17:08.548 INFO: Epoch 538: loss=0.0094, RMSE_E_per_atom=3.0 meV, RMSE_F=29.0 meV / A
2024-07-29 19:17:36.300 INFO: Epoch 540: loss=0.0094, RMSE_E_per_atom=3.2 meV, RMSE_F=28.8 meV / A
2024-07-29 19:18:03.891 INFO: Epoch 542: loss=0.0094, RMSE_E_per_atom=3.2 meV, RMSE_F=28.8 meV / A
2024-07-29 19:18:31.512 INFO: Epoch 544: loss=0.0091, RMSE_E_per_atom=3.0 meV, RMSE_F=28.6 meV / A
2024-07-29 19:18:59.185 INFO: Epoch 546: loss=0.0091, RMSE_E_per_atom=2.9 meV, RMSE_F=28.6 meV / A
2024-07-29 19:19:26.906 INFO: Epoch 548: loss=0.0089, RMSE_E_per_atom=2.9 meV, RMSE_F=28.4 meV / A
2024-07-29 19:19:54.590 INFO: Epoch 550: loss=0.0089, RMSE_E_per_atom=2.8 meV, RMSE_F=28.4 meV / A
2024-07-29 19:20:22.292 INFO: Epoch 552: loss=0.0089, RMSE_E_per_atom=2.7 meV, RMSE_F=28.4 meV / A
2024-07-29 19:20:49.922 INFO: Epoch 554: loss=0.0088, RMSE_E_per_atom=2.8 meV, RMSE_F=28.3 meV / A
2024-07-29 19:21:17.631 INFO: Epoch 556: loss=0.0088, RMSE_E_per_atom=2.8 meV, RMSE_F=28.3 meV / A
2024-07-29 19:21:45.308 INFO: Epoch 558: loss=0.0087, RMSE_E_per_atom=2.8 meV, RMSE_F=28.2 meV / A
2024-07-29 19:22:13.008 INFO: Epoch 560: loss=0.0087, RMSE_E_per_atom=2.7 meV, RMSE_F=28.1 meV / A
2024-07-29 19:22:40.700 INFO: Epoch 562: loss=0.0086, RMSE_E_per_atom=2.6 meV, RMSE_F=28.0 meV / A
2024-07-29 19:23:08.398 INFO: Epoch 564: loss=0.0088, RMSE_E_per_atom=3.0 meV, RMSE_F=28.0 meV / A
2024-07-29 19:23:36.018 INFO: Epoch 566: loss=0.0090, RMSE_E_per_atom=3.4 meV, RMSE_F=27.9 meV / A
2024-07-29 19:24:03.695 INFO: Epoch 568: loss=0.0086, RMSE_E_per_atom=2.7 meV, RMSE_F=27.9 meV / A
2024-07-29 19:24:31.287 INFO: Epoch 570: loss=0.0089, RMSE_E_per_atom=3.1 meV, RMSE_F=28.0 meV / A
2024-07-29 19:24:58.976 INFO: Epoch 572: loss=0.0088, RMSE_E_per_atom=3.0 meV, RMSE_F=28.0 meV / A
2024-07-29 19:25:26.606 INFO: Epoch 574: loss=0.0087, RMSE_E_per_atom=2.8 meV, RMSE_F=28.0 meV / A
2024-07-29 19:25:54.283 INFO: Epoch 576: loss=0.0086, RMSE_E_per_atom=2.6 meV, RMSE_F=28.1 meV / A
2024-07-29 19:26:21.867 INFO: Epoch 578: loss=0.0084, RMSE_E_per_atom=2.5 meV, RMSE_F=27.9 meV / A
2024-07-29 19:26:49.659 INFO: Epoch 580: loss=0.0083, RMSE_E_per_atom=2.5 meV, RMSE_F=27.6 meV / A
2024-07-29 19:27:17.390 INFO: Epoch 582: loss=0.0083, RMSE_E_per_atom=2.5 meV, RMSE_F=27.6 meV / A
2024-07-29 19:27:45.140 INFO: Epoch 584: loss=0.0082, RMSE_E_per_atom=2.4 meV, RMSE_F=27.6 meV / A
2024-07-29 19:28:12.805 INFO: Epoch 586: loss=0.0082, RMSE_E_per_atom=2.4 meV, RMSE_F=27.4 meV / A
2024-07-29 19:28:40.571 INFO: Epoch 588: loss=0.0084, RMSE_E_per_atom=2.7 meV, RMSE_F=27.6 meV / A
2024-07-29 19:29:08.265 INFO: Epoch 590: loss=0.0082, RMSE_E_per_atom=2.5 meV, RMSE_F=27.4 meV / A
2024-07-29 19:29:35.879 INFO: Epoch 592: loss=0.0083, RMSE_E_per_atom=2.7 meV, RMSE_F=27.4 meV / A
2024-07-29 19:30:03.512 INFO: Epoch 594: loss=0.0085, RMSE_E_per_atom=3.0 meV, RMSE_F=27.4 meV / A
2024-07-29 19:30:31.153 INFO: Epoch 596: loss=0.0085, RMSE_E_per_atom=2.9 meV, RMSE_F=27.5 meV / A
2024-07-29 19:30:58.754 INFO: Epoch 598: loss=0.0084, RMSE_E_per_atom=2.8 meV, RMSE_F=27.5 meV / A
2024-07-29 19:31:26.401 INFO: Epoch 600: loss=0.0083, RMSE_E_per_atom=2.7 meV, RMSE_F=27.5 meV / A
2024-07-29 19:31:53.986 INFO: Epoch 602: loss=0.0083, RMSE_E_per_atom=2.8 meV, RMSE_F=27.4 meV / A
2024-07-29 19:32:21.647 INFO: Epoch 604: loss=0.0081, RMSE_E_per_atom=2.3 meV, RMSE_F=27.4 meV / A
2024-07-29 19:32:49.322 INFO: Epoch 606: loss=0.0079, RMSE_E_per_atom=2.2 meV, RMSE_F=27.2 meV / A
2024-07-29 19:33:17.081 INFO: Epoch 608: loss=0.0079, RMSE_E_per_atom=2.3 meV, RMSE_F=27.1 meV / A
2024-07-29 19:33:44.811 INFO: Epoch 610: loss=0.0078, RMSE_E_per_atom=2.2 meV, RMSE_F=27.0 meV / A
2024-07-29 19:34:12.514 INFO: Epoch 612: loss=0.0078, RMSE_E_per_atom=2.2 meV, RMSE_F=26.9 meV / A
2024-07-29 19:34:40.213 INFO: Epoch 614: loss=0.0078, RMSE_E_per_atom=2.3 meV, RMSE_F=26.9 meV / A
2024-07-29 19:35:07.860 INFO: Epoch 616: loss=0.0080, RMSE_E_per_atom=2.6 meV, RMSE_F=26.9 meV / A
2024-07-29 19:35:35.543 INFO: Epoch 618: loss=0.0079, RMSE_E_per_atom=2.5 meV, RMSE_F=26.9 meV / A
2024-07-29 19:36:03.124 INFO: Epoch 620: loss=0.0079, RMSE_E_per_atom=2.5 meV, RMSE_F=27.0 meV / A
2024-07-29 19:36:30.793 INFO: Epoch 622: loss=0.0078, RMSE_E_per_atom=2.4 meV, RMSE_F=26.9 meV / A
2024-07-29 19:36:58.499 INFO: Epoch 624: loss=0.0078, RMSE_E_per_atom=2.2 meV, RMSE_F=26.9 meV / A
2024-07-29 19:37:26.252 INFO: Epoch 626: loss=0.0077, RMSE_E_per_atom=2.2 meV, RMSE_F=26.8 meV / A
2024-07-29 19:37:53.967 INFO: Epoch 628: loss=0.0076, RMSE_E_per_atom=2.1 meV, RMSE_F=26.6 meV / A
2024-07-29 19:38:21.720 INFO: Epoch 630: loss=0.0076, RMSE_E_per_atom=2.2 meV, RMSE_F=26.5 meV / A
2024-07-29 19:38:49.395 INFO: Epoch 632: loss=0.0076, RMSE_E_per_atom=2.2 meV, RMSE_F=26.6 meV / A
2024-07-29 19:39:17.115 INFO: Epoch 634: loss=0.0076, RMSE_E_per_atom=2.2 meV, RMSE_F=26.5 meV / A
2024-07-29 19:39:44.877 INFO: Epoch 636: loss=0.0077, RMSE_E_per_atom=2.6 meV, RMSE_F=26.5 meV / A
2024-07-29 19:40:12.600 INFO: Epoch 638: loss=0.0075, RMSE_E_per_atom=2.1 meV, RMSE_F=26.5 meV / A
2024-07-29 19:40:40.288 INFO: Epoch 640: loss=0.0075, RMSE_E_per_atom=2.2 meV, RMSE_F=26.5 meV / A
2024-07-29 19:41:07.883 INFO: Epoch 642: loss=0.0076, RMSE_E_per_atom=2.4 meV, RMSE_F=26.4 meV / A
2024-07-29 19:41:35.467 INFO: Epoch 644: loss=0.0074, RMSE_E_per_atom=2.1 meV, RMSE_F=26.4 meV / A
2024-07-29 19:42:03.183 INFO: Epoch 646: loss=0.0074, RMSE_E_per_atom=2.0 meV, RMSE_F=26.3 meV / A
2024-07-29 19:42:30.924 INFO: Epoch 648: loss=0.0073, RMSE_E_per_atom=2.1 meV, RMSE_F=26.2 meV / A
2024-07-29 19:42:58.704 INFO: Epoch 650: loss=0.0075, RMSE_E_per_atom=2.4 meV, RMSE_F=26.2 meV / A
2024-07-29 19:43:26.393 INFO: Epoch 652: loss=0.0073, RMSE_E_per_atom=2.2 meV, RMSE_F=26.1 meV / A
2024-07-29 19:43:54.138 INFO: Epoch 654: loss=0.0072, RMSE_E_per_atom=2.0 meV, RMSE_F=26.1 meV / A
2024-07-29 19:44:21.923 INFO: Epoch 656: loss=0.0072, RMSE_E_per_atom=1.9 meV, RMSE_F=26.0 meV / A
2024-07-29 19:44:49.656 INFO: Epoch 658: loss=0.0072, RMSE_E_per_atom=2.0 meV, RMSE_F=26.1 meV / A
2024-07-29 19:45:17.353 INFO: Epoch 660: loss=0.0072, RMSE_E_per_atom=2.0 meV, RMSE_F=25.9 meV / A
2024-07-29 19:45:45.079 INFO: Epoch 662: loss=0.0071, RMSE_E_per_atom=1.9 meV, RMSE_F=25.8 meV / A
2024-07-29 19:46:12.813 INFO: Epoch 664: loss=0.0071, RMSE_E_per_atom=2.0 meV, RMSE_F=25.7 meV / A
2024-07-29 19:46:40.530 INFO: Epoch 666: loss=0.0072, RMSE_E_per_atom=2.2 meV, RMSE_F=25.8 meV / A
2024-07-29 19:47:08.243 INFO: Epoch 668: loss=0.0071, RMSE_E_per_atom=2.0 meV, RMSE_F=25.8 meV / A
2024-07-29 19:47:35.846 INFO: Epoch 670: loss=0.0070, RMSE_E_per_atom=1.9 meV, RMSE_F=25.7 meV / A
2024-07-29 19:48:03.616 INFO: Epoch 672: loss=0.0070, RMSE_E_per_atom=2.0 meV, RMSE_F=25.6 meV / A
2024-07-29 19:48:31.319 INFO: Epoch 674: loss=0.0070, RMSE_E_per_atom=1.9 meV, RMSE_F=25.6 meV / A
2024-07-29 19:48:59.023 INFO: Epoch 676: loss=0.0070, RMSE_E_per_atom=1.9 meV, RMSE_F=25.6 meV / A
2024-07-29 19:49:26.657 INFO: Epoch 678: loss=0.0070, RMSE_E_per_atom=2.0 meV, RMSE_F=25.6 meV / A
2024-07-29 19:49:54.296 INFO: Epoch 680: loss=0.0070, RMSE_E_per_atom=2.0 meV, RMSE_F=25.6 meV / A
2024-07-29 19:50:21.980 INFO: Epoch 682: loss=0.0069, RMSE_E_per_atom=1.9 meV, RMSE_F=25.5 meV / A
2024-07-29 19:50:49.757 INFO: Epoch 684: loss=0.0069, RMSE_E_per_atom=1.9 meV, RMSE_F=25.4 meV / A
2024-07-29 19:51:17.484 INFO: Epoch 686: loss=0.0069, RMSE_E_per_atom=1.9 meV, RMSE_F=25.5 meV / A
2024-07-29 19:51:45.126 INFO: Epoch 688: loss=0.0068, RMSE_E_per_atom=1.9 meV, RMSE_F=25.3 meV / A
2024-07-29 19:52:12.863 INFO: Epoch 690: loss=0.0069, RMSE_E_per_atom=2.2 meV, RMSE_F=25.3 meV / A
2024-07-29 19:52:40.524 INFO: Epoch 692: loss=0.0069, RMSE_E_per_atom=2.0 meV, RMSE_F=25.3 meV / A
2024-07-29 19:53:08.227 INFO: Epoch 694: loss=0.0067, RMSE_E_per_atom=1.9 meV, RMSE_F=25.2 meV / A
2024-07-29 19:53:35.980 INFO: Epoch 696: loss=0.0067, RMSE_E_per_atom=1.8 meV, RMSE_F=25.2 meV / A
2024-07-29 19:54:03.745 INFO: Epoch 698: loss=0.0067, RMSE_E_per_atom=1.8 meV, RMSE_F=25.1 meV / A
2024-07-29 19:54:31.552 INFO: Epoch 700: loss=0.0067, RMSE_E_per_atom=1.8 meV, RMSE_F=25.1 meV / A
2024-07-29 19:54:59.267 INFO: Epoch 702: loss=0.0066, RMSE_E_per_atom=1.7 meV, RMSE_F=25.0 meV / A
2024-07-29 19:55:27.035 INFO: Epoch 704: loss=0.0066, RMSE_E_per_atom=1.8 meV, RMSE_F=25.0 meV / A
2024-07-29 19:55:54.630 INFO: Epoch 706: loss=0.0066, RMSE_E_per_atom=1.7 meV, RMSE_F=25.0 meV / A
2024-07-29 19:56:22.363 INFO: Epoch 708: loss=0.0066, RMSE_E_per_atom=1.8 meV, RMSE_F=25.0 meV / A
2024-07-29 19:56:50.020 INFO: Epoch 710: loss=0.0066, RMSE_E_per_atom=1.8 meV, RMSE_F=25.0 meV / A
2024-07-29 19:57:17.745 INFO: Epoch 712: loss=0.0065, RMSE_E_per_atom=1.7 meV, RMSE_F=24.8 meV / A
2024-07-29 19:57:45.527 INFO: Epoch 714: loss=0.0065, RMSE_E_per_atom=1.8 meV, RMSE_F=24.8 meV / A
2024-07-29 19:58:13.205 INFO: Epoch 716: loss=0.0065, RMSE_E_per_atom=1.7 meV, RMSE_F=24.8 meV / A
2024-07-29 19:58:41.016 INFO: Epoch 718: loss=0.0064, RMSE_E_per_atom=1.7 meV, RMSE_F=24.7 meV / A
2024-07-29 19:59:08.673 INFO: Epoch 720: loss=0.0064, RMSE_E_per_atom=1.7 meV, RMSE_F=24.6 meV / A
2024-07-29 19:59:36.344 INFO: Epoch 722: loss=0.0064, RMSE_E_per_atom=1.7 meV, RMSE_F=24.6 meV / A
2024-07-29 20:00:04.071 INFO: Epoch 724: loss=0.0063, RMSE_E_per_atom=1.7 meV, RMSE_F=24.5 meV / A
2024-07-29 20:00:31.748 INFO: Epoch 726: loss=0.0063, RMSE_E_per_atom=1.7 meV, RMSE_F=24.5 meV / A
2024-07-29 20:00:59.381 INFO: Epoch 728: loss=0.0063, RMSE_E_per_atom=1.7 meV, RMSE_F=24.4 meV / A
2024-07-29 20:01:27.091 INFO: Epoch 730: loss=0.0063, RMSE_E_per_atom=1.7 meV, RMSE_F=24.4 meV / A
2024-07-29 20:01:54.869 INFO: Epoch 732: loss=0.0062, RMSE_E_per_atom=1.7 meV, RMSE_F=24.3 meV / A
2024-07-29 20:02:22.613 INFO: Epoch 734: loss=0.0064, RMSE_E_per_atom=2.1 meV, RMSE_F=24.3 meV / A
2024-07-29 20:02:50.280 INFO: Epoch 736: loss=0.0063, RMSE_E_per_atom=1.8 meV, RMSE_F=24.3 meV / A
2024-07-29 20:03:17.971 INFO: Epoch 738: loss=0.0062, RMSE_E_per_atom=1.7 meV, RMSE_F=24.3 meV / A
2024-07-29 20:03:45.760 INFO: Epoch 740: loss=0.0062, RMSE_E_per_atom=1.6 meV, RMSE_F=24.2 meV / A
2024-07-29 20:04:13.565 INFO: Epoch 742: loss=0.0061, RMSE_E_per_atom=1.6 meV, RMSE_F=24.2 meV / A
2024-07-29 20:04:41.283 INFO: Epoch 744: loss=0.0061, RMSE_E_per_atom=1.6 meV, RMSE_F=24.1 meV / A
2024-07-29 20:05:08.983 INFO: Epoch 746: loss=0.0061, RMSE_E_per_atom=1.6 meV, RMSE_F=24.1 meV / A
2024-07-29 20:05:36.666 INFO: Epoch 748: loss=0.0060, RMSE_E_per_atom=1.6 meV, RMSE_F=24.0 meV / A
2024-07-29 20:06:04.372 INFO: Epoch 750: loss=0.0061, RMSE_E_per_atom=1.6 meV, RMSE_F=24.0 meV / A
2024-07-29 20:06:32.029 INFO: Epoch 752: loss=0.0061, RMSE_E_per_atom=1.6 meV, RMSE_F=24.0 meV / A
2024-07-29 20:06:59.641 INFO: Epoch 754: loss=0.0060, RMSE_E_per_atom=1.6 meV, RMSE_F=23.9 meV / A
2024-07-29 20:07:27.344 INFO: Epoch 756: loss=0.0060, RMSE_E_per_atom=1.6 meV, RMSE_F=23.8 meV / A
2024-07-29 20:07:55.049 INFO: Epoch 758: loss=0.0060, RMSE_E_per_atom=1.6 meV, RMSE_F=23.8 meV / A
2024-07-29 20:08:22.740 INFO: Epoch 760: loss=0.0060, RMSE_E_per_atom=1.6 meV, RMSE_F=23.8 meV / A
2024-07-29 20:08:50.418 INFO: Epoch 762: loss=0.0059, RMSE_E_per_atom=1.6 meV, RMSE_F=23.7 meV / A
2024-07-29 20:09:18.047 INFO: Epoch 764: loss=0.0059, RMSE_E_per_atom=1.5 meV, RMSE_F=23.7 meV / A
2024-07-29 20:09:45.695 INFO: Epoch 766: loss=0.0059, RMSE_E_per_atom=1.5 meV, RMSE_F=23.6 meV / A
2024-07-29 20:10:13.341 INFO: Epoch 768: loss=0.0059, RMSE_E_per_atom=1.5 meV, RMSE_F=23.6 meV / A
2024-07-29 20:10:40.995 INFO: Epoch 770: loss=0.0058, RMSE_E_per_atom=1.5 meV, RMSE_F=23.6 meV / A
2024-07-29 20:11:08.788 INFO: Epoch 772: loss=0.0058, RMSE_E_per_atom=1.5 meV, RMSE_F=23.5 meV / A
2024-07-29 20:11:36.518 INFO: Epoch 774: loss=0.0058, RMSE_E_per_atom=1.5 meV, RMSE_F=23.4 meV / A
2024-07-29 20:12:04.186 INFO: Epoch 776: loss=0.0058, RMSE_E_per_atom=1.6 meV, RMSE_F=23.5 meV / A
2024-07-29 20:12:31.788 INFO: Epoch 778: loss=0.0058, RMSE_E_per_atom=1.7 meV, RMSE_F=23.5 meV / A
2024-07-29 20:12:59.378 INFO: Epoch 780: loss=0.0058, RMSE_E_per_atom=1.5 meV, RMSE_F=23.5 meV / A
2024-07-29 20:13:26.993 INFO: Epoch 782: loss=0.0058, RMSE_E_per_atom=1.5 meV, RMSE_F=23.4 meV / A
2024-07-29 20:13:54.613 INFO: Epoch 784: loss=0.0058, RMSE_E_per_atom=1.5 meV, RMSE_F=23.4 meV / A
2024-07-29 20:14:22.223 INFO: Epoch 786: loss=0.0057, RMSE_E_per_atom=1.5 meV, RMSE_F=23.3 meV / A
2024-07-29 20:14:49.880 INFO: Epoch 788: loss=0.0057, RMSE_E_per_atom=1.5 meV, RMSE_F=23.3 meV / A
2024-07-29 20:15:17.461 INFO: Epoch 790: loss=0.0057, RMSE_E_per_atom=1.5 meV, RMSE_F=23.2 meV / A
2024-07-29 20:15:45.092 INFO: Epoch 792: loss=0.0057, RMSE_E_per_atom=1.5 meV, RMSE_F=23.2 meV / A
2024-07-29 20:16:12.652 INFO: Epoch 794: loss=0.0056, RMSE_E_per_atom=1.5 meV, RMSE_F=23.1 meV / A
2024-07-29 20:16:40.397 INFO: Epoch 796: loss=0.0056, RMSE_E_per_atom=1.5 meV, RMSE_F=23.2 meV / A
2024-07-29 20:17:07.981 INFO: Epoch 798: loss=0.0056, RMSE_E_per_atom=1.5 meV, RMSE_F=23.1 meV / A
2024-07-29 20:17:35.608 INFO: Epoch 800: loss=0.0056, RMSE_E_per_atom=1.4 meV, RMSE_F=23.0 meV / A
2024-07-29 20:18:03.344 INFO: Epoch 802: loss=0.0055, RMSE_E_per_atom=1.5 meV, RMSE_F=23.0 meV / A
2024-07-29 20:18:30.952 INFO: Epoch 804: loss=0.0056, RMSE_E_per_atom=1.6 meV, RMSE_F=22.9 meV / A
2024-07-29 20:18:58.566 INFO: Epoch 806: loss=0.0055, RMSE_E_per_atom=1.5 meV, RMSE_F=23.0 meV / A
2024-07-29 20:19:27.161 INFO: Epoch 808: loss=0.0055, RMSE_E_per_atom=1.5 meV, RMSE_F=23.0 meV / A
2024-07-29 20:19:55.223 INFO: Epoch 810: loss=0.0055, RMSE_E_per_atom=1.4 meV, RMSE_F=22.9 meV / A
2024-07-29 20:20:22.939 INFO: Epoch 812: loss=0.0055, RMSE_E_per_atom=1.4 meV, RMSE_F=22.9 meV / A
2024-07-29 20:20:50.627 INFO: Epoch 814: loss=0.0055, RMSE_E_per_atom=1.4 meV, RMSE_F=22.8 meV / A
2024-07-29 20:21:18.318 INFO: Epoch 816: loss=0.0054, RMSE_E_per_atom=1.4 meV, RMSE_F=22.8 meV / A
2024-07-29 20:21:45.976 INFO: Epoch 818: loss=0.0054, RMSE_E_per_atom=1.4 meV, RMSE_F=22.8 meV / A
2024-07-29 20:22:13.758 INFO: Epoch 820: loss=0.0054, RMSE_E_per_atom=1.4 meV, RMSE_F=22.8 meV / A
2024-07-29 20:22:41.403 INFO: Epoch 822: loss=0.0054, RMSE_E_per_atom=1.4 meV, RMSE_F=22.7 meV / A
2024-07-29 20:23:09.047 INFO: Epoch 824: loss=0.0054, RMSE_E_per_atom=1.4 meV, RMSE_F=22.6 meV / A
2024-07-29 20:23:36.740 INFO: Epoch 826: loss=0.0053, RMSE_E_per_atom=1.4 meV, RMSE_F=22.6 meV / A
2024-07-29 20:24:04.396 INFO: Epoch 828: loss=0.0055, RMSE_E_per_atom=1.8 meV, RMSE_F=22.6 meV / A
2024-07-29 20:24:31.919 INFO: Epoch 830: loss=0.0053, RMSE_E_per_atom=1.4 meV, RMSE_F=22.6 meV / A
2024-07-29 20:24:59.595 INFO: Epoch 832: loss=0.0053, RMSE_E_per_atom=1.4 meV, RMSE_F=22.5 meV / A
2024-07-29 20:25:27.211 INFO: Epoch 834: loss=0.0053, RMSE_E_per_atom=1.4 meV, RMSE_F=22.5 meV / A
2024-07-29 20:25:54.919 INFO: Epoch 836: loss=0.0053, RMSE_E_per_atom=1.4 meV, RMSE_F=22.5 meV / A
2024-07-29 20:26:22.576 INFO: Epoch 838: loss=0.0052, RMSE_E_per_atom=1.4 meV, RMSE_F=22.4 meV / A
2024-07-29 20:26:50.212 INFO: Epoch 840: loss=0.0052, RMSE_E_per_atom=1.4 meV, RMSE_F=22.3 meV / A
2024-07-29 20:27:17.868 INFO: Epoch 842: loss=0.0052, RMSE_E_per_atom=1.4 meV, RMSE_F=22.3 meV / A
2024-07-29 20:27:45.582 INFO: Epoch 844: loss=0.0052, RMSE_E_per_atom=1.4 meV, RMSE_F=22.4 meV / A
2024-07-29 20:28:13.133 INFO: Epoch 846: loss=0.0052, RMSE_E_per_atom=1.4 meV, RMSE_F=22.3 meV / A
2024-07-29 20:28:40.686 INFO: Epoch 848: loss=0.0052, RMSE_E_per_atom=1.4 meV, RMSE_F=22.2 meV / A
2024-07-29 20:29:08.348 INFO: Epoch 850: loss=0.0052, RMSE_E_per_atom=1.3 meV, RMSE_F=22.2 meV / A
2024-07-29 20:29:36.002 INFO: Epoch 852: loss=0.0051, RMSE_E_per_atom=1.3 meV, RMSE_F=22.2 meV / A
2024-07-29 20:30:03.697 INFO: Epoch 854: loss=0.0051, RMSE_E_per_atom=1.3 meV, RMSE_F=22.2 meV / A
2024-07-29 20:30:31.278 INFO: Epoch 856: loss=0.0051, RMSE_E_per_atom=1.4 meV, RMSE_F=22.1 meV / A
2024-07-29 20:30:58.882 INFO: Epoch 858: loss=0.0051, RMSE_E_per_atom=1.3 meV, RMSE_F=22.1 meV / A
2024-07-29 20:31:26.583 INFO: Epoch 860: loss=0.0051, RMSE_E_per_atom=1.3 meV, RMSE_F=22.1 meV / A
2024-07-29 20:31:54.199 INFO: Epoch 862: loss=0.0051, RMSE_E_per_atom=1.4 meV, RMSE_F=22.1 meV / A
2024-07-29 20:32:21.797 INFO: Epoch 864: loss=0.0051, RMSE_E_per_atom=1.5 meV, RMSE_F=22.1 meV / A
2024-07-29 20:32:49.339 INFO: Epoch 866: loss=0.0052, RMSE_E_per_atom=1.8 meV, RMSE_F=22.1 meV / A
2024-07-29 20:33:17.034 INFO: Epoch 868: loss=0.0052, RMSE_E_per_atom=1.6 meV, RMSE_F=22.1 meV / A
2024-07-29 20:33:44.655 INFO: Epoch 870: loss=0.0052, RMSE_E_per_atom=1.7 meV, RMSE_F=22.1 meV / A
2024-07-29 20:34:12.280 INFO: Epoch 872: loss=0.0052, RMSE_E_per_atom=1.7 meV, RMSE_F=22.0 meV / A
2024-07-29 20:34:39.892 INFO: Epoch 874: loss=0.0050, RMSE_E_per_atom=1.3 meV, RMSE_F=22.0 meV / A
2024-07-29 20:35:07.570 INFO: Epoch 876: loss=0.0050, RMSE_E_per_atom=1.3 meV, RMSE_F=21.9 meV / A
2024-07-29 20:35:35.280 INFO: Epoch 878: loss=0.0050, RMSE_E_per_atom=1.3 meV, RMSE_F=21.9 meV / A
2024-07-29 20:36:02.863 INFO: Epoch 880: loss=0.0050, RMSE_E_per_atom=1.3 meV, RMSE_F=21.9 meV / A
2024-07-29 20:36:30.546 INFO: Epoch 882: loss=0.0050, RMSE_E_per_atom=1.3 meV, RMSE_F=21.8 meV / A
2024-07-29 20:36:58.209 INFO: Epoch 884: loss=0.0050, RMSE_E_per_atom=1.3 meV, RMSE_F=21.9 meV / A
2024-07-29 20:37:25.744 INFO: Epoch 886: loss=0.0050, RMSE_E_per_atom=1.3 meV, RMSE_F=21.8 meV / A
2024-07-29 20:37:53.377 INFO: Epoch 888: loss=0.0049, RMSE_E_per_atom=1.3 meV, RMSE_F=21.8 meV / A
2024-07-29 20:38:21.030 INFO: Epoch 890: loss=0.0049, RMSE_E_per_atom=1.3 meV, RMSE_F=21.8 meV / A
2024-07-29 20:38:48.656 INFO: Epoch 892: loss=0.0049, RMSE_E_per_atom=1.3 meV, RMSE_F=21.8 meV / A
2024-07-29 20:39:16.318 INFO: Epoch 894: loss=0.0049, RMSE_E_per_atom=1.3 meV, RMSE_F=21.6 meV / A
2024-07-29 20:39:43.984 INFO: Epoch 896: loss=0.0049, RMSE_E_per_atom=1.3 meV, RMSE_F=21.7 meV / A
2024-07-29 20:40:11.571 INFO: Epoch 898: loss=0.0049, RMSE_E_per_atom=1.3 meV, RMSE_F=21.8 meV / A
2024-07-29 20:40:39.229 INFO: Epoch 900: loss=0.0049, RMSE_E_per_atom=1.3 meV, RMSE_F=21.7 meV / A
2024-07-29 20:41:06.794 INFO: Epoch 902: loss=0.0049, RMSE_E_per_atom=1.3 meV, RMSE_F=21.6 meV / A
2024-07-29 20:41:34.417 INFO: Epoch 904: loss=0.0049, RMSE_E_per_atom=1.3 meV, RMSE_F=21.6 meV / A
2024-07-29 20:42:02.120 INFO: Epoch 906: loss=0.0049, RMSE_E_per_atom=1.3 meV, RMSE_F=21.6 meV / A
2024-07-29 20:42:29.799 INFO: Epoch 908: loss=0.0048, RMSE_E_per_atom=1.3 meV, RMSE_F=21.5 meV / A
2024-07-29 20:42:57.450 INFO: Epoch 910: loss=0.0048, RMSE_E_per_atom=1.2 meV, RMSE_F=21.5 meV / A
2024-07-29 20:43:25.131 INFO: Epoch 912: loss=0.0048, RMSE_E_per_atom=1.3 meV, RMSE_F=21.4 meV / A
2024-07-29 20:43:52.801 INFO: Epoch 914: loss=0.0048, RMSE_E_per_atom=1.2 meV, RMSE_F=21.5 meV / A
2024-07-29 20:44:20.420 INFO: Epoch 916: loss=0.0048, RMSE_E_per_atom=1.2 meV, RMSE_F=21.4 meV / A
2024-07-29 20:44:48.042 INFO: Epoch 918: loss=0.0047, RMSE_E_per_atom=1.2 meV, RMSE_F=21.4 meV / A
2024-07-29 20:45:15.709 INFO: Epoch 920: loss=0.0047, RMSE_E_per_atom=1.2 meV, RMSE_F=21.4 meV / A
2024-07-29 20:45:43.255 INFO: Epoch 922: loss=0.0047, RMSE_E_per_atom=1.2 meV, RMSE_F=21.4 meV / A
2024-07-29 20:46:10.831 INFO: Epoch 924: loss=0.0047, RMSE_E_per_atom=1.2 meV, RMSE_F=21.4 meV / A
2024-07-29 20:46:38.427 INFO: Epoch 926: loss=0.0047, RMSE_E_per_atom=1.2 meV, RMSE_F=21.3 meV / A
2024-07-29 20:47:06.130 INFO: Epoch 928: loss=0.0047, RMSE_E_per_atom=1.2 meV, RMSE_F=21.3 meV / A
2024-07-29 20:47:33.841 INFO: Epoch 930: loss=0.0047, RMSE_E_per_atom=1.2 meV, RMSE_F=21.2 meV / A
2024-07-29 20:48:01.510 INFO: Epoch 932: loss=0.0047, RMSE_E_per_atom=1.2 meV, RMSE_F=21.3 meV / A
2024-07-29 20:48:29.091 INFO: Epoch 934: loss=0.0047, RMSE_E_per_atom=1.2 meV, RMSE_F=21.3 meV / A
2024-07-29 20:48:56.640 INFO: Epoch 936: loss=0.0047, RMSE_E_per_atom=1.2 meV, RMSE_F=21.2 meV / A
2024-07-29 20:49:24.192 INFO: Epoch 938: loss=0.0046, RMSE_E_per_atom=1.2 meV, RMSE_F=21.2 meV / A
2024-07-29 20:49:51.840 INFO: Epoch 940: loss=0.0046, RMSE_E_per_atom=1.2 meV, RMSE_F=21.2 meV / A
2024-07-29 20:50:19.412 INFO: Epoch 942: loss=0.0046, RMSE_E_per_atom=1.2 meV, RMSE_F=21.1 meV / A
2024-07-29 20:50:47.069 INFO: Epoch 944: loss=0.0046, RMSE_E_per_atom=1.2 meV, RMSE_F=21.1 meV / A
2024-07-29 20:51:14.712 INFO: Epoch 946: loss=0.0046, RMSE_E_per_atom=1.2 meV, RMSE_F=21.1 meV / A
2024-07-29 20:51:42.376 INFO: Epoch 948: loss=0.0046, RMSE_E_per_atom=1.2 meV, RMSE_F=21.1 meV / A
2024-07-29 20:52:09.954 INFO: Epoch 950: loss=0.0046, RMSE_E_per_atom=1.2 meV, RMSE_F=21.0 meV / A
2024-07-29 20:52:37.644 INFO: Epoch 952: loss=0.0046, RMSE_E_per_atom=1.2 meV, RMSE_F=21.1 meV / A
2024-07-29 20:53:05.265 INFO: Epoch 954: loss=0.0046, RMSE_E_per_atom=1.2 meV, RMSE_F=21.0 meV / A
2024-07-29 20:53:32.979 INFO: Epoch 956: loss=0.0046, RMSE_E_per_atom=1.2 meV, RMSE_F=21.0 meV / A
2024-07-29 20:54:00.653 INFO: Epoch 958: loss=0.0046, RMSE_E_per_atom=1.2 meV, RMSE_F=21.0 meV / A
2024-07-29 20:54:28.291 INFO: Epoch 960: loss=0.0045, RMSE_E_per_atom=1.2 meV, RMSE_F=20.9 meV / A
2024-07-29 20:54:55.917 INFO: Epoch 962: loss=0.0046, RMSE_E_per_atom=1.2 meV, RMSE_F=21.0 meV / A
2024-07-29 20:55:23.494 INFO: Epoch 964: loss=0.0045, RMSE_E_per_atom=1.2 meV, RMSE_F=20.9 meV / A
2024-07-29 20:55:51.153 INFO: Epoch 966: loss=0.0045, RMSE_E_per_atom=1.2 meV, RMSE_F=20.8 meV / A
2024-07-29 20:56:18.855 INFO: Epoch 968: loss=0.0045, RMSE_E_per_atom=1.2 meV, RMSE_F=20.8 meV / A
2024-07-29 20:56:46.482 INFO: Epoch 970: loss=0.0045, RMSE_E_per_atom=1.2 meV, RMSE_F=20.8 meV / A
2024-07-29 20:57:14.166 INFO: Epoch 972: loss=0.0045, RMSE_E_per_atom=1.2 meV, RMSE_F=20.8 meV / A
2024-07-29 20:57:41.704 INFO: Epoch 974: loss=0.0045, RMSE_E_per_atom=1.2 meV, RMSE_F=20.8 meV / A
2024-07-29 20:58:09.364 INFO: Epoch 976: loss=0.0045, RMSE_E_per_atom=1.2 meV, RMSE_F=20.7 meV / A
2024-07-29 20:58:36.947 INFO: Epoch 978: loss=0.0044, RMSE_E_per_atom=1.2 meV, RMSE_F=20.7 meV / A
2024-07-29 20:59:04.606 INFO: Epoch 980: loss=0.0045, RMSE_E_per_atom=1.1 meV, RMSE_F=20.7 meV / A
2024-07-29 20:59:32.151 INFO: Epoch 982: loss=0.0045, RMSE_E_per_atom=1.1 meV, RMSE_F=20.7 meV / A
2024-07-29 20:59:59.971 INFO: Epoch 984: loss=0.0044, RMSE_E_per_atom=1.2 meV, RMSE_F=20.7 meV / A
2024-07-29 21:00:27.717 INFO: Epoch 986: loss=0.0044, RMSE_E_per_atom=1.2 meV, RMSE_F=20.7 meV / A
2024-07-29 21:00:55.324 INFO: Epoch 988: loss=0.0044, RMSE_E_per_atom=1.2 meV, RMSE_F=20.6 meV / A
2024-07-29 21:01:23.130 INFO: Epoch 990: loss=0.0044, RMSE_E_per_atom=1.2 meV, RMSE_F=20.6 meV / A
2024-07-29 21:01:50.886 INFO: Epoch 992: loss=0.0044, RMSE_E_per_atom=1.1 meV, RMSE_F=20.6 meV / A
2024-07-29 21:02:18.519 INFO: Epoch 994: loss=0.0044, RMSE_E_per_atom=1.1 meV, RMSE_F=20.6 meV / A
2024-07-29 21:02:46.235 INFO: Epoch 996: loss=0.0044, RMSE_E_per_atom=1.1 meV, RMSE_F=20.6 meV / A
2024-07-29 21:03:14.133 INFO: Epoch 998: loss=0.0044, RMSE_E_per_atom=1.1 meV, RMSE_F=20.5 meV / A
2024-07-29 21:03:27.293 INFO: Training complete
2024-07-29 21:03:27.294 INFO: Computing metrics for training, validation, and test sets
2024-07-29 21:03:27.475 INFO: Loading checkpoint: checkpoints/MACE_run-1_epoch-498.pt
2024-07-29 21:03:27.651 INFO: Loaded model from epoch 498
2024-07-29 21:03:27.651 INFO: Evaluating train ...
2024-07-29 21:03:32.935 INFO: Evaluating valid ...
2024-07-29 21:03:34.553 INFO: Evaluating Default ...
2024-07-29 21:03:36.021 INFO: 
+-------------+---------------------+------------------+-------------------+
| config_type | RMSE E / meV / atom | RMSE F / meV / A | relative F RMSE % |
+-------------+---------------------+------------------+-------------------+
|    train    |         11.3        |       36.3       |        1.28       |
|    valid    |         11.1        |       27.6       |       110.53      |
|   Default   |         11.5        |       32.2       |       129.69      |
+-------------+---------------------+------------------+-------------------+
2024-07-29 21:03:36.021 INFO: Saving model to checkpoints/MACE_run-1.model
2024-07-29 21:03:36.124 INFO: Compiling model, saving metadata to MACE_compiled.model
2024-07-29 21:03:36.947 INFO: Loading checkpoint: checkpoints/MACE_run-1_epoch-998_swa.pt
2024-07-29 21:03:37.001 INFO: Loaded model from epoch 998
2024-07-29 21:03:37.001 INFO: Evaluating train ...
2024-07-29 21:03:42.273 INFO: Evaluating valid ...
2024-07-29 21:03:43.720 INFO: Evaluating Default ...
2024-07-29 21:03:45.160 INFO: 
+-------------+---------------------+------------------+-------------------+
| config_type | RMSE E / meV / atom | RMSE F / meV / A | relative F RMSE % |
+-------------+---------------------+------------------+-------------------+
|    train    |         1.1         |       23.2       |        0.82       |
|    valid    |         1.1         |       20.5       |       82.04       |
|   Default   |         1.5         |       24.6       |       99.07       |
+-------------+---------------------+------------------+-------------------+
2024-07-29 21:03:45.160 INFO: Saving model to checkpoints/MACE_run-1_swa.model
2024-07-29 21:03:45.245 INFO: Compiling model, saving metadata MACE_swa_compiled.model
2024-07-29 21:03:45.878 INFO: Done
