2024-04-01 00:13:43.942 INFO: MACE version: 0.3.0
2024-04-01 00:13:43.943 INFO: Configuration: Namespace(name='MACE', seed=0, log_dir='logs', model_dir='.', checkpoints_dir='checkpoints', results_dir='results', downloads_dir='downloads', device='cuda', default_dtype='float64', log_level='INFO', error_table='PerAtomRMSE', model='MACE', r_max=5.0, radial_type='bessel', num_radial_basis=8, num_cutoff_basis=5, interaction='RealAgnosticResidualInteractionBlock', interaction_first='RealAgnosticResidualInteractionBlock', max_ell=3, correlation=3, num_interactions=2, MLP_irreps='16x0e', radial_MLP='[64, 64, 64]', hidden_irreps='128x0e + 128x1o', num_channels=None, max_L=None, gate='silu', scaling='rms_forces_scaling', avg_num_neighbors=1, compute_avg_num_neighbors=True, compute_stress=False, compute_forces=True, train_file='train.xyz', valid_file=None, valid_fraction=0.1, test_file='test.xyz', E0s=None, energy_key='mp2_energy', forces_key='mp2_forces', virials_key='virials', stress_key='stress', dipole_key='dipole', charges_key='charges', loss='weighted', forces_weight=100.0, swa_forces_weight=100.0, energy_weight=1.0, swa_energy_weight=1000.0, virials_weight=1.0, swa_virials_weight=10.0, stress_weight=1.0, swa_stress_weight=10.0, dipole_weight=1.0, swa_dipole_weight=1.0, config_type_weights='{"Default":1.0}', huber_delta=0.01, optimizer='adam', batch_size=10, valid_batch_size=10, lr=0.01, swa_lr=0.001, weight_decay=5e-07, amsgrad=True, scheduler='ReduceLROnPlateau', lr_factor=0.8, scheduler_patience=50, lr_scheduler_gamma=0.9993, swa=True, start_swa=500, ema=True, ema_decay=0.99, max_num_epochs=1000, patience=2048, eval_interval=2, keep_checkpoints=False, restart_latest=True, save_cpu=True, clip_grad=10.0, wandb=False, wandb_project='', wandb_entity='', wandb_name='', wandb_log_hypers=['num_channels', 'max_L', 'correlation', 'lr', 'swa_lr', 'weight_decay', 'batch_size', 'max_num_epochs', 'start_swa', 'energy_weight', 'forces_weight'])
2024-04-01 00:13:44.107 INFO: CUDA version: 11.8, CUDA device: 0
2024-04-01 00:13:46.337 INFO: Using isolated atom energies from training file
2024-04-01 00:13:46.409 INFO: Loaded 4533 training configurations from 'train.xyz'
2024-04-01 00:13:46.412 INFO: Using random 10.0% of training set for validation
2024-04-01 00:13:48.431 INFO: Loaded 4466 test configurations from 'test.xyz'
2024-04-01 00:13:48.432 INFO: Total number of configurations: train=4080, valid=453, tests=[Default: 4466]
2024-04-01 00:13:48.442 INFO: AtomicNumberTable: (1, 6, 7, 8, 9, 17, 35)
2024-04-01 00:13:48.442 INFO: Atomic energies: [-13.600517821508213, -1027.0944977126558, -1482.3418207392756, -2038.6266391088182, -2710.614457364674, -12509.081471993437, -70007.06718971694]
2024-04-01 00:13:50.550 INFO: WeightedEnergyForcesLoss(energy_weight=1.000, forces_weight=100.000)
2024-04-01 00:13:51.040 INFO: Average number of neighbors: 13.387767026999159
2024-04-01 00:13:51.040 INFO: Selected the following outputs: {'energy': True, 'forces': True, 'virials': False, 'stress': False, 'dipoles': False}
2024-04-01 00:13:51.040 INFO: Building model
2024-04-01 00:13:51.040 INFO: Hidden irreps: 128x0e + 128x1o
2024-04-01 00:13:53.043 INFO: Using stochastic weight averaging (after 500 epochs) with energy weight : 1000.0, forces weight : 100.0 and learning rate : 0.001
2024-04-01 00:13:53.118 WARNING: Cannot find checkpoint with tag 'MACE_run-0' in 'checkpoints'
2024-04-01 00:13:53.119 INFO: ScaleShiftMACE(
  (node_embedding): LinearNodeEmbeddingBlock(
    (linear): Linear(7x0e -> 128x0e | 896 weights)
  )
  (radial_embedding): RadialEmbeddingBlock(
    (bessel_fn): BesselBasis(r_max=5.0, num_basis=8, trainable=False)
    (cutoff_fn): PolynomialCutoff(p=5.0, r_max=5.0)
  )
  (spherical_harmonics): SphericalHarmonics()
  (atomic_energies_fn): AtomicEnergiesBlock(energies=[-13.6005, -1027.0945, -1482.3418, -2038.6266, -2710.6145, -12509.0815, -70007.0672])
  (interactions): ModuleList(
    (0): RealAgnosticInteractionBlock(
      (linear_up): Linear(128x0e -> 128x0e | 16384 weights)
      (conv_tp): TensorProduct(128x0e x 1x0e+1x1o+1x2e+1x3o -> 128x0e+128x1o+128x2e+128x3o | 512 paths | 512 weights)
      (conv_tp_weights): FullyConnectedNet[8, 64, 64, 64, 512]
      (linear): Linear(128x0e+128x1o+128x2e+128x3o -> 128x0e+128x1o+128x2e+128x3o | 65536 weights)
      (skip_tp): FullyConnectedTensorProduct(128x0e+128x1o+128x2e+128x3o x 7x0e -> 128x0e+128x1o+128x2e+128x3o | 458752 paths | 458752 weights)
      (reshape): reshape_irreps()
    )
    (1): RealAgnosticResidualInteractionBlock(
      (linear_up): Linear(128x0e+128x1o -> 128x0e+128x1o | 32768 weights)
      (conv_tp): TensorProduct(128x0e+128x1o x 1x0e+1x1o+1x2e+1x3o -> 256x0e+384x1o+384x2e+256x3o | 1280 paths | 1280 weights)
      (conv_tp_weights): FullyConnectedNet[8, 64, 64, 64, 1280]
      (linear): Linear(256x0e+384x1o+384x2e+256x3o -> 128x0e+128x1o+128x2e+128x3o | 163840 weights)
      (skip_tp): FullyConnectedTensorProduct(128x0e+128x1o x 7x0e -> 128x0e | 114688 paths | 114688 weights)
      (reshape): reshape_irreps()
    )
  )
  (products): ModuleList(
    (0): EquivariantProductBasisBlock(
      (symmetric_contractions): SymmetricContraction(
        (contractions): ModuleList(
          (0): Contraction(
            (contractions_weighting): ModuleList(
              (0-1): 2 x GraphModule()
            )
            (contractions_features): ModuleList(
              (0-1): 2 x GraphModule()
            )
            (weights): ParameterList(
                (0): Parameter containing: [torch.float64 of size 7x4x128 (GPU 0)]
                (1): Parameter containing: [torch.float64 of size 7x1x128 (GPU 0)]
            )
            (graph_opt_main): GraphModule()
          )
          (1): Contraction(
            (contractions_weighting): ModuleList(
              (0-1): 2 x GraphModule()
            )
            (contractions_features): ModuleList(
              (0-1): 2 x GraphModule()
            )
            (weights): ParameterList(
                (0): Parameter containing: [torch.float64 of size 7x6x128 (GPU 0)]
                (1): Parameter containing: [torch.float64 of size 7x1x128 (GPU 0)]
            )
            (graph_opt_main): GraphModule()
          )
        )
      )
      (linear): Linear(128x0e+128x1o -> 128x0e+128x1o | 32768 weights)
    )
    (1): EquivariantProductBasisBlock(
      (symmetric_contractions): SymmetricContraction(
        (contractions): ModuleList(
          (0): Contraction(
            (contractions_weighting): ModuleList(
              (0-1): 2 x GraphModule()
            )
            (contractions_features): ModuleList(
              (0-1): 2 x GraphModule()
            )
            (weights): ParameterList(
                (0): Parameter containing: [torch.float64 of size 7x4x128 (GPU 0)]
                (1): Parameter containing: [torch.float64 of size 7x1x128 (GPU 0)]
            )
            (graph_opt_main): GraphModule()
          )
        )
      )
      (linear): Linear(128x0e -> 128x0e | 16384 weights)
    )
  )
  (readouts): ModuleList(
    (0): LinearReadoutBlock(
      (linear): Linear(128x0e+128x1o -> 1x0e | 128 weights)
    )
    (1): NonLinearReadoutBlock(
      (linear_1): Linear(128x0e -> 16x0e | 2048 weights)
      (non_linearity): Activation [x] (16x0e -> 16x0e)
      (linear_2): Linear(16x0e -> 1x0e | 16 weights)
    )
  )
  (scale_shift): ScaleShiftBlock(scale=0.163822, shift=0.000000)
)
2024-04-01 00:13:53.121 INFO: Number of parameters: 1138448
2024-04-01 00:13:53.121 INFO: Optimizer: Adam (
Parameter Group 0
    amsgrad: True
    betas: (0.9, 0.999)
    capturable: False
    differentiable: False
    eps: 1e-08
    foreach: None
    fused: None
    initial_lr: 0.01
    lr: 0.01
    maximize: False
    name: embedding
    swa_lr: 0.001
    weight_decay: 0.0

Parameter Group 1
    amsgrad: True
    betas: (0.9, 0.999)
    capturable: False
    differentiable: False
    eps: 1e-08
    foreach: None
    fused: None
    initial_lr: 0.01
    lr: 0.01
    maximize: False
    name: interactions_decay
    swa_lr: 0.001
    weight_decay: 5e-07

Parameter Group 2
    amsgrad: True
    betas: (0.9, 0.999)
    capturable: False
    differentiable: False
    eps: 1e-08
    foreach: None
    fused: None
    initial_lr: 0.01
    lr: 0.01
    maximize: False
    name: interactions_no_decay
    swa_lr: 0.001
    weight_decay: 0.0

Parameter Group 3
    amsgrad: True
    betas: (0.9, 0.999)
    capturable: False
    differentiable: False
    eps: 1e-08
    foreach: None
    fused: None
    initial_lr: 0.01
    lr: 0.01
    maximize: False
    name: products
    swa_lr: 0.001
    weight_decay: 5e-07

Parameter Group 4
    amsgrad: True
    betas: (0.9, 0.999)
    capturable: False
    differentiable: False
    eps: 1e-08
    foreach: None
    fused: None
    initial_lr: 0.01
    lr: 0.01
    maximize: False
    name: readouts
    swa_lr: 0.001
    weight_decay: 0.0
)
2024-04-01 00:13:53.121 INFO: Using gradient clipping with tolerance=10.000
2024-04-01 00:13:53.121 INFO: Started training
2024-04-01 00:14:33.752 INFO: Epoch 0: loss=0.8132, RMSE_E_per_atom=287.3 meV, RMSE_F=86.1 meV / A
2024-04-01 00:15:21.777 INFO: Epoch 2: loss=0.3586, RMSE_E_per_atom=255.9 meV, RMSE_F=54.5 meV / A
2024-04-01 00:16:08.656 INFO: Epoch 4: loss=0.2969, RMSE_E_per_atom=245.0 meV, RMSE_F=49.1 meV / A
2024-04-01 00:16:55.053 INFO: Epoch 6: loss=0.2283, RMSE_E_per_atom=231.8 meV, RMSE_F=42.2 meV / A
2024-04-01 00:17:41.049 INFO: Epoch 8: loss=0.2176, RMSE_E_per_atom=222.0 meV, RMSE_F=41.5 meV / A
2024-04-01 00:18:27.148 INFO: Epoch 10: loss=0.2185, RMSE_E_per_atom=215.0 meV, RMSE_F=42.1 meV / A
2024-04-01 00:19:13.348 INFO: Epoch 12: loss=0.2168, RMSE_E_per_atom=208.4 meV, RMSE_F=42.3 meV / A
2024-04-01 00:19:59.782 INFO: Epoch 14: loss=0.2261, RMSE_E_per_atom=201.7 meV, RMSE_F=43.8 meV / A
2024-04-01 00:20:46.185 INFO: Epoch 16: loss=0.2203, RMSE_E_per_atom=196.6 meV, RMSE_F=43.4 meV / A
2024-04-01 00:21:32.017 INFO: Epoch 18: loss=0.2221, RMSE_E_per_atom=188.8 meV, RMSE_F=44.0 meV / A
2024-04-01 00:22:18.030 INFO: Epoch 20: loss=0.2287, RMSE_E_per_atom=179.4 meV, RMSE_F=45.2 meV / A
2024-04-01 00:23:04.090 INFO: Epoch 22: loss=0.2291, RMSE_E_per_atom=173.1 meV, RMSE_F=45.5 meV / A
2024-04-01 00:23:50.285 INFO: Epoch 24: loss=0.2272, RMSE_E_per_atom=156.8 meV, RMSE_F=45.9 meV / A
2024-04-01 00:24:36.540 INFO: Epoch 26: loss=0.2265, RMSE_E_per_atom=139.4 meV, RMSE_F=46.5 meV / A
2024-04-01 00:25:22.652 INFO: Epoch 28: loss=0.2203, RMSE_E_per_atom=123.6 meV, RMSE_F=46.2 meV / A
2024-04-01 00:26:08.697 INFO: Epoch 30: loss=0.2192, RMSE_E_per_atom=105.8 meV, RMSE_F=46.6 meV / A
2024-04-01 00:26:54.495 INFO: Epoch 32: loss=0.2224, RMSE_E_per_atom=90.3 meV, RMSE_F=47.3 meV / A
2024-04-01 00:27:40.364 INFO: Epoch 34: loss=0.2157, RMSE_E_per_atom=85.9 meV, RMSE_F=46.6 meV / A
2024-04-01 00:28:26.330 INFO: Epoch 36: loss=0.2178, RMSE_E_per_atom=68.1 meV, RMSE_F=47.2 meV / A
2024-04-01 00:29:12.432 INFO: Epoch 38: loss=0.2272, RMSE_E_per_atom=109.2 meV, RMSE_F=47.4 meV / A
2024-04-01 00:29:58.757 INFO: Epoch 40: loss=0.2173, RMSE_E_per_atom=69.1 meV, RMSE_F=47.1 meV / A
2024-04-01 00:30:45.085 INFO: Epoch 42: loss=0.2296, RMSE_E_per_atom=59.1 meV, RMSE_F=48.6 meV / A
2024-04-01 00:31:31.342 INFO: Epoch 44: loss=0.2169, RMSE_E_per_atom=58.3 meV, RMSE_F=47.3 meV / A
2024-04-01 00:32:17.107 INFO: Epoch 46: loss=0.2178, RMSE_E_per_atom=55.0 meV, RMSE_F=47.4 meV / A
2024-04-01 00:33:03.480 INFO: Epoch 48: loss=0.2041, RMSE_E_per_atom=53.3 meV, RMSE_F=45.9 meV / A
2024-04-01 00:33:49.342 INFO: Epoch 50: loss=0.2060, RMSE_E_per_atom=51.9 meV, RMSE_F=46.1 meV / A
2024-04-01 00:34:34.987 INFO: Epoch 52: loss=0.2015, RMSE_E_per_atom=50.2 meV, RMSE_F=45.6 meV / A
2024-04-01 00:35:20.868 INFO: Epoch 54: loss=0.2042, RMSE_E_per_atom=51.3 meV, RMSE_F=45.9 meV / A
2024-04-01 00:36:06.846 INFO: Epoch 56: loss=0.2108, RMSE_E_per_atom=48.8 meV, RMSE_F=46.7 meV / A
2024-04-01 00:36:52.539 INFO: Epoch 58: loss=0.2102, RMSE_E_per_atom=46.9 meV, RMSE_F=46.7 meV / A
2024-04-01 00:37:38.428 INFO: Epoch 60: loss=0.1953, RMSE_E_per_atom=48.0 meV, RMSE_F=44.9 meV / A
2024-04-01 00:38:26.692 INFO: Epoch 62: loss=0.2011, RMSE_E_per_atom=48.9 meV, RMSE_F=45.6 meV / A
2024-04-01 00:39:12.446 INFO: Epoch 64: loss=0.1966, RMSE_E_per_atom=46.6 meV, RMSE_F=45.1 meV / A
2024-04-01 00:39:58.297 INFO: Epoch 66: loss=0.1999, RMSE_E_per_atom=45.1 meV, RMSE_F=45.5 meV / A
2024-04-01 00:40:44.312 INFO: Epoch 68: loss=0.1985, RMSE_E_per_atom=44.6 meV, RMSE_F=45.4 meV / A
2024-04-01 00:41:30.218 INFO: Epoch 70: loss=0.2047, RMSE_E_per_atom=44.8 meV, RMSE_F=46.1 meV / A
2024-04-01 00:42:15.712 INFO: Epoch 72: loss=0.2049, RMSE_E_per_atom=42.2 meV, RMSE_F=46.1 meV / A
2024-04-01 00:43:01.501 INFO: Epoch 74: loss=0.1921, RMSE_E_per_atom=42.7 meV, RMSE_F=44.6 meV / A
2024-04-01 00:43:47.265 INFO: Epoch 76: loss=0.1903, RMSE_E_per_atom=42.7 meV, RMSE_F=44.4 meV / A
2024-04-01 00:44:33.095 INFO: Epoch 78: loss=0.1878, RMSE_E_per_atom=41.3 meV, RMSE_F=44.1 meV / A
2024-04-01 00:45:18.864 INFO: Epoch 80: loss=0.1925, RMSE_E_per_atom=40.5 meV, RMSE_F=44.7 meV / A
2024-04-01 00:46:04.642 INFO: Epoch 82: loss=0.1962, RMSE_E_per_atom=40.1 meV, RMSE_F=45.2 meV / A
2024-04-01 00:46:49.639 INFO: Epoch 84: loss=0.1884, RMSE_E_per_atom=40.7 meV, RMSE_F=44.2 meV / A
2024-04-01 00:47:34.866 INFO: Epoch 86: loss=0.1956, RMSE_E_per_atom=38.5 meV, RMSE_F=45.1 meV / A
2024-04-01 00:48:20.186 INFO: Epoch 88: loss=0.1962, RMSE_E_per_atom=39.3 meV, RMSE_F=45.1 meV / A
2024-04-01 00:49:05.330 INFO: Epoch 90: loss=0.1939, RMSE_E_per_atom=38.9 meV, RMSE_F=44.9 meV / A
2024-04-01 00:49:50.708 INFO: Epoch 92: loss=0.1721, RMSE_E_per_atom=39.4 meV, RMSE_F=42.2 meV / A
2024-04-01 00:50:36.231 INFO: Epoch 94: loss=0.1804, RMSE_E_per_atom=38.6 meV, RMSE_F=43.3 meV / A
2024-04-01 00:51:21.385 INFO: Epoch 96: loss=0.1816, RMSE_E_per_atom=37.5 meV, RMSE_F=43.4 meV / A
2024-04-01 00:52:06.817 INFO: Epoch 98: loss=0.1841, RMSE_E_per_atom=37.1 meV, RMSE_F=43.7 meV / A
2024-04-01 00:52:52.354 INFO: Epoch 100: loss=0.1864, RMSE_E_per_atom=36.6 meV, RMSE_F=44.0 meV / A
2024-04-01 00:53:37.962 INFO: Epoch 102: loss=0.1842, RMSE_E_per_atom=36.6 meV, RMSE_F=43.8 meV / A
2024-04-01 00:54:23.180 INFO: Epoch 104: loss=0.1908, RMSE_E_per_atom=36.1 meV, RMSE_F=44.6 meV / A
2024-04-01 00:55:08.613 INFO: Epoch 106: loss=0.1857, RMSE_E_per_atom=36.6 meV, RMSE_F=43.9 meV / A
2024-04-01 00:55:53.260 INFO: Epoch 108: loss=0.1896, RMSE_E_per_atom=35.9 meV, RMSE_F=44.4 meV / A
2024-04-01 00:56:38.343 INFO: Epoch 110: loss=0.1793, RMSE_E_per_atom=36.5 meV, RMSE_F=43.2 meV / A
2024-04-01 00:57:23.408 INFO: Epoch 112: loss=0.1766, RMSE_E_per_atom=35.8 meV, RMSE_F=42.8 meV / A
2024-04-01 00:58:08.309 INFO: Epoch 114: loss=0.1786, RMSE_E_per_atom=34.6 meV, RMSE_F=43.1 meV / A
2024-04-01 00:58:53.701 INFO: Epoch 116: loss=0.1756, RMSE_E_per_atom=34.4 meV, RMSE_F=42.7 meV / A
2024-04-01 00:59:38.422 INFO: Epoch 118: loss=0.1743, RMSE_E_per_atom=34.0 meV, RMSE_F=42.6 meV / A
2024-04-01 01:00:23.917 INFO: Epoch 120: loss=0.1732, RMSE_E_per_atom=35.0 meV, RMSE_F=42.4 meV / A
2024-04-01 01:01:09.349 INFO: Epoch 122: loss=0.1757, RMSE_E_per_atom=34.3 meV, RMSE_F=42.7 meV / A
2024-04-01 01:01:54.367 INFO: Epoch 124: loss=0.1744, RMSE_E_per_atom=33.4 meV, RMSE_F=42.6 meV / A
2024-04-01 01:02:39.812 INFO: Epoch 126: loss=0.1722, RMSE_E_per_atom=32.5 meV, RMSE_F=42.3 meV / A
2024-04-01 01:03:25.152 INFO: Epoch 128: loss=0.1728, RMSE_E_per_atom=33.2 meV, RMSE_F=42.4 meV / A
2024-04-01 01:04:10.612 INFO: Epoch 130: loss=0.1747, RMSE_E_per_atom=32.7 meV, RMSE_F=42.6 meV / A
2024-04-01 01:04:55.906 INFO: Epoch 132: loss=0.1694, RMSE_E_per_atom=32.6 meV, RMSE_F=42.0 meV / A
2024-04-01 01:05:41.619 INFO: Epoch 134: loss=0.1704, RMSE_E_per_atom=32.7 meV, RMSE_F=42.1 meV / A
2024-04-01 01:06:26.892 INFO: Epoch 136: loss=0.1664, RMSE_E_per_atom=32.6 meV, RMSE_F=41.6 meV / A
2024-04-01 01:07:11.885 INFO: Epoch 138: loss=0.1704, RMSE_E_per_atom=31.6 meV, RMSE_F=42.1 meV / A
2024-04-01 01:07:57.015 INFO: Epoch 140: loss=0.1738, RMSE_E_per_atom=32.1 meV, RMSE_F=42.5 meV / A
2024-04-01 01:08:42.228 INFO: Epoch 142: loss=0.1759, RMSE_E_per_atom=31.6 meV, RMSE_F=42.8 meV / A
2024-04-01 01:09:27.939 INFO: Epoch 144: loss=0.1725, RMSE_E_per_atom=30.9 meV, RMSE_F=42.4 meV / A
2024-04-01 01:10:13.216 INFO: Epoch 146: loss=0.1742, RMSE_E_per_atom=31.5 meV, RMSE_F=42.6 meV / A
2024-04-01 01:10:58.297 INFO: Epoch 148: loss=0.1702, RMSE_E_per_atom=31.3 meV, RMSE_F=42.1 meV / A
2024-04-01 01:11:43.467 INFO: Epoch 150: loss=0.1708, RMSE_E_per_atom=30.3 meV, RMSE_F=42.2 meV / A
2024-04-01 01:12:28.319 INFO: Epoch 152: loss=0.1726, RMSE_E_per_atom=29.9 meV, RMSE_F=42.4 meV / A
2024-04-01 01:13:14.026 INFO: Epoch 154: loss=0.1800, RMSE_E_per_atom=31.4 meV, RMSE_F=43.3 meV / A
2024-04-01 01:13:59.370 INFO: Epoch 156: loss=0.1752, RMSE_E_per_atom=30.9 meV, RMSE_F=42.7 meV / A
2024-04-01 01:14:44.960 INFO: Epoch 158: loss=0.1791, RMSE_E_per_atom=29.7 meV, RMSE_F=43.2 meV / A
2024-04-01 01:15:30.324 INFO: Epoch 160: loss=0.1734, RMSE_E_per_atom=30.0 meV, RMSE_F=42.5 meV / A
2024-04-01 01:16:15.326 INFO: Epoch 162: loss=0.1727, RMSE_E_per_atom=30.5 meV, RMSE_F=42.4 meV / A
2024-04-01 01:17:00.535 INFO: Epoch 164: loss=0.1720, RMSE_E_per_atom=29.9 meV, RMSE_F=42.3 meV / A
2024-04-01 01:17:45.822 INFO: Epoch 166: loss=0.1699, RMSE_E_per_atom=29.1 meV, RMSE_F=42.1 meV / A
2024-04-01 01:18:31.426 INFO: Epoch 168: loss=0.1743, RMSE_E_per_atom=28.8 meV, RMSE_F=42.6 meV / A
2024-04-01 01:19:16.442 INFO: Epoch 170: loss=0.1736, RMSE_E_per_atom=28.1 meV, RMSE_F=42.6 meV / A
2024-04-01 01:20:01.343 INFO: Epoch 172: loss=0.1699, RMSE_E_per_atom=28.9 meV, RMSE_F=42.1 meV / A
2024-04-01 01:20:46.758 INFO: Epoch 174: loss=0.1723, RMSE_E_per_atom=29.1 meV, RMSE_F=42.4 meV / A
2024-04-01 01:21:31.974 INFO: Epoch 176: loss=0.1717, RMSE_E_per_atom=28.5 meV, RMSE_F=42.3 meV / A
2024-04-01 01:22:17.545 INFO: Epoch 178: loss=0.1663, RMSE_E_per_atom=28.1 meV, RMSE_F=41.6 meV / A
2024-04-01 01:23:03.077 INFO: Epoch 180: loss=0.1672, RMSE_E_per_atom=28.2 meV, RMSE_F=41.7 meV / A
2024-04-01 01:23:48.390 INFO: Epoch 182: loss=0.1616, RMSE_E_per_atom=28.8 meV, RMSE_F=41.0 meV / A
2024-04-01 01:24:33.700 INFO: Epoch 184: loss=0.1640, RMSE_E_per_atom=28.7 meV, RMSE_F=41.3 meV / A
2024-04-01 01:25:22.785 INFO: Epoch 186: loss=0.1673, RMSE_E_per_atom=27.8 meV, RMSE_F=41.8 meV / A
2024-04-01 01:26:07.834 INFO: Epoch 188: loss=0.1711, RMSE_E_per_atom=27.3 meV, RMSE_F=42.3 meV / A
2024-04-01 01:26:53.380 INFO: Epoch 190: loss=0.1715, RMSE_E_per_atom=27.5 meV, RMSE_F=42.3 meV / A
2024-04-01 01:27:38.910 INFO: Epoch 192: loss=0.1729, RMSE_E_per_atom=27.2 meV, RMSE_F=42.5 meV / A
2024-04-01 01:28:24.160 INFO: Epoch 194: loss=0.1699, RMSE_E_per_atom=26.9 meV, RMSE_F=42.1 meV / A
2024-04-01 01:29:09.641 INFO: Epoch 196: loss=0.1697, RMSE_E_per_atom=27.4 meV, RMSE_F=42.1 meV / A
2024-04-01 01:29:54.500 INFO: Epoch 198: loss=0.1714, RMSE_E_per_atom=27.0 meV, RMSE_F=42.3 meV / A
2024-04-01 01:30:39.734 INFO: Epoch 200: loss=0.1665, RMSE_E_per_atom=27.1 meV, RMSE_F=41.7 meV / A
2024-04-01 01:31:24.639 INFO: Epoch 202: loss=0.1699, RMSE_E_per_atom=27.0 meV, RMSE_F=42.1 meV / A
2024-04-01 01:32:09.604 INFO: Epoch 204: loss=0.1658, RMSE_E_per_atom=26.6 meV, RMSE_F=41.6 meV / A
2024-04-01 01:32:54.982 INFO: Epoch 206: loss=0.1688, RMSE_E_per_atom=26.6 meV, RMSE_F=42.0 meV / A
2024-04-01 01:33:40.477 INFO: Epoch 208: loss=0.1683, RMSE_E_per_atom=26.7 meV, RMSE_F=41.9 meV / A
2024-04-01 01:34:25.941 INFO: Epoch 210: loss=0.1687, RMSE_E_per_atom=26.8 meV, RMSE_F=42.0 meV / A
2024-04-01 01:35:11.635 INFO: Epoch 212: loss=0.1652, RMSE_E_per_atom=26.4 meV, RMSE_F=41.5 meV / A
2024-04-01 01:35:57.433 INFO: Epoch 214: loss=0.1642, RMSE_E_per_atom=26.8 meV, RMSE_F=41.4 meV / A
2024-04-01 01:36:42.534 INFO: Epoch 216: loss=0.1644, RMSE_E_per_atom=26.1 meV, RMSE_F=41.4 meV / A
2024-04-01 01:37:27.635 INFO: Epoch 218: loss=0.1647, RMSE_E_per_atom=26.1 meV, RMSE_F=41.5 meV / A
2024-04-01 01:38:12.543 INFO: Epoch 220: loss=0.1693, RMSE_E_per_atom=26.3 meV, RMSE_F=42.0 meV / A
2024-04-01 01:38:57.718 INFO: Epoch 222: loss=0.1656, RMSE_E_per_atom=25.7 meV, RMSE_F=41.6 meV / A
2024-04-01 01:39:43.201 INFO: Epoch 224: loss=0.1666, RMSE_E_per_atom=25.8 meV, RMSE_F=41.7 meV / A
2024-04-01 01:40:28.893 INFO: Epoch 226: loss=0.1710, RMSE_E_per_atom=25.5 meV, RMSE_F=42.3 meV / A
2024-04-01 01:41:14.479 INFO: Epoch 228: loss=0.1666, RMSE_E_per_atom=25.9 meV, RMSE_F=41.7 meV / A
2024-04-01 01:41:59.986 INFO: Epoch 230: loss=0.1648, RMSE_E_per_atom=25.6 meV, RMSE_F=41.5 meV / A
2024-04-01 01:42:45.269 INFO: Epoch 232: loss=0.1656, RMSE_E_per_atom=25.5 meV, RMSE_F=41.6 meV / A
2024-04-01 01:43:30.724 INFO: Epoch 234: loss=0.1674, RMSE_E_per_atom=24.9 meV, RMSE_F=41.8 meV / A
2024-04-01 01:44:16.556 INFO: Epoch 236: loss=0.1672, RMSE_E_per_atom=23.8 meV, RMSE_F=41.8 meV / A
2024-04-01 01:45:02.153 INFO: Epoch 238: loss=0.1667, RMSE_E_per_atom=23.0 meV, RMSE_F=41.8 meV / A
2024-04-01 01:45:47.491 INFO: Epoch 240: loss=0.1650, RMSE_E_per_atom=22.6 meV, RMSE_F=41.6 meV / A
2024-04-01 01:46:32.594 INFO: Epoch 242: loss=0.1678, RMSE_E_per_atom=22.4 meV, RMSE_F=41.9 meV / A
2024-04-01 01:47:17.650 INFO: Epoch 244: loss=0.1692, RMSE_E_per_atom=21.8 meV, RMSE_F=42.1 meV / A
2024-04-01 01:48:02.766 INFO: Epoch 246: loss=0.1713, RMSE_E_per_atom=21.9 meV, RMSE_F=42.4 meV / A
2024-04-01 01:48:48.232 INFO: Epoch 248: loss=0.1698, RMSE_E_per_atom=22.1 meV, RMSE_F=42.2 meV / A
2024-04-01 01:49:33.732 INFO: Epoch 250: loss=0.1697, RMSE_E_per_atom=21.9 meV, RMSE_F=42.2 meV / A
2024-04-01 01:50:19.435 INFO: Epoch 252: loss=0.1683, RMSE_E_per_atom=21.7 meV, RMSE_F=42.0 meV / A
2024-04-01 01:51:04.896 INFO: Epoch 254: loss=0.1683, RMSE_E_per_atom=22.6 meV, RMSE_F=42.0 meV / A
2024-04-01 01:51:50.399 INFO: Epoch 256: loss=0.1717, RMSE_E_per_atom=21.9 meV, RMSE_F=42.4 meV / A
2024-04-01 01:52:36.080 INFO: Epoch 258: loss=0.1714, RMSE_E_per_atom=21.8 meV, RMSE_F=42.4 meV / A
2024-04-01 01:53:21.930 INFO: Epoch 260: loss=0.1719, RMSE_E_per_atom=21.6 meV, RMSE_F=42.4 meV / A
2024-04-01 01:54:07.186 INFO: Epoch 262: loss=0.1702, RMSE_E_per_atom=21.3 meV, RMSE_F=42.2 meV / A
2024-04-01 01:54:52.390 INFO: Epoch 264: loss=0.1676, RMSE_E_per_atom=21.4 meV, RMSE_F=41.9 meV / A
2024-04-01 01:55:37.568 INFO: Epoch 266: loss=0.1673, RMSE_E_per_atom=21.5 meV, RMSE_F=41.9 meV / A
2024-04-01 01:56:22.683 INFO: Epoch 268: loss=0.1688, RMSE_E_per_atom=21.6 meV, RMSE_F=42.1 meV / A
2024-04-01 01:57:07.850 INFO: Epoch 270: loss=0.1641, RMSE_E_per_atom=21.2 meV, RMSE_F=41.5 meV / A
2024-04-01 01:57:53.502 INFO: Epoch 272: loss=0.1687, RMSE_E_per_atom=21.9 meV, RMSE_F=42.0 meV / A
2024-04-01 01:58:39.145 INFO: Epoch 274: loss=0.1638, RMSE_E_per_atom=21.3 meV, RMSE_F=41.4 meV / A
2024-04-01 01:59:24.403 INFO: Epoch 276: loss=0.1678, RMSE_E_per_atom=21.2 meV, RMSE_F=41.9 meV / A
2024-04-01 02:00:10.048 INFO: Epoch 278: loss=0.1619, RMSE_E_per_atom=21.3 meV, RMSE_F=41.2 meV / A
2024-04-01 02:00:55.513 INFO: Epoch 280: loss=0.1600, RMSE_E_per_atom=21.4 meV, RMSE_F=40.9 meV / A
2024-04-01 02:01:40.829 INFO: Epoch 282: loss=0.1579, RMSE_E_per_atom=21.6 meV, RMSE_F=40.7 meV / A
2024-04-01 02:02:26.651 INFO: Epoch 284: loss=0.1630, RMSE_E_per_atom=21.5 meV, RMSE_F=41.3 meV / A
2024-04-01 02:03:12.379 INFO: Epoch 286: loss=0.1584, RMSE_E_per_atom=21.4 meV, RMSE_F=40.7 meV / A
2024-04-01 02:03:58.321 INFO: Epoch 288: loss=0.1630, RMSE_E_per_atom=21.3 meV, RMSE_F=41.3 meV / A
2024-04-01 02:04:43.805 INFO: Epoch 290: loss=0.1633, RMSE_E_per_atom=21.1 meV, RMSE_F=41.4 meV / A
2024-04-01 02:05:29.323 INFO: Epoch 292: loss=0.1640, RMSE_E_per_atom=20.9 meV, RMSE_F=41.5 meV / A
2024-04-01 02:06:14.477 INFO: Epoch 294: loss=0.1657, RMSE_E_per_atom=20.6 meV, RMSE_F=41.7 meV / A
2024-04-01 02:06:59.690 INFO: Epoch 296: loss=0.1679, RMSE_E_per_atom=20.9 meV, RMSE_F=42.0 meV / A
2024-04-01 02:07:44.697 INFO: Epoch 298: loss=0.1684, RMSE_E_per_atom=20.9 meV, RMSE_F=42.0 meV / A
2024-04-01 02:08:30.222 INFO: Epoch 300: loss=0.1690, RMSE_E_per_atom=20.5 meV, RMSE_F=42.1 meV / A
2024-04-01 02:09:15.638 INFO: Epoch 302: loss=0.1707, RMSE_E_per_atom=20.4 meV, RMSE_F=42.3 meV / A
2024-04-01 02:10:01.010 INFO: Epoch 304: loss=0.1698, RMSE_E_per_atom=20.4 meV, RMSE_F=42.2 meV / A
2024-04-01 02:10:46.458 INFO: Epoch 306: loss=0.1674, RMSE_E_per_atom=21.2 meV, RMSE_F=41.9 meV / A
2024-04-01 02:11:31.564 INFO: Epoch 308: loss=0.1666, RMSE_E_per_atom=21.0 meV, RMSE_F=41.8 meV / A
2024-04-01 02:12:16.818 INFO: Epoch 310: loss=0.1625, RMSE_E_per_atom=20.9 meV, RMSE_F=41.3 meV / A
2024-04-01 02:13:01.962 INFO: Epoch 312: loss=0.1656, RMSE_E_per_atom=20.5 meV, RMSE_F=41.7 meV / A
2024-04-01 02:13:47.206 INFO: Epoch 314: loss=0.1622, RMSE_E_per_atom=20.7 meV, RMSE_F=41.2 meV / A
2024-04-01 02:14:32.420 INFO: Epoch 316: loss=0.1633, RMSE_E_per_atom=20.5 meV, RMSE_F=41.4 meV / A
2024-04-01 02:15:17.447 INFO: Epoch 318: loss=0.1649, RMSE_E_per_atom=20.8 meV, RMSE_F=41.6 meV / A
2024-04-01 02:16:02.627 INFO: Epoch 320: loss=0.1628, RMSE_E_per_atom=20.9 meV, RMSE_F=41.3 meV / A
2024-04-01 02:16:47.853 INFO: Epoch 322: loss=0.1641, RMSE_E_per_atom=20.6 meV, RMSE_F=41.5 meV / A
2024-04-01 02:17:32.974 INFO: Epoch 324: loss=0.1636, RMSE_E_per_atom=20.3 meV, RMSE_F=41.4 meV / A
2024-04-01 02:18:17.852 INFO: Epoch 326: loss=0.1668, RMSE_E_per_atom=20.2 meV, RMSE_F=41.8 meV / A
2024-04-01 02:19:02.908 INFO: Epoch 328: loss=0.1652, RMSE_E_per_atom=20.2 meV, RMSE_F=41.6 meV / A
2024-04-01 02:19:47.956 INFO: Epoch 330: loss=0.1637, RMSE_E_per_atom=20.2 meV, RMSE_F=41.4 meV / A
2024-04-01 02:20:33.152 INFO: Epoch 332: loss=0.1647, RMSE_E_per_atom=19.9 meV, RMSE_F=41.6 meV / A
2024-04-01 02:21:18.615 INFO: Epoch 334: loss=0.1654, RMSE_E_per_atom=19.4 meV, RMSE_F=41.6 meV / A
2024-04-01 02:22:03.870 INFO: Epoch 336: loss=0.1663, RMSE_E_per_atom=19.0 meV, RMSE_F=41.8 meV / A
2024-04-01 02:22:48.957 INFO: Epoch 338: loss=0.1682, RMSE_E_per_atom=18.4 meV, RMSE_F=42.0 meV / A
2024-04-01 02:23:34.716 INFO: Epoch 340: loss=0.1671, RMSE_E_per_atom=18.1 meV, RMSE_F=41.9 meV / A
2024-04-01 02:24:20.001 INFO: Epoch 342: loss=0.1680, RMSE_E_per_atom=18.1 meV, RMSE_F=42.0 meV / A
2024-04-01 02:25:05.503 INFO: Epoch 344: loss=0.1653, RMSE_E_per_atom=18.3 meV, RMSE_F=41.7 meV / A
2024-04-01 02:25:51.107 INFO: Epoch 346: loss=0.1692, RMSE_E_per_atom=18.0 meV, RMSE_F=42.2 meV / A
2024-04-01 02:26:36.428 INFO: Epoch 348: loss=0.1719, RMSE_E_per_atom=17.9 meV, RMSE_F=42.5 meV / A
2024-04-01 02:27:21.833 INFO: Epoch 350: loss=0.1685, RMSE_E_per_atom=17.9 meV, RMSE_F=42.1 meV / A
2024-04-01 02:28:07.144 INFO: Epoch 352: loss=0.1652, RMSE_E_per_atom=18.1 meV, RMSE_F=41.7 meV / A
2024-04-01 02:28:52.671 INFO: Epoch 354: loss=0.1655, RMSE_E_per_atom=17.7 meV, RMSE_F=41.7 meV / A
2024-04-01 02:29:37.591 INFO: Epoch 356: loss=0.1636, RMSE_E_per_atom=17.8 meV, RMSE_F=41.5 meV / A
2024-04-01 02:30:22.796 INFO: Epoch 358: loss=0.1649, RMSE_E_per_atom=17.7 meV, RMSE_F=41.6 meV / A
2024-04-01 02:31:07.962 INFO: Epoch 360: loss=0.1645, RMSE_E_per_atom=17.5 meV, RMSE_F=41.6 meV / A
2024-04-01 02:31:53.338 INFO: Epoch 362: loss=0.1580, RMSE_E_per_atom=17.7 meV, RMSE_F=40.7 meV / A
2024-04-01 02:32:38.785 INFO: Epoch 364: loss=0.1598, RMSE_E_per_atom=17.8 meV, RMSE_F=41.0 meV / A
2024-04-01 02:33:24.224 INFO: Epoch 366: loss=0.1618, RMSE_E_per_atom=17.6 meV, RMSE_F=41.2 meV / A
2024-04-01 02:34:09.586 INFO: Epoch 368: loss=0.1618, RMSE_E_per_atom=17.6 meV, RMSE_F=41.2 meV / A
2024-04-01 02:34:55.044 INFO: Epoch 370: loss=0.1638, RMSE_E_per_atom=17.7 meV, RMSE_F=41.5 meV / A
2024-04-01 02:35:40.549 INFO: Epoch 372: loss=0.1614, RMSE_E_per_atom=17.7 meV, RMSE_F=41.2 meV / A
2024-04-01 02:36:26.025 INFO: Epoch 374: loss=0.1621, RMSE_E_per_atom=17.6 meV, RMSE_F=41.3 meV / A
2024-04-01 02:37:11.440 INFO: Epoch 376: loss=0.1613, RMSE_E_per_atom=17.5 meV, RMSE_F=41.2 meV / A
2024-04-01 02:37:56.248 INFO: Epoch 378: loss=0.1614, RMSE_E_per_atom=17.6 meV, RMSE_F=41.2 meV / A
2024-04-01 02:38:41.264 INFO: Epoch 380: loss=0.1629, RMSE_E_per_atom=17.4 meV, RMSE_F=41.4 meV / A
2024-04-01 02:39:26.695 INFO: Epoch 382: loss=0.1627, RMSE_E_per_atom=17.5 meV, RMSE_F=41.3 meV / A
2024-04-01 02:40:12.236 INFO: Epoch 384: loss=0.1641, RMSE_E_per_atom=17.3 meV, RMSE_F=41.5 meV / A
2024-04-01 02:40:57.660 INFO: Epoch 386: loss=0.1626, RMSE_E_per_atom=16.9 meV, RMSE_F=41.3 meV / A
2024-04-01 02:41:43.145 INFO: Epoch 388: loss=0.1637, RMSE_E_per_atom=16.5 meV, RMSE_F=41.5 meV / A
2024-04-01 02:42:28.425 INFO: Epoch 390: loss=0.1641, RMSE_E_per_atom=16.2 meV, RMSE_F=41.5 meV / A
2024-04-01 02:43:13.772 INFO: Epoch 392: loss=0.1656, RMSE_E_per_atom=16.1 meV, RMSE_F=41.7 meV / A
2024-04-01 02:43:58.929 INFO: Epoch 394: loss=0.1662, RMSE_E_per_atom=15.9 meV, RMSE_F=41.8 meV / A
2024-04-01 02:44:44.065 INFO: Epoch 396: loss=0.1667, RMSE_E_per_atom=15.8 meV, RMSE_F=41.9 meV / A
2024-04-01 02:45:29.219 INFO: Epoch 398: loss=0.1672, RMSE_E_per_atom=15.5 meV, RMSE_F=41.9 meV / A
2024-04-01 02:46:14.434 INFO: Epoch 400: loss=0.1686, RMSE_E_per_atom=15.4 meV, RMSE_F=42.1 meV / A
2024-04-01 02:46:59.551 INFO: Epoch 402: loss=0.1679, RMSE_E_per_atom=15.3 meV, RMSE_F=42.0 meV / A
2024-04-01 02:47:44.792 INFO: Epoch 404: loss=0.1680, RMSE_E_per_atom=15.4 meV, RMSE_F=42.0 meV / A
2024-04-01 02:48:30.032 INFO: Epoch 406: loss=0.1679, RMSE_E_per_atom=15.2 meV, RMSE_F=42.0 meV / A
2024-04-01 02:49:15.407 INFO: Epoch 408: loss=0.1671, RMSE_E_per_atom=15.4 meV, RMSE_F=41.9 meV / A
2024-04-01 02:50:01.092 INFO: Epoch 410: loss=0.1665, RMSE_E_per_atom=15.3 meV, RMSE_F=41.9 meV / A
2024-04-01 02:50:46.534 INFO: Epoch 412: loss=0.1625, RMSE_E_per_atom=15.3 meV, RMSE_F=41.4 meV / A
2024-04-01 02:51:31.976 INFO: Epoch 414: loss=0.1635, RMSE_E_per_atom=15.2 meV, RMSE_F=41.5 meV / A
2024-04-01 02:52:17.327 INFO: Epoch 416: loss=0.1612, RMSE_E_per_atom=15.3 meV, RMSE_F=41.2 meV / A
2024-04-01 02:53:03.046 INFO: Epoch 418: loss=0.1615, RMSE_E_per_atom=15.2 meV, RMSE_F=41.2 meV / A
2024-04-01 02:53:48.439 INFO: Epoch 420: loss=0.1618, RMSE_E_per_atom=15.4 meV, RMSE_F=41.3 meV / A
2024-04-01 02:54:34.004 INFO: Epoch 422: loss=0.1622, RMSE_E_per_atom=15.4 meV, RMSE_F=41.3 meV / A
2024-04-01 02:55:19.438 INFO: Epoch 424: loss=0.1642, RMSE_E_per_atom=15.1 meV, RMSE_F=41.6 meV / A
2024-04-01 02:56:04.923 INFO: Epoch 426: loss=0.1642, RMSE_E_per_atom=15.1 meV, RMSE_F=41.6 meV / A
2024-04-01 02:56:50.290 INFO: Epoch 428: loss=0.1644, RMSE_E_per_atom=15.0 meV, RMSE_F=41.6 meV / A
2024-04-01 02:57:35.449 INFO: Epoch 430: loss=0.1658, RMSE_E_per_atom=14.9 meV, RMSE_F=41.8 meV / A
2024-04-01 02:58:20.880 INFO: Epoch 432: loss=0.1668, RMSE_E_per_atom=14.9 meV, RMSE_F=41.9 meV / A
2024-04-01 02:59:06.142 INFO: Epoch 434: loss=0.1639, RMSE_E_per_atom=15.2 meV, RMSE_F=41.5 meV / A
2024-04-01 02:59:51.085 INFO: Epoch 436: loss=0.1639, RMSE_E_per_atom=14.9 meV, RMSE_F=41.5 meV / A
2024-04-01 03:00:36.187 INFO: Epoch 438: loss=0.1651, RMSE_E_per_atom=14.6 meV, RMSE_F=41.7 meV / A
2024-04-01 03:01:21.609 INFO: Epoch 440: loss=0.1663, RMSE_E_per_atom=14.3 meV, RMSE_F=41.9 meV / A
2024-04-01 03:02:06.877 INFO: Epoch 442: loss=0.1666, RMSE_E_per_atom=14.2 meV, RMSE_F=41.9 meV / A
2024-04-01 03:02:52.417 INFO: Epoch 444: loss=0.1672, RMSE_E_per_atom=14.1 meV, RMSE_F=42.0 meV / A
2024-04-01 03:03:37.892 INFO: Epoch 446: loss=0.1677, RMSE_E_per_atom=13.9 meV, RMSE_F=42.0 meV / A
2024-04-01 03:04:23.535 INFO: Epoch 448: loss=0.1662, RMSE_E_per_atom=13.8 meV, RMSE_F=41.9 meV / A
2024-04-01 03:05:08.788 INFO: Epoch 450: loss=0.1664, RMSE_E_per_atom=13.8 meV, RMSE_F=41.9 meV / A
2024-04-01 03:05:54.254 INFO: Epoch 452: loss=0.1641, RMSE_E_per_atom=13.8 meV, RMSE_F=41.6 meV / A
2024-04-01 03:06:39.790 INFO: Epoch 454: loss=0.1628, RMSE_E_per_atom=13.7 meV, RMSE_F=41.4 meV / A
2024-04-01 03:07:24.867 INFO: Epoch 456: loss=0.1644, RMSE_E_per_atom=13.6 meV, RMSE_F=41.6 meV / A
2024-04-01 03:08:10.144 INFO: Epoch 458: loss=0.1648, RMSE_E_per_atom=13.5 meV, RMSE_F=41.7 meV / A
2024-04-01 03:08:55.417 INFO: Epoch 460: loss=0.1652, RMSE_E_per_atom=13.6 meV, RMSE_F=41.7 meV / A
2024-04-01 03:09:40.460 INFO: Epoch 462: loss=0.1666, RMSE_E_per_atom=13.5 meV, RMSE_F=41.9 meV / A
2024-04-01 03:10:25.965 INFO: Epoch 464: loss=0.1660, RMSE_E_per_atom=13.4 meV, RMSE_F=41.8 meV / A
2024-04-01 03:11:11.267 INFO: Epoch 466: loss=0.1664, RMSE_E_per_atom=13.5 meV, RMSE_F=41.9 meV / A
2024-04-01 03:11:56.472 INFO: Epoch 468: loss=0.1669, RMSE_E_per_atom=13.4 meV, RMSE_F=41.9 meV / A
2024-04-01 03:12:41.826 INFO: Epoch 470: loss=0.1664, RMSE_E_per_atom=13.6 meV, RMSE_F=41.9 meV / A
2024-04-01 03:13:27.069 INFO: Epoch 472: loss=0.1659, RMSE_E_per_atom=13.4 meV, RMSE_F=41.8 meV / A
2024-04-01 03:14:12.167 INFO: Epoch 474: loss=0.1657, RMSE_E_per_atom=13.3 meV, RMSE_F=41.8 meV / A
2024-04-01 03:14:57.381 INFO: Epoch 476: loss=0.1664, RMSE_E_per_atom=13.4 meV, RMSE_F=41.9 meV / A
2024-04-01 03:15:42.515 INFO: Epoch 478: loss=0.1662, RMSE_E_per_atom=13.3 meV, RMSE_F=41.9 meV / A
2024-04-01 03:16:27.700 INFO: Epoch 480: loss=0.1669, RMSE_E_per_atom=13.3 meV, RMSE_F=41.9 meV / A
2024-04-01 03:17:12.912 INFO: Epoch 482: loss=0.1694, RMSE_E_per_atom=13.2 meV, RMSE_F=42.3 meV / A
2024-04-01 03:17:58.359 INFO: Epoch 484: loss=0.1665, RMSE_E_per_atom=13.2 meV, RMSE_F=41.9 meV / A
2024-04-01 03:18:43.655 INFO: Epoch 486: loss=0.1679, RMSE_E_per_atom=13.2 meV, RMSE_F=42.1 meV / A
2024-04-01 03:19:29.141 INFO: Epoch 488: loss=0.1667, RMSE_E_per_atom=13.0 meV, RMSE_F=41.9 meV / A
2024-04-01 03:20:14.728 INFO: Epoch 490: loss=0.1675, RMSE_E_per_atom=12.7 meV, RMSE_F=42.0 meV / A
2024-04-01 03:21:00.131 INFO: Epoch 492: loss=0.1678, RMSE_E_per_atom=12.6 meV, RMSE_F=42.1 meV / A
2024-04-01 03:21:45.518 INFO: Epoch 494: loss=0.1683, RMSE_E_per_atom=12.5 meV, RMSE_F=42.1 meV / A
2024-04-01 03:22:30.860 INFO: Epoch 496: loss=0.1688, RMSE_E_per_atom=12.4 meV, RMSE_F=42.2 meV / A
2024-04-01 03:23:16.259 INFO: Epoch 498: loss=0.1692, RMSE_E_per_atom=12.3 meV, RMSE_F=42.3 meV / A
2024-04-01 03:23:38.425 INFO: Changing loss based on SWA
2024-04-01 03:24:01.573 INFO: Epoch 500: loss=0.2236, RMSE_E_per_atom=5.3 meV, RMSE_F=45.4 meV / A
2024-04-01 03:24:46.787 INFO: Epoch 502: loss=0.2128, RMSE_E_per_atom=3.4 meV, RMSE_F=46.1 meV / A
2024-04-01 03:25:31.982 INFO: Epoch 504: loss=0.2119, RMSE_E_per_atom=3.1 meV, RMSE_F=46.2 meV / A
2024-04-01 03:26:17.184 INFO: Epoch 506: loss=0.2128, RMSE_E_per_atom=2.9 meV, RMSE_F=46.5 meV / A
2024-04-01 03:27:02.244 INFO: Epoch 508: loss=0.2133, RMSE_E_per_atom=2.8 meV, RMSE_F=46.6 meV / A
2024-04-01 03:27:47.434 INFO: Epoch 510: loss=0.2145, RMSE_E_per_atom=2.8 meV, RMSE_F=46.8 meV / A
2024-04-01 03:28:32.560 INFO: Epoch 512: loss=0.2169, RMSE_E_per_atom=2.7 meV, RMSE_F=47.1 meV / A
2024-04-01 03:29:18.075 INFO: Epoch 514: loss=0.2182, RMSE_E_per_atom=2.6 meV, RMSE_F=47.3 meV / A
2024-04-01 03:30:03.580 INFO: Epoch 516: loss=0.2192, RMSE_E_per_atom=2.6 meV, RMSE_F=47.4 meV / A
2024-04-01 03:30:49.285 INFO: Epoch 518: loss=0.2188, RMSE_E_per_atom=2.6 meV, RMSE_F=47.3 meV / A
2024-04-01 03:31:34.700 INFO: Epoch 520: loss=0.2180, RMSE_E_per_atom=2.6 meV, RMSE_F=47.3 meV / A
2024-04-01 03:32:20.069 INFO: Epoch 522: loss=0.2188, RMSE_E_per_atom=2.6 meV, RMSE_F=47.4 meV / A
2024-04-01 03:33:05.686 INFO: Epoch 524: loss=0.2194, RMSE_E_per_atom=2.6 meV, RMSE_F=47.4 meV / A
2024-04-01 03:33:51.278 INFO: Epoch 526: loss=0.2204, RMSE_E_per_atom=2.5 meV, RMSE_F=47.6 meV / A
2024-04-01 03:34:36.803 INFO: Epoch 528: loss=0.2197, RMSE_E_per_atom=2.6 meV, RMSE_F=47.5 meV / A
2024-04-01 03:35:22.076 INFO: Epoch 530: loss=0.2201, RMSE_E_per_atom=2.5 meV, RMSE_F=47.6 meV / A
2024-04-01 03:36:07.836 INFO: Epoch 532: loss=0.2210, RMSE_E_per_atom=2.5 meV, RMSE_F=47.7 meV / A
2024-04-01 03:36:55.639 INFO: Epoch 534: loss=0.2205, RMSE_E_per_atom=2.5 meV, RMSE_F=47.6 meV / A
2024-04-01 03:37:40.688 INFO: Epoch 536: loss=0.2199, RMSE_E_per_atom=2.5 meV, RMSE_F=47.5 meV / A
2024-04-01 03:38:25.992 INFO: Epoch 538: loss=0.2205, RMSE_E_per_atom=2.5 meV, RMSE_F=47.6 meV / A
2024-04-01 03:39:10.972 INFO: Epoch 540: loss=0.2198, RMSE_E_per_atom=2.5 meV, RMSE_F=47.5 meV / A
2024-04-01 03:39:56.012 INFO: Epoch 542: loss=0.2203, RMSE_E_per_atom=2.5 meV, RMSE_F=47.6 meV / A
2024-04-01 03:40:41.143 INFO: Epoch 544: loss=0.2203, RMSE_E_per_atom=2.5 meV, RMSE_F=47.6 meV / A
2024-04-01 03:41:26.354 INFO: Epoch 546: loss=0.2209, RMSE_E_per_atom=2.5 meV, RMSE_F=47.7 meV / A
2024-04-01 03:42:11.663 INFO: Epoch 548: loss=0.2214, RMSE_E_per_atom=2.4 meV, RMSE_F=47.7 meV / A
2024-04-01 03:42:56.563 INFO: Epoch 550: loss=0.2221, RMSE_E_per_atom=2.5 meV, RMSE_F=47.8 meV / A
2024-04-01 03:43:41.858 INFO: Epoch 552: loss=0.2213, RMSE_E_per_atom=2.5 meV, RMSE_F=47.7 meV / A
2024-04-01 03:44:26.878 INFO: Epoch 554: loss=0.2210, RMSE_E_per_atom=2.5 meV, RMSE_F=47.7 meV / A
2024-04-01 03:45:12.071 INFO: Epoch 556: loss=0.2203, RMSE_E_per_atom=2.5 meV, RMSE_F=47.6 meV / A
2024-04-01 03:45:57.141 INFO: Epoch 558: loss=0.2209, RMSE_E_per_atom=2.4 meV, RMSE_F=47.7 meV / A
2024-04-01 03:46:42.356 INFO: Epoch 560: loss=0.2207, RMSE_E_per_atom=2.4 meV, RMSE_F=47.7 meV / A
2024-04-01 03:47:27.424 INFO: Epoch 562: loss=0.2216, RMSE_E_per_atom=2.4 meV, RMSE_F=47.8 meV / A
2024-04-01 03:48:12.943 INFO: Epoch 564: loss=0.2216, RMSE_E_per_atom=2.4 meV, RMSE_F=47.8 meV / A
2024-04-01 03:48:58.648 INFO: Epoch 566: loss=0.2209, RMSE_E_per_atom=2.4 meV, RMSE_F=47.7 meV / A
2024-04-01 03:49:44.071 INFO: Epoch 568: loss=0.2201, RMSE_E_per_atom=2.4 meV, RMSE_F=47.6 meV / A
2024-04-01 03:50:29.705 INFO: Epoch 570: loss=0.2202, RMSE_E_per_atom=2.4 meV, RMSE_F=47.6 meV / A
2024-04-01 03:51:15.184 INFO: Epoch 572: loss=0.2203, RMSE_E_per_atom=2.4 meV, RMSE_F=47.6 meV / A
2024-04-01 03:52:00.800 INFO: Epoch 574: loss=0.2200, RMSE_E_per_atom=2.4 meV, RMSE_F=47.6 meV / A
2024-04-01 03:52:46.499 INFO: Epoch 576: loss=0.2205, RMSE_E_per_atom=2.4 meV, RMSE_F=47.7 meV / A
2024-04-01 03:53:31.897 INFO: Epoch 578: loss=0.2211, RMSE_E_per_atom=2.4 meV, RMSE_F=47.7 meV / A
2024-04-01 03:54:17.052 INFO: Epoch 580: loss=0.2205, RMSE_E_per_atom=2.4 meV, RMSE_F=47.7 meV / A
2024-04-01 03:55:02.204 INFO: Epoch 582: loss=0.2208, RMSE_E_per_atom=2.4 meV, RMSE_F=47.7 meV / A
2024-04-01 03:55:47.472 INFO: Epoch 584: loss=0.2208, RMSE_E_per_atom=2.4 meV, RMSE_F=47.7 meV / A
2024-04-01 03:56:32.591 INFO: Epoch 586: loss=0.2205, RMSE_E_per_atom=2.4 meV, RMSE_F=47.7 meV / A
2024-04-01 03:57:18.061 INFO: Epoch 588: loss=0.2201, RMSE_E_per_atom=2.4 meV, RMSE_F=47.6 meV / A
2024-04-01 03:58:03.600 INFO: Epoch 590: loss=0.2206, RMSE_E_per_atom=2.4 meV, RMSE_F=47.7 meV / A
2024-04-01 03:58:49.140 INFO: Epoch 592: loss=0.2203, RMSE_E_per_atom=2.4 meV, RMSE_F=47.6 meV / A
2024-04-01 03:59:34.462 INFO: Epoch 594: loss=0.2204, RMSE_E_per_atom=2.4 meV, RMSE_F=47.6 meV / A
2024-04-01 04:00:19.955 INFO: Epoch 596: loss=0.2203, RMSE_E_per_atom=2.4 meV, RMSE_F=47.6 meV / A
2024-04-01 04:01:05.155 INFO: Epoch 598: loss=0.2200, RMSE_E_per_atom=2.4 meV, RMSE_F=47.6 meV / A
2024-04-01 04:01:50.687 INFO: Epoch 600: loss=0.2205, RMSE_E_per_atom=2.4 meV, RMSE_F=47.7 meV / A
2024-04-01 04:02:36.004 INFO: Epoch 602: loss=0.2204, RMSE_E_per_atom=2.4 meV, RMSE_F=47.7 meV / A
2024-04-01 04:03:21.567 INFO: Epoch 604: loss=0.2207, RMSE_E_per_atom=2.4 meV, RMSE_F=47.7 meV / A
2024-04-01 04:04:07.105 INFO: Epoch 606: loss=0.2200, RMSE_E_per_atom=2.4 meV, RMSE_F=47.6 meV / A
2024-04-01 04:04:52.568 INFO: Epoch 608: loss=0.2200, RMSE_E_per_atom=2.4 meV, RMSE_F=47.6 meV / A
2024-04-01 04:05:38.056 INFO: Epoch 610: loss=0.2197, RMSE_E_per_atom=2.4 meV, RMSE_F=47.6 meV / A
2024-04-01 04:06:23.770 INFO: Epoch 612: loss=0.2206, RMSE_E_per_atom=2.4 meV, RMSE_F=47.7 meV / A
2024-04-01 04:07:09.481 INFO: Epoch 614: loss=0.2208, RMSE_E_per_atom=2.4 meV, RMSE_F=47.7 meV / A
2024-04-01 04:07:55.030 INFO: Epoch 616: loss=0.2207, RMSE_E_per_atom=2.4 meV, RMSE_F=47.7 meV / A
2024-04-01 04:08:40.017 INFO: Epoch 618: loss=0.2199, RMSE_E_per_atom=2.4 meV, RMSE_F=47.6 meV / A
2024-04-01 04:09:25.466 INFO: Epoch 620: loss=0.2200, RMSE_E_per_atom=2.4 meV, RMSE_F=47.6 meV / A
2024-04-01 04:10:10.899 INFO: Epoch 622: loss=0.2200, RMSE_E_per_atom=2.4 meV, RMSE_F=47.6 meV / A
2024-04-01 04:10:56.730 INFO: Epoch 624: loss=0.2206, RMSE_E_per_atom=2.4 meV, RMSE_F=47.7 meV / A
2024-04-01 04:11:42.338 INFO: Epoch 626: loss=0.2202, RMSE_E_per_atom=2.4 meV, RMSE_F=47.6 meV / A
2024-04-01 04:12:27.887 INFO: Epoch 628: loss=0.2196, RMSE_E_per_atom=2.4 meV, RMSE_F=47.6 meV / A
2024-04-01 04:13:13.560 INFO: Epoch 630: loss=0.2200, RMSE_E_per_atom=2.4 meV, RMSE_F=47.6 meV / A
2024-04-01 04:13:58.960 INFO: Epoch 632: loss=0.2197, RMSE_E_per_atom=2.4 meV, RMSE_F=47.6 meV / A
2024-04-01 04:14:44.536 INFO: Epoch 634: loss=0.2196, RMSE_E_per_atom=2.4 meV, RMSE_F=47.6 meV / A
2024-04-01 04:15:29.949 INFO: Epoch 636: loss=0.2195, RMSE_E_per_atom=2.4 meV, RMSE_F=47.6 meV / A
2024-04-01 04:16:15.012 INFO: Epoch 638: loss=0.2198, RMSE_E_per_atom=2.4 meV, RMSE_F=47.6 meV / A
2024-04-01 04:17:00.498 INFO: Epoch 640: loss=0.2193, RMSE_E_per_atom=2.4 meV, RMSE_F=47.5 meV / A
2024-04-01 04:17:45.995 INFO: Epoch 642: loss=0.2202, RMSE_E_per_atom=2.4 meV, RMSE_F=47.6 meV / A
2024-04-01 04:18:31.483 INFO: Epoch 644: loss=0.2202, RMSE_E_per_atom=2.4 meV, RMSE_F=47.7 meV / A
2024-04-01 04:19:16.844 INFO: Epoch 646: loss=0.2203, RMSE_E_per_atom=2.4 meV, RMSE_F=47.7 meV / A
2024-04-01 04:20:02.643 INFO: Epoch 648: loss=0.2204, RMSE_E_per_atom=2.4 meV, RMSE_F=47.7 meV / A
2024-04-01 04:20:47.779 INFO: Epoch 650: loss=0.2202, RMSE_E_per_atom=2.4 meV, RMSE_F=47.6 meV / A
2024-04-01 04:21:32.797 INFO: Epoch 652: loss=0.2202, RMSE_E_per_atom=2.4 meV, RMSE_F=47.7 meV / A
2024-04-01 04:22:17.956 INFO: Epoch 654: loss=0.2204, RMSE_E_per_atom=2.4 meV, RMSE_F=47.7 meV / A
2024-04-01 04:23:03.096 INFO: Epoch 656: loss=0.2203, RMSE_E_per_atom=2.4 meV, RMSE_F=47.7 meV / A
2024-04-01 04:23:48.946 INFO: Epoch 658: loss=0.2200, RMSE_E_per_atom=2.4 meV, RMSE_F=47.6 meV / A
2024-04-01 04:24:34.492 INFO: Epoch 660: loss=0.2213, RMSE_E_per_atom=2.4 meV, RMSE_F=47.8 meV / A
2024-04-01 04:25:19.689 INFO: Epoch 662: loss=0.2201, RMSE_E_per_atom=2.4 meV, RMSE_F=47.6 meV / A
2024-04-01 04:26:05.000 INFO: Epoch 664: loss=0.2203, RMSE_E_per_atom=2.4 meV, RMSE_F=47.7 meV / A
2024-04-01 04:26:50.538 INFO: Epoch 666: loss=0.2205, RMSE_E_per_atom=2.4 meV, RMSE_F=47.7 meV / A
2024-04-01 04:27:36.084 INFO: Epoch 668: loss=0.2207, RMSE_E_per_atom=2.4 meV, RMSE_F=47.7 meV / A
2024-04-01 04:28:21.766 INFO: Epoch 670: loss=0.2205, RMSE_E_per_atom=2.4 meV, RMSE_F=47.7 meV / A
2024-04-01 04:29:07.614 INFO: Epoch 672: loss=0.2204, RMSE_E_per_atom=2.4 meV, RMSE_F=47.7 meV / A
2024-04-01 04:29:53.128 INFO: Epoch 674: loss=0.2211, RMSE_E_per_atom=2.4 meV, RMSE_F=47.8 meV / A
2024-04-01 04:30:38.478 INFO: Epoch 676: loss=0.2212, RMSE_E_per_atom=2.4 meV, RMSE_F=47.8 meV / A
2024-04-01 04:31:24.174 INFO: Epoch 678: loss=0.2210, RMSE_E_per_atom=2.4 meV, RMSE_F=47.7 meV / A
2024-04-01 04:32:09.507 INFO: Epoch 680: loss=0.2208, RMSE_E_per_atom=2.4 meV, RMSE_F=47.7 meV / A
2024-04-01 04:32:54.579 INFO: Epoch 682: loss=0.2208, RMSE_E_per_atom=2.4 meV, RMSE_F=47.7 meV / A
2024-04-01 04:33:39.885 INFO: Epoch 684: loss=0.2213, RMSE_E_per_atom=2.4 meV, RMSE_F=47.8 meV / A
2024-04-01 04:34:24.970 INFO: Epoch 686: loss=0.2209, RMSE_E_per_atom=2.4 meV, RMSE_F=47.7 meV / A
2024-04-01 04:35:09.968 INFO: Epoch 688: loss=0.2203, RMSE_E_per_atom=2.4 meV, RMSE_F=47.7 meV / A
2024-04-01 04:35:54.989 INFO: Epoch 690: loss=0.2210, RMSE_E_per_atom=2.4 meV, RMSE_F=47.7 meV / A
2024-04-01 04:36:40.299 INFO: Epoch 692: loss=0.2202, RMSE_E_per_atom=2.4 meV, RMSE_F=47.7 meV / A
2024-04-01 04:37:25.895 INFO: Epoch 694: loss=0.2202, RMSE_E_per_atom=2.4 meV, RMSE_F=47.7 meV / A
2024-04-01 04:38:11.655 INFO: Epoch 696: loss=0.2212, RMSE_E_per_atom=2.4 meV, RMSE_F=47.8 meV / A
2024-04-01 04:38:56.976 INFO: Epoch 698: loss=0.2203, RMSE_E_per_atom=2.4 meV, RMSE_F=47.7 meV / A
2024-04-01 04:39:42.652 INFO: Epoch 700: loss=0.2207, RMSE_E_per_atom=2.4 meV, RMSE_F=47.7 meV / A
2024-04-01 04:40:28.102 INFO: Epoch 702: loss=0.2206, RMSE_E_per_atom=2.4 meV, RMSE_F=47.7 meV / A
2024-04-01 04:41:13.553 INFO: Epoch 704: loss=0.2201, RMSE_E_per_atom=2.4 meV, RMSE_F=47.6 meV / A
2024-04-01 04:41:59.124 INFO: Epoch 706: loss=0.2211, RMSE_E_per_atom=2.4 meV, RMSE_F=47.8 meV / A
2024-04-01 04:42:44.367 INFO: Epoch 708: loss=0.2213, RMSE_E_per_atom=2.4 meV, RMSE_F=47.8 meV / A
2024-04-01 04:43:29.705 INFO: Epoch 710: loss=0.2218, RMSE_E_per_atom=2.4 meV, RMSE_F=47.8 meV / A
2024-04-01 04:44:14.630 INFO: Epoch 712: loss=0.2212, RMSE_E_per_atom=2.4 meV, RMSE_F=47.8 meV / A
2024-04-01 04:45:00.039 INFO: Epoch 714: loss=0.2210, RMSE_E_per_atom=2.4 meV, RMSE_F=47.7 meV / A
2024-04-01 04:45:45.260 INFO: Epoch 716: loss=0.2207, RMSE_E_per_atom=2.4 meV, RMSE_F=47.7 meV / A
2024-04-01 04:46:30.858 INFO: Epoch 718: loss=0.2209, RMSE_E_per_atom=2.4 meV, RMSE_F=47.7 meV / A
2024-04-01 04:47:16.057 INFO: Epoch 720: loss=0.2215, RMSE_E_per_atom=2.4 meV, RMSE_F=47.8 meV / A
2024-04-01 04:48:01.544 INFO: Epoch 722: loss=0.2216, RMSE_E_per_atom=2.4 meV, RMSE_F=47.8 meV / A
2024-04-01 04:48:47.361 INFO: Epoch 724: loss=0.2204, RMSE_E_per_atom=2.4 meV, RMSE_F=47.7 meV / A
2024-04-01 04:49:32.121 INFO: Epoch 726: loss=0.2212, RMSE_E_per_atom=2.4 meV, RMSE_F=47.8 meV / A
2024-04-01 04:50:17.047 INFO: Epoch 728: loss=0.2212, RMSE_E_per_atom=2.4 meV, RMSE_F=47.8 meV / A
2024-04-01 04:51:01.943 INFO: Epoch 730: loss=0.2216, RMSE_E_per_atom=2.4 meV, RMSE_F=47.8 meV / A
2024-04-01 04:51:47.135 INFO: Epoch 732: loss=0.2227, RMSE_E_per_atom=2.4 meV, RMSE_F=47.9 meV / A
2024-04-01 04:52:32.411 INFO: Epoch 734: loss=0.2223, RMSE_E_per_atom=2.4 meV, RMSE_F=47.9 meV / A
2024-04-01 04:53:18.070 INFO: Epoch 736: loss=0.2220, RMSE_E_per_atom=2.4 meV, RMSE_F=47.9 meV / A
2024-04-01 04:54:03.602 INFO: Epoch 738: loss=0.2217, RMSE_E_per_atom=2.4 meV, RMSE_F=47.8 meV / A
2024-04-01 04:54:49.101 INFO: Epoch 740: loss=0.2210, RMSE_E_per_atom=2.4 meV, RMSE_F=47.8 meV / A
2024-04-01 04:55:34.834 INFO: Epoch 742: loss=0.2218, RMSE_E_per_atom=2.4 meV, RMSE_F=47.8 meV / A
2024-04-01 04:56:20.284 INFO: Epoch 744: loss=0.2215, RMSE_E_per_atom=2.4 meV, RMSE_F=47.8 meV / A
2024-04-01 04:57:21.274 INFO: Epoch 746: loss=0.2213, RMSE_E_per_atom=2.4 meV, RMSE_F=47.8 meV / A
2024-04-01 04:58:07.440 INFO: Epoch 748: loss=0.2211, RMSE_E_per_atom=2.4 meV, RMSE_F=47.7 meV / A
2024-04-01 04:58:55.983 INFO: Epoch 750: loss=0.2214, RMSE_E_per_atom=2.4 meV, RMSE_F=47.8 meV / A
2024-04-01 04:59:44.619 INFO: Epoch 752: loss=0.2216, RMSE_E_per_atom=2.4 meV, RMSE_F=47.8 meV / A
2024-04-01 05:00:32.343 INFO: Epoch 754: loss=0.2216, RMSE_E_per_atom=2.4 meV, RMSE_F=47.8 meV / A
2024-04-01 05:01:18.043 INFO: Epoch 756: loss=0.2214, RMSE_E_per_atom=2.4 meV, RMSE_F=47.8 meV / A
2024-04-01 05:02:04.767 INFO: Epoch 758: loss=0.2214, RMSE_E_per_atom=2.4 meV, RMSE_F=47.8 meV / A
2024-04-01 05:02:52.064 INFO: Epoch 760: loss=0.2224, RMSE_E_per_atom=2.4 meV, RMSE_F=47.9 meV / A
2024-04-01 05:03:38.475 INFO: Epoch 762: loss=0.2219, RMSE_E_per_atom=2.4 meV, RMSE_F=47.9 meV / A
2024-04-01 05:04:24.435 INFO: Epoch 764: loss=0.2221, RMSE_E_per_atom=2.4 meV, RMSE_F=47.9 meV / A
2024-04-01 05:05:10.694 INFO: Epoch 766: loss=0.2222, RMSE_E_per_atom=2.4 meV, RMSE_F=47.9 meV / A
2024-04-01 05:05:57.558 INFO: Epoch 768: loss=0.2227, RMSE_E_per_atom=2.4 meV, RMSE_F=47.9 meV / A
2024-04-01 05:06:44.113 INFO: Epoch 770: loss=0.2221, RMSE_E_per_atom=2.4 meV, RMSE_F=47.9 meV / A
2024-04-01 05:07:31.054 INFO: Epoch 772: loss=0.2223, RMSE_E_per_atom=2.4 meV, RMSE_F=47.9 meV / A
2024-04-01 05:08:17.429 INFO: Epoch 774: loss=0.2220, RMSE_E_per_atom=2.4 meV, RMSE_F=47.9 meV / A
2024-04-01 05:09:05.689 INFO: Epoch 776: loss=0.2225, RMSE_E_per_atom=2.4 meV, RMSE_F=47.9 meV / A
2024-04-01 05:09:52.513 INFO: Epoch 778: loss=0.2222, RMSE_E_per_atom=2.4 meV, RMSE_F=47.9 meV / A
2024-04-01 05:10:40.309 INFO: Epoch 780: loss=0.2221, RMSE_E_per_atom=2.4 meV, RMSE_F=47.9 meV / A
2024-04-01 05:11:26.273 INFO: Epoch 782: loss=0.2224, RMSE_E_per_atom=2.4 meV, RMSE_F=47.9 meV / A
2024-04-01 05:12:12.788 INFO: Epoch 784: loss=0.2227, RMSE_E_per_atom=2.4 meV, RMSE_F=47.9 meV / A
2024-04-01 05:12:58.907 INFO: Epoch 786: loss=0.2224, RMSE_E_per_atom=2.4 meV, RMSE_F=47.9 meV / A
2024-04-01 05:13:46.334 INFO: Epoch 788: loss=0.2226, RMSE_E_per_atom=2.4 meV, RMSE_F=47.9 meV / A
2024-04-01 05:14:33.868 INFO: Epoch 790: loss=0.2222, RMSE_E_per_atom=2.4 meV, RMSE_F=47.9 meV / A
2024-04-01 05:15:20.251 INFO: Epoch 792: loss=0.2225, RMSE_E_per_atom=2.4 meV, RMSE_F=47.9 meV / A
2024-04-01 05:16:08.124 INFO: Epoch 794: loss=0.2225, RMSE_E_per_atom=2.4 meV, RMSE_F=47.9 meV / A
2024-04-01 05:16:55.903 INFO: Epoch 796: loss=0.2224, RMSE_E_per_atom=2.4 meV, RMSE_F=47.9 meV / A
2024-04-01 05:17:42.597 INFO: Epoch 798: loss=0.2230, RMSE_E_per_atom=2.4 meV, RMSE_F=48.0 meV / A
2024-04-01 05:18:30.505 INFO: Epoch 800: loss=0.2228, RMSE_E_per_atom=2.4 meV, RMSE_F=47.9 meV / A
2024-04-01 05:19:18.212 INFO: Epoch 802: loss=0.2222, RMSE_E_per_atom=2.4 meV, RMSE_F=47.9 meV / A
2024-04-01 05:20:05.977 INFO: Epoch 804: loss=0.2223, RMSE_E_per_atom=2.4 meV, RMSE_F=47.9 meV / A
2024-04-01 05:20:52.084 INFO: Epoch 806: loss=0.2223, RMSE_E_per_atom=2.4 meV, RMSE_F=47.9 meV / A
2024-04-01 05:21:37.931 INFO: Epoch 808: loss=0.2226, RMSE_E_per_atom=2.4 meV, RMSE_F=47.9 meV / A
2024-04-01 05:22:24.969 INFO: Epoch 810: loss=0.2229, RMSE_E_per_atom=2.4 meV, RMSE_F=48.0 meV / A
2024-04-01 05:23:11.345 INFO: Epoch 812: loss=0.2242, RMSE_E_per_atom=2.4 meV, RMSE_F=48.1 meV / A
2024-04-01 05:23:58.535 INFO: Epoch 814: loss=0.2236, RMSE_E_per_atom=2.4 meV, RMSE_F=48.0 meV / A
2024-04-01 05:24:44.780 INFO: Epoch 816: loss=0.2229, RMSE_E_per_atom=2.4 meV, RMSE_F=48.0 meV / A
2024-04-01 05:25:31.067 INFO: Epoch 818: loss=0.2224, RMSE_E_per_atom=2.4 meV, RMSE_F=47.9 meV / A
2024-04-01 05:26:18.140 INFO: Epoch 820: loss=0.2227, RMSE_E_per_atom=2.4 meV, RMSE_F=47.9 meV / A
2024-04-01 05:27:05.236 INFO: Epoch 822: loss=0.2227, RMSE_E_per_atom=2.4 meV, RMSE_F=47.9 meV / A
2024-04-01 05:27:51.918 INFO: Epoch 824: loss=0.2227, RMSE_E_per_atom=2.4 meV, RMSE_F=47.9 meV / A
2024-04-01 05:28:39.925 INFO: Epoch 826: loss=0.2226, RMSE_E_per_atom=2.4 meV, RMSE_F=47.9 meV / A
2024-04-01 05:29:27.969 INFO: Epoch 828: loss=0.2223, RMSE_E_per_atom=2.4 meV, RMSE_F=47.9 meV / A
2024-04-01 05:30:15.792 INFO: Epoch 830: loss=0.2230, RMSE_E_per_atom=2.4 meV, RMSE_F=48.0 meV / A
2024-04-01 05:31:01.867 INFO: Epoch 832: loss=0.2232, RMSE_E_per_atom=2.4 meV, RMSE_F=48.0 meV / A
2024-04-01 05:31:48.770 INFO: Epoch 834: loss=0.2229, RMSE_E_per_atom=2.4 meV, RMSE_F=48.0 meV / A
2024-04-01 05:32:34.511 INFO: Epoch 836: loss=0.2232, RMSE_E_per_atom=2.4 meV, RMSE_F=48.0 meV / A
2024-04-01 05:33:21.344 INFO: Epoch 838: loss=0.2226, RMSE_E_per_atom=2.4 meV, RMSE_F=47.9 meV / A
2024-04-01 05:34:09.609 INFO: Epoch 840: loss=0.2236, RMSE_E_per_atom=2.4 meV, RMSE_F=48.0 meV / A
2024-04-01 05:34:56.056 INFO: Epoch 842: loss=0.2232, RMSE_E_per_atom=2.4 meV, RMSE_F=48.0 meV / A
2024-04-01 05:35:42.007 INFO: Epoch 844: loss=0.2229, RMSE_E_per_atom=2.4 meV, RMSE_F=48.0 meV / A
2024-04-01 05:36:28.073 INFO: Epoch 846: loss=0.2228, RMSE_E_per_atom=2.4 meV, RMSE_F=48.0 meV / A
2024-04-01 05:37:15.850 INFO: Epoch 848: loss=0.2231, RMSE_E_per_atom=2.4 meV, RMSE_F=48.0 meV / A
2024-04-01 05:38:03.072 INFO: Epoch 850: loss=0.2228, RMSE_E_per_atom=2.4 meV, RMSE_F=48.0 meV / A
2024-04-01 05:38:49.837 INFO: Epoch 852: loss=0.2229, RMSE_E_per_atom=2.4 meV, RMSE_F=48.0 meV / A
2024-04-01 05:39:37.697 INFO: Epoch 854: loss=0.2230, RMSE_E_per_atom=2.4 meV, RMSE_F=48.0 meV / A
2024-04-01 05:40:23.798 INFO: Epoch 856: loss=0.2226, RMSE_E_per_atom=2.4 meV, RMSE_F=47.9 meV / A
2024-04-01 05:41:10.508 INFO: Epoch 858: loss=0.2239, RMSE_E_per_atom=2.4 meV, RMSE_F=48.1 meV / A
2024-04-01 05:41:58.227 INFO: Epoch 860: loss=0.2234, RMSE_E_per_atom=2.4 meV, RMSE_F=48.0 meV / A
2024-04-01 05:42:45.970 INFO: Epoch 862: loss=0.2232, RMSE_E_per_atom=2.4 meV, RMSE_F=48.0 meV / A
2024-04-01 05:43:33.459 INFO: Epoch 864: loss=0.2237, RMSE_E_per_atom=2.4 meV, RMSE_F=48.1 meV / A
2024-04-01 05:44:20.508 INFO: Epoch 866: loss=0.2234, RMSE_E_per_atom=2.4 meV, RMSE_F=48.0 meV / A
2024-04-01 05:45:06.540 INFO: Epoch 868: loss=0.2237, RMSE_E_per_atom=2.4 meV, RMSE_F=48.1 meV / A
2024-04-01 05:45:52.971 INFO: Epoch 870: loss=0.2242, RMSE_E_per_atom=2.4 meV, RMSE_F=48.1 meV / A
2024-04-01 05:46:40.985 INFO: Epoch 872: loss=0.2234, RMSE_E_per_atom=2.4 meV, RMSE_F=48.0 meV / A
2024-04-01 05:47:28.224 INFO: Epoch 874: loss=0.2242, RMSE_E_per_atom=2.4 meV, RMSE_F=48.1 meV / A
2024-04-01 05:48:14.900 INFO: Epoch 876: loss=0.2237, RMSE_E_per_atom=2.4 meV, RMSE_F=48.1 meV / A
2024-04-01 05:49:03.895 INFO: Epoch 878: loss=0.2241, RMSE_E_per_atom=2.4 meV, RMSE_F=48.1 meV / A
2024-04-01 05:49:51.159 INFO: Epoch 880: loss=0.2240, RMSE_E_per_atom=2.4 meV, RMSE_F=48.1 meV / A
2024-04-01 05:50:38.438 INFO: Epoch 882: loss=0.2233, RMSE_E_per_atom=2.4 meV, RMSE_F=48.0 meV / A
2024-04-01 05:51:24.324 INFO: Epoch 884: loss=0.2244, RMSE_E_per_atom=2.4 meV, RMSE_F=48.1 meV / A
2024-04-01 05:52:10.975 INFO: Epoch 886: loss=0.2240, RMSE_E_per_atom=2.4 meV, RMSE_F=48.1 meV / A
2024-04-01 05:52:57.283 INFO: Epoch 888: loss=0.2239, RMSE_E_per_atom=2.4 meV, RMSE_F=48.1 meV / A
2024-04-01 05:53:45.250 INFO: Epoch 890: loss=0.2242, RMSE_E_per_atom=2.4 meV, RMSE_F=48.1 meV / A
2024-04-01 05:54:31.627 INFO: Epoch 892: loss=0.2241, RMSE_E_per_atom=2.4 meV, RMSE_F=48.1 meV / A
2024-04-01 05:55:18.223 INFO: Epoch 894: loss=0.2240, RMSE_E_per_atom=2.4 meV, RMSE_F=48.1 meV / A
2024-04-01 05:56:04.676 INFO: Epoch 896: loss=0.2239, RMSE_E_per_atom=2.4 meV, RMSE_F=48.1 meV / A
2024-04-01 05:56:52.998 INFO: Epoch 898: loss=0.2241, RMSE_E_per_atom=2.4 meV, RMSE_F=48.1 meV / A
2024-04-01 05:57:39.379 INFO: Epoch 900: loss=0.2237, RMSE_E_per_atom=2.4 meV, RMSE_F=48.1 meV / A
2024-04-01 05:58:26.074 INFO: Epoch 902: loss=0.2239, RMSE_E_per_atom=2.4 meV, RMSE_F=48.1 meV / A
2024-04-01 05:59:13.868 INFO: Epoch 904: loss=0.2241, RMSE_E_per_atom=2.4 meV, RMSE_F=48.1 meV / A
2024-04-01 06:00:01.392 INFO: Epoch 906: loss=0.2237, RMSE_E_per_atom=2.4 meV, RMSE_F=48.1 meV / A
2024-04-01 06:00:49.057 INFO: Epoch 908: loss=0.2240, RMSE_E_per_atom=2.4 meV, RMSE_F=48.1 meV / A
2024-04-01 06:01:35.073 INFO: Epoch 910: loss=0.2234, RMSE_E_per_atom=2.4 meV, RMSE_F=48.0 meV / A
2024-04-01 06:02:21.917 INFO: Epoch 912: loss=0.2237, RMSE_E_per_atom=2.4 meV, RMSE_F=48.1 meV / A
2024-04-01 06:03:08.230 INFO: Epoch 914: loss=0.2236, RMSE_E_per_atom=2.4 meV, RMSE_F=48.0 meV / A
2024-04-01 06:03:54.369 INFO: Epoch 916: loss=0.2238, RMSE_E_per_atom=2.4 meV, RMSE_F=48.1 meV / A
2024-04-01 06:04:41.814 INFO: Epoch 918: loss=0.2236, RMSE_E_per_atom=2.4 meV, RMSE_F=48.1 meV / A
2024-04-01 06:05:28.512 INFO: Epoch 920: loss=0.2241, RMSE_E_per_atom=2.4 meV, RMSE_F=48.1 meV / A
2024-04-01 06:06:15.521 INFO: Epoch 922: loss=0.2239, RMSE_E_per_atom=2.4 meV, RMSE_F=48.1 meV / A
2024-04-01 06:07:03.444 INFO: Epoch 924: loss=0.2241, RMSE_E_per_atom=2.3 meV, RMSE_F=48.1 meV / A
2024-04-01 06:07:50.204 INFO: Epoch 926: loss=0.2245, RMSE_E_per_atom=2.3 meV, RMSE_F=48.2 meV / A
2024-04-01 06:08:37.217 INFO: Epoch 928: loss=0.2247, RMSE_E_per_atom=2.3 meV, RMSE_F=48.2 meV / A
2024-04-01 06:09:23.694 INFO: Epoch 930: loss=0.2240, RMSE_E_per_atom=2.4 meV, RMSE_F=48.1 meV / A
2024-04-01 06:10:10.861 INFO: Epoch 932: loss=0.2236, RMSE_E_per_atom=2.4 meV, RMSE_F=48.0 meV / A
2024-04-01 06:10:57.348 INFO: Epoch 934: loss=0.2238, RMSE_E_per_atom=2.4 meV, RMSE_F=48.1 meV / A
2024-04-01 06:11:44.611 INFO: Epoch 936: loss=0.2246, RMSE_E_per_atom=2.4 meV, RMSE_F=48.2 meV / A
2024-04-01 06:12:31.223 INFO: Epoch 938: loss=0.2242, RMSE_E_per_atom=2.4 meV, RMSE_F=48.1 meV / A
2024-04-01 06:13:17.576 INFO: Epoch 940: loss=0.2247, RMSE_E_per_atom=2.4 meV, RMSE_F=48.2 meV / A
2024-04-01 06:14:04.154 INFO: Epoch 942: loss=0.2246, RMSE_E_per_atom=2.4 meV, RMSE_F=48.2 meV / A
2024-04-01 06:14:49.958 INFO: Epoch 944: loss=0.2241, RMSE_E_per_atom=2.4 meV, RMSE_F=48.1 meV / A
2024-04-01 06:15:37.242 INFO: Epoch 946: loss=0.2249, RMSE_E_per_atom=2.4 meV, RMSE_F=48.2 meV / A
2024-04-01 06:16:24.289 INFO: Epoch 948: loss=0.2242, RMSE_E_per_atom=2.4 meV, RMSE_F=48.1 meV / A
2024-04-01 06:17:11.233 INFO: Epoch 950: loss=0.2248, RMSE_E_per_atom=2.4 meV, RMSE_F=48.2 meV / A
2024-04-01 06:17:57.585 INFO: Epoch 952: loss=0.2251, RMSE_E_per_atom=2.4 meV, RMSE_F=48.2 meV / A
2024-04-01 06:18:44.559 INFO: Epoch 954: loss=0.2239, RMSE_E_per_atom=2.4 meV, RMSE_F=48.1 meV / A
2024-04-01 06:19:30.949 INFO: Epoch 956: loss=0.2254, RMSE_E_per_atom=2.4 meV, RMSE_F=48.3 meV / A
2024-04-01 06:20:17.160 INFO: Epoch 958: loss=0.2244, RMSE_E_per_atom=2.4 meV, RMSE_F=48.1 meV / A
2024-04-01 06:21:03.730 INFO: Epoch 960: loss=0.2252, RMSE_E_per_atom=2.4 meV, RMSE_F=48.2 meV / A
2024-04-01 06:21:50.123 INFO: Epoch 962: loss=0.2247, RMSE_E_per_atom=2.4 meV, RMSE_F=48.2 meV / A
2024-04-01 06:22:35.957 INFO: Epoch 964: loss=0.2242, RMSE_E_per_atom=2.4 meV, RMSE_F=48.1 meV / A
2024-04-01 06:23:24.028 INFO: Epoch 966: loss=0.2247, RMSE_E_per_atom=2.4 meV, RMSE_F=48.2 meV / A
2024-04-01 06:24:11.623 INFO: Epoch 968: loss=0.2246, RMSE_E_per_atom=2.4 meV, RMSE_F=48.2 meV / A
2024-04-01 06:24:57.705 INFO: Epoch 970: loss=0.2254, RMSE_E_per_atom=2.4 meV, RMSE_F=48.3 meV / A
2024-04-01 06:25:47.435 INFO: Epoch 972: loss=0.2260, RMSE_E_per_atom=2.4 meV, RMSE_F=48.3 meV / A
2024-04-01 06:26:33.141 INFO: Epoch 974: loss=0.2250, RMSE_E_per_atom=2.4 meV, RMSE_F=48.2 meV / A
2024-04-01 06:27:19.967 INFO: Epoch 976: loss=0.2248, RMSE_E_per_atom=2.4 meV, RMSE_F=48.2 meV / A
2024-04-01 06:28:05.210 INFO: Epoch 978: loss=0.2248, RMSE_E_per_atom=2.4 meV, RMSE_F=48.2 meV / A
2024-04-01 06:28:52.198 INFO: Epoch 980: loss=0.2249, RMSE_E_per_atom=2.4 meV, RMSE_F=48.2 meV / A
2024-04-01 06:29:39.324 INFO: Epoch 982: loss=0.2251, RMSE_E_per_atom=2.4 meV, RMSE_F=48.2 meV / A
2024-04-01 06:30:25.574 INFO: Epoch 984: loss=0.2252, RMSE_E_per_atom=2.4 meV, RMSE_F=48.2 meV / A
2024-04-01 06:31:15.014 INFO: Epoch 986: loss=0.2258, RMSE_E_per_atom=2.4 meV, RMSE_F=48.3 meV / A
2024-04-01 06:32:01.201 INFO: Epoch 988: loss=0.2255, RMSE_E_per_atom=2.4 meV, RMSE_F=48.3 meV / A
2024-04-01 06:32:47.637 INFO: Epoch 990: loss=0.2248, RMSE_E_per_atom=2.4 meV, RMSE_F=48.2 meV / A
2024-04-01 06:33:34.290 INFO: Epoch 992: loss=0.2249, RMSE_E_per_atom=2.4 meV, RMSE_F=48.2 meV / A
2024-04-01 06:34:20.936 INFO: Epoch 994: loss=0.2249, RMSE_E_per_atom=2.4 meV, RMSE_F=48.2 meV / A
2024-04-01 06:35:06.564 INFO: Epoch 996: loss=0.2249, RMSE_E_per_atom=2.4 meV, RMSE_F=48.2 meV / A
2024-04-01 06:35:52.706 INFO: Epoch 998: loss=0.2248, RMSE_E_per_atom=2.4 meV, RMSE_F=48.2 meV / A
2024-04-01 06:36:15.613 INFO: Training complete
2024-04-01 06:36:15.614 INFO: Computing metrics for training, validation, and test sets
2024-04-01 06:36:15.616 INFO: Loading checkpoint: checkpoints/MACE_run-0_epoch-282.pt
2024-04-01 06:36:15.815 INFO: Loaded model from epoch 282
2024-04-01 06:36:17.243 INFO: Evaluating train ...
2024-04-01 06:36:27.990 INFO: Evaluating valid ...
2024-04-01 06:36:30.643 INFO: Evaluating Default ...
2024-04-01 06:36:41.901 INFO: 
+-------------+---------------------+------------------+-------------------+
| config_type | RMSE E / meV / atom | RMSE F / meV / A | relative F RMSE % |
+-------------+---------------------+------------------+-------------------+
|    train    |         21.1        |       9.0        |        5.46       |
|    valid    |         21.6        |       40.7       |       24.71       |
|   Default   |         36.9        |      279.5       |      3907.18      |
+-------------+---------------------+------------------+-------------------+
2024-04-01 06:36:41.905 INFO: Saving model to checkpoints/MACE_run-0.model
2024-04-01 06:36:42.068 INFO: Loading checkpoint: checkpoints/MACE_run-0_epoch-504_swa.pt
2024-04-01 06:36:42.243 INFO: Loaded model from epoch 504
2024-04-01 06:36:43.731 INFO: Evaluating train ...
2024-04-01 06:36:53.307 INFO: Evaluating valid ...
2024-04-01 06:36:55.995 INFO: Evaluating Default ...
2024-04-01 06:37:08.577 INFO: 
+-------------+---------------------+------------------+-------------------+
| config_type | RMSE E / meV / atom | RMSE F / meV / A | relative F RMSE % |
+-------------+---------------------+------------------+-------------------+
|    train    |         2.0         |       8.1        |        4.95       |
|    valid    |         3.1         |       46.2       |       28.10       |
|   Default   |         24.2        |      318.9       |      4458.18      |
+-------------+---------------------+------------------+-------------------+
2024-04-01 06:37:08.579 INFO: Saving model to checkpoints/MACE_run-0_swa.model
2024-04-01 06:37:08.750 INFO: Done
