2024-04-02 15:14:11.425 INFO: MACE version: 0.3.0
2024-04-02 15:14:11.426 INFO: Configuration: Namespace(name='MACE', seed=0, log_dir='logs', model_dir='.', checkpoints_dir='checkpoints', results_dir='results', downloads_dir='downloads', device='cuda', default_dtype='float64', log_level='INFO', error_table='PerAtomRMSE', model='MACE', r_max=5.0, radial_type='bessel', num_radial_basis=8, num_cutoff_basis=5, interaction='RealAgnosticResidualInteractionBlock', interaction_first='RealAgnosticResidualInteractionBlock', max_ell=3, correlation=3, num_interactions=2, MLP_irreps='16x0e', radial_MLP='[64, 64, 64]', hidden_irreps='128x0e + 128x1o', num_channels=None, max_L=None, gate='silu', scaling='rms_forces_scaling', avg_num_neighbors=1, compute_avg_num_neighbors=True, compute_stress=False, compute_forces=True, train_file='train.xyz', valid_file=None, valid_fraction=0.1, test_file='test.xyz', E0s=None, energy_key='mp2_energy', forces_key='mp2_forces', virials_key='virials', stress_key='stress', dipole_key='dipole', charges_key='charges', loss='weighted', forces_weight=100.0, swa_forces_weight=100.0, energy_weight=1.0, swa_energy_weight=1000.0, virials_weight=1.0, swa_virials_weight=10.0, stress_weight=1.0, swa_stress_weight=10.0, dipole_weight=1.0, swa_dipole_weight=1.0, config_type_weights='{"Default":1.0}', huber_delta=0.01, optimizer='adam', batch_size=10, valid_batch_size=10, lr=0.01, swa_lr=0.001, weight_decay=5e-07, amsgrad=True, scheduler='ReduceLROnPlateau', lr_factor=0.8, scheduler_patience=50, lr_scheduler_gamma=0.9993, swa=True, start_swa=500, ema=True, ema_decay=0.99, max_num_epochs=1898, patience=2048, eval_interval=2, keep_checkpoints=False, restart_latest=True, save_cpu=True, clip_grad=10.0, wandb=False, wandb_project='', wandb_entity='', wandb_name='', wandb_log_hypers=['num_channels', 'max_L', 'correlation', 'lr', 'swa_lr', 'weight_decay', 'batch_size', 'max_num_epochs', 'start_swa', 'energy_weight', 'forces_weight'])
2024-04-02 15:14:11.592 INFO: CUDA version: 11.8, CUDA device: 0
2024-04-02 15:14:13.660 INFO: Using isolated atom energies from training file
2024-04-02 15:14:13.735 INFO: Loaded 4983 training configurations from 'train.xyz'
2024-04-02 15:14:13.737 INFO: Using random 10.0% of training set for validation
2024-04-02 15:14:15.272 INFO: Loaded 4016 test configurations from 'test.xyz'
2024-04-02 15:14:15.272 INFO: Total number of configurations: train=4485, valid=498, tests=[Default: 4016]
2024-04-02 15:14:15.283 INFO: AtomicNumberTable: (1, 6, 7, 8, 9, 17, 35)
2024-04-02 15:14:15.283 INFO: Atomic energies: [-13.600517821508213, -1027.0944977126558, -1482.3418207392756, -2038.6266391088182, -2710.614457364674, -12509.081471993437, -70007.06718971694]
2024-04-02 15:14:17.942 INFO: WeightedEnergyForcesLoss(energy_weight=1.000, forces_weight=100.000)
2024-04-02 15:14:18.480 INFO: Average number of neighbors: 13.442783898767317
2024-04-02 15:14:18.480 INFO: Selected the following outputs: {'energy': True, 'forces': True, 'virials': False, 'stress': False, 'dipoles': False}
2024-04-02 15:14:18.480 INFO: Building model
2024-04-02 15:14:18.480 INFO: Hidden irreps: 128x0e + 128x1o
2024-04-02 15:14:20.542 INFO: Using stochastic weight averaging (after 500 epochs) with energy weight : 1000.0, forces weight : 100.0 and learning rate : 0.001
2024-04-02 15:14:20.618 INFO: Loading checkpoint: checkpoints/MACE_run-0_epoch-1698_swa.pt
2024-04-02 15:14:20.659 INFO: ScaleShiftMACE(
  (node_embedding): LinearNodeEmbeddingBlock(
    (linear): Linear(7x0e -> 128x0e | 896 weights)
  )
  (radial_embedding): RadialEmbeddingBlock(
    (bessel_fn): BesselBasis(r_max=5.0, num_basis=8, trainable=False)
    (cutoff_fn): PolynomialCutoff(p=5.0, r_max=5.0)
  )
  (spherical_harmonics): SphericalHarmonics()
  (atomic_energies_fn): AtomicEnergiesBlock(energies=[-13.6005, -1027.0945, -1482.3418, -2038.6266, -2710.6145, -12509.0815, -70007.0672])
  (interactions): ModuleList(
    (0): RealAgnosticInteractionBlock(
      (linear_up): Linear(128x0e -> 128x0e | 16384 weights)
      (conv_tp): TensorProduct(128x0e x 1x0e+1x1o+1x2e+1x3o -> 128x0e+128x1o+128x2e+128x3o | 512 paths | 512 weights)
      (conv_tp_weights): FullyConnectedNet[8, 64, 64, 64, 512]
      (linear): Linear(128x0e+128x1o+128x2e+128x3o -> 128x0e+128x1o+128x2e+128x3o | 65536 weights)
      (skip_tp): FullyConnectedTensorProduct(128x0e+128x1o+128x2e+128x3o x 7x0e -> 128x0e+128x1o+128x2e+128x3o | 458752 paths | 458752 weights)
      (reshape): reshape_irreps()
    )
    (1): RealAgnosticResidualInteractionBlock(
      (linear_up): Linear(128x0e+128x1o -> 128x0e+128x1o | 32768 weights)
      (conv_tp): TensorProduct(128x0e+128x1o x 1x0e+1x1o+1x2e+1x3o -> 256x0e+384x1o+384x2e+256x3o | 1280 paths | 1280 weights)
      (conv_tp_weights): FullyConnectedNet[8, 64, 64, 64, 1280]
      (linear): Linear(256x0e+384x1o+384x2e+256x3o -> 128x0e+128x1o+128x2e+128x3o | 163840 weights)
      (skip_tp): FullyConnectedTensorProduct(128x0e+128x1o x 7x0e -> 128x0e | 114688 paths | 114688 weights)
      (reshape): reshape_irreps()
    )
  )
  (products): ModuleList(
    (0): EquivariantProductBasisBlock(
      (symmetric_contractions): SymmetricContraction(
        (contractions): ModuleList(
          (0): Contraction(
            (contractions_weighting): ModuleList(
              (0-1): 2 x GraphModule()
            )
            (contractions_features): ModuleList(
              (0-1): 2 x GraphModule()
            )
            (weights): ParameterList(
                (0): Parameter containing: [torch.float64 of size 7x4x128 (GPU 0)]
                (1): Parameter containing: [torch.float64 of size 7x1x128 (GPU 0)]
            )
            (graph_opt_main): GraphModule()
          )
          (1): Contraction(
            (contractions_weighting): ModuleList(
              (0-1): 2 x GraphModule()
            )
            (contractions_features): ModuleList(
              (0-1): 2 x GraphModule()
            )
            (weights): ParameterList(
                (0): Parameter containing: [torch.float64 of size 7x6x128 (GPU 0)]
                (1): Parameter containing: [torch.float64 of size 7x1x128 (GPU 0)]
            )
            (graph_opt_main): GraphModule()
          )
        )
      )
      (linear): Linear(128x0e+128x1o -> 128x0e+128x1o | 32768 weights)
    )
    (1): EquivariantProductBasisBlock(
      (symmetric_contractions): SymmetricContraction(
        (contractions): ModuleList(
          (0): Contraction(
            (contractions_weighting): ModuleList(
              (0-1): 2 x GraphModule()
            )
            (contractions_features): ModuleList(
              (0-1): 2 x GraphModule()
            )
            (weights): ParameterList(
                (0): Parameter containing: [torch.float64 of size 7x4x128 (GPU 0)]
                (1): Parameter containing: [torch.float64 of size 7x1x128 (GPU 0)]
            )
            (graph_opt_main): GraphModule()
          )
        )
      )
      (linear): Linear(128x0e -> 128x0e | 16384 weights)
    )
  )
  (readouts): ModuleList(
    (0): LinearReadoutBlock(
      (linear): Linear(128x0e+128x1o -> 1x0e | 128 weights)
    )
    (1): NonLinearReadoutBlock(
      (linear_1): Linear(128x0e -> 16x0e | 2048 weights)
      (non_linearity): Activation [x] (16x0e -> 16x0e)
      (linear_2): Linear(16x0e -> 1x0e | 16 weights)
    )
  )
  (scale_shift): ScaleShiftBlock(scale=0.163822, shift=0.000000)
)
2024-04-02 15:14:20.662 INFO: Number of parameters: 1138448
2024-04-02 15:14:20.662 INFO: Optimizer: Adam (
Parameter Group 0
    amsgrad: True
    betas: (0.9, 0.999)
    capturable: False
    differentiable: False
    eps: 1e-08
    foreach: None
    fused: None
    initial_lr: 0.01
    lr: 0.001
    maximize: False
    name: embedding
    swa_lr: 0.001
    weight_decay: 0.0

Parameter Group 1
    amsgrad: True
    betas: (0.9, 0.999)
    capturable: False
    differentiable: False
    eps: 1e-08
    foreach: None
    fused: None
    initial_lr: 0.01
    lr: 0.001
    maximize: False
    name: interactions_decay
    swa_lr: 0.001
    weight_decay: 5e-07

Parameter Group 2
    amsgrad: True
    betas: (0.9, 0.999)
    capturable: False
    differentiable: False
    eps: 1e-08
    foreach: None
    fused: None
    initial_lr: 0.01
    lr: 0.001
    maximize: False
    name: interactions_no_decay
    swa_lr: 0.001
    weight_decay: 0.0

Parameter Group 3
    amsgrad: True
    betas: (0.9, 0.999)
    capturable: False
    differentiable: False
    eps: 1e-08
    foreach: None
    fused: None
    initial_lr: 0.01
    lr: 0.001
    maximize: False
    name: products
    swa_lr: 0.001
    weight_decay: 5e-07

Parameter Group 4
    amsgrad: True
    betas: (0.9, 0.999)
    capturable: False
    differentiable: False
    eps: 1e-08
    foreach: None
    fused: None
    initial_lr: 0.01
    lr: 0.001
    maximize: False
    name: readouts
    swa_lr: 0.001
    weight_decay: 0.0
)
2024-04-02 15:14:20.662 INFO: Using gradient clipping with tolerance=10.000
2024-04-02 15:14:20.662 INFO: Started training
2024-04-02 15:14:20.662 INFO: Changing loss based on SWA
2024-04-02 15:15:03.969 INFO: Epoch 1698: loss=0.0447, RMSE_E_per_atom=1.2 meV, RMSE_F=21.1 meV / A
2024-04-02 15:15:57.913 INFO: Epoch 1700: loss=0.0436, RMSE_E_per_atom=1.1 meV, RMSE_F=20.9 meV / A
2024-04-02 15:16:51.596 INFO: Epoch 1702: loss=0.0432, RMSE_E_per_atom=1.1 meV, RMSE_F=20.8 meV / A
2024-04-02 15:17:44.829 INFO: Epoch 1704: loss=0.0431, RMSE_E_per_atom=1.1 meV, RMSE_F=20.8 meV / A
2024-04-02 15:18:38.111 INFO: Epoch 1706: loss=0.0431, RMSE_E_per_atom=1.0 meV, RMSE_F=20.8 meV / A
2024-04-02 15:19:31.320 INFO: Epoch 1708: loss=0.0430, RMSE_E_per_atom=1.1 meV, RMSE_F=20.8 meV / A
2024-04-02 15:20:24.585 INFO: Epoch 1710: loss=0.0429, RMSE_E_per_atom=1.1 meV, RMSE_F=20.8 meV / A
2024-04-02 15:21:18.053 INFO: Epoch 1712: loss=0.0432, RMSE_E_per_atom=1.0 meV, RMSE_F=20.8 meV / A
2024-04-02 15:22:11.455 INFO: Epoch 1714: loss=0.0430, RMSE_E_per_atom=1.0 meV, RMSE_F=20.8 meV / A
2024-04-02 15:23:05.183 INFO: Epoch 1716: loss=0.0434, RMSE_E_per_atom=1.0 meV, RMSE_F=20.9 meV / A
2024-04-02 15:23:58.742 INFO: Epoch 1718: loss=0.0430, RMSE_E_per_atom=1.0 meV, RMSE_F=20.8 meV / A
2024-04-02 15:24:52.660 INFO: Epoch 1720: loss=0.0429, RMSE_E_per_atom=1.0 meV, RMSE_F=20.7 meV / A
2024-04-02 15:25:46.398 INFO: Epoch 1722: loss=0.0433, RMSE_E_per_atom=1.0 meV, RMSE_F=20.9 meV / A
2024-04-02 15:26:40.065 INFO: Epoch 1724: loss=0.0427, RMSE_E_per_atom=1.0 meV, RMSE_F=20.7 meV / A
2024-04-02 15:27:33.876 INFO: Epoch 1726: loss=0.0433, RMSE_E_per_atom=1.1 meV, RMSE_F=20.8 meV / A
2024-04-02 15:28:27.261 INFO: Epoch 1728: loss=0.0430, RMSE_E_per_atom=1.0 meV, RMSE_F=20.8 meV / A
2024-04-02 15:29:20.896 INFO: Epoch 1730: loss=0.0429, RMSE_E_per_atom=1.1 meV, RMSE_F=20.8 meV / A
2024-04-02 15:30:14.713 INFO: Epoch 1732: loss=0.0428, RMSE_E_per_atom=1.1 meV, RMSE_F=20.7 meV / A
2024-04-02 15:31:08.229 INFO: Epoch 1734: loss=0.0429, RMSE_E_per_atom=1.1 meV, RMSE_F=20.7 meV / A
2024-04-02 15:32:01.009 INFO: Epoch 1736: loss=0.0437, RMSE_E_per_atom=1.1 meV, RMSE_F=20.9 meV / A
2024-04-02 15:32:53.123 INFO: Epoch 1738: loss=0.0435, RMSE_E_per_atom=1.0 meV, RMSE_F=20.9 meV / A
2024-04-02 15:33:45.165 INFO: Epoch 1740: loss=0.0436, RMSE_E_per_atom=1.1 meV, RMSE_F=20.9 meV / A
2024-04-02 15:34:36.781 INFO: Epoch 1742: loss=0.0431, RMSE_E_per_atom=1.0 meV, RMSE_F=20.8 meV / A
2024-04-02 15:35:28.869 INFO: Epoch 1744: loss=0.0434, RMSE_E_per_atom=1.1 meV, RMSE_F=20.9 meV / A
2024-04-02 15:36:20.816 INFO: Epoch 1746: loss=0.0431, RMSE_E_per_atom=1.1 meV, RMSE_F=20.8 meV / A
2024-04-02 15:37:12.595 INFO: Epoch 1748: loss=0.0431, RMSE_E_per_atom=1.1 meV, RMSE_F=20.8 meV / A
2024-04-02 15:38:04.574 INFO: Epoch 1750: loss=0.0435, RMSE_E_per_atom=1.1 meV, RMSE_F=20.9 meV / A
2024-04-02 15:38:56.100 INFO: Epoch 1752: loss=0.0434, RMSE_E_per_atom=1.1 meV, RMSE_F=20.9 meV / A
2024-04-02 15:39:47.664 INFO: Epoch 1754: loss=0.0438, RMSE_E_per_atom=1.1 meV, RMSE_F=21.0 meV / A
2024-04-02 15:40:39.224 INFO: Epoch 1756: loss=0.0432, RMSE_E_per_atom=1.1 meV, RMSE_F=20.8 meV / A
2024-04-02 15:41:30.514 INFO: Epoch 1758: loss=0.0434, RMSE_E_per_atom=1.1 meV, RMSE_F=20.9 meV / A
2024-04-02 15:42:22.281 INFO: Epoch 1760: loss=0.0432, RMSE_E_per_atom=1.1 meV, RMSE_F=20.8 meV / A
2024-04-02 15:43:13.679 INFO: Epoch 1762: loss=0.0433, RMSE_E_per_atom=1.0 meV, RMSE_F=20.8 meV / A
2024-04-02 15:44:05.189 INFO: Epoch 1764: loss=0.0430, RMSE_E_per_atom=1.0 meV, RMSE_F=20.8 meV / A
2024-04-02 15:44:56.722 INFO: Epoch 1766: loss=0.0430, RMSE_E_per_atom=1.0 meV, RMSE_F=20.8 meV / A
2024-04-02 15:45:48.174 INFO: Epoch 1768: loss=0.0433, RMSE_E_per_atom=1.1 meV, RMSE_F=20.8 meV / A
2024-04-02 15:46:39.610 INFO: Epoch 1770: loss=0.0431, RMSE_E_per_atom=1.0 meV, RMSE_F=20.8 meV / A
2024-04-02 15:47:31.436 INFO: Epoch 1772: loss=0.0429, RMSE_E_per_atom=1.1 meV, RMSE_F=20.7 meV / A
2024-04-02 15:48:22.693 INFO: Epoch 1774: loss=0.0433, RMSE_E_per_atom=1.0 meV, RMSE_F=20.9 meV / A
2024-04-02 15:49:14.287 INFO: Epoch 1776: loss=0.0431, RMSE_E_per_atom=1.1 meV, RMSE_F=20.8 meV / A
2024-04-02 15:50:05.731 INFO: Epoch 1778: loss=0.0432, RMSE_E_per_atom=1.0 meV, RMSE_F=20.8 meV / A
2024-04-02 15:50:57.372 INFO: Epoch 1780: loss=0.0432, RMSE_E_per_atom=1.0 meV, RMSE_F=20.8 meV / A
2024-04-02 15:51:48.633 INFO: Epoch 1782: loss=0.0433, RMSE_E_per_atom=1.1 meV, RMSE_F=20.8 meV / A
2024-04-02 15:52:40.295 INFO: Epoch 1784: loss=0.0433, RMSE_E_per_atom=1.1 meV, RMSE_F=20.8 meV / A
2024-04-02 15:53:31.763 INFO: Epoch 1786: loss=0.0434, RMSE_E_per_atom=1.1 meV, RMSE_F=20.9 meV / A
2024-04-02 15:54:23.536 INFO: Epoch 1788: loss=0.0433, RMSE_E_per_atom=1.1 meV, RMSE_F=20.9 meV / A
2024-04-02 15:55:15.327 INFO: Epoch 1790: loss=0.0432, RMSE_E_per_atom=1.0 meV, RMSE_F=20.8 meV / A
2024-04-02 15:56:06.939 INFO: Epoch 1792: loss=0.0435, RMSE_E_per_atom=1.0 meV, RMSE_F=20.9 meV / A
2024-04-02 15:57:00.373 INFO: Epoch 1794: loss=0.0432, RMSE_E_per_atom=1.0 meV, RMSE_F=20.8 meV / A
2024-04-02 15:57:52.068 INFO: Epoch 1796: loss=0.0433, RMSE_E_per_atom=1.1 meV, RMSE_F=20.8 meV / A
2024-04-02 15:58:43.850 INFO: Epoch 1798: loss=0.0430, RMSE_E_per_atom=1.1 meV, RMSE_F=20.8 meV / A
2024-04-02 15:59:35.258 INFO: Epoch 1800: loss=0.0434, RMSE_E_per_atom=1.0 meV, RMSE_F=20.9 meV / A
2024-04-02 16:00:26.300 INFO: Epoch 1802: loss=0.0432, RMSE_E_per_atom=1.1 meV, RMSE_F=20.8 meV / A
2024-04-02 16:01:17.464 INFO: Epoch 1804: loss=0.0430, RMSE_E_per_atom=1.1 meV, RMSE_F=20.8 meV / A
2024-04-02 16:02:08.879 INFO: Epoch 1806: loss=0.0437, RMSE_E_per_atom=1.1 meV, RMSE_F=20.9 meV / A
2024-04-02 16:02:59.853 INFO: Epoch 1808: loss=0.0433, RMSE_E_per_atom=1.1 meV, RMSE_F=20.8 meV / A
2024-04-02 16:03:50.959 INFO: Epoch 1810: loss=0.0435, RMSE_E_per_atom=1.1 meV, RMSE_F=20.9 meV / A
2024-04-02 16:04:42.103 INFO: Epoch 1812: loss=0.0434, RMSE_E_per_atom=1.0 meV, RMSE_F=20.9 meV / A
2024-04-02 16:05:33.104 INFO: Epoch 1814: loss=0.0435, RMSE_E_per_atom=1.1 meV, RMSE_F=20.9 meV / A
2024-04-02 16:06:24.322 INFO: Epoch 1816: loss=0.0434, RMSE_E_per_atom=1.0 meV, RMSE_F=20.9 meV / A
2024-04-02 16:07:16.274 INFO: Epoch 1818: loss=0.0428, RMSE_E_per_atom=1.1 meV, RMSE_F=20.7 meV / A
2024-04-02 16:08:07.342 INFO: Epoch 1820: loss=0.0432, RMSE_E_per_atom=1.1 meV, RMSE_F=20.8 meV / A
2024-04-02 16:08:58.023 INFO: Epoch 1822: loss=0.0432, RMSE_E_per_atom=1.0 meV, RMSE_F=20.8 meV / A
2024-04-02 16:09:48.803 INFO: Epoch 1824: loss=0.0429, RMSE_E_per_atom=1.0 meV, RMSE_F=20.8 meV / A
2024-04-02 16:10:39.403 INFO: Epoch 1826: loss=0.0432, RMSE_E_per_atom=1.1 meV, RMSE_F=20.8 meV / A
2024-04-02 16:11:30.277 INFO: Epoch 1828: loss=0.0431, RMSE_E_per_atom=1.1 meV, RMSE_F=20.8 meV / A
2024-04-02 16:12:21.073 INFO: Epoch 1830: loss=0.0433, RMSE_E_per_atom=1.0 meV, RMSE_F=20.8 meV / A
2024-04-02 16:13:12.032 INFO: Epoch 1832: loss=0.0432, RMSE_E_per_atom=1.0 meV, RMSE_F=20.8 meV / A
2024-04-02 16:14:03.098 INFO: Epoch 1834: loss=0.0433, RMSE_E_per_atom=1.1 meV, RMSE_F=20.8 meV / A
2024-04-02 16:14:54.359 INFO: Epoch 1836: loss=0.0441, RMSE_E_per_atom=1.1 meV, RMSE_F=21.0 meV / A
2024-04-02 16:15:45.474 INFO: Epoch 1838: loss=0.0431, RMSE_E_per_atom=1.1 meV, RMSE_F=20.8 meV / A
2024-04-02 16:16:36.736 INFO: Epoch 1840: loss=0.0430, RMSE_E_per_atom=1.1 meV, RMSE_F=20.8 meV / A
2024-04-02 16:17:28.047 INFO: Epoch 1842: loss=0.0433, RMSE_E_per_atom=1.1 meV, RMSE_F=20.8 meV / A
2024-04-02 16:18:19.356 INFO: Epoch 1844: loss=0.0434, RMSE_E_per_atom=1.1 meV, RMSE_F=20.9 meV / A
2024-04-02 16:19:10.427 INFO: Epoch 1846: loss=0.0431, RMSE_E_per_atom=1.1 meV, RMSE_F=20.8 meV / A
2024-04-02 16:20:01.420 INFO: Epoch 1848: loss=0.0434, RMSE_E_per_atom=1.0 meV, RMSE_F=20.9 meV / A
2024-04-02 16:20:52.625 INFO: Epoch 1850: loss=0.0430, RMSE_E_per_atom=1.0 meV, RMSE_F=20.8 meV / A
2024-04-02 16:21:43.674 INFO: Epoch 1852: loss=0.0435, RMSE_E_per_atom=1.1 meV, RMSE_F=20.9 meV / A
2024-04-02 16:22:35.290 INFO: Epoch 1854: loss=0.0433, RMSE_E_per_atom=1.0 meV, RMSE_F=20.8 meV / A
2024-04-02 16:23:26.663 INFO: Epoch 1856: loss=0.0433, RMSE_E_per_atom=1.0 meV, RMSE_F=20.8 meV / A
2024-04-02 16:24:18.262 INFO: Epoch 1858: loss=0.0431, RMSE_E_per_atom=1.0 meV, RMSE_F=20.8 meV / A
2024-04-02 16:25:09.435 INFO: Epoch 1860: loss=0.0430, RMSE_E_per_atom=1.0 meV, RMSE_F=20.8 meV / A
2024-04-02 16:26:00.778 INFO: Epoch 1862: loss=0.0431, RMSE_E_per_atom=1.0 meV, RMSE_F=20.8 meV / A
2024-04-02 16:26:52.082 INFO: Epoch 1864: loss=0.0434, RMSE_E_per_atom=1.0 meV, RMSE_F=20.9 meV / A
2024-04-02 16:27:43.085 INFO: Epoch 1866: loss=0.0434, RMSE_E_per_atom=1.0 meV, RMSE_F=20.9 meV / A
2024-04-02 16:28:34.314 INFO: Epoch 1868: loss=0.0437, RMSE_E_per_atom=1.1 meV, RMSE_F=20.9 meV / A
2024-04-02 16:29:25.329 INFO: Epoch 1870: loss=0.0437, RMSE_E_per_atom=1.1 meV, RMSE_F=20.9 meV / A
2024-04-02 16:30:16.453 INFO: Epoch 1872: loss=0.0438, RMSE_E_per_atom=1.0 meV, RMSE_F=20.9 meV / A
2024-04-02 16:31:07.300 INFO: Epoch 1874: loss=0.0434, RMSE_E_per_atom=1.0 meV, RMSE_F=20.9 meV / A
2024-04-02 16:31:58.478 INFO: Epoch 1876: loss=0.0437, RMSE_E_per_atom=1.0 meV, RMSE_F=21.0 meV / A
2024-04-02 16:32:49.720 INFO: Epoch 1878: loss=0.0440, RMSE_E_per_atom=1.1 meV, RMSE_F=21.0 meV / A
2024-04-02 16:33:41.404 INFO: Epoch 1880: loss=0.0435, RMSE_E_per_atom=1.0 meV, RMSE_F=20.9 meV / A
2024-04-02 16:34:32.417 INFO: Epoch 1882: loss=0.0435, RMSE_E_per_atom=1.0 meV, RMSE_F=20.9 meV / A
2024-04-02 16:35:23.838 INFO: Epoch 1884: loss=0.0432, RMSE_E_per_atom=1.0 meV, RMSE_F=20.8 meV / A
2024-04-02 16:36:15.356 INFO: Epoch 1886: loss=0.0432, RMSE_E_per_atom=1.1 meV, RMSE_F=20.8 meV / A
2024-04-02 16:37:06.434 INFO: Epoch 1888: loss=0.0438, RMSE_E_per_atom=1.1 meV, RMSE_F=20.9 meV / A
2024-04-02 16:37:57.457 INFO: Epoch 1890: loss=0.0435, RMSE_E_per_atom=1.0 meV, RMSE_F=20.9 meV / A
2024-04-02 16:38:48.432 INFO: Epoch 1892: loss=0.0432, RMSE_E_per_atom=1.1 meV, RMSE_F=20.8 meV / A
2024-04-02 16:39:39.988 INFO: Epoch 1894: loss=0.0433, RMSE_E_per_atom=1.0 meV, RMSE_F=20.8 meV / A
2024-04-02 16:40:31.223 INFO: Epoch 1896: loss=0.0432, RMSE_E_per_atom=1.1 meV, RMSE_F=20.8 meV / A
2024-04-02 16:40:56.067 INFO: Training complete
2024-04-02 16:40:56.067 INFO: Computing metrics for training, validation, and test sets
2024-04-02 16:40:56.078 INFO: Loading checkpoint: checkpoints/MACE_run-0_epoch-282.pt
2024-04-02 16:40:56.256 INFO: Loaded model from epoch 282
2024-04-02 16:40:57.832 INFO: Evaluating train ...
2024-04-02 16:41:09.111 INFO: Evaluating valid ...
2024-04-02 16:41:11.745 INFO: Evaluating Default ...
2024-04-02 16:41:22.213 INFO: 
+-------------+---------------------+------------------+-------------------+
| config_type | RMSE E / meV / atom | RMSE F / meV / A | relative F RMSE % |
+-------------+---------------------+------------------+-------------------+
|    train    |         26.1        |      111.5       |       71.63       |
|    valid    |         23.6        |      101.7       |       63.80       |
|   Default   |         32.5        |      269.9       |      3822.16      |
+-------------+---------------------+------------------+-------------------+
2024-04-02 16:41:22.216 INFO: Saving model to checkpoints/MACE_run-0.model
2024-04-02 16:41:22.357 INFO: Loading checkpoint: checkpoints/MACE_run-0_epoch-1724_swa.pt
2024-04-02 16:41:22.533 INFO: Loaded model from epoch 1724
2024-04-02 16:41:24.178 INFO: Evaluating train ...
2024-04-02 16:41:35.124 INFO: Evaluating valid ...
2024-04-02 16:41:37.812 INFO: Evaluating Default ...
2024-04-02 16:41:48.260 INFO: 
+-------------+---------------------+------------------+-------------------+
| config_type | RMSE E / meV / atom | RMSE F / meV / A | relative F RMSE % |
+-------------+---------------------+------------------+-------------------+
|    train    |         0.4         |       5.0        |        3.21       |
|    valid    |         1.0         |       20.7       |       13.00       |
|   Default   |         1.9         |       52.1       |       738.47      |
+-------------+---------------------+------------------+-------------------+
2024-04-02 16:41:48.261 INFO: Saving model to checkpoints/MACE_run-0_swa.model
2024-04-02 16:41:48.470 INFO: Done
