2024-07-29 17:11:41.512 INFO: MACE version: 0.3.6
2024-07-29 17:11:41.513 INFO: Configuration: Namespace(config=None, name='MACE', seed=1, log_dir='logs', model_dir='.', checkpoints_dir='checkpoints', results_dir='results', downloads_dir='downloads', device='cuda', default_dtype='float64', distributed=False, log_level='INFO', error_table='PerAtomRMSE', model='MACE', r_max=5.0, radial_type='bessel', num_radial_basis=8, num_cutoff_basis=5, pair_repulsion=False, distance_transform='None', interaction='RealAgnosticResidualInteractionBlock', interaction_first='RealAgnosticResidualInteractionBlock', max_ell=3, correlation=3, num_interactions=2, MLP_irreps='16x0e', radial_MLP='[64, 64, 64]', hidden_irreps='128x0e + 128x1o', num_channels=None, max_L=None, gate='silu', scaling='rms_forces_scaling', avg_num_neighbors=1, compute_avg_num_neighbors=True, compute_stress=False, compute_forces=True, train_file='../train.xyz', valid_file='../valid.xyz', valid_fraction=0.1, test_file='../test.xyz', test_dir=None, multi_processed_test=False, num_workers=0, pin_memory=True, atomic_numbers=None, mean=None, std=None, statistics_file=None, E0s=None, keep_isolated_atoms=False, energy_key='mp2_energy', forces_key='mp2_forces', virials_key='virials', stress_key='stress', dipole_key='dipole', charges_key='charges', loss='weighted', forces_weight=10.0, swa_forces_weight=100.0, energy_weight=1.0, swa_energy_weight=1000.0, virials_weight=1.0, swa_virials_weight=10.0, stress_weight=1.0, swa_stress_weight=10.0, dipole_weight=1.0, swa_dipole_weight=1.0, config_type_weights='{"Default":1.0}', huber_delta=0.01, optimizer='adam', beta=0.9, batch_size=32, valid_batch_size=10, lr=0.001, swa_lr=0.001, weight_decay=5e-07, amsgrad=True, scheduler='ReduceLROnPlateau', lr_factor=0.8, scheduler_patience=50, lr_scheduler_gamma=0.9993, swa=True, start_swa=500, ema=True, ema_decay=0.99, max_num_epochs=1000, patience=2048, foundation_model=None, foundation_model_readout=True, eval_interval=2, keep_checkpoints=False, save_all_checkpoints=False, restart_latest=True, save_cpu=True, clip_grad=10.0, wandb=False, wandb_dir=None, wandb_project='', wandb_entity='', wandb_name='', wandb_log_hypers=['num_channels', 'max_L', 'correlation', 'lr', 'swa_lr', 'weight_decay', 'batch_size', 'max_num_epochs', 'start_swa', 'energy_weight', 'forces_weight'])
2024-07-29 17:11:41.730 INFO: CUDA version: 11.8, CUDA device: 0
2024-07-29 17:11:42.040 INFO: Error accessing Git repository: /rds/user/dk584/hpc-work/papers/organic-mace-neb/qmrxn20-models/r-p-relaxed-from-ts/cleaned-up/optimize-r-p/no-rattle/model
2024-07-29 17:11:43.480 INFO: Since ASE version 3.23.0b1, using stress_key 'stress' is no longer safe when communicating between MACE and ASE. We recommend using a different key, rewriting energies to 'REF_stress'. You need to use --stress_key='REF_stress', to tell the key name chosen.
2024-07-29 17:11:43.487 INFO: Using isolated atom energies from training file
2024-07-29 17:11:43.548 INFO: Loaded 4266 training configurations from '../train.xyz'
2024-07-29 17:11:43.711 INFO: Since ASE version 3.23.0b1, using stress_key 'stress' is no longer safe when communicating between MACE and ASE. We recommend using a different key, rewriting energies to 'REF_stress'. You need to use --stress_key='REF_stress', to tell the key name chosen.
2024-07-29 17:11:43.719 INFO: Loaded 534 validation configurations from '../valid.xyz'
2024-07-29 17:11:43.910 INFO: Since ASE version 3.23.0b1, using stress_key 'stress' is no longer safe when communicating between MACE and ASE. We recommend using a different key, rewriting energies to 'REF_stress'. You need to use --stress_key='REF_stress', to tell the key name chosen.
2024-07-29 17:11:43.918 INFO: Loaded 534 test configurations from '../test.xyz'
2024-07-29 17:11:43.918 INFO: Total number of configurations: train=4266, valid=534, tests=[Default: 534]
2024-07-29 17:11:43.927 INFO: AtomicNumberTable: (1, 6, 7, 8, 9, 17, 35)
2024-07-29 17:11:43.928 INFO: Atomic energies: [-13.600517821508213, -1027.0944977126558, -1482.3418207392756, -2038.6266391088182, -2710.614457364674, -12509.081471993437, -70007.06718971694]
2024-07-29 17:11:46.723 INFO: WeightedEnergyForcesLoss(energy_weight=1.000, forces_weight=10.000)
2024-07-29 17:11:47.529 INFO: Average number of neighbors: 13.727515159211404
2024-07-29 17:11:47.529 INFO: Selected the following outputs: {'energy': True, 'forces': True, 'virials': False, 'stress': False, 'dipoles': False}
2024-07-29 17:11:48.032 INFO: Building model
2024-07-29 17:11:48.033 INFO: Hidden irreps: 128x0e + 128x1o
2024-07-29 17:11:49.449 INFO: Using stochastic weight averaging (after 500 epochs) with energy weight : 1000.0, forces weight : 100.0 and learning rate : 0.001
2024-07-29 17:11:49.531 WARNING: Cannot find checkpoint with tag 'MACE_run-1' in 'checkpoints'
2024-07-29 17:11:49.537 INFO: ScaleShiftMACE(
  (node_embedding): LinearNodeEmbeddingBlock(
    (linear): Linear(7x0e -> 128x0e | 896 weights)
  )
  (radial_embedding): RadialEmbeddingBlock(
    (bessel_fn): BesselBasis(r_max=5.0, num_basis=8, trainable=False)
    (cutoff_fn): PolynomialCutoff(p=5.0, r_max=5.0)
  )
  (spherical_harmonics): SphericalHarmonics()
  (atomic_energies_fn): AtomicEnergiesBlock(energies=[-13.6005, -1027.0945, -1482.3418, -2038.6266, -2710.6145, -12509.0815, -70007.0672])
  (interactions): ModuleList(
    (0): RealAgnosticInteractionBlock(
      (linear_up): Linear(128x0e -> 128x0e | 16384 weights)
      (conv_tp): TensorProduct(128x0e x 1x0e+1x1o+1x2e+1x3o -> 128x0e+128x1o+128x2e+128x3o | 512 paths | 512 weights)
      (conv_tp_weights): FullyConnectedNet[8, 64, 64, 64, 512]
      (linear): Linear(128x0e+128x1o+128x2e+128x3o -> 128x0e+128x1o+128x2e+128x3o | 65536 weights)
      (skip_tp): FullyConnectedTensorProduct(128x0e+128x1o+128x2e+128x3o x 7x0e -> 128x0e+128x1o+128x2e+128x3o | 458752 paths | 458752 weights)
      (reshape): reshape_irreps()
    )
    (1): RealAgnosticResidualInteractionBlock(
      (linear_up): Linear(128x0e+128x1o -> 128x0e+128x1o | 32768 weights)
      (conv_tp): TensorProduct(128x0e+128x1o x 1x0e+1x1o+1x2e+1x3o -> 256x0e+384x1o+384x2e+256x3o | 1280 paths | 1280 weights)
      (conv_tp_weights): FullyConnectedNet[8, 64, 64, 64, 1280]
      (linear): Linear(256x0e+384x1o+384x2e+256x3o -> 128x0e+128x1o+128x2e+128x3o | 163840 weights)
      (skip_tp): FullyConnectedTensorProduct(128x0e+128x1o x 7x0e -> 128x0e | 114688 paths | 114688 weights)
      (reshape): reshape_irreps()
    )
  )
  (products): ModuleList(
    (0): EquivariantProductBasisBlock(
      (symmetric_contractions): SymmetricContraction(
        (contractions): ModuleList(
          (0): Contraction(
            (contractions_weighting): ModuleList(
              (0-1): 2 x GraphModule()
            )
            (contractions_features): ModuleList(
              (0-1): 2 x GraphModule()
            )
            (weights): ParameterList(
                (0): Parameter containing: [torch.float64 of size 7x4x128 (GPU 0)]
                (1): Parameter containing: [torch.float64 of size 7x1x128 (GPU 0)]
            )
            (graph_opt_main): GraphModule()
          )
          (1): Contraction(
            (contractions_weighting): ModuleList(
              (0-1): 2 x GraphModule()
            )
            (contractions_features): ModuleList(
              (0-1): 2 x GraphModule()
            )
            (weights): ParameterList(
                (0): Parameter containing: [torch.float64 of size 7x6x128 (GPU 0)]
                (1): Parameter containing: [torch.float64 of size 7x1x128 (GPU 0)]
            )
            (graph_opt_main): GraphModule()
          )
        )
      )
      (linear): Linear(128x0e+128x1o -> 128x0e+128x1o | 32768 weights)
    )
    (1): EquivariantProductBasisBlock(
      (symmetric_contractions): SymmetricContraction(
        (contractions): ModuleList(
          (0): Contraction(
            (contractions_weighting): ModuleList(
              (0-1): 2 x GraphModule()
            )
            (contractions_features): ModuleList(
              (0-1): 2 x GraphModule()
            )
            (weights): ParameterList(
                (0): Parameter containing: [torch.float64 of size 7x4x128 (GPU 0)]
                (1): Parameter containing: [torch.float64 of size 7x1x128 (GPU 0)]
            )
            (graph_opt_main): GraphModule()
          )
        )
      )
      (linear): Linear(128x0e -> 128x0e | 16384 weights)
    )
  )
  (readouts): ModuleList(
    (0): LinearReadoutBlock(
      (linear): Linear(128x0e+128x1o -> 1x0e | 128 weights)
    )
    (1): NonLinearReadoutBlock(
      (linear_1): Linear(128x0e -> 16x0e | 2048 weights)
      (non_linearity): Activation [x] (16x0e -> 16x0e)
      (linear_2): Linear(16x0e -> 1x0e | 16 weights)
    )
  )
  (scale_shift): ScaleShiftBlock(scale=0.025089, shift=0.000000)
)
2024-07-29 17:11:49.542 INFO: Number of parameters: 1138448
2024-07-29 17:11:49.542 INFO: Optimizer: Adam (
Parameter Group 0
    amsgrad: True
    betas: (0.9, 0.999)
    capturable: False
    differentiable: False
    eps: 1e-08
    foreach: None
    fused: None
    initial_lr: 0.001
    lr: 0.001
    maximize: False
    name: embedding
    swa_lr: 0.001
    weight_decay: 0.0

Parameter Group 1
    amsgrad: True
    betas: (0.9, 0.999)
    capturable: False
    differentiable: False
    eps: 1e-08
    foreach: None
    fused: None
    initial_lr: 0.001
    lr: 0.001
    maximize: False
    name: interactions_decay
    swa_lr: 0.001
    weight_decay: 5e-07

Parameter Group 2
    amsgrad: True
    betas: (0.9, 0.999)
    capturable: False
    differentiable: False
    eps: 1e-08
    foreach: None
    fused: None
    initial_lr: 0.001
    lr: 0.001
    maximize: False
    name: interactions_no_decay
    swa_lr: 0.001
    weight_decay: 0.0

Parameter Group 3
    amsgrad: True
    betas: (0.9, 0.999)
    capturable: False
    differentiable: False
    eps: 1e-08
    foreach: None
    fused: None
    initial_lr: 0.001
    lr: 0.001
    maximize: False
    name: products
    swa_lr: 0.001
    weight_decay: 5e-07

Parameter Group 4
    amsgrad: True
    betas: (0.9, 0.999)
    capturable: False
    differentiable: False
    eps: 1e-08
    foreach: None
    fused: None
    initial_lr: 0.001
    lr: 0.001
    maximize: False
    name: readouts
    swa_lr: 0.001
    weight_decay: 0.0
)
2024-07-29 17:11:49.542 INFO: Using gradient clipping with tolerance=10.000
2024-07-29 17:11:49.542 INFO: Started training
2024-07-29 17:11:59.101 INFO: Epoch None: loss=1.6679, RMSE_E_per_atom=4057.3 meV, RMSE_F=25.0 meV / A
2024-07-29 17:12:22.494 INFO: Epoch 0: loss=0.8213, RMSE_E_per_atom=2518.8 meV, RMSE_F=422.1 meV / A
2024-07-29 17:12:50.917 INFO: Epoch 2: loss=0.0340, RMSE_E_per_atom=480.5 meV, RMSE_F=103.7 meV / A
2024-07-29 17:13:19.464 INFO: Epoch 4: loss=0.0084, RMSE_E_per_atom=231.6 meV, RMSE_F=54.2 meV / A
2024-07-29 17:13:47.992 INFO: Epoch 6: loss=0.0066, RMSE_E_per_atom=216.8 meV, RMSE_F=42.9 meV / A
2024-07-29 17:14:16.400 INFO: Epoch 8: loss=0.0061, RMSE_E_per_atom=213.4 meV, RMSE_F=38.3 meV / A
2024-07-29 17:14:44.899 INFO: Epoch 10: loss=0.0059, RMSE_E_per_atom=211.5 meV, RMSE_F=35.9 meV / A
2024-07-29 17:15:13.389 INFO: Epoch 12: loss=0.0057, RMSE_E_per_atom=209.8 meV, RMSE_F=34.6 meV / A
2024-07-29 17:15:41.876 INFO: Epoch 14: loss=0.0056, RMSE_E_per_atom=207.9 meV, RMSE_F=33.9 meV / A
2024-07-29 17:16:10.484 INFO: Epoch 16: loss=0.0055, RMSE_E_per_atom=206.2 meV, RMSE_F=33.6 meV / A
2024-07-29 17:16:38.999 INFO: Epoch 18: loss=0.0054, RMSE_E_per_atom=204.7 meV, RMSE_F=33.1 meV / A
2024-07-29 17:17:07.515 INFO: Epoch 20: loss=0.0053, RMSE_E_per_atom=202.9 meV, RMSE_F=32.8 meV / A
2024-07-29 17:17:36.075 INFO: Epoch 22: loss=0.0052, RMSE_E_per_atom=201.3 meV, RMSE_F=32.7 meV / A
2024-07-29 17:18:04.508 INFO: Epoch 24: loss=0.0051, RMSE_E_per_atom=199.6 meV, RMSE_F=32.4 meV / A
2024-07-29 17:18:32.988 INFO: Epoch 26: loss=0.0051, RMSE_E_per_atom=197.7 meV, RMSE_F=32.5 meV / A
2024-07-29 17:19:01.465 INFO: Epoch 28: loss=0.0050, RMSE_E_per_atom=195.2 meV, RMSE_F=32.6 meV / A
2024-07-29 17:19:29.941 INFO: Epoch 30: loss=0.0048, RMSE_E_per_atom=192.5 meV, RMSE_F=32.3 meV / A
2024-07-29 17:19:58.383 INFO: Epoch 32: loss=0.0047, RMSE_E_per_atom=187.8 meV, RMSE_F=32.6 meV / A
2024-07-29 17:20:26.909 INFO: Epoch 34: loss=0.0045, RMSE_E_per_atom=181.3 meV, RMSE_F=33.1 meV / A
2024-07-29 17:20:55.414 INFO: Epoch 36: loss=0.0042, RMSE_E_per_atom=172.1 meV, RMSE_F=34.1 meV / A
2024-07-29 17:21:23.823 INFO: Epoch 38: loss=0.0039, RMSE_E_per_atom=162.6 meV, RMSE_F=34.1 meV / A
2024-07-29 17:21:52.290 INFO: Epoch 40: loss=0.0036, RMSE_E_per_atom=153.1 meV, RMSE_F=34.0 meV / A
2024-07-29 17:22:20.728 INFO: Epoch 42: loss=0.0032, RMSE_E_per_atom=142.7 meV, RMSE_F=33.9 meV / A
2024-07-29 17:22:49.173 INFO: Epoch 44: loss=0.0029, RMSE_E_per_atom=130.9 meV, RMSE_F=33.7 meV / A
2024-07-29 17:23:17.621 INFO: Epoch 46: loss=0.0026, RMSE_E_per_atom=120.4 meV, RMSE_F=33.8 meV / A
2024-07-29 17:23:46.013 INFO: Epoch 48: loss=0.0024, RMSE_E_per_atom=111.9 meV, RMSE_F=33.8 meV / A
2024-07-29 17:24:14.470 INFO: Epoch 50: loss=0.0023, RMSE_E_per_atom=104.1 meV, RMSE_F=33.7 meV / A
2024-07-29 17:24:42.983 INFO: Epoch 52: loss=0.0021, RMSE_E_per_atom=96.9 meV, RMSE_F=33.5 meV / A
2024-07-29 17:25:11.502 INFO: Epoch 54: loss=0.0019, RMSE_E_per_atom=88.0 meV, RMSE_F=33.4 meV / A
2024-07-29 17:25:40.068 INFO: Epoch 56: loss=0.0018, RMSE_E_per_atom=81.4 meV, RMSE_F=33.1 meV / A
2024-07-29 17:26:08.574 INFO: Epoch 58: loss=0.0017, RMSE_E_per_atom=78.0 meV, RMSE_F=32.0 meV / A
2024-07-29 17:26:37.072 INFO: Epoch 60: loss=0.0016, RMSE_E_per_atom=71.9 meV, RMSE_F=32.1 meV / A
2024-07-29 17:27:05.639 INFO: Epoch 62: loss=0.0015, RMSE_E_per_atom=68.2 meV, RMSE_F=32.0 meV / A
2024-07-29 17:27:34.113 INFO: Epoch 64: loss=0.0014, RMSE_E_per_atom=65.0 meV, RMSE_F=31.6 meV / A
2024-07-29 17:28:02.649 INFO: Epoch 66: loss=0.0014, RMSE_E_per_atom=64.4 meV, RMSE_F=30.7 meV / A
2024-07-29 17:28:31.158 INFO: Epoch 68: loss=0.0013, RMSE_E_per_atom=61.3 meV, RMSE_F=30.3 meV / A
2024-07-29 17:28:59.571 INFO: Epoch 70: loss=0.0013, RMSE_E_per_atom=58.0 meV, RMSE_F=30.3 meV / A
2024-07-29 17:29:28.001 INFO: Epoch 72: loss=0.0012, RMSE_E_per_atom=55.7 meV, RMSE_F=30.2 meV / A
2024-07-29 17:29:56.404 INFO: Epoch 74: loss=0.0012, RMSE_E_per_atom=54.3 meV, RMSE_F=29.8 meV / A
2024-07-29 17:30:24.836 INFO: Epoch 76: loss=0.0012, RMSE_E_per_atom=53.0 meV, RMSE_F=29.7 meV / A
2024-07-29 17:30:53.251 INFO: Epoch 78: loss=0.0011, RMSE_E_per_atom=52.1 meV, RMSE_F=29.3 meV / A
2024-07-29 17:31:21.655 INFO: Epoch 80: loss=0.0011, RMSE_E_per_atom=51.4 meV, RMSE_F=29.0 meV / A
2024-07-29 17:31:49.818 INFO: Epoch 82: loss=0.0011, RMSE_E_per_atom=51.2 meV, RMSE_F=29.1 meV / A
2024-07-29 17:32:17.783 INFO: Epoch 84: loss=0.0011, RMSE_E_per_atom=50.4 meV, RMSE_F=28.9 meV / A
2024-07-29 17:32:45.817 INFO: Epoch 86: loss=0.0011, RMSE_E_per_atom=49.9 meV, RMSE_F=28.8 meV / A
2024-07-29 17:33:13.909 INFO: Epoch 88: loss=0.0011, RMSE_E_per_atom=49.5 meV, RMSE_F=28.5 meV / A
2024-07-29 17:33:41.987 INFO: Epoch 90: loss=0.0010, RMSE_E_per_atom=49.1 meV, RMSE_F=28.1 meV / A
2024-07-29 17:34:10.046 INFO: Epoch 92: loss=0.0010, RMSE_E_per_atom=48.2 meV, RMSE_F=28.0 meV / A
2024-07-29 17:34:38.186 INFO: Epoch 94: loss=0.0010, RMSE_E_per_atom=47.8 meV, RMSE_F=27.8 meV / A
2024-07-29 17:35:06.342 INFO: Epoch 96: loss=0.0010, RMSE_E_per_atom=47.6 meV, RMSE_F=27.7 meV / A
2024-07-29 17:35:34.429 INFO: Epoch 98: loss=0.0010, RMSE_E_per_atom=47.2 meV, RMSE_F=27.5 meV / A
2024-07-29 17:36:02.414 INFO: Epoch 100: loss=0.0010, RMSE_E_per_atom=46.5 meV, RMSE_F=27.5 meV / A
2024-07-29 17:36:30.481 INFO: Epoch 102: loss=0.0010, RMSE_E_per_atom=46.7 meV, RMSE_F=27.2 meV / A
2024-07-29 17:36:58.522 INFO: Epoch 104: loss=0.0010, RMSE_E_per_atom=46.4 meV, RMSE_F=27.2 meV / A
2024-07-29 17:37:26.582 INFO: Epoch 106: loss=0.0010, RMSE_E_per_atom=46.3 meV, RMSE_F=27.0 meV / A
2024-07-29 17:37:54.703 INFO: Epoch 108: loss=0.0009, RMSE_E_per_atom=46.0 meV, RMSE_F=26.8 meV / A
2024-07-29 17:38:22.753 INFO: Epoch 110: loss=0.0009, RMSE_E_per_atom=46.0 meV, RMSE_F=26.7 meV / A
2024-07-29 17:38:50.736 INFO: Epoch 112: loss=0.0009, RMSE_E_per_atom=45.8 meV, RMSE_F=26.7 meV / A
2024-07-29 17:39:18.816 INFO: Epoch 114: loss=0.0009, RMSE_E_per_atom=45.5 meV, RMSE_F=26.6 meV / A
2024-07-29 17:39:46.944 INFO: Epoch 116: loss=0.0009, RMSE_E_per_atom=45.3 meV, RMSE_F=26.5 meV / A
2024-07-29 17:40:15.043 INFO: Epoch 118: loss=0.0009, RMSE_E_per_atom=45.2 meV, RMSE_F=26.4 meV / A
2024-07-29 17:40:43.126 INFO: Epoch 120: loss=0.0009, RMSE_E_per_atom=45.1 meV, RMSE_F=26.3 meV / A
2024-07-29 17:41:11.236 INFO: Epoch 122: loss=0.0009, RMSE_E_per_atom=44.8 meV, RMSE_F=26.2 meV / A
2024-07-29 17:41:39.331 INFO: Epoch 124: loss=0.0009, RMSE_E_per_atom=44.7 meV, RMSE_F=26.1 meV / A
2024-07-29 17:42:07.382 INFO: Epoch 126: loss=0.0009, RMSE_E_per_atom=44.6 meV, RMSE_F=26.0 meV / A
2024-07-29 17:42:35.445 INFO: Epoch 128: loss=0.0009, RMSE_E_per_atom=44.5 meV, RMSE_F=26.0 meV / A
2024-07-29 17:43:03.514 INFO: Epoch 130: loss=0.0009, RMSE_E_per_atom=44.4 meV, RMSE_F=25.9 meV / A
2024-07-29 17:43:31.639 INFO: Epoch 132: loss=0.0009, RMSE_E_per_atom=44.2 meV, RMSE_F=25.8 meV / A
2024-07-29 17:43:59.735 INFO: Epoch 134: loss=0.0009, RMSE_E_per_atom=44.2 meV, RMSE_F=25.8 meV / A
2024-07-29 17:44:27.782 INFO: Epoch 136: loss=0.0009, RMSE_E_per_atom=44.1 meV, RMSE_F=25.7 meV / A
2024-07-29 17:44:55.853 INFO: Epoch 138: loss=0.0009, RMSE_E_per_atom=43.9 meV, RMSE_F=25.6 meV / A
2024-07-29 17:45:23.946 INFO: Epoch 140: loss=0.0009, RMSE_E_per_atom=43.9 meV, RMSE_F=25.5 meV / A
2024-07-29 17:45:52.079 INFO: Epoch 142: loss=0.0009, RMSE_E_per_atom=43.9 meV, RMSE_F=25.5 meV / A
2024-07-29 17:46:20.159 INFO: Epoch 144: loss=0.0008, RMSE_E_per_atom=43.7 meV, RMSE_F=25.4 meV / A
2024-07-29 17:46:48.195 INFO: Epoch 146: loss=0.0008, RMSE_E_per_atom=43.6 meV, RMSE_F=25.4 meV / A
2024-07-29 17:47:16.219 INFO: Epoch 148: loss=0.0008, RMSE_E_per_atom=43.5 meV, RMSE_F=25.3 meV / A
2024-07-29 17:47:44.336 INFO: Epoch 150: loss=0.0008, RMSE_E_per_atom=43.5 meV, RMSE_F=25.2 meV / A
2024-07-29 17:48:12.474 INFO: Epoch 152: loss=0.0008, RMSE_E_per_atom=43.4 meV, RMSE_F=25.2 meV / A
2024-07-29 17:48:40.525 INFO: Epoch 154: loss=0.0008, RMSE_E_per_atom=43.3 meV, RMSE_F=25.1 meV / A
2024-07-29 17:49:08.593 INFO: Epoch 156: loss=0.0008, RMSE_E_per_atom=43.2 meV, RMSE_F=25.1 meV / A
2024-07-29 17:49:36.694 INFO: Epoch 158: loss=0.0008, RMSE_E_per_atom=43.1 meV, RMSE_F=25.0 meV / A
2024-07-29 17:50:04.799 INFO: Epoch 160: loss=0.0008, RMSE_E_per_atom=43.2 meV, RMSE_F=25.0 meV / A
2024-07-29 17:50:32.858 INFO: Epoch 162: loss=0.0008, RMSE_E_per_atom=43.0 meV, RMSE_F=24.9 meV / A
2024-07-29 17:51:01.001 INFO: Epoch 164: loss=0.0008, RMSE_E_per_atom=43.0 meV, RMSE_F=24.9 meV / A
2024-07-29 17:51:28.979 INFO: Epoch 166: loss=0.0008, RMSE_E_per_atom=42.9 meV, RMSE_F=24.8 meV / A
2024-07-29 17:51:57.036 INFO: Epoch 168: loss=0.0008, RMSE_E_per_atom=42.9 meV, RMSE_F=24.8 meV / A
2024-07-29 17:52:25.157 INFO: Epoch 170: loss=0.0008, RMSE_E_per_atom=42.9 meV, RMSE_F=24.8 meV / A
2024-07-29 17:52:53.243 INFO: Epoch 172: loss=0.0008, RMSE_E_per_atom=42.7 meV, RMSE_F=24.7 meV / A
2024-07-29 17:53:21.375 INFO: Epoch 174: loss=0.0008, RMSE_E_per_atom=42.7 meV, RMSE_F=24.7 meV / A
2024-07-29 17:53:49.462 INFO: Epoch 176: loss=0.0008, RMSE_E_per_atom=42.6 meV, RMSE_F=24.7 meV / A
2024-07-29 17:54:17.508 INFO: Epoch 178: loss=0.0008, RMSE_E_per_atom=42.5 meV, RMSE_F=24.6 meV / A
2024-07-29 17:54:46.093 INFO: Epoch 180: loss=0.0008, RMSE_E_per_atom=42.4 meV, RMSE_F=24.6 meV / A
2024-07-29 17:55:14.508 INFO: Epoch 182: loss=0.0008, RMSE_E_per_atom=42.4 meV, RMSE_F=24.5 meV / A
2024-07-29 17:55:42.585 INFO: Epoch 184: loss=0.0008, RMSE_E_per_atom=42.3 meV, RMSE_F=24.5 meV / A
2024-07-29 17:56:10.694 INFO: Epoch 186: loss=0.0008, RMSE_E_per_atom=42.2 meV, RMSE_F=24.5 meV / A
2024-07-29 17:56:38.743 INFO: Epoch 188: loss=0.0008, RMSE_E_per_atom=42.2 meV, RMSE_F=24.5 meV / A
2024-07-29 17:57:06.712 INFO: Epoch 190: loss=0.0008, RMSE_E_per_atom=42.2 meV, RMSE_F=24.4 meV / A
2024-07-29 17:57:34.728 INFO: Epoch 192: loss=0.0008, RMSE_E_per_atom=42.1 meV, RMSE_F=24.4 meV / A
2024-07-29 17:58:02.774 INFO: Epoch 194: loss=0.0008, RMSE_E_per_atom=42.0 meV, RMSE_F=24.3 meV / A
2024-07-29 17:58:30.854 INFO: Epoch 196: loss=0.0008, RMSE_E_per_atom=42.0 meV, RMSE_F=24.3 meV / A
2024-07-29 17:58:58.858 INFO: Epoch 198: loss=0.0008, RMSE_E_per_atom=42.0 meV, RMSE_F=24.3 meV / A
2024-07-29 17:59:26.928 INFO: Epoch 200: loss=0.0008, RMSE_E_per_atom=41.9 meV, RMSE_F=24.3 meV / A
2024-07-29 17:59:54.974 INFO: Epoch 202: loss=0.0008, RMSE_E_per_atom=41.8 meV, RMSE_F=24.2 meV / A
2024-07-29 18:00:23.121 INFO: Epoch 204: loss=0.0008, RMSE_E_per_atom=41.7 meV, RMSE_F=24.2 meV / A
2024-07-29 18:00:51.208 INFO: Epoch 206: loss=0.0008, RMSE_E_per_atom=41.7 meV, RMSE_F=24.2 meV / A
2024-07-29 18:01:19.350 INFO: Epoch 208: loss=0.0008, RMSE_E_per_atom=41.7 meV, RMSE_F=24.1 meV / A
2024-07-29 18:01:47.373 INFO: Epoch 210: loss=0.0008, RMSE_E_per_atom=41.7 meV, RMSE_F=24.1 meV / A
2024-07-29 18:02:15.430 INFO: Epoch 212: loss=0.0008, RMSE_E_per_atom=41.6 meV, RMSE_F=24.1 meV / A
2024-07-29 18:02:43.515 INFO: Epoch 214: loss=0.0008, RMSE_E_per_atom=41.5 meV, RMSE_F=24.1 meV / A
2024-07-29 18:03:11.600 INFO: Epoch 216: loss=0.0008, RMSE_E_per_atom=41.4 meV, RMSE_F=24.0 meV / A
2024-07-29 18:03:39.743 INFO: Epoch 218: loss=0.0008, RMSE_E_per_atom=41.4 meV, RMSE_F=24.0 meV / A
2024-07-29 18:04:07.692 INFO: Epoch 220: loss=0.0008, RMSE_E_per_atom=41.3 meV, RMSE_F=24.0 meV / A
2024-07-29 18:04:35.673 INFO: Epoch 222: loss=0.0008, RMSE_E_per_atom=41.3 meV, RMSE_F=24.0 meV / A
2024-07-29 18:05:03.822 INFO: Epoch 224: loss=0.0008, RMSE_E_per_atom=41.2 meV, RMSE_F=23.9 meV / A
2024-07-29 18:05:31.877 INFO: Epoch 226: loss=0.0008, RMSE_E_per_atom=41.2 meV, RMSE_F=23.9 meV / A
2024-07-29 18:06:00.069 INFO: Epoch 228: loss=0.0008, RMSE_E_per_atom=41.1 meV, RMSE_F=23.9 meV / A
2024-07-29 18:06:28.122 INFO: Epoch 230: loss=0.0008, RMSE_E_per_atom=41.1 meV, RMSE_F=23.9 meV / A
2024-07-29 18:06:56.132 INFO: Epoch 232: loss=0.0007, RMSE_E_per_atom=41.0 meV, RMSE_F=23.9 meV / A
2024-07-29 18:07:24.136 INFO: Epoch 234: loss=0.0007, RMSE_E_per_atom=41.0 meV, RMSE_F=23.8 meV / A
2024-07-29 18:07:52.253 INFO: Epoch 236: loss=0.0007, RMSE_E_per_atom=41.0 meV, RMSE_F=23.8 meV / A
2024-07-29 18:08:20.726 INFO: Epoch 238: loss=0.0007, RMSE_E_per_atom=40.9 meV, RMSE_F=23.8 meV / A
2024-07-29 18:08:49.265 INFO: Epoch 240: loss=0.0007, RMSE_E_per_atom=40.8 meV, RMSE_F=23.8 meV / A
2024-07-29 18:09:17.859 INFO: Epoch 242: loss=0.0007, RMSE_E_per_atom=40.8 meV, RMSE_F=23.8 meV / A
2024-07-29 18:09:46.473 INFO: Epoch 244: loss=0.0007, RMSE_E_per_atom=40.7 meV, RMSE_F=23.8 meV / A
2024-07-29 18:10:15.101 INFO: Epoch 246: loss=0.0007, RMSE_E_per_atom=40.6 meV, RMSE_F=23.7 meV / A
2024-07-29 18:10:43.656 INFO: Epoch 248: loss=0.0007, RMSE_E_per_atom=40.6 meV, RMSE_F=23.7 meV / A
2024-07-29 18:11:12.320 INFO: Epoch 250: loss=0.0007, RMSE_E_per_atom=40.5 meV, RMSE_F=23.7 meV / A
2024-07-29 18:11:40.842 INFO: Epoch 252: loss=0.0007, RMSE_E_per_atom=40.5 meV, RMSE_F=23.7 meV / A
2024-07-29 18:12:09.475 INFO: Epoch 254: loss=0.0007, RMSE_E_per_atom=40.4 meV, RMSE_F=23.7 meV / A
2024-07-29 18:12:38.077 INFO: Epoch 256: loss=0.0007, RMSE_E_per_atom=40.4 meV, RMSE_F=23.7 meV / A
2024-07-29 18:13:06.665 INFO: Epoch 258: loss=0.0007, RMSE_E_per_atom=40.3 meV, RMSE_F=23.6 meV / A
2024-07-29 18:13:35.169 INFO: Epoch 260: loss=0.0007, RMSE_E_per_atom=40.3 meV, RMSE_F=23.6 meV / A
2024-07-29 18:14:03.568 INFO: Epoch 262: loss=0.0007, RMSE_E_per_atom=40.3 meV, RMSE_F=23.6 meV / A
2024-07-29 18:14:32.040 INFO: Epoch 264: loss=0.0007, RMSE_E_per_atom=40.2 meV, RMSE_F=23.6 meV / A
2024-07-29 18:15:00.606 INFO: Epoch 266: loss=0.0007, RMSE_E_per_atom=40.1 meV, RMSE_F=23.6 meV / A
2024-07-29 18:15:29.117 INFO: Epoch 268: loss=0.0007, RMSE_E_per_atom=40.1 meV, RMSE_F=23.6 meV / A
2024-07-29 18:15:57.248 INFO: Epoch 270: loss=0.0007, RMSE_E_per_atom=40.1 meV, RMSE_F=23.5 meV / A
2024-07-29 18:16:25.361 INFO: Epoch 272: loss=0.0007, RMSE_E_per_atom=40.0 meV, RMSE_F=23.5 meV / A
2024-07-29 18:16:53.456 INFO: Epoch 274: loss=0.0007, RMSE_E_per_atom=39.9 meV, RMSE_F=23.5 meV / A
2024-07-29 18:17:21.417 INFO: Epoch 276: loss=0.0007, RMSE_E_per_atom=39.8 meV, RMSE_F=23.5 meV / A
2024-07-29 18:17:49.495 INFO: Epoch 278: loss=0.0007, RMSE_E_per_atom=39.8 meV, RMSE_F=23.5 meV / A
2024-07-29 18:18:17.544 INFO: Epoch 280: loss=0.0007, RMSE_E_per_atom=39.7 meV, RMSE_F=23.5 meV / A
2024-07-29 18:18:47.875 INFO: Epoch 282: loss=0.0007, RMSE_E_per_atom=39.7 meV, RMSE_F=23.4 meV / A
2024-07-29 18:19:15.962 INFO: Epoch 284: loss=0.0007, RMSE_E_per_atom=39.6 meV, RMSE_F=23.4 meV / A
2024-07-29 18:19:43.971 INFO: Epoch 286: loss=0.0007, RMSE_E_per_atom=39.6 meV, RMSE_F=23.4 meV / A
2024-07-29 18:20:12.158 INFO: Epoch 288: loss=0.0007, RMSE_E_per_atom=39.5 meV, RMSE_F=23.4 meV / A
2024-07-29 18:20:40.173 INFO: Epoch 290: loss=0.0007, RMSE_E_per_atom=39.4 meV, RMSE_F=23.4 meV / A
2024-07-29 18:21:08.173 INFO: Epoch 292: loss=0.0007, RMSE_E_per_atom=39.4 meV, RMSE_F=23.4 meV / A
2024-07-29 18:21:36.341 INFO: Epoch 294: loss=0.0007, RMSE_E_per_atom=39.3 meV, RMSE_F=23.4 meV / A
2024-07-29 18:22:04.370 INFO: Epoch 296: loss=0.0007, RMSE_E_per_atom=39.2 meV, RMSE_F=23.3 meV / A
2024-07-29 18:22:32.440 INFO: Epoch 298: loss=0.0007, RMSE_E_per_atom=39.2 meV, RMSE_F=23.3 meV / A
2024-07-29 18:23:00.450 INFO: Epoch 300: loss=0.0007, RMSE_E_per_atom=39.2 meV, RMSE_F=23.3 meV / A
2024-07-29 18:23:28.606 INFO: Epoch 302: loss=0.0007, RMSE_E_per_atom=39.1 meV, RMSE_F=23.3 meV / A
2024-07-29 18:23:56.756 INFO: Epoch 304: loss=0.0007, RMSE_E_per_atom=39.0 meV, RMSE_F=23.3 meV / A
2024-07-29 18:24:24.847 INFO: Epoch 306: loss=0.0007, RMSE_E_per_atom=39.0 meV, RMSE_F=23.3 meV / A
2024-07-29 18:24:52.920 INFO: Epoch 308: loss=0.0007, RMSE_E_per_atom=38.9 meV, RMSE_F=23.3 meV / A
2024-07-29 18:25:20.945 INFO: Epoch 310: loss=0.0007, RMSE_E_per_atom=38.9 meV, RMSE_F=23.2 meV / A
2024-07-29 18:25:49.066 INFO: Epoch 312: loss=0.0007, RMSE_E_per_atom=38.7 meV, RMSE_F=23.2 meV / A
2024-07-29 18:26:17.121 INFO: Epoch 314: loss=0.0007, RMSE_E_per_atom=38.6 meV, RMSE_F=23.2 meV / A
2024-07-29 18:26:45.179 INFO: Epoch 316: loss=0.0007, RMSE_E_per_atom=38.6 meV, RMSE_F=23.2 meV / A
2024-07-29 18:27:13.084 INFO: Epoch 318: loss=0.0007, RMSE_E_per_atom=38.6 meV, RMSE_F=23.2 meV / A
2024-07-29 18:27:41.141 INFO: Epoch 320: loss=0.0007, RMSE_E_per_atom=38.4 meV, RMSE_F=23.2 meV / A
2024-07-29 18:28:09.180 INFO: Epoch 322: loss=0.0007, RMSE_E_per_atom=38.4 meV, RMSE_F=23.1 meV / A
2024-07-29 18:28:37.212 INFO: Epoch 324: loss=0.0007, RMSE_E_per_atom=38.3 meV, RMSE_F=23.1 meV / A
2024-07-29 18:29:05.288 INFO: Epoch 326: loss=0.0007, RMSE_E_per_atom=38.2 meV, RMSE_F=23.1 meV / A
2024-07-29 18:29:33.363 INFO: Epoch 328: loss=0.0007, RMSE_E_per_atom=38.2 meV, RMSE_F=23.1 meV / A
2024-07-29 18:30:01.495 INFO: Epoch 330: loss=0.0007, RMSE_E_per_atom=38.1 meV, RMSE_F=23.1 meV / A
2024-07-29 18:30:29.583 INFO: Epoch 332: loss=0.0007, RMSE_E_per_atom=38.1 meV, RMSE_F=23.1 meV / A
2024-07-29 18:30:57.677 INFO: Epoch 334: loss=0.0007, RMSE_E_per_atom=38.0 meV, RMSE_F=23.1 meV / A
2024-07-29 18:31:25.798 INFO: Epoch 336: loss=0.0007, RMSE_E_per_atom=38.0 meV, RMSE_F=23.0 meV / A
2024-07-29 18:31:53.829 INFO: Epoch 338: loss=0.0007, RMSE_E_per_atom=37.9 meV, RMSE_F=23.0 meV / A
2024-07-29 18:32:21.958 INFO: Epoch 340: loss=0.0007, RMSE_E_per_atom=37.8 meV, RMSE_F=23.0 meV / A
2024-07-29 18:32:50.046 INFO: Epoch 342: loss=0.0007, RMSE_E_per_atom=37.7 meV, RMSE_F=23.0 meV / A
2024-07-29 18:33:18.256 INFO: Epoch 344: loss=0.0007, RMSE_E_per_atom=37.6 meV, RMSE_F=23.0 meV / A
2024-07-29 18:33:46.317 INFO: Epoch 346: loss=0.0007, RMSE_E_per_atom=37.5 meV, RMSE_F=23.0 meV / A
2024-07-29 18:34:14.473 INFO: Epoch 348: loss=0.0007, RMSE_E_per_atom=37.4 meV, RMSE_F=23.0 meV / A
2024-07-29 18:34:42.568 INFO: Epoch 350: loss=0.0007, RMSE_E_per_atom=37.4 meV, RMSE_F=23.0 meV / A
2024-07-29 18:35:10.608 INFO: Epoch 352: loss=0.0007, RMSE_E_per_atom=37.3 meV, RMSE_F=22.9 meV / A
2024-07-29 18:35:38.652 INFO: Epoch 354: loss=0.0007, RMSE_E_per_atom=37.2 meV, RMSE_F=22.9 meV / A
2024-07-29 18:36:06.781 INFO: Epoch 356: loss=0.0007, RMSE_E_per_atom=37.1 meV, RMSE_F=22.9 meV / A
2024-07-29 18:36:34.836 INFO: Epoch 358: loss=0.0007, RMSE_E_per_atom=37.0 meV, RMSE_F=22.9 meV / A
2024-07-29 18:37:03.024 INFO: Epoch 360: loss=0.0007, RMSE_E_per_atom=37.0 meV, RMSE_F=22.9 meV / A
2024-07-29 18:37:31.060 INFO: Epoch 362: loss=0.0007, RMSE_E_per_atom=36.9 meV, RMSE_F=22.9 meV / A
2024-07-29 18:37:59.098 INFO: Epoch 364: loss=0.0007, RMSE_E_per_atom=36.8 meV, RMSE_F=22.9 meV / A
2024-07-29 18:38:27.118 INFO: Epoch 366: loss=0.0007, RMSE_E_per_atom=36.6 meV, RMSE_F=22.8 meV / A
2024-07-29 18:38:55.219 INFO: Epoch 368: loss=0.0007, RMSE_E_per_atom=36.6 meV, RMSE_F=22.9 meV / A
2024-07-29 18:39:23.247 INFO: Epoch 370: loss=0.0007, RMSE_E_per_atom=36.5 meV, RMSE_F=22.8 meV / A
2024-07-29 18:39:51.197 INFO: Epoch 372: loss=0.0007, RMSE_E_per_atom=36.4 meV, RMSE_F=22.8 meV / A
2024-07-29 18:40:19.286 INFO: Epoch 374: loss=0.0007, RMSE_E_per_atom=36.5 meV, RMSE_F=22.8 meV / A
2024-07-29 18:40:47.299 INFO: Epoch 376: loss=0.0007, RMSE_E_per_atom=36.3 meV, RMSE_F=22.8 meV / A
2024-07-29 18:41:15.435 INFO: Epoch 378: loss=0.0007, RMSE_E_per_atom=36.2 meV, RMSE_F=22.8 meV / A
2024-07-29 18:41:43.505 INFO: Epoch 380: loss=0.0007, RMSE_E_per_atom=36.1 meV, RMSE_F=22.7 meV / A
2024-07-29 18:42:11.544 INFO: Epoch 382: loss=0.0007, RMSE_E_per_atom=36.0 meV, RMSE_F=22.7 meV / A
2024-07-29 18:42:39.596 INFO: Epoch 384: loss=0.0007, RMSE_E_per_atom=35.9 meV, RMSE_F=22.7 meV / A
2024-07-29 18:43:07.652 INFO: Epoch 386: loss=0.0007, RMSE_E_per_atom=35.7 meV, RMSE_F=22.7 meV / A
2024-07-29 18:43:35.789 INFO: Epoch 388: loss=0.0007, RMSE_E_per_atom=35.7 meV, RMSE_F=22.7 meV / A
2024-07-29 18:44:03.871 INFO: Epoch 390: loss=0.0007, RMSE_E_per_atom=35.6 meV, RMSE_F=22.7 meV / A
2024-07-29 18:44:31.883 INFO: Epoch 392: loss=0.0007, RMSE_E_per_atom=35.5 meV, RMSE_F=22.7 meV / A
2024-07-29 18:44:59.985 INFO: Epoch 394: loss=0.0006, RMSE_E_per_atom=35.3 meV, RMSE_F=22.7 meV / A
2024-07-29 18:45:28.090 INFO: Epoch 396: loss=0.0006, RMSE_E_per_atom=35.2 meV, RMSE_F=22.7 meV / A
2024-07-29 18:45:56.166 INFO: Epoch 398: loss=0.0006, RMSE_E_per_atom=35.1 meV, RMSE_F=22.7 meV / A
2024-07-29 18:46:24.135 INFO: Epoch 400: loss=0.0006, RMSE_E_per_atom=35.1 meV, RMSE_F=22.6 meV / A
2024-07-29 18:46:52.142 INFO: Epoch 402: loss=0.0006, RMSE_E_per_atom=34.9 meV, RMSE_F=22.6 meV / A
2024-07-29 18:47:20.254 INFO: Epoch 404: loss=0.0006, RMSE_E_per_atom=34.9 meV, RMSE_F=22.6 meV / A
2024-07-29 18:47:48.324 INFO: Epoch 406: loss=0.0006, RMSE_E_per_atom=34.7 meV, RMSE_F=22.6 meV / A
2024-07-29 18:48:16.393 INFO: Epoch 408: loss=0.0006, RMSE_E_per_atom=34.6 meV, RMSE_F=22.6 meV / A
2024-07-29 18:48:44.453 INFO: Epoch 410: loss=0.0006, RMSE_E_per_atom=34.5 meV, RMSE_F=22.6 meV / A
2024-07-29 18:49:12.488 INFO: Epoch 412: loss=0.0006, RMSE_E_per_atom=34.4 meV, RMSE_F=22.6 meV / A
2024-07-29 18:49:40.483 INFO: Epoch 414: loss=0.0006, RMSE_E_per_atom=34.2 meV, RMSE_F=22.5 meV / A
2024-07-29 18:50:08.581 INFO: Epoch 416: loss=0.0006, RMSE_E_per_atom=34.1 meV, RMSE_F=22.5 meV / A
2024-07-29 18:50:36.666 INFO: Epoch 418: loss=0.0006, RMSE_E_per_atom=33.9 meV, RMSE_F=22.5 meV / A
2024-07-29 18:51:04.734 INFO: Epoch 420: loss=0.0006, RMSE_E_per_atom=33.7 meV, RMSE_F=22.5 meV / A
2024-07-29 18:51:32.895 INFO: Epoch 422: loss=0.0006, RMSE_E_per_atom=33.5 meV, RMSE_F=22.5 meV / A
2024-07-29 18:52:01.046 INFO: Epoch 424: loss=0.0006, RMSE_E_per_atom=33.4 meV, RMSE_F=22.5 meV / A
2024-07-29 18:52:29.108 INFO: Epoch 426: loss=0.0006, RMSE_E_per_atom=33.2 meV, RMSE_F=22.5 meV / A
2024-07-29 18:52:57.215 INFO: Epoch 428: loss=0.0006, RMSE_E_per_atom=33.1 meV, RMSE_F=22.5 meV / A
2024-07-29 18:53:25.270 INFO: Epoch 430: loss=0.0006, RMSE_E_per_atom=33.0 meV, RMSE_F=22.5 meV / A
2024-07-29 18:53:53.384 INFO: Epoch 432: loss=0.0006, RMSE_E_per_atom=32.8 meV, RMSE_F=22.5 meV / A
2024-07-29 18:54:21.464 INFO: Epoch 434: loss=0.0006, RMSE_E_per_atom=32.7 meV, RMSE_F=22.4 meV / A
2024-07-29 18:54:49.534 INFO: Epoch 436: loss=0.0006, RMSE_E_per_atom=32.5 meV, RMSE_F=22.4 meV / A
2024-07-29 18:55:17.639 INFO: Epoch 438: loss=0.0006, RMSE_E_per_atom=32.4 meV, RMSE_F=22.4 meV / A
2024-07-29 18:55:45.693 INFO: Epoch 440: loss=0.0006, RMSE_E_per_atom=32.3 meV, RMSE_F=22.4 meV / A
2024-07-29 18:56:13.728 INFO: Epoch 442: loss=0.0006, RMSE_E_per_atom=32.1 meV, RMSE_F=22.4 meV / A
2024-07-29 18:56:41.751 INFO: Epoch 444: loss=0.0006, RMSE_E_per_atom=32.0 meV, RMSE_F=22.4 meV / A
2024-07-29 18:57:09.800 INFO: Epoch 446: loss=0.0006, RMSE_E_per_atom=31.8 meV, RMSE_F=22.3 meV / A
2024-07-29 18:57:37.815 INFO: Epoch 448: loss=0.0006, RMSE_E_per_atom=31.7 meV, RMSE_F=22.3 meV / A
2024-07-29 18:58:05.915 INFO: Epoch 450: loss=0.0006, RMSE_E_per_atom=31.5 meV, RMSE_F=22.3 meV / A
2024-07-29 18:58:33.938 INFO: Epoch 452: loss=0.0006, RMSE_E_per_atom=31.4 meV, RMSE_F=22.3 meV / A
2024-07-29 18:59:01.942 INFO: Epoch 454: loss=0.0006, RMSE_E_per_atom=31.3 meV, RMSE_F=22.3 meV / A
2024-07-29 18:59:30.019 INFO: Epoch 456: loss=0.0006, RMSE_E_per_atom=31.1 meV, RMSE_F=22.3 meV / A
2024-07-29 18:59:58.058 INFO: Epoch 458: loss=0.0006, RMSE_E_per_atom=31.1 meV, RMSE_F=22.2 meV / A
2024-07-29 19:00:26.151 INFO: Epoch 460: loss=0.0006, RMSE_E_per_atom=30.9 meV, RMSE_F=22.2 meV / A
2024-07-29 19:00:54.189 INFO: Epoch 462: loss=0.0006, RMSE_E_per_atom=30.7 meV, RMSE_F=22.2 meV / A
2024-07-29 19:01:22.203 INFO: Epoch 464: loss=0.0006, RMSE_E_per_atom=30.5 meV, RMSE_F=22.2 meV / A
2024-07-29 19:01:50.190 INFO: Epoch 466: loss=0.0006, RMSE_E_per_atom=30.4 meV, RMSE_F=22.2 meV / A
2024-07-29 19:02:18.231 INFO: Epoch 468: loss=0.0006, RMSE_E_per_atom=30.3 meV, RMSE_F=22.2 meV / A
2024-07-29 19:02:46.342 INFO: Epoch 470: loss=0.0006, RMSE_E_per_atom=30.2 meV, RMSE_F=22.1 meV / A
2024-07-29 19:03:14.386 INFO: Epoch 472: loss=0.0006, RMSE_E_per_atom=30.1 meV, RMSE_F=22.1 meV / A
2024-07-29 19:03:42.457 INFO: Epoch 474: loss=0.0006, RMSE_E_per_atom=29.8 meV, RMSE_F=22.1 meV / A
2024-07-29 19:04:10.520 INFO: Epoch 476: loss=0.0006, RMSE_E_per_atom=29.7 meV, RMSE_F=22.1 meV / A
2024-07-29 19:04:38.648 INFO: Epoch 478: loss=0.0006, RMSE_E_per_atom=29.5 meV, RMSE_F=22.1 meV / A
2024-07-29 19:05:06.707 INFO: Epoch 480: loss=0.0006, RMSE_E_per_atom=29.5 meV, RMSE_F=22.1 meV / A
2024-07-29 19:05:34.716 INFO: Epoch 482: loss=0.0006, RMSE_E_per_atom=29.3 meV, RMSE_F=22.1 meV / A
2024-07-29 19:06:02.662 INFO: Epoch 484: loss=0.0006, RMSE_E_per_atom=29.1 meV, RMSE_F=22.1 meV / A
2024-07-29 19:06:30.669 INFO: Epoch 486: loss=0.0006, RMSE_E_per_atom=29.0 meV, RMSE_F=22.0 meV / A
2024-07-29 19:06:58.740 INFO: Epoch 488: loss=0.0006, RMSE_E_per_atom=28.9 meV, RMSE_F=22.0 meV / A
2024-07-29 19:07:26.780 INFO: Epoch 490: loss=0.0006, RMSE_E_per_atom=28.7 meV, RMSE_F=22.0 meV / A
2024-07-29 19:07:54.767 INFO: Epoch 492: loss=0.0006, RMSE_E_per_atom=28.7 meV, RMSE_F=22.0 meV / A
2024-07-29 19:08:22.896 INFO: Epoch 494: loss=0.0006, RMSE_E_per_atom=28.8 meV, RMSE_F=22.0 meV / A
2024-07-29 19:08:50.844 INFO: Epoch 496: loss=0.0006, RMSE_E_per_atom=28.6 meV, RMSE_F=22.0 meV / A
2024-07-29 19:09:18.875 INFO: Epoch 498: loss=0.0006, RMSE_E_per_atom=28.3 meV, RMSE_F=21.9 meV / A
2024-07-29 19:09:32.120 INFO: Changing loss based on SWA
2024-07-29 19:09:46.921 INFO: Epoch 500: loss=0.1106, RMSE_E_per_atom=28.1 meV, RMSE_F=55.7 meV / A
2024-07-29 19:10:15.073 INFO: Epoch 502: loss=0.0582, RMSE_E_per_atom=19.6 meV, RMSE_F=43.8 meV / A
2024-07-29 19:10:43.091 INFO: Epoch 504: loss=0.0460, RMSE_E_per_atom=16.3 meV, RMSE_F=43.6 meV / A
2024-07-29 19:11:11.149 INFO: Epoch 506: loss=0.0407, RMSE_E_per_atom=14.5 meV, RMSE_F=43.8 meV / A
2024-07-29 19:11:39.141 INFO: Epoch 508: loss=0.0350, RMSE_E_per_atom=13.0 meV, RMSE_F=42.2 meV / A
2024-07-29 19:12:07.095 INFO: Epoch 510: loss=0.0307, RMSE_E_per_atom=11.6 meV, RMSE_F=41.0 meV / A
2024-07-29 19:12:35.203 INFO: Epoch 512: loss=0.0280, RMSE_E_per_atom=10.8 meV, RMSE_F=40.1 meV / A
2024-07-29 19:13:03.221 INFO: Epoch 514: loss=0.0253, RMSE_E_per_atom=9.9 meV, RMSE_F=39.2 meV / A
2024-07-29 19:13:31.405 INFO: Epoch 516: loss=0.0237, RMSE_E_per_atom=9.4 meV, RMSE_F=38.4 meV / A
2024-07-29 19:13:59.487 INFO: Epoch 518: loss=0.0232, RMSE_E_per_atom=9.4 meV, RMSE_F=37.6 meV / A
2024-07-29 19:14:27.568 INFO: Epoch 520: loss=0.0219, RMSE_E_per_atom=9.0 meV, RMSE_F=37.0 meV / A
2024-07-29 19:14:55.633 INFO: Epoch 522: loss=0.0206, RMSE_E_per_atom=8.4 meV, RMSE_F=36.6 meV / A
2024-07-29 19:15:23.788 INFO: Epoch 524: loss=0.0191, RMSE_E_per_atom=7.7 meV, RMSE_F=36.0 meV / A
2024-07-29 19:15:51.805 INFO: Epoch 526: loss=0.0186, RMSE_E_per_atom=7.9 meV, RMSE_F=35.1 meV / A
2024-07-29 19:16:19.898 INFO: Epoch 528: loss=0.0179, RMSE_E_per_atom=7.5 meV, RMSE_F=34.9 meV / A
2024-07-29 19:16:47.925 INFO: Epoch 530: loss=0.0173, RMSE_E_per_atom=7.2 meV, RMSE_F=34.8 meV / A
2024-07-29 19:17:15.948 INFO: Epoch 532: loss=0.0168, RMSE_E_per_atom=7.0 meV, RMSE_F=34.3 meV / A
2024-07-29 19:17:44.064 INFO: Epoch 534: loss=0.0165, RMSE_E_per_atom=6.9 meV, RMSE_F=34.0 meV / A
2024-07-29 19:18:12.126 INFO: Epoch 536: loss=0.0160, RMSE_E_per_atom=6.8 meV, RMSE_F=33.4 meV / A
2024-07-29 19:18:40.225 INFO: Epoch 538: loss=0.0152, RMSE_E_per_atom=6.5 meV, RMSE_F=32.9 meV / A
2024-07-29 19:19:08.277 INFO: Epoch 540: loss=0.0154, RMSE_E_per_atom=6.7 meV, RMSE_F=32.9 meV / A
2024-07-29 19:19:36.246 INFO: Epoch 542: loss=0.0145, RMSE_E_per_atom=6.2 meV, RMSE_F=32.5 meV / A
2024-07-29 19:20:04.331 INFO: Epoch 544: loss=0.0142, RMSE_E_per_atom=6.1 meV, RMSE_F=32.3 meV / A
2024-07-29 19:20:32.343 INFO: Epoch 546: loss=0.0139, RMSE_E_per_atom=5.9 meV, RMSE_F=32.0 meV / A
2024-07-29 19:21:00.456 INFO: Epoch 548: loss=0.0135, RMSE_E_per_atom=5.8 meV, RMSE_F=31.7 meV / A
2024-07-29 19:21:28.584 INFO: Epoch 550: loss=0.0132, RMSE_E_per_atom=5.7 meV, RMSE_F=31.5 meV / A
2024-07-29 19:21:56.629 INFO: Epoch 552: loss=0.0133, RMSE_E_per_atom=5.9 meV, RMSE_F=31.2 meV / A
2024-07-29 19:22:24.662 INFO: Epoch 554: loss=0.0130, RMSE_E_per_atom=5.8 meV, RMSE_F=30.9 meV / A
2024-07-29 19:22:52.681 INFO: Epoch 556: loss=0.0126, RMSE_E_per_atom=5.4 meV, RMSE_F=30.9 meV / A
2024-07-29 19:23:20.738 INFO: Epoch 558: loss=0.0123, RMSE_E_per_atom=5.4 meV, RMSE_F=30.6 meV / A
2024-07-29 19:23:49.079 INFO: Epoch 560: loss=0.0120, RMSE_E_per_atom=5.2 meV, RMSE_F=30.2 meV / A
2024-07-29 19:24:17.230 INFO: Epoch 562: loss=0.0119, RMSE_E_per_atom=5.2 meV, RMSE_F=30.2 meV / A
2024-07-29 19:24:45.320 INFO: Epoch 564: loss=0.0118, RMSE_E_per_atom=5.2 meV, RMSE_F=29.9 meV / A
2024-07-29 19:25:13.413 INFO: Epoch 566: loss=0.0114, RMSE_E_per_atom=4.9 meV, RMSE_F=29.8 meV / A
2024-07-29 19:25:41.473 INFO: Epoch 568: loss=0.0113, RMSE_E_per_atom=4.9 meV, RMSE_F=29.6 meV / A
2024-07-29 19:26:09.609 INFO: Epoch 570: loss=0.0111, RMSE_E_per_atom=4.9 meV, RMSE_F=29.4 meV / A
2024-07-29 19:26:37.710 INFO: Epoch 572: loss=0.0110, RMSE_E_per_atom=4.9 meV, RMSE_F=29.3 meV / A
2024-07-29 19:27:05.726 INFO: Epoch 574: loss=0.0108, RMSE_E_per_atom=4.7 meV, RMSE_F=29.1 meV / A
2024-07-29 19:27:33.869 INFO: Epoch 576: loss=0.0108, RMSE_E_per_atom=4.8 meV, RMSE_F=29.0 meV / A
2024-07-29 19:28:01.886 INFO: Epoch 578: loss=0.0107, RMSE_E_per_atom=4.9 meV, RMSE_F=28.7 meV / A
2024-07-29 19:28:29.975 INFO: Epoch 580: loss=0.0105, RMSE_E_per_atom=4.8 meV, RMSE_F=28.5 meV / A
2024-07-29 19:28:57.903 INFO: Epoch 582: loss=0.0102, RMSE_E_per_atom=4.5 meV, RMSE_F=28.5 meV / A
2024-07-29 19:29:25.823 INFO: Epoch 584: loss=0.0100, RMSE_E_per_atom=4.4 meV, RMSE_F=28.3 meV / A
2024-07-29 19:29:53.515 INFO: Epoch 586: loss=0.0098, RMSE_E_per_atom=4.3 meV, RMSE_F=28.1 meV / A
2024-07-29 19:30:21.254 INFO: Epoch 588: loss=0.0096, RMSE_E_per_atom=4.1 meV, RMSE_F=27.9 meV / A
2024-07-29 19:30:49.010 INFO: Epoch 590: loss=0.0095, RMSE_E_per_atom=4.1 meV, RMSE_F=27.7 meV / A
2024-07-29 19:31:16.751 INFO: Epoch 592: loss=0.0093, RMSE_E_per_atom=4.0 meV, RMSE_F=27.6 meV / A
2024-07-29 19:31:44.576 INFO: Epoch 594: loss=0.0092, RMSE_E_per_atom=4.0 meV, RMSE_F=27.4 meV / A
2024-07-29 19:32:12.420 INFO: Epoch 596: loss=0.0091, RMSE_E_per_atom=4.0 meV, RMSE_F=27.2 meV / A
2024-07-29 19:32:40.126 INFO: Epoch 598: loss=0.0089, RMSE_E_per_atom=3.8 meV, RMSE_F=27.1 meV / A
2024-07-29 19:33:08.045 INFO: Epoch 600: loss=0.0090, RMSE_E_per_atom=4.0 meV, RMSE_F=27.0 meV / A
2024-07-29 19:33:35.801 INFO: Epoch 602: loss=0.0087, RMSE_E_per_atom=3.9 meV, RMSE_F=26.7 meV / A
2024-07-29 19:34:03.566 INFO: Epoch 604: loss=0.0086, RMSE_E_per_atom=3.9 meV, RMSE_F=26.5 meV / A
2024-07-29 19:34:31.249 INFO: Epoch 606: loss=0.0085, RMSE_E_per_atom=3.8 meV, RMSE_F=26.5 meV / A
2024-07-29 19:34:59.014 INFO: Epoch 608: loss=0.0083, RMSE_E_per_atom=3.6 meV, RMSE_F=26.3 meV / A
2024-07-29 19:35:26.873 INFO: Epoch 610: loss=0.0083, RMSE_E_per_atom=3.7 meV, RMSE_F=26.2 meV / A
2024-07-29 19:35:54.601 INFO: Epoch 612: loss=0.0083, RMSE_E_per_atom=3.7 meV, RMSE_F=26.1 meV / A
2024-07-29 19:36:22.868 INFO: Epoch 614: loss=0.0081, RMSE_E_per_atom=3.6 meV, RMSE_F=26.0 meV / A
2024-07-29 19:36:51.206 INFO: Epoch 616: loss=0.0081, RMSE_E_per_atom=3.6 meV, RMSE_F=25.9 meV / A
2024-07-29 19:37:19.560 INFO: Epoch 618: loss=0.0079, RMSE_E_per_atom=3.5 meV, RMSE_F=25.8 meV / A
2024-07-29 19:37:47.854 INFO: Epoch 620: loss=0.0079, RMSE_E_per_atom=3.5 meV, RMSE_F=25.6 meV / A
2024-07-29 19:38:16.155 INFO: Epoch 622: loss=0.0078, RMSE_E_per_atom=3.5 meV, RMSE_F=25.5 meV / A
2024-07-29 19:38:44.446 INFO: Epoch 624: loss=0.0078, RMSE_E_per_atom=3.4 meV, RMSE_F=25.6 meV / A
2024-07-29 19:39:12.772 INFO: Epoch 626: loss=0.0079, RMSE_E_per_atom=3.6 meV, RMSE_F=25.5 meV / A
2024-07-29 19:39:41.086 INFO: Epoch 628: loss=0.0076, RMSE_E_per_atom=3.3 meV, RMSE_F=25.3 meV / A
2024-07-29 19:40:09.458 INFO: Epoch 630: loss=0.0076, RMSE_E_per_atom=3.3 meV, RMSE_F=25.3 meV / A
2024-07-29 19:40:37.872 INFO: Epoch 632: loss=0.0074, RMSE_E_per_atom=3.2 meV, RMSE_F=25.2 meV / A
2024-07-29 19:41:06.223 INFO: Epoch 634: loss=0.0074, RMSE_E_per_atom=3.3 meV, RMSE_F=25.0 meV / A
2024-07-29 19:41:34.612 INFO: Epoch 636: loss=0.0073, RMSE_E_per_atom=3.2 meV, RMSE_F=24.9 meV / A
2024-07-29 19:42:03.006 INFO: Epoch 638: loss=0.0073, RMSE_E_per_atom=3.3 meV, RMSE_F=24.8 meV / A
2024-07-29 19:42:31.278 INFO: Epoch 640: loss=0.0071, RMSE_E_per_atom=3.1 meV, RMSE_F=24.7 meV / A
2024-07-29 19:42:59.579 INFO: Epoch 642: loss=0.0072, RMSE_E_per_atom=3.2 meV, RMSE_F=24.7 meV / A
2024-07-29 19:43:27.833 INFO: Epoch 644: loss=0.0070, RMSE_E_per_atom=3.1 meV, RMSE_F=24.6 meV / A
2024-07-29 19:43:56.124 INFO: Epoch 646: loss=0.0070, RMSE_E_per_atom=3.0 meV, RMSE_F=24.5 meV / A
2024-07-29 19:44:23.911 INFO: Epoch 648: loss=0.0069, RMSE_E_per_atom=3.0 meV, RMSE_F=24.4 meV / A
2024-07-29 19:44:51.717 INFO: Epoch 650: loss=0.0069, RMSE_E_per_atom=3.0 meV, RMSE_F=24.3 meV / A
2024-07-29 19:45:19.442 INFO: Epoch 652: loss=0.0068, RMSE_E_per_atom=3.0 meV, RMSE_F=24.2 meV / A
2024-07-29 19:45:47.260 INFO: Epoch 654: loss=0.0067, RMSE_E_per_atom=2.9 meV, RMSE_F=24.1 meV / A
2024-07-29 19:46:15.051 INFO: Epoch 656: loss=0.0067, RMSE_E_per_atom=2.9 meV, RMSE_F=24.1 meV / A
2024-07-29 19:46:42.805 INFO: Epoch 658: loss=0.0066, RMSE_E_per_atom=2.9 meV, RMSE_F=23.9 meV / A
2024-07-29 19:47:10.588 INFO: Epoch 660: loss=0.0066, RMSE_E_per_atom=2.9 meV, RMSE_F=23.9 meV / A
2024-07-29 19:47:38.319 INFO: Epoch 662: loss=0.0066, RMSE_E_per_atom=2.9 meV, RMSE_F=23.9 meV / A
2024-07-29 19:48:06.094 INFO: Epoch 664: loss=0.0065, RMSE_E_per_atom=2.8 meV, RMSE_F=23.7 meV / A
2024-07-29 19:48:33.873 INFO: Epoch 666: loss=0.0064, RMSE_E_per_atom=2.8 meV, RMSE_F=23.6 meV / A
2024-07-29 19:49:01.710 INFO: Epoch 668: loss=0.0064, RMSE_E_per_atom=2.8 meV, RMSE_F=23.6 meV / A
2024-07-29 19:49:29.472 INFO: Epoch 670: loss=0.0064, RMSE_E_per_atom=2.8 meV, RMSE_F=23.6 meV / A
2024-07-29 19:49:57.262 INFO: Epoch 672: loss=0.0063, RMSE_E_per_atom=2.8 meV, RMSE_F=23.5 meV / A
2024-07-29 19:50:25.057 INFO: Epoch 674: loss=0.0063, RMSE_E_per_atom=2.8 meV, RMSE_F=23.4 meV / A
2024-07-29 19:50:52.855 INFO: Epoch 676: loss=0.0062, RMSE_E_per_atom=2.7 meV, RMSE_F=23.3 meV / A
2024-07-29 19:51:20.678 INFO: Epoch 678: loss=0.0062, RMSE_E_per_atom=2.8 meV, RMSE_F=23.3 meV / A
2024-07-29 19:51:48.440 INFO: Epoch 680: loss=0.0062, RMSE_E_per_atom=2.8 meV, RMSE_F=23.2 meV / A
2024-07-29 19:52:16.245 INFO: Epoch 682: loss=0.0062, RMSE_E_per_atom=2.7 meV, RMSE_F=23.2 meV / A
2024-07-29 19:52:44.006 INFO: Epoch 684: loss=0.0061, RMSE_E_per_atom=2.8 meV, RMSE_F=23.1 meV / A
2024-07-29 19:53:11.738 INFO: Epoch 686: loss=0.0060, RMSE_E_per_atom=2.6 meV, RMSE_F=23.0 meV / A
2024-07-29 19:53:39.556 INFO: Epoch 688: loss=0.0060, RMSE_E_per_atom=2.6 meV, RMSE_F=22.9 meV / A
2024-07-29 19:54:07.398 INFO: Epoch 690: loss=0.0060, RMSE_E_per_atom=2.6 meV, RMSE_F=22.9 meV / A
2024-07-29 19:54:35.094 INFO: Epoch 692: loss=0.0063, RMSE_E_per_atom=3.1 meV, RMSE_F=22.9 meV / A
2024-07-29 19:55:02.797 INFO: Epoch 694: loss=0.0059, RMSE_E_per_atom=2.5 meV, RMSE_F=22.9 meV / A
2024-07-29 19:55:30.552 INFO: Epoch 696: loss=0.0059, RMSE_E_per_atom=2.5 meV, RMSE_F=22.8 meV / A
2024-07-29 19:55:58.260 INFO: Epoch 698: loss=0.0059, RMSE_E_per_atom=2.5 meV, RMSE_F=22.7 meV / A
2024-07-29 19:56:26.057 INFO: Epoch 700: loss=0.0058, RMSE_E_per_atom=2.5 meV, RMSE_F=22.6 meV / A
2024-07-29 19:56:53.807 INFO: Epoch 702: loss=0.0058, RMSE_E_per_atom=2.6 meV, RMSE_F=22.6 meV / A
2024-07-29 19:57:21.524 INFO: Epoch 704: loss=0.0058, RMSE_E_per_atom=2.5 meV, RMSE_F=22.6 meV / A
2024-07-29 19:57:49.224 INFO: Epoch 706: loss=0.0057, RMSE_E_per_atom=2.4 meV, RMSE_F=22.5 meV / A
2024-07-29 19:58:16.918 INFO: Epoch 708: loss=0.0057, RMSE_E_per_atom=2.4 meV, RMSE_F=22.4 meV / A
2024-07-29 19:58:44.969 INFO: Epoch 710: loss=0.0056, RMSE_E_per_atom=2.5 meV, RMSE_F=22.3 meV / A
2024-07-29 19:59:12.918 INFO: Epoch 712: loss=0.0056, RMSE_E_per_atom=2.3 meV, RMSE_F=22.3 meV / A
2024-07-29 19:59:45.812 INFO: Epoch 714: loss=0.0056, RMSE_E_per_atom=2.4 meV, RMSE_F=22.3 meV / A
2024-07-29 20:00:13.317 INFO: Epoch 716: loss=0.0055, RMSE_E_per_atom=2.3 meV, RMSE_F=22.2 meV / A
2024-07-29 20:00:40.938 INFO: Epoch 718: loss=0.0055, RMSE_E_per_atom=2.3 meV, RMSE_F=22.2 meV / A
2024-07-29 20:01:08.463 INFO: Epoch 720: loss=0.0054, RMSE_E_per_atom=2.3 meV, RMSE_F=22.1 meV / A
2024-07-29 20:01:36.060 INFO: Epoch 722: loss=0.0054, RMSE_E_per_atom=2.3 meV, RMSE_F=22.0 meV / A
2024-07-29 20:02:03.678 INFO: Epoch 724: loss=0.0054, RMSE_E_per_atom=2.3 meV, RMSE_F=22.0 meV / A
2024-07-29 20:02:31.259 INFO: Epoch 726: loss=0.0054, RMSE_E_per_atom=2.4 meV, RMSE_F=21.9 meV / A
2024-07-29 20:02:58.773 INFO: Epoch 728: loss=0.0054, RMSE_E_per_atom=2.3 meV, RMSE_F=22.0 meV / A
2024-07-29 20:03:37.366 INFO: Epoch 730: loss=0.0055, RMSE_E_per_atom=2.5 meV, RMSE_F=22.0 meV / A
2024-07-29 20:04:04.954 INFO: Epoch 732: loss=0.0053, RMSE_E_per_atom=2.2 meV, RMSE_F=21.9 meV / A
2024-07-29 20:04:32.542 INFO: Epoch 734: loss=0.0053, RMSE_E_per_atom=2.2 meV, RMSE_F=21.7 meV / A
2024-07-29 20:05:00.245 INFO: Epoch 736: loss=0.0052, RMSE_E_per_atom=2.2 meV, RMSE_F=21.7 meV / A
2024-07-29 20:05:27.919 INFO: Epoch 738: loss=0.0052, RMSE_E_per_atom=2.2 meV, RMSE_F=21.6 meV / A
2024-07-29 20:05:55.589 INFO: Epoch 740: loss=0.0052, RMSE_E_per_atom=2.2 meV, RMSE_F=21.6 meV / A
2024-07-29 20:06:23.272 INFO: Epoch 742: loss=0.0052, RMSE_E_per_atom=2.2 meV, RMSE_F=21.6 meV / A
2024-07-29 20:06:50.904 INFO: Epoch 744: loss=0.0051, RMSE_E_per_atom=2.1 meV, RMSE_F=21.5 meV / A
2024-07-29 20:07:18.532 INFO: Epoch 746: loss=0.0051, RMSE_E_per_atom=2.0 meV, RMSE_F=21.5 meV / A
2024-07-29 20:07:46.190 INFO: Epoch 748: loss=0.0051, RMSE_E_per_atom=2.1 meV, RMSE_F=21.4 meV / A
2024-07-29 20:08:13.815 INFO: Epoch 750: loss=0.0050, RMSE_E_per_atom=2.1 meV, RMSE_F=21.3 meV / A
2024-07-29 20:08:41.445 INFO: Epoch 752: loss=0.0050, RMSE_E_per_atom=2.2 meV, RMSE_F=21.3 meV / A
2024-07-29 20:09:08.988 INFO: Epoch 754: loss=0.0050, RMSE_E_per_atom=2.1 meV, RMSE_F=21.3 meV / A
2024-07-29 20:09:36.519 INFO: Epoch 756: loss=0.0050, RMSE_E_per_atom=2.1 meV, RMSE_F=21.2 meV / A
2024-07-29 20:10:16.137 INFO: Epoch 758: loss=0.0050, RMSE_E_per_atom=2.1 meV, RMSE_F=21.1 meV / A
2024-07-29 20:10:43.817 INFO: Epoch 760: loss=0.0049, RMSE_E_per_atom=2.0 meV, RMSE_F=21.1 meV / A
2024-07-29 20:11:11.454 INFO: Epoch 762: loss=0.0049, RMSE_E_per_atom=2.0 meV, RMSE_F=21.0 meV / A
2024-07-29 20:11:39.097 INFO: Epoch 764: loss=0.0049, RMSE_E_per_atom=2.0 meV, RMSE_F=21.0 meV / A
2024-07-29 20:12:06.683 INFO: Epoch 766: loss=0.0048, RMSE_E_per_atom=2.0 meV, RMSE_F=21.0 meV / A
2024-07-29 20:12:34.300 INFO: Epoch 768: loss=0.0048, RMSE_E_per_atom=2.0 meV, RMSE_F=20.9 meV / A
2024-07-29 20:13:01.956 INFO: Epoch 770: loss=0.0048, RMSE_E_per_atom=1.9 meV, RMSE_F=20.9 meV / A
2024-07-29 20:13:29.578 INFO: Epoch 772: loss=0.0048, RMSE_E_per_atom=2.1 meV, RMSE_F=20.8 meV / A
2024-07-29 20:13:57.178 INFO: Epoch 774: loss=0.0048, RMSE_E_per_atom=2.0 meV, RMSE_F=20.8 meV / A
2024-07-29 20:14:42.749 INFO: Epoch 776: loss=0.0047, RMSE_E_per_atom=2.0 meV, RMSE_F=20.8 meV / A
2024-07-29 20:15:10.318 INFO: Epoch 778: loss=0.0047, RMSE_E_per_atom=1.9 meV, RMSE_F=20.8 meV / A
2024-07-29 20:15:37.909 INFO: Epoch 780: loss=0.0047, RMSE_E_per_atom=1.9 meV, RMSE_F=20.7 meV / A
2024-07-29 20:16:05.524 INFO: Epoch 782: loss=0.0047, RMSE_E_per_atom=1.9 meV, RMSE_F=20.6 meV / A
2024-07-29 20:16:33.088 INFO: Epoch 784: loss=0.0047, RMSE_E_per_atom=2.0 meV, RMSE_F=20.6 meV / A
2024-07-29 20:17:00.633 INFO: Epoch 786: loss=0.0046, RMSE_E_per_atom=1.9 meV, RMSE_F=20.6 meV / A
2024-07-29 20:17:28.256 INFO: Epoch 788: loss=0.0046, RMSE_E_per_atom=1.8 meV, RMSE_F=20.5 meV / A
2024-07-29 20:17:55.885 INFO: Epoch 790: loss=0.0046, RMSE_E_per_atom=1.8 meV, RMSE_F=20.4 meV / A
2024-07-29 20:18:23.395 INFO: Epoch 792: loss=0.0045, RMSE_E_per_atom=1.8 meV, RMSE_F=20.4 meV / A
2024-07-29 20:18:51.008 INFO: Epoch 794: loss=0.0045, RMSE_E_per_atom=1.8 meV, RMSE_F=20.3 meV / A
2024-07-29 20:19:18.593 INFO: Epoch 796: loss=0.0045, RMSE_E_per_atom=1.9 meV, RMSE_F=20.3 meV / A
2024-07-29 20:19:46.166 INFO: Epoch 798: loss=0.0044, RMSE_E_per_atom=1.8 meV, RMSE_F=20.2 meV / A
2024-07-29 20:20:13.691 INFO: Epoch 800: loss=0.0044, RMSE_E_per_atom=1.8 meV, RMSE_F=20.2 meV / A
2024-07-29 20:20:41.266 INFO: Epoch 802: loss=0.0044, RMSE_E_per_atom=1.8 meV, RMSE_F=20.1 meV / A
2024-07-29 20:21:21.510 INFO: Epoch 804: loss=0.0044, RMSE_E_per_atom=1.8 meV, RMSE_F=20.1 meV / A
2024-07-29 20:21:49.092 INFO: Epoch 806: loss=0.0044, RMSE_E_per_atom=1.9 meV, RMSE_F=20.1 meV / A
2024-07-29 20:22:16.684 INFO: Epoch 808: loss=0.0044, RMSE_E_per_atom=1.8 meV, RMSE_F=20.2 meV / A
2024-07-29 20:22:44.186 INFO: Epoch 810: loss=0.0044, RMSE_E_per_atom=1.8 meV, RMSE_F=20.0 meV / A
2024-07-29 20:23:11.748 INFO: Epoch 812: loss=0.0043, RMSE_E_per_atom=1.7 meV, RMSE_F=20.0 meV / A
2024-07-29 20:23:39.342 INFO: Epoch 814: loss=0.0043, RMSE_E_per_atom=1.8 meV, RMSE_F=20.0 meV / A
2024-07-29 20:24:06.949 INFO: Epoch 816: loss=0.0043, RMSE_E_per_atom=1.7 meV, RMSE_F=19.9 meV / A
2024-07-29 20:24:34.550 INFO: Epoch 818: loss=0.0043, RMSE_E_per_atom=1.7 meV, RMSE_F=19.8 meV / A
2024-07-29 20:25:02.183 INFO: Epoch 820: loss=0.0042, RMSE_E_per_atom=1.7 meV, RMSE_F=19.8 meV / A
2024-07-29 20:25:29.796 INFO: Epoch 822: loss=0.0043, RMSE_E_per_atom=1.7 meV, RMSE_F=19.8 meV / A
2024-07-29 20:25:57.255 INFO: Epoch 824: loss=0.0042, RMSE_E_per_atom=1.8 meV, RMSE_F=19.8 meV / A
2024-07-29 20:26:43.600 INFO: Epoch 826: loss=0.0042, RMSE_E_per_atom=1.8 meV, RMSE_F=19.7 meV / A
2024-07-29 20:27:11.155 INFO: Epoch 828: loss=0.0042, RMSE_E_per_atom=1.7 meV, RMSE_F=19.6 meV / A
2024-07-29 20:27:38.764 INFO: Epoch 830: loss=0.0042, RMSE_E_per_atom=1.8 meV, RMSE_F=19.6 meV / A
2024-07-29 20:28:06.269 INFO: Epoch 832: loss=0.0042, RMSE_E_per_atom=1.7 meV, RMSE_F=19.6 meV / A
2024-07-29 20:28:33.817 INFO: Epoch 834: loss=0.0042, RMSE_E_per_atom=1.7 meV, RMSE_F=19.6 meV / A
2024-07-29 20:29:01.435 INFO: Epoch 836: loss=0.0041, RMSE_E_per_atom=1.6 meV, RMSE_F=19.6 meV / A
2024-07-29 20:29:28.966 INFO: Epoch 838: loss=0.0041, RMSE_E_per_atom=1.6 meV, RMSE_F=19.5 meV / A
2024-07-29 20:29:56.550 INFO: Epoch 840: loss=0.0041, RMSE_E_per_atom=1.6 meV, RMSE_F=19.5 meV / A
2024-07-29 20:30:24.080 INFO: Epoch 842: loss=0.0041, RMSE_E_per_atom=1.7 meV, RMSE_F=19.4 meV / A
2024-07-29 20:30:51.755 INFO: Epoch 844: loss=0.0041, RMSE_E_per_atom=1.7 meV, RMSE_F=19.4 meV / A
2024-07-29 20:31:19.709 INFO: Epoch 846: loss=0.0040, RMSE_E_per_atom=1.6 meV, RMSE_F=19.4 meV / A
2024-07-29 20:31:47.639 INFO: Epoch 848: loss=0.0040, RMSE_E_per_atom=1.6 meV, RMSE_F=19.3 meV / A
2024-07-29 20:32:15.650 INFO: Epoch 850: loss=0.0040, RMSE_E_per_atom=1.6 meV, RMSE_F=19.3 meV / A
2024-07-29 20:32:43.652 INFO: Epoch 852: loss=0.0040, RMSE_E_per_atom=1.6 meV, RMSE_F=19.2 meV / A
2024-07-29 20:33:23.624 INFO: Epoch 854: loss=0.0040, RMSE_E_per_atom=1.6 meV, RMSE_F=19.3 meV / A
2024-07-29 20:33:51.539 INFO: Epoch 856: loss=0.0040, RMSE_E_per_atom=1.6 meV, RMSE_F=19.2 meV / A
2024-07-29 20:34:19.478 INFO: Epoch 858: loss=0.0039, RMSE_E_per_atom=1.5 meV, RMSE_F=19.2 meV / A
2024-07-29 20:34:47.429 INFO: Epoch 860: loss=0.0039, RMSE_E_per_atom=1.5 meV, RMSE_F=19.1 meV / A
2024-07-29 20:35:15.396 INFO: Epoch 862: loss=0.0039, RMSE_E_per_atom=1.5 meV, RMSE_F=19.0 meV / A
2024-07-29 20:35:43.357 INFO: Epoch 864: loss=0.0039, RMSE_E_per_atom=1.5 meV, RMSE_F=19.0 meV / A
2024-07-29 20:36:11.179 INFO: Epoch 866: loss=0.0039, RMSE_E_per_atom=1.5 meV, RMSE_F=18.9 meV / A
2024-07-29 20:36:39.112 INFO: Epoch 868: loss=0.0039, RMSE_E_per_atom=1.7 meV, RMSE_F=18.9 meV / A
2024-07-29 20:37:06.916 INFO: Epoch 870: loss=0.0038, RMSE_E_per_atom=1.5 meV, RMSE_F=18.9 meV / A
2024-07-29 20:37:34.862 INFO: Epoch 872: loss=0.0038, RMSE_E_per_atom=1.5 meV, RMSE_F=18.8 meV / A
2024-07-29 20:38:02.826 INFO: Epoch 874: loss=0.0038, RMSE_E_per_atom=1.5 meV, RMSE_F=18.8 meV / A
2024-07-29 20:38:30.785 INFO: Epoch 876: loss=0.0038, RMSE_E_per_atom=1.5 meV, RMSE_F=18.8 meV / A
2024-07-29 20:38:58.690 INFO: Epoch 878: loss=0.0038, RMSE_E_per_atom=1.5 meV, RMSE_F=18.7 meV / A
2024-07-29 20:39:37.535 INFO: Epoch 880: loss=0.0038, RMSE_E_per_atom=1.5 meV, RMSE_F=18.7 meV / A
2024-07-29 20:40:05.079 INFO: Epoch 882: loss=0.0037, RMSE_E_per_atom=1.5 meV, RMSE_F=18.7 meV / A
2024-07-29 20:40:32.705 INFO: Epoch 884: loss=0.0037, RMSE_E_per_atom=1.4 meV, RMSE_F=18.7 meV / A
2024-07-29 20:41:00.309 INFO: Epoch 886: loss=0.0037, RMSE_E_per_atom=1.6 meV, RMSE_F=18.6 meV / A
2024-07-29 20:41:27.860 INFO: Epoch 888: loss=0.0037, RMSE_E_per_atom=1.5 meV, RMSE_F=18.5 meV / A
2024-07-29 20:41:55.469 INFO: Epoch 890: loss=0.0037, RMSE_E_per_atom=1.5 meV, RMSE_F=18.6 meV / A
2024-07-29 20:42:22.994 INFO: Epoch 892: loss=0.0037, RMSE_E_per_atom=1.4 meV, RMSE_F=18.5 meV / A
2024-07-29 20:42:50.644 INFO: Epoch 894: loss=0.0037, RMSE_E_per_atom=1.5 meV, RMSE_F=18.5 meV / A
2024-07-29 20:43:18.221 INFO: Epoch 896: loss=0.0036, RMSE_E_per_atom=1.4 meV, RMSE_F=18.5 meV / A
2024-07-29 20:43:45.778 INFO: Epoch 898: loss=0.0036, RMSE_E_per_atom=1.4 meV, RMSE_F=18.5 meV / A
2024-07-29 20:44:13.372 INFO: Epoch 900: loss=0.0036, RMSE_E_per_atom=1.4 meV, RMSE_F=18.4 meV / A
2024-07-29 20:44:40.983 INFO: Epoch 902: loss=0.0036, RMSE_E_per_atom=1.4 meV, RMSE_F=18.4 meV / A
2024-07-29 20:45:08.566 INFO: Epoch 904: loss=0.0036, RMSE_E_per_atom=1.4 meV, RMSE_F=18.4 meV / A
2024-07-29 20:45:36.124 INFO: Epoch 906: loss=0.0036, RMSE_E_per_atom=1.4 meV, RMSE_F=18.4 meV / A
2024-07-29 20:46:03.683 INFO: Epoch 908: loss=0.0036, RMSE_E_per_atom=1.4 meV, RMSE_F=18.3 meV / A
2024-07-29 20:46:40.259 INFO: Epoch 910: loss=0.0035, RMSE_E_per_atom=1.4 meV, RMSE_F=18.3 meV / A
2024-07-29 20:47:10.651 INFO: Epoch 912: loss=0.0035, RMSE_E_per_atom=1.4 meV, RMSE_F=18.2 meV / A
2024-07-29 20:47:38.668 INFO: Epoch 914: loss=0.0035, RMSE_E_per_atom=1.4 meV, RMSE_F=18.2 meV / A
2024-07-29 20:48:06.701 INFO: Epoch 916: loss=0.0035, RMSE_E_per_atom=1.4 meV, RMSE_F=18.1 meV / A
2024-07-29 20:48:34.656 INFO: Epoch 918: loss=0.0035, RMSE_E_per_atom=1.4 meV, RMSE_F=18.1 meV / A
2024-07-29 20:49:02.658 INFO: Epoch 920: loss=0.0035, RMSE_E_per_atom=1.4 meV, RMSE_F=18.1 meV / A
2024-07-29 20:49:30.639 INFO: Epoch 922: loss=0.0035, RMSE_E_per_atom=1.4 meV, RMSE_F=18.1 meV / A
2024-07-29 20:49:58.651 INFO: Epoch 924: loss=0.0035, RMSE_E_per_atom=1.3 meV, RMSE_F=18.0 meV / A
2024-07-29 20:50:26.632 INFO: Epoch 926: loss=0.0035, RMSE_E_per_atom=1.4 meV, RMSE_F=18.0 meV / A
2024-07-29 20:50:58.021 INFO: Epoch 928: loss=0.0035, RMSE_E_per_atom=1.4 meV, RMSE_F=18.0 meV / A
2024-07-29 20:51:34.253 INFO: Epoch 930: loss=0.0034, RMSE_E_per_atom=1.3 meV, RMSE_F=18.0 meV / A
2024-07-29 20:52:01.894 INFO: Epoch 932: loss=0.0034, RMSE_E_per_atom=1.3 meV, RMSE_F=17.9 meV / A
2024-07-29 20:52:29.512 INFO: Epoch 934: loss=0.0034, RMSE_E_per_atom=1.4 meV, RMSE_F=17.9 meV / A
2024-07-29 20:52:57.080 INFO: Epoch 936: loss=0.0034, RMSE_E_per_atom=1.3 meV, RMSE_F=17.9 meV / A
2024-07-29 20:53:24.848 INFO: Epoch 938: loss=0.0034, RMSE_E_per_atom=1.5 meV, RMSE_F=17.9 meV / A
2024-07-29 20:53:52.394 INFO: Epoch 940: loss=0.0034, RMSE_E_per_atom=1.4 meV, RMSE_F=17.9 meV / A
2024-07-29 20:54:20.067 INFO: Epoch 942: loss=0.0033, RMSE_E_per_atom=1.3 meV, RMSE_F=17.7 meV / A
2024-07-29 20:54:47.799 INFO: Epoch 944: loss=0.0033, RMSE_E_per_atom=1.3 meV, RMSE_F=17.7 meV / A
2024-07-29 20:55:15.453 INFO: Epoch 946: loss=0.0033, RMSE_E_per_atom=1.3 meV, RMSE_F=17.7 meV / A
2024-07-29 20:55:43.089 INFO: Epoch 948: loss=0.0033, RMSE_E_per_atom=1.3 meV, RMSE_F=17.7 meV / A
2024-07-29 20:56:10.611 INFO: Epoch 950: loss=0.0033, RMSE_E_per_atom=1.3 meV, RMSE_F=17.7 meV / A
2024-07-29 20:56:38.233 INFO: Epoch 952: loss=0.0033, RMSE_E_per_atom=1.3 meV, RMSE_F=17.6 meV / A
2024-07-29 20:57:05.848 INFO: Epoch 954: loss=0.0033, RMSE_E_per_atom=1.3 meV, RMSE_F=17.6 meV / A
2024-07-29 20:57:33.487 INFO: Epoch 956: loss=0.0033, RMSE_E_per_atom=1.3 meV, RMSE_F=17.6 meV / A
2024-07-29 20:58:11.292 INFO: Epoch 958: loss=0.0032, RMSE_E_per_atom=1.2 meV, RMSE_F=17.5 meV / A
2024-07-29 20:58:39.125 INFO: Epoch 960: loss=0.0032, RMSE_E_per_atom=1.2 meV, RMSE_F=17.5 meV / A
2024-07-29 20:59:07.043 INFO: Epoch 962: loss=0.0032, RMSE_E_per_atom=1.2 meV, RMSE_F=17.5 meV / A
2024-07-29 20:59:35.018 INFO: Epoch 964: loss=0.0033, RMSE_E_per_atom=1.3 meV, RMSE_F=17.5 meV / A
2024-07-29 21:00:02.880 INFO: Epoch 966: loss=0.0032, RMSE_E_per_atom=1.3 meV, RMSE_F=17.4 meV / A
2024-07-29 21:00:30.538 INFO: Epoch 968: loss=0.0032, RMSE_E_per_atom=1.2 meV, RMSE_F=17.4 meV / A
2024-07-29 21:00:58.188 INFO: Epoch 970: loss=0.0032, RMSE_E_per_atom=1.2 meV, RMSE_F=17.4 meV / A
2024-07-29 21:01:25.792 INFO: Epoch 972: loss=0.0032, RMSE_E_per_atom=1.2 meV, RMSE_F=17.3 meV / A
2024-07-29 21:01:59.798 INFO: Epoch 974: loss=0.0032, RMSE_E_per_atom=1.3 meV, RMSE_F=17.3 meV / A
2024-07-29 21:02:31.412 INFO: Epoch 976: loss=0.0032, RMSE_E_per_atom=1.2 meV, RMSE_F=17.3 meV / A
2024-07-29 21:02:58.926 INFO: Epoch 978: loss=0.0031, RMSE_E_per_atom=1.2 meV, RMSE_F=17.2 meV / A
2024-07-29 21:03:26.509 INFO: Epoch 980: loss=0.0031, RMSE_E_per_atom=1.2 meV, RMSE_F=17.2 meV / A
2024-07-29 21:03:54.122 INFO: Epoch 982: loss=0.0031, RMSE_E_per_atom=1.2 meV, RMSE_F=17.2 meV / A
2024-07-29 21:04:21.627 INFO: Epoch 984: loss=0.0031, RMSE_E_per_atom=1.2 meV, RMSE_F=17.1 meV / A
2024-07-29 21:04:49.222 INFO: Epoch 986: loss=0.0032, RMSE_E_per_atom=1.4 meV, RMSE_F=17.3 meV / A
2024-07-29 21:05:16.703 INFO: Epoch 988: loss=0.0031, RMSE_E_per_atom=1.2 meV, RMSE_F=17.2 meV / A
2024-07-29 21:05:44.282 INFO: Epoch 990: loss=0.0031, RMSE_E_per_atom=1.2 meV, RMSE_F=17.1 meV / A
2024-07-29 21:06:11.870 INFO: Epoch 992: loss=0.0031, RMSE_E_per_atom=1.2 meV, RMSE_F=17.1 meV / A
2024-07-29 21:06:39.402 INFO: Epoch 994: loss=0.0031, RMSE_E_per_atom=1.2 meV, RMSE_F=17.2 meV / A
2024-07-29 21:07:06.946 INFO: Epoch 996: loss=0.0031, RMSE_E_per_atom=1.2 meV, RMSE_F=17.2 meV / A
2024-07-29 21:07:34.519 INFO: Epoch 998: loss=0.0031, RMSE_E_per_atom=1.2 meV, RMSE_F=17.1 meV / A
2024-07-29 21:07:47.654 INFO: Training complete
2024-07-29 21:07:47.654 INFO: Computing metrics for training, validation, and test sets
2024-07-29 21:07:47.836 INFO: Loading checkpoint: checkpoints/MACE_run-1_epoch-498.pt
2024-07-29 21:07:48.111 INFO: Loaded model from epoch 498
2024-07-29 21:07:48.111 INFO: Evaluating train ...
2024-07-29 21:07:53.312 INFO: Evaluating valid ...
2024-07-29 21:07:54.916 INFO: Evaluating Default ...
2024-07-29 21:07:56.375 INFO: 
+-------------+---------------------+------------------+-------------------+
| config_type | RMSE E / meV / atom | RMSE F / meV / A | relative F RMSE % |
+-------------+---------------------+------------------+-------------------+
|    train    |         26.8        |       21.5       |       85.56       |
|    valid    |         28.3        |       21.9       |       87.71       |
|   Default   |         26.6        |       22.2       |       89.37       |
+-------------+---------------------+------------------+-------------------+
2024-07-29 21:07:56.375 INFO: Saving model to checkpoints/MACE_run-1.model
2024-07-29 21:07:56.471 INFO: Compiling model, saving metadata to MACE_compiled.model
2024-07-29 21:07:57.343 INFO: Loading checkpoint: checkpoints/MACE_run-1_epoch-998_swa.pt
2024-07-29 21:07:57.395 INFO: Loaded model from epoch 998
2024-07-29 21:07:57.395 INFO: Evaluating train ...
2024-07-29 21:08:02.651 INFO: Evaluating valid ...
2024-07-29 21:08:04.125 INFO: Evaluating Default ...
2024-07-29 21:08:05.582 INFO: 
+-------------+---------------------+------------------+-------------------+
| config_type | RMSE E / meV / atom | RMSE F / meV / A | relative F RMSE % |
+-------------+---------------------+------------------+-------------------+
|    train    |         1.1         |       14.4       |       57.51       |
|    valid    |         1.2         |       17.1       |       68.23       |
|   Default   |         1.6         |       18.1       |       72.99       |
+-------------+---------------------+------------------+-------------------+
2024-07-29 21:08:05.582 INFO: Saving model to checkpoints/MACE_run-1_swa.model
2024-07-29 21:08:05.668 INFO: Compiling model, saving metadata MACE_swa_compiled.model
2024-07-29 21:08:06.287 INFO: Done
